--------------- Clean Started: 03/21/2018 09:40:48 Project: Physical Activity Monitor Service, Configuration: ARM GCC 5.4-2016-q2-update Debug ---------------
Deleting file ".\CortexM0\ARM_GCC_541\Debug\main.o"
Deleting file ".\CortexM0\ARM_GCC_541\Debug\pams.o"
Deleting file ".\CortexM0\ARM_GCC_541\Debug\debug.o"
Deleting file ".\CortexM0\ARM_GCC_541\Debug\pamFeatures.o"
Deleting file ".\CortexM0\ARM_GCC_541\Debug\pamGaid.o"
Deleting file ".\CortexM0\ARM_GCC_541\Debug\pamGasd.o"
Deleting file ".\CortexM0\ARM_GCC_541\Debug\pamCurrSess.o"
Deleting file ".\CortexM0\ARM_GCC_541\Debug\pamSessDescr.o"
Deleting file ".\CortexM0\ARM_GCC_541\Debug\pamCraid.o"
Deleting file ".\CortexM0\ARM_GCC_541\Debug\pamCrasd.o"
Deleting file ".\CortexM0\ARM_GCC_541\Debug\pamScasd.o"
Deleting file ".\CortexM0\ARM_GCC_541\Debug\pamSaid.o"
Deleting file ".\CortexM0\ARM_GCC_541\Debug\pamSasd.o"
Deleting file ".\CortexM0\ARM_GCC_541\Debug\pamControlPoint.o"
Deleting file ".\CortexM0\ARM_GCC_541\Debug\cyfitter_cfg.o"
Deleting file ".\CortexM0\ARM_GCC_541\Debug\cymetadata.o"
Deleting file ".\CortexM0\ARM_GCC_541\Debug\Cm0Start.o"
Deleting file ".\CortexM0\ARM_GCC_541\Debug\CyFlash.o"
Deleting file ".\CortexM0\ARM_GCC_541\Debug\CyLib.o"
Deleting file ".\CortexM0\ARM_GCC_541\Debug\cyPm.o"
Deleting file ".\CortexM0\ARM_GCC_541\Debug\cyutils.o"
Deleting file ".\CortexM0\ARM_GCC_541\Debug\CyBootAsmGnu.o"
Deleting file ".\CortexM0\ARM_GCC_541\Debug\CyLFClk.o"
Deleting file ".\CortexM0\ARM_GCC_541\Debug\ble.o"
Deleting file ".\CortexM0\ARM_GCC_541\Debug\ble_gatt.o"
Deleting file ".\CortexM0\ARM_GCC_541\Debug\ble_eventHandler.o"
Deleting file ".\CortexM0\ARM_GCC_541\Debug\ble_HAL_INT.o"
Deleting file ".\CortexM0\ARM_GCC_541\Debug\ble_HAL_PVT.o"
Deleting file ".\CortexM0\ARM_GCC_541\Debug\ble_custom.o"
Deleting file ".\CortexM0\ARM_GCC_541\Debug\pwm.o"
Deleting file ".\CortexM0\ARM_GCC_541\Debug\pwm_PM.o"
Deleting file ".\CortexM0\ARM_GCC_541\Debug\Clock_1.o"
Deleting file ".\CortexM0\ARM_GCC_541\Debug\ble_bless_isr.o"
Deleting file ".\CortexM0\ARM_GCC_541\Debug\disconnected_LED.o"
Deleting file ".\CortexM0\ARM_GCC_541\Debug\disconnected_LED_PM.o"
Deleting file ".\CortexM0\ARM_GCC_541\Debug\advertising_LED.o"
Deleting file ".\CortexM0\ARM_GCC_541\Debug\advertising_LED_PM.o"
Deleting file ".\CortexM0\ARM_GCC_541\Debug\connected_LED.o"
Deleting file ".\CortexM0\ARM_GCC_541\Debug\connected_LED_PM.o"
Deleting file ".\CortexM0\ARM_GCC_541\Debug\UART_DEB.o"
Deleting file ".\CortexM0\ARM_GCC_541\Debug\UART_DEB_SPI_UART.o"
Deleting file ".\CortexM0\ARM_GCC_541\Debug\UART_DEB_SPI_UART_INT.o"
Deleting file ".\CortexM0\ARM_GCC_541\Debug\UART_DEB_PM.o"
Deleting file ".\CortexM0\ARM_GCC_541\Debug\UART_DEB_UART.o"
Deleting file ".\CortexM0\ARM_GCC_541\Debug\UART_DEB_BOOT.o"
Deleting file ".\CortexM0\ARM_GCC_541\Debug\UART_DEB_UART_BOOT.o"
Deleting file ".\CortexM0\ARM_GCC_541\Debug\UART_DEB_SCBCLK.o"
Deleting file ".\CortexM0\ARM_GCC_541\Debug\UART_DEB_tx.o"
Deleting file ".\CortexM0\ARM_GCC_541\Debug\UART_DEB_tx_PM.o"
Deleting file ".\CortexM0\ARM_GCC_541\Debug\UART_DEB_rx.o"
Deleting file ".\CortexM0\ARM_GCC_541\Debug\UART_DEB_rx_PM.o"
Deleting file ".\CortexM0\ARM_GCC_541\Debug\Pin_SW2_Int.o"
Deleting file ".\CortexM0\ARM_GCC_541\Debug\Pin_SW2.o"
Deleting file ".\CortexM0\ARM_GCC_541\Debug\Pin_SW2_PM.o"
Deleting file ".\CortexM0\ARM_GCC_541\Debug\isr_timer.o"
Deleting file ".\CortexM0\ARM_GCC_541\Debug\TCPWM.o"
Deleting file ".\CortexM0\ARM_GCC_541\Debug\TCPWM_PM.o"
Deleting file ".\CortexM0\ARM_GCC_541\Debug\Physical Activity Monitor Service.hex"
Deleting file ".\CortexM0\ARM_GCC_541\Debug\Physical Activity Monitor Service.elf"
Deleting file ".\CortexM0\ARM_GCC_541\Debug\Physical Activity Monitor Service.map"
Deleting file ".\Physical Activity Monitor Service.cycdx"
Deleting file ".\Physical Activity Monitor Service.svd"
Deleting file ".\Physical Activity Monitor Service.rpt"
Deleting file ".\Physical Activity Monitor Service_timing.html"
Deleting file ".\CortexM0\ARM_GCC_541\Debug\.deps\SOURCE_C__ARM_GCC_GENERIC.P"
Deleting file ".\CortexM0\ARM_GCC_541\Debug\.deps\SOURCE_ASM__ARM_GCC_GENERIC.P"
--------------- Clean Succeeded: 03/21/2018 09:40:48 ---------------
