ARM GAS  C:\Users\310309~1\AppData\Local\Temp\ccBqUvhf.s 			page 1


   1              		.syntax unified
   2              		.cpu cortex-m0
   3              		.fpu softvfp
   4              		.eabi_attribute 20, 1
   5              		.eabi_attribute 21, 1
   6              		.eabi_attribute 23, 3
   7              		.eabi_attribute 24, 1
   8              		.eabi_attribute 25, 1
   9              		.eabi_attribute 26, 1
  10              		.eabi_attribute 30, 1
  11              		.eabi_attribute 34, 0
  12              		.eabi_attribute 18, 4
  13              		.thumb
  14              		.syntax unified
  15              		.file	"ble_custom.c"
  16              		.text
  17              	.Ltext0:
  18              		.cfi_sections	.debug_frame
  19              		.section	.text.CyBle_CustomInit,"ax",%progbits
  20              		.align	2
  21              		.global	CyBle_CustomInit
  22              		.code	16
  23              		.thumb_func
  24              		.type	CyBle_CustomInit, %function
  25              	CyBle_CustomInit:
  26              	.LFB2:
  27              		.file 1 "Generated_Source\\PSoC4\\ble_custom.c"
   1:Generated_Source\PSoC4/ble_custom.c **** /***************************************************************************//**
   2:Generated_Source\PSoC4/ble_custom.c **** * \file CYBLE_custom.c
   3:Generated_Source\PSoC4/ble_custom.c **** * \version 3.30
   4:Generated_Source\PSoC4/ble_custom.c **** * 
   5:Generated_Source\PSoC4/ble_custom.c **** * \brief
   6:Generated_Source\PSoC4/ble_custom.c **** *  Contains the source code for the Custom Service.
   7:Generated_Source\PSoC4/ble_custom.c **** * 
   8:Generated_Source\PSoC4/ble_custom.c **** ********************************************************************************
   9:Generated_Source\PSoC4/ble_custom.c **** * \copyright
  10:Generated_Source\PSoC4/ble_custom.c **** * Copyright 2014-2016, Cypress Semiconductor Corporation.  All rights reserved.
  11:Generated_Source\PSoC4/ble_custom.c **** * You may use this file only in accordance with the license, terms, conditions,
  12:Generated_Source\PSoC4/ble_custom.c **** * disclaimers, and limitations in the end user license agreement accompanying
  13:Generated_Source\PSoC4/ble_custom.c **** * the software package with which this file was provided.
  14:Generated_Source\PSoC4/ble_custom.c **** *******************************************************************************/
  15:Generated_Source\PSoC4/ble_custom.c **** 
  16:Generated_Source\PSoC4/ble_custom.c **** 
  17:Generated_Source\PSoC4/ble_custom.c **** #include "ble_eventHandler.h"
  18:Generated_Source\PSoC4/ble_custom.c **** 
  19:Generated_Source\PSoC4/ble_custom.c **** #ifdef CYBLE_CUSTOM_SERVER
  20:Generated_Source\PSoC4/ble_custom.c **** 
  21:Generated_Source\PSoC4/ble_custom.c **** /* If any custom service with custom characterisctis is defined in the
  22:Generated_Source\PSoC4/ble_custom.c **** * customizer's GUI their handles will be present in this array.
  23:Generated_Source\PSoC4/ble_custom.c **** */
  24:Generated_Source\PSoC4/ble_custom.c **** /* This array contains attribute handles for the defined Custom Services and their characteristics 
  25:Generated_Source\PSoC4/ble_custom.c ****    The array index definitions are located in the CYBLE_custom.h file. */
  26:Generated_Source\PSoC4/ble_custom.c **** const CYBLE_CUSTOMS_T cyBle_customs[0x02u] = {
  27:Generated_Source\PSoC4/ble_custom.c **** 
  28:Generated_Source\PSoC4/ble_custom.c ****     /* connectionFeedback service */
  29:Generated_Source\PSoC4/ble_custom.c ****     {
  30:Generated_Source\PSoC4/ble_custom.c ****         0x0010u, /* Handle of the connectionFeedback service */ 
ARM GAS  C:\Users\310309~1\AppData\Local\Temp\ccBqUvhf.s 			page 2


  31:Generated_Source\PSoC4/ble_custom.c ****         {
  32:Generated_Source\PSoC4/ble_custom.c ****             {
  33:Generated_Source\PSoC4/ble_custom.c ****                 CYBLE_GATT_INVALID_ATTR_HANDLE_VALUE, 
  34:Generated_Source\PSoC4/ble_custom.c ****                 
  35:Generated_Source\PSoC4/ble_custom.c ****                 /* Array of Descriptors handles */
  36:Generated_Source\PSoC4/ble_custom.c ****                 {
  37:Generated_Source\PSoC4/ble_custom.c ****                     CYBLE_GATT_INVALID_ATTR_HANDLE_VALUE, 
  38:Generated_Source\PSoC4/ble_custom.c ****                     CYBLE_GATT_INVALID_ATTR_HANDLE_VALUE, 
  39:Generated_Source\PSoC4/ble_custom.c ****                 }, 
  40:Generated_Source\PSoC4/ble_custom.c ****             },
  41:Generated_Source\PSoC4/ble_custom.c ****             {
  42:Generated_Source\PSoC4/ble_custom.c ****                 CYBLE_GATT_INVALID_ATTR_HANDLE_VALUE, 
  43:Generated_Source\PSoC4/ble_custom.c ****                 
  44:Generated_Source\PSoC4/ble_custom.c ****                 /* Array of Descriptors handles */
  45:Generated_Source\PSoC4/ble_custom.c ****                 {
  46:Generated_Source\PSoC4/ble_custom.c ****                     CYBLE_GATT_INVALID_ATTR_HANDLE_VALUE, 
  47:Generated_Source\PSoC4/ble_custom.c ****                     CYBLE_GATT_INVALID_ATTR_HANDLE_VALUE, 
  48:Generated_Source\PSoC4/ble_custom.c ****                 }, 
  49:Generated_Source\PSoC4/ble_custom.c ****             },
  50:Generated_Source\PSoC4/ble_custom.c ****             {
  51:Generated_Source\PSoC4/ble_custom.c ****                 CYBLE_GATT_INVALID_ATTR_HANDLE_VALUE, 
  52:Generated_Source\PSoC4/ble_custom.c ****                 
  53:Generated_Source\PSoC4/ble_custom.c ****                 /* Array of Descriptors handles */
  54:Generated_Source\PSoC4/ble_custom.c ****                 {
  55:Generated_Source\PSoC4/ble_custom.c ****                     CYBLE_GATT_INVALID_ATTR_HANDLE_VALUE, 
  56:Generated_Source\PSoC4/ble_custom.c ****                     CYBLE_GATT_INVALID_ATTR_HANDLE_VALUE, 
  57:Generated_Source\PSoC4/ble_custom.c ****                 }, 
  58:Generated_Source\PSoC4/ble_custom.c ****             },
  59:Generated_Source\PSoC4/ble_custom.c ****             {
  60:Generated_Source\PSoC4/ble_custom.c ****                 CYBLE_GATT_INVALID_ATTR_HANDLE_VALUE, 
  61:Generated_Source\PSoC4/ble_custom.c ****                 
  62:Generated_Source\PSoC4/ble_custom.c ****                 /* Array of Descriptors handles */
  63:Generated_Source\PSoC4/ble_custom.c ****                 {
  64:Generated_Source\PSoC4/ble_custom.c ****                     CYBLE_GATT_INVALID_ATTR_HANDLE_VALUE, 
  65:Generated_Source\PSoC4/ble_custom.c ****                     CYBLE_GATT_INVALID_ATTR_HANDLE_VALUE, 
  66:Generated_Source\PSoC4/ble_custom.c ****                 }, 
  67:Generated_Source\PSoC4/ble_custom.c ****             },
  68:Generated_Source\PSoC4/ble_custom.c ****             {
  69:Generated_Source\PSoC4/ble_custom.c ****                 CYBLE_GATT_INVALID_ATTR_HANDLE_VALUE, 
  70:Generated_Source\PSoC4/ble_custom.c ****                 
  71:Generated_Source\PSoC4/ble_custom.c ****                 /* Array of Descriptors handles */
  72:Generated_Source\PSoC4/ble_custom.c ****                 {
  73:Generated_Source\PSoC4/ble_custom.c ****                     CYBLE_GATT_INVALID_ATTR_HANDLE_VALUE, 
  74:Generated_Source\PSoC4/ble_custom.c ****                     CYBLE_GATT_INVALID_ATTR_HANDLE_VALUE, 
  75:Generated_Source\PSoC4/ble_custom.c ****                 }, 
  76:Generated_Source\PSoC4/ble_custom.c ****             },
  77:Generated_Source\PSoC4/ble_custom.c ****             {
  78:Generated_Source\PSoC4/ble_custom.c ****                 CYBLE_GATT_INVALID_ATTR_HANDLE_VALUE, 
  79:Generated_Source\PSoC4/ble_custom.c ****                 
  80:Generated_Source\PSoC4/ble_custom.c ****                 /* Array of Descriptors handles */
  81:Generated_Source\PSoC4/ble_custom.c ****                 {
  82:Generated_Source\PSoC4/ble_custom.c ****                     CYBLE_GATT_INVALID_ATTR_HANDLE_VALUE, 
  83:Generated_Source\PSoC4/ble_custom.c ****                     CYBLE_GATT_INVALID_ATTR_HANDLE_VALUE, 
  84:Generated_Source\PSoC4/ble_custom.c ****                 }, 
  85:Generated_Source\PSoC4/ble_custom.c ****             },
  86:Generated_Source\PSoC4/ble_custom.c ****             {
  87:Generated_Source\PSoC4/ble_custom.c ****                 CYBLE_GATT_INVALID_ATTR_HANDLE_VALUE, 
ARM GAS  C:\Users\310309~1\AppData\Local\Temp\ccBqUvhf.s 			page 3


  88:Generated_Source\PSoC4/ble_custom.c ****                 
  89:Generated_Source\PSoC4/ble_custom.c ****                 /* Array of Descriptors handles */
  90:Generated_Source\PSoC4/ble_custom.c ****                 {
  91:Generated_Source\PSoC4/ble_custom.c ****                     CYBLE_GATT_INVALID_ATTR_HANDLE_VALUE, 
  92:Generated_Source\PSoC4/ble_custom.c ****                     CYBLE_GATT_INVALID_ATTR_HANDLE_VALUE, 
  93:Generated_Source\PSoC4/ble_custom.c ****                 }, 
  94:Generated_Source\PSoC4/ble_custom.c ****             },
  95:Generated_Source\PSoC4/ble_custom.c ****             {
  96:Generated_Source\PSoC4/ble_custom.c ****                 CYBLE_GATT_INVALID_ATTR_HANDLE_VALUE, 
  97:Generated_Source\PSoC4/ble_custom.c ****                 
  98:Generated_Source\PSoC4/ble_custom.c ****                 /* Array of Descriptors handles */
  99:Generated_Source\PSoC4/ble_custom.c ****                 {
 100:Generated_Source\PSoC4/ble_custom.c ****                     CYBLE_GATT_INVALID_ATTR_HANDLE_VALUE, 
 101:Generated_Source\PSoC4/ble_custom.c ****                     CYBLE_GATT_INVALID_ATTR_HANDLE_VALUE, 
 102:Generated_Source\PSoC4/ble_custom.c ****                 }, 
 103:Generated_Source\PSoC4/ble_custom.c ****             },
 104:Generated_Source\PSoC4/ble_custom.c ****             {
 105:Generated_Source\PSoC4/ble_custom.c ****                 CYBLE_GATT_INVALID_ATTR_HANDLE_VALUE, 
 106:Generated_Source\PSoC4/ble_custom.c ****                 
 107:Generated_Source\PSoC4/ble_custom.c ****                 /* Array of Descriptors handles */
 108:Generated_Source\PSoC4/ble_custom.c ****                 {
 109:Generated_Source\PSoC4/ble_custom.c ****                     CYBLE_GATT_INVALID_ATTR_HANDLE_VALUE, 
 110:Generated_Source\PSoC4/ble_custom.c ****                     CYBLE_GATT_INVALID_ATTR_HANDLE_VALUE, 
 111:Generated_Source\PSoC4/ble_custom.c ****                 }, 
 112:Generated_Source\PSoC4/ble_custom.c ****             },
 113:Generated_Source\PSoC4/ble_custom.c ****             {
 114:Generated_Source\PSoC4/ble_custom.c ****                 CYBLE_GATT_INVALID_ATTR_HANDLE_VALUE, 
 115:Generated_Source\PSoC4/ble_custom.c ****                 
 116:Generated_Source\PSoC4/ble_custom.c ****                 /* Array of Descriptors handles */
 117:Generated_Source\PSoC4/ble_custom.c ****                 {
 118:Generated_Source\PSoC4/ble_custom.c ****                     CYBLE_GATT_INVALID_ATTR_HANDLE_VALUE, 
 119:Generated_Source\PSoC4/ble_custom.c ****                     CYBLE_GATT_INVALID_ATTR_HANDLE_VALUE, 
 120:Generated_Source\PSoC4/ble_custom.c ****                 }, 
 121:Generated_Source\PSoC4/ble_custom.c ****             },
 122:Generated_Source\PSoC4/ble_custom.c ****             {
 123:Generated_Source\PSoC4/ble_custom.c ****                 CYBLE_GATT_INVALID_ATTR_HANDLE_VALUE, 
 124:Generated_Source\PSoC4/ble_custom.c ****                 
 125:Generated_Source\PSoC4/ble_custom.c ****                 /* Array of Descriptors handles */
 126:Generated_Source\PSoC4/ble_custom.c ****                 {
 127:Generated_Source\PSoC4/ble_custom.c ****                     CYBLE_GATT_INVALID_ATTR_HANDLE_VALUE, 
 128:Generated_Source\PSoC4/ble_custom.c ****                     CYBLE_GATT_INVALID_ATTR_HANDLE_VALUE, 
 129:Generated_Source\PSoC4/ble_custom.c ****                 }, 
 130:Generated_Source\PSoC4/ble_custom.c ****             },
 131:Generated_Source\PSoC4/ble_custom.c ****         }, 
 132:Generated_Source\PSoC4/ble_custom.c ****     },
 133:Generated_Source\PSoC4/ble_custom.c **** 
 134:Generated_Source\PSoC4/ble_custom.c ****     /* Physical Activity Monitor service */
 135:Generated_Source\PSoC4/ble_custom.c ****     {
 136:Generated_Source\PSoC4/ble_custom.c ****         0x0011u, /* Handle of the Physical Activity Monitor service */ 
 137:Generated_Source\PSoC4/ble_custom.c ****         {
 138:Generated_Source\PSoC4/ble_custom.c **** 
 139:Generated_Source\PSoC4/ble_custom.c ****             /* Physical Activity Monitor Feature characteristic */
 140:Generated_Source\PSoC4/ble_custom.c ****             {
 141:Generated_Source\PSoC4/ble_custom.c ****                 0x0013u, /* Handle of the Physical Activity Monitor Feature characteristic */ 
 142:Generated_Source\PSoC4/ble_custom.c ****                 
 143:Generated_Source\PSoC4/ble_custom.c ****                 /* Array of Descriptors handles */
 144:Generated_Source\PSoC4/ble_custom.c ****                 {
ARM GAS  C:\Users\310309~1\AppData\Local\Temp\ccBqUvhf.s 			page 4


 145:Generated_Source\PSoC4/ble_custom.c ****                     0x0014u, /* Handle of the Characteristic User Description descriptor */ 
 146:Generated_Source\PSoC4/ble_custom.c ****                     CYBLE_GATT_INVALID_ATTR_HANDLE_VALUE, 
 147:Generated_Source\PSoC4/ble_custom.c ****                 }, 
 148:Generated_Source\PSoC4/ble_custom.c ****             },
 149:Generated_Source\PSoC4/ble_custom.c **** 
 150:Generated_Source\PSoC4/ble_custom.c ****             /* General Activity Instantaneous Data characteristic */
 151:Generated_Source\PSoC4/ble_custom.c ****             {
 152:Generated_Source\PSoC4/ble_custom.c ****                 0x0016u, /* Handle of the General Activity Instantaneous Data characteristic */ 
 153:Generated_Source\PSoC4/ble_custom.c ****                 
 154:Generated_Source\PSoC4/ble_custom.c ****                 /* Array of Descriptors handles */
 155:Generated_Source\PSoC4/ble_custom.c ****                 {
 156:Generated_Source\PSoC4/ble_custom.c ****                     0x0017u, /* Handle of the GeneralActivityInstantaneousDataCCCD descriptor */ 
 157:Generated_Source\PSoC4/ble_custom.c ****                     0x0018u, /* Handle of the Characteristic User Description descriptor */ 
 158:Generated_Source\PSoC4/ble_custom.c ****                 }, 
 159:Generated_Source\PSoC4/ble_custom.c ****             },
 160:Generated_Source\PSoC4/ble_custom.c **** 
 161:Generated_Source\PSoC4/ble_custom.c ****             /* General Activity Summary Data characteristic */
 162:Generated_Source\PSoC4/ble_custom.c ****             {
 163:Generated_Source\PSoC4/ble_custom.c ****                 0x001Au, /* Handle of the General Activity Summary Data characteristic */ 
 164:Generated_Source\PSoC4/ble_custom.c ****                 
 165:Generated_Source\PSoC4/ble_custom.c ****                 /* Array of Descriptors handles */
 166:Generated_Source\PSoC4/ble_custom.c ****                 {
 167:Generated_Source\PSoC4/ble_custom.c ****                     0x001Bu, /* Handle of the GeneralActivitySummaryDataCCCD descriptor */ 
 168:Generated_Source\PSoC4/ble_custom.c ****                     0x001Cu, /* Handle of the Characteristic User Description descriptor */ 
 169:Generated_Source\PSoC4/ble_custom.c ****                 }, 
 170:Generated_Source\PSoC4/ble_custom.c ****             },
 171:Generated_Source\PSoC4/ble_custom.c **** 
 172:Generated_Source\PSoC4/ble_custom.c ****             /* CardioRespiratory Activity Instantaneous Data characteristic */
 173:Generated_Source\PSoC4/ble_custom.c ****             {
 174:Generated_Source\PSoC4/ble_custom.c ****                 0x001Eu, /* Handle of the CardioRespiratory Activity Instantaneous Data characteris
 175:Generated_Source\PSoC4/ble_custom.c ****                 
 176:Generated_Source\PSoC4/ble_custom.c ****                 /* Array of Descriptors handles */
 177:Generated_Source\PSoC4/ble_custom.c ****                 {
 178:Generated_Source\PSoC4/ble_custom.c ****                     0x001Fu, /* Handle of the CardioRespiratoryAvtivityInstantaneousDataCCCD descri
 179:Generated_Source\PSoC4/ble_custom.c ****                     0x0020u, /* Handle of the Characteristic User Description descriptor */ 
 180:Generated_Source\PSoC4/ble_custom.c ****                 }, 
 181:Generated_Source\PSoC4/ble_custom.c ****             },
 182:Generated_Source\PSoC4/ble_custom.c **** 
 183:Generated_Source\PSoC4/ble_custom.c ****             /* CardioRespiratory Activity Summary Data characteristic */
 184:Generated_Source\PSoC4/ble_custom.c ****             {
 185:Generated_Source\PSoC4/ble_custom.c ****                 0x0022u, /* Handle of the CardioRespiratory Activity Summary Data characteristic */
 186:Generated_Source\PSoC4/ble_custom.c ****                 
 187:Generated_Source\PSoC4/ble_custom.c ****                 /* Array of Descriptors handles */
 188:Generated_Source\PSoC4/ble_custom.c ****                 {
 189:Generated_Source\PSoC4/ble_custom.c ****                     0x0023u, /* Handle of the CardioRespiratoryActivitySummaryDataCCCD descriptor *
 190:Generated_Source\PSoC4/ble_custom.c ****                     0x0024u, /* Handle of the Characteristic User Description descriptor */ 
 191:Generated_Source\PSoC4/ble_custom.c ****                 }, 
 192:Generated_Source\PSoC4/ble_custom.c ****             },
 193:Generated_Source\PSoC4/ble_custom.c **** 
 194:Generated_Source\PSoC4/ble_custom.c ****             /* Step Counter Activity Summary Data characteristic */
 195:Generated_Source\PSoC4/ble_custom.c ****             {
 196:Generated_Source\PSoC4/ble_custom.c ****                 0x0026u, /* Handle of the Step Counter Activity Summary Data characteristic */ 
 197:Generated_Source\PSoC4/ble_custom.c ****                 
 198:Generated_Source\PSoC4/ble_custom.c ****                 /* Array of Descriptors handles */
 199:Generated_Source\PSoC4/ble_custom.c ****                 {
 200:Generated_Source\PSoC4/ble_custom.c ****                     0x0027u, /* Handle of the StepCounterActivitySummaryDataCCCD descriptor */ 
 201:Generated_Source\PSoC4/ble_custom.c ****                     0x0028u, /* Handle of the Characteristic User Description descriptor */ 
ARM GAS  C:\Users\310309~1\AppData\Local\Temp\ccBqUvhf.s 			page 5


 202:Generated_Source\PSoC4/ble_custom.c ****                 }, 
 203:Generated_Source\PSoC4/ble_custom.c ****             },
 204:Generated_Source\PSoC4/ble_custom.c **** 
 205:Generated_Source\PSoC4/ble_custom.c ****             /* Sleep Activity Instantaneous Data characteristic */
 206:Generated_Source\PSoC4/ble_custom.c ****             {
 207:Generated_Source\PSoC4/ble_custom.c ****                 0x002Au, /* Handle of the Sleep Activity Instantaneous Data characteristic */ 
 208:Generated_Source\PSoC4/ble_custom.c ****                 
 209:Generated_Source\PSoC4/ble_custom.c ****                 /* Array of Descriptors handles */
 210:Generated_Source\PSoC4/ble_custom.c ****                 {
 211:Generated_Source\PSoC4/ble_custom.c ****                     0x002Bu, /* Handle of the SleepActivityInstantaneousDataCCCD descriptor */ 
 212:Generated_Source\PSoC4/ble_custom.c ****                     0x002Cu, /* Handle of the Characteristic User Description descriptor */ 
 213:Generated_Source\PSoC4/ble_custom.c ****                 }, 
 214:Generated_Source\PSoC4/ble_custom.c ****             },
 215:Generated_Source\PSoC4/ble_custom.c **** 
 216:Generated_Source\PSoC4/ble_custom.c ****             /* Sleep Activity Summary Data characteristic */
 217:Generated_Source\PSoC4/ble_custom.c ****             {
 218:Generated_Source\PSoC4/ble_custom.c ****                 0x002Eu, /* Handle of the Sleep Activity Summary Data characteristic */ 
 219:Generated_Source\PSoC4/ble_custom.c ****                 
 220:Generated_Source\PSoC4/ble_custom.c ****                 /* Array of Descriptors handles */
 221:Generated_Source\PSoC4/ble_custom.c ****                 {
 222:Generated_Source\PSoC4/ble_custom.c ****                     0x002Fu, /* Handle of the SleepActivitySummaryDataCCCD descriptor */ 
 223:Generated_Source\PSoC4/ble_custom.c ****                     0x0030u, /* Handle of the Characteristic User Description descriptor */ 
 224:Generated_Source\PSoC4/ble_custom.c ****                 }, 
 225:Generated_Source\PSoC4/ble_custom.c ****             },
 226:Generated_Source\PSoC4/ble_custom.c **** 
 227:Generated_Source\PSoC4/ble_custom.c ****             /* Physical Activity Monitor Control Point characteristic */
 228:Generated_Source\PSoC4/ble_custom.c ****             {
 229:Generated_Source\PSoC4/ble_custom.c ****                 0x0032u, /* Handle of the Physical Activity Monitor Control Point characteristic */
 230:Generated_Source\PSoC4/ble_custom.c ****                 
 231:Generated_Source\PSoC4/ble_custom.c ****                 /* Array of Descriptors handles */
 232:Generated_Source\PSoC4/ble_custom.c ****                 {
 233:Generated_Source\PSoC4/ble_custom.c ****                     0x0033u, /* Handle of the PhysicalActivityMonitorControlPointCCCD descriptor */
 234:Generated_Source\PSoC4/ble_custom.c ****                     0x0034u, /* Handle of the Characteristic User Description descriptor */ 
 235:Generated_Source\PSoC4/ble_custom.c ****                 }, 
 236:Generated_Source\PSoC4/ble_custom.c ****             },
 237:Generated_Source\PSoC4/ble_custom.c **** 
 238:Generated_Source\PSoC4/ble_custom.c ****             /* Current Session characteristic */
 239:Generated_Source\PSoC4/ble_custom.c ****             {
 240:Generated_Source\PSoC4/ble_custom.c ****                 0x0036u, /* Handle of the Current Session characteristic */ 
 241:Generated_Source\PSoC4/ble_custom.c ****                 
 242:Generated_Source\PSoC4/ble_custom.c ****                 /* Array of Descriptors handles */
 243:Generated_Source\PSoC4/ble_custom.c ****                 {
 244:Generated_Source\PSoC4/ble_custom.c ****                     0x0037u, /* Handle of the CurrentSessionCCCD descriptor */ 
 245:Generated_Source\PSoC4/ble_custom.c ****                     0x0038u, /* Handle of the Characteristic User Description descriptor */ 
 246:Generated_Source\PSoC4/ble_custom.c ****                 }, 
 247:Generated_Source\PSoC4/ble_custom.c ****             },
 248:Generated_Source\PSoC4/ble_custom.c **** 
 249:Generated_Source\PSoC4/ble_custom.c ****             /* Session Descriptor characteristic */
 250:Generated_Source\PSoC4/ble_custom.c ****             {
 251:Generated_Source\PSoC4/ble_custom.c ****                 0x003Au, /* Handle of the Session Descriptor characteristic */ 
 252:Generated_Source\PSoC4/ble_custom.c ****                 
 253:Generated_Source\PSoC4/ble_custom.c ****                 /* Array of Descriptors handles */
 254:Generated_Source\PSoC4/ble_custom.c ****                 {
 255:Generated_Source\PSoC4/ble_custom.c ****                     0x003Bu, /* Handle of the SessionDescriptorCCCD descriptor */ 
 256:Generated_Source\PSoC4/ble_custom.c ****                     0x003Cu, /* Handle of the Characteristic User Description descriptor */ 
 257:Generated_Source\PSoC4/ble_custom.c ****                 }, 
 258:Generated_Source\PSoC4/ble_custom.c ****             },
ARM GAS  C:\Users\310309~1\AppData\Local\Temp\ccBqUvhf.s 			page 6


 259:Generated_Source\PSoC4/ble_custom.c ****         }, 
 260:Generated_Source\PSoC4/ble_custom.c ****     },
 261:Generated_Source\PSoC4/ble_custom.c **** };
 262:Generated_Source\PSoC4/ble_custom.c **** 
 263:Generated_Source\PSoC4/ble_custom.c **** 
 264:Generated_Source\PSoC4/ble_custom.c **** #endif /* (CYBLE_CUSTOM_SERVER) */
 265:Generated_Source\PSoC4/ble_custom.c **** 
 266:Generated_Source\PSoC4/ble_custom.c **** #ifdef CYBLE_CUSTOM_CLIENT
 267:Generated_Source\PSoC4/ble_custom.c ****     
 268:Generated_Source\PSoC4/ble_custom.c **** 
 269:Generated_Source\PSoC4/ble_custom.c **** static uint16 cyBle_customDisServIndex;
 270:Generated_Source\PSoC4/ble_custom.c **** static uint16 cyBle_customDisCharIndex;
 271:Generated_Source\PSoC4/ble_custom.c **** 
 272:Generated_Source\PSoC4/ble_custom.c **** #endif /* (CYBLE_CUSTOM_CLIENT) */
 273:Generated_Source\PSoC4/ble_custom.c **** 
 274:Generated_Source\PSoC4/ble_custom.c **** 
 275:Generated_Source\PSoC4/ble_custom.c **** /****************************************************************************** 
 276:Generated_Source\PSoC4/ble_custom.c **** * Function Name: CyBle_CustomInit
 277:Generated_Source\PSoC4/ble_custom.c **** ***************************************************************************//**
 278:Generated_Source\PSoC4/ble_custom.c **** * 
 279:Generated_Source\PSoC4/ble_custom.c **** *  This function initializes Custom Service.
 280:Generated_Source\PSoC4/ble_custom.c **** * 
 281:Generated_Source\PSoC4/ble_custom.c **** * \return
 282:Generated_Source\PSoC4/ble_custom.c **** *  None
 283:Generated_Source\PSoC4/ble_custom.c **** * 
 284:Generated_Source\PSoC4/ble_custom.c **** ******************************************************************************/
 285:Generated_Source\PSoC4/ble_custom.c **** void CyBle_CustomInit(void)
 286:Generated_Source\PSoC4/ble_custom.c **** {
  28              		.loc 1 286 0
  29              		.cfi_startproc
  30              		@ args = 0, pretend = 0, frame = 0
  31              		@ frame_needed = 0, uses_anonymous_args = 0
  32              		@ link register save eliminated.
 287:Generated_Source\PSoC4/ble_custom.c ****     
 288:Generated_Source\PSoC4/ble_custom.c **** #ifdef CYBLE_CUSTOM_CLIENT
 289:Generated_Source\PSoC4/ble_custom.c **** 
 290:Generated_Source\PSoC4/ble_custom.c ****     uint16 locServIndex;
 291:Generated_Source\PSoC4/ble_custom.c ****     uint16 locCharIndex;
 292:Generated_Source\PSoC4/ble_custom.c ****     uint16 locDescIndex;
 293:Generated_Source\PSoC4/ble_custom.c ****     
 294:Generated_Source\PSoC4/ble_custom.c ****     for(locServIndex = 0u; locServIndex < CYBLE_CUSTOMC_SERVICE_COUNT; locServIndex++)
 295:Generated_Source\PSoC4/ble_custom.c ****     {
 296:Generated_Source\PSoC4/ble_custom.c ****         if(cyBle_serverInfo[CYBLE_SRVI_CUSTOMS + locServIndex].range.startHandle == CYBLE_GATT_INVA
 297:Generated_Source\PSoC4/ble_custom.c ****         {
 298:Generated_Source\PSoC4/ble_custom.c ****             for(locCharIndex = 0u; locCharIndex < cyBle_customCServ[locServIndex].charCount; locCha
 299:Generated_Source\PSoC4/ble_custom.c ****             {
 300:Generated_Source\PSoC4/ble_custom.c ****                 cyBle_customCServ[locServIndex].customServChar[locCharIndex].
 301:Generated_Source\PSoC4/ble_custom.c ****                     customServCharHandle = 0u;
 302:Generated_Source\PSoC4/ble_custom.c ****                 
 303:Generated_Source\PSoC4/ble_custom.c ****                 for(locDescIndex = 0u; locDescIndex < 
 304:Generated_Source\PSoC4/ble_custom.c ****                     cyBle_customCServ[locServIndex].customServChar[locCharIndex].descCount; 
 305:Generated_Source\PSoC4/ble_custom.c ****                         locDescIndex++)
 306:Generated_Source\PSoC4/ble_custom.c ****                 {
 307:Generated_Source\PSoC4/ble_custom.c ****                     cyBle_customCServ[locServIndex].customServChar[locCharIndex].
 308:Generated_Source\PSoC4/ble_custom.c ****                         customServCharDesc[locDescIndex].descHandle = 0u;
 309:Generated_Source\PSoC4/ble_custom.c ****                 }
 310:Generated_Source\PSoC4/ble_custom.c ****             }
ARM GAS  C:\Users\310309~1\AppData\Local\Temp\ccBqUvhf.s 			page 7


 311:Generated_Source\PSoC4/ble_custom.c ****         }
 312:Generated_Source\PSoC4/ble_custom.c ****     }
 313:Generated_Source\PSoC4/ble_custom.c **** 
 314:Generated_Source\PSoC4/ble_custom.c **** #endif /* (CYBLE_CUSTOM_CLIENT) */
 315:Generated_Source\PSoC4/ble_custom.c **** }
  33              		.loc 1 315 0
  34              		@ sp needed
  35 0000 7047     		bx	lr
  36              		.cfi_endproc
  37              	.LFE2:
  38              		.size	CyBle_CustomInit, .-CyBle_CustomInit
  39              		.global	cyBle_customs
  40 0002 C046     		.section	.rodata
  41              		.align	2
  42              		.type	cyBle_customs, %object
  43              		.size	cyBle_customs, 136
  44              	cyBle_customs:
  45 0000 1000     		.short	16
  46 0002 0000     		.short	0
  47 0004 0000     		.short	0
  48 0006 0000     		.short	0
  49 0008 0000     		.short	0
  50 000a 0000     		.short	0
  51 000c 0000     		.short	0
  52 000e 0000     		.short	0
  53 0010 0000     		.short	0
  54 0012 0000     		.short	0
  55 0014 0000     		.short	0
  56 0016 0000     		.short	0
  57 0018 0000     		.short	0
  58 001a 0000     		.short	0
  59 001c 0000     		.short	0
  60 001e 0000     		.short	0
  61 0020 0000     		.short	0
  62 0022 0000     		.short	0
  63 0024 0000     		.short	0
  64 0026 0000     		.short	0
  65 0028 0000     		.short	0
  66 002a 0000     		.short	0
  67 002c 0000     		.short	0
  68 002e 0000     		.short	0
  69 0030 0000     		.short	0
  70 0032 0000     		.short	0
  71 0034 0000     		.short	0
  72 0036 0000     		.short	0
  73 0038 0000     		.short	0
  74 003a 0000     		.short	0
  75 003c 0000     		.short	0
  76 003e 0000     		.short	0
  77 0040 0000     		.short	0
  78 0042 0000     		.short	0
  79 0044 1100     		.short	17
  80 0046 1300     		.short	19
  81 0048 1400     		.short	20
  82 004a 0000     		.short	0
  83 004c 1600     		.short	22
  84 004e 1700     		.short	23
ARM GAS  C:\Users\310309~1\AppData\Local\Temp\ccBqUvhf.s 			page 8


  85 0050 1800     		.short	24
  86 0052 1A00     		.short	26
  87 0054 1B00     		.short	27
  88 0056 1C00     		.short	28
  89 0058 1E00     		.short	30
  90 005a 1F00     		.short	31
  91 005c 2000     		.short	32
  92 005e 2200     		.short	34
  93 0060 2300     		.short	35
  94 0062 2400     		.short	36
  95 0064 2600     		.short	38
  96 0066 2700     		.short	39
  97 0068 2800     		.short	40
  98 006a 2A00     		.short	42
  99 006c 2B00     		.short	43
 100 006e 2C00     		.short	44
 101 0070 2E00     		.short	46
 102 0072 2F00     		.short	47
 103 0074 3000     		.short	48
 104 0076 3200     		.short	50
 105 0078 3300     		.short	51
 106 007a 3400     		.short	52
 107 007c 3600     		.short	54
 108 007e 3700     		.short	55
 109 0080 3800     		.short	56
 110 0082 3A00     		.short	58
 111 0084 3B00     		.short	59
 112 0086 3C00     		.short	60
 113              		.text
 114              	.Letext0:
 115              		.file 2 "Generated_Source\\PSoC4\\cytypes.h"
 116              		.file 3 "Generated_Source\\PSoC4\\ble_StackGatt.h"
 117              		.file 4 "Generated_Source\\PSoC4\\ble_custom.h"
 118              		.file 5 "Generated_Source\\PSoC4\\ble_Stack.h"
 119              		.file 6 "Generated_Source\\PSoC4\\ble_dis.h"
 120              		.section	.debug_info,"",%progbits
 121              	.Ldebug_info0:
 122 0000 5F030000 		.4byte	0x35f
 123 0004 0400     		.2byte	0x4
 124 0006 00000000 		.4byte	.Ldebug_abbrev0
 125 000a 04       		.byte	0x4
 126 000b 01       		.uleb128 0x1
 127 000c 0A020000 		.4byte	.LASF104
 128 0010 0C       		.byte	0xc
 129 0011 E7070000 		.4byte	.LASF105
 130 0015 0B080000 		.4byte	.LASF106
 131 0019 00000000 		.4byte	.Ldebug_ranges0+0
 132 001d 00000000 		.4byte	0
 133 0021 00000000 		.4byte	.Ldebug_line0
 134 0025 02       		.uleb128 0x2
 135 0026 01       		.byte	0x1
 136 0027 06       		.byte	0x6
 137 0028 F4050000 		.4byte	.LASF0
 138 002c 02       		.uleb128 0x2
 139 002d 01       		.byte	0x1
 140 002e 08       		.byte	0x8
 141 002f 66050000 		.4byte	.LASF1
ARM GAS  C:\Users\310309~1\AppData\Local\Temp\ccBqUvhf.s 			page 9


 142 0033 02       		.uleb128 0x2
 143 0034 02       		.byte	0x2
 144 0035 05       		.byte	0x5
 145 0036 B7000000 		.4byte	.LASF2
 146 003a 02       		.uleb128 0x2
 147 003b 02       		.byte	0x2
 148 003c 07       		.byte	0x7
 149 003d D4070000 		.4byte	.LASF3
 150 0041 02       		.uleb128 0x2
 151 0042 04       		.byte	0x4
 152 0043 05       		.byte	0x5
 153 0044 F7030000 		.4byte	.LASF4
 154 0048 02       		.uleb128 0x2
 155 0049 04       		.byte	0x4
 156 004a 07       		.byte	0x7
 157 004b 85060000 		.4byte	.LASF5
 158 004f 02       		.uleb128 0x2
 159 0050 08       		.byte	0x8
 160 0051 05       		.byte	0x5
 161 0052 3B010000 		.4byte	.LASF6
 162 0056 02       		.uleb128 0x2
 163 0057 08       		.byte	0x8
 164 0058 07       		.byte	0x7
 165 0059 AA030000 		.4byte	.LASF7
 166 005d 03       		.uleb128 0x3
 167 005e 04       		.byte	0x4
 168 005f 05       		.byte	0x5
 169 0060 696E7400 		.ascii	"int\000"
 170 0064 02       		.uleb128 0x2
 171 0065 04       		.byte	0x4
 172 0066 07       		.byte	0x7
 173 0067 5D060000 		.4byte	.LASF8
 174 006b 04       		.uleb128 0x4
 175 006c B1080000 		.4byte	.LASF86
 176 0070 02       		.byte	0x2
 177 0071 D301     		.2byte	0x1d3
 178 0073 3A000000 		.4byte	0x3a
 179 0077 02       		.uleb128 0x2
 180 0078 04       		.byte	0x4
 181 0079 04       		.byte	0x4
 182 007a 41030000 		.4byte	.LASF9
 183 007e 02       		.uleb128 0x2
 184 007f 08       		.byte	0x8
 185 0080 04       		.byte	0x4
 186 0081 55090000 		.4byte	.LASF10
 187 0085 02       		.uleb128 0x2
 188 0086 01       		.byte	0x1
 189 0087 08       		.byte	0x8
 190 0088 B3070000 		.4byte	.LASF11
 191 008c 02       		.uleb128 0x2
 192 008d 08       		.byte	0x8
 193 008e 04       		.byte	0x4
 194 008f 34050000 		.4byte	.LASF12
 195 0093 02       		.uleb128 0x2
 196 0094 04       		.byte	0x4
 197 0095 07       		.byte	0x7
 198 0096 F9000000 		.4byte	.LASF13
ARM GAS  C:\Users\310309~1\AppData\Local\Temp\ccBqUvhf.s 			page 10


 199 009a 05       		.uleb128 0x5
 200 009b 01       		.byte	0x1
 201 009c 2C000000 		.4byte	0x2c
 202 00a0 05       		.byte	0x5
 203 00a1 4D01     		.2byte	0x14d
 204 00a3 58020000 		.4byte	0x258
 205 00a7 06       		.uleb128 0x6
 206 00a8 EB020000 		.4byte	.LASF14
 207 00ac 00       		.byte	0
 208 00ad 06       		.uleb128 0x6
 209 00ae A4010000 		.4byte	.LASF15
 210 00b2 01       		.byte	0x1
 211 00b3 06       		.uleb128 0x6
 212 00b4 180B0000 		.4byte	.LASF16
 213 00b8 02       		.byte	0x2
 214 00b9 06       		.uleb128 0x6
 215 00ba C2090000 		.4byte	.LASF17
 216 00be 03       		.byte	0x3
 217 00bf 06       		.uleb128 0x6
 218 00c0 7E010000 		.4byte	.LASF18
 219 00c4 04       		.byte	0x4
 220 00c5 06       		.uleb128 0x6
 221 00c6 89040000 		.4byte	.LASF19
 222 00ca 05       		.byte	0x5
 223 00cb 06       		.uleb128 0x6
 224 00cc 3E000000 		.4byte	.LASF20
 225 00d0 06       		.byte	0x6
 226 00d1 06       		.uleb128 0x6
 227 00d2 200A0000 		.4byte	.LASF21
 228 00d6 20       		.byte	0x20
 229 00d7 06       		.uleb128 0x6
 230 00d8 97060000 		.4byte	.LASF22
 231 00dc 21       		.byte	0x21
 232 00dd 06       		.uleb128 0x6
 233 00de 00000000 		.4byte	.LASF23
 234 00e2 22       		.byte	0x22
 235 00e3 06       		.uleb128 0x6
 236 00e4 BC040000 		.4byte	.LASF24
 237 00e8 23       		.byte	0x23
 238 00e9 06       		.uleb128 0x6
 239 00ea 41060000 		.4byte	.LASF25
 240 00ee 24       		.byte	0x24
 241 00ef 06       		.uleb128 0x6
 242 00f0 C1000000 		.4byte	.LASF26
 243 00f4 25       		.byte	0x25
 244 00f5 06       		.uleb128 0x6
 245 00f6 40040000 		.4byte	.LASF27
 246 00fa 26       		.byte	0x26
 247 00fb 06       		.uleb128 0x6
 248 00fc 21040000 		.4byte	.LASF28
 249 0100 27       		.byte	0x27
 250 0101 06       		.uleb128 0x6
 251 0102 71000000 		.4byte	.LASF29
 252 0106 28       		.byte	0x28
 253 0107 06       		.uleb128 0x6
 254 0108 CF060000 		.4byte	.LASF30
 255 010c 29       		.byte	0x29
ARM GAS  C:\Users\310309~1\AppData\Local\Temp\ccBqUvhf.s 			page 11


 256 010d 06       		.uleb128 0x6
 257 010e 63070000 		.4byte	.LASF31
 258 0112 2A       		.byte	0x2a
 259 0113 06       		.uleb128 0x6
 260 0114 F5080000 		.4byte	.LASF32
 261 0118 2B       		.byte	0x2b
 262 0119 06       		.uleb128 0x6
 263 011a 27070000 		.4byte	.LASF33
 264 011e 2C       		.byte	0x2c
 265 011f 06       		.uleb128 0x6
 266 0120 60030000 		.4byte	.LASF34
 267 0124 2D       		.byte	0x2d
 268 0125 06       		.uleb128 0x6
 269 0126 93000000 		.4byte	.LASF35
 270 012a 2E       		.byte	0x2e
 271 012b 06       		.uleb128 0x6
 272 012c 160C0000 		.4byte	.LASF36
 273 0130 2F       		.byte	0x2f
 274 0131 06       		.uleb128 0x6
 275 0132 02010000 		.4byte	.LASF37
 276 0136 30       		.byte	0x30
 277 0137 06       		.uleb128 0x6
 278 0138 10050000 		.4byte	.LASF38
 279 013c 31       		.byte	0x31
 280 013d 06       		.uleb128 0x6
 281 013e 89030000 		.4byte	.LASF39
 282 0142 32       		.byte	0x32
 283 0143 06       		.uleb128 0x6
 284 0144 8C070000 		.4byte	.LASF40
 285 0148 33       		.byte	0x33
 286 0149 06       		.uleb128 0x6
 287 014a EC060000 		.4byte	.LASF41
 288 014e 34       		.byte	0x34
 289 014f 06       		.uleb128 0x6
 290 0150 94090000 		.4byte	.LASF42
 291 0154 35       		.byte	0x35
 292 0155 06       		.uleb128 0x6
 293 0156 D6030000 		.4byte	.LASF43
 294 015a 36       		.byte	0x36
 295 015b 06       		.uleb128 0x6
 296 015c B7010000 		.4byte	.LASF44
 297 0160 37       		.byte	0x37
 298 0161 06       		.uleb128 0x6
 299 0162 57000000 		.4byte	.LASF45
 300 0166 40       		.byte	0x40
 301 0167 06       		.uleb128 0x6
 302 0168 6A060000 		.4byte	.LASF46
 303 016c 41       		.byte	0x41
 304 016d 06       		.uleb128 0x6
 305 016e DB000000 		.4byte	.LASF47
 306 0172 42       		.byte	0x42
 307 0173 06       		.uleb128 0x6
 308 0174 EC010000 		.4byte	.LASF48
 309 0178 43       		.byte	0x43
 310 0179 06       		.uleb128 0x6
 311 017a BF0A0000 		.4byte	.LASF49
 312 017e 44       		.byte	0x44
ARM GAS  C:\Users\310309~1\AppData\Local\Temp\ccBqUvhf.s 			page 12


 313 017f 06       		.uleb128 0x6
 314 0180 600A0000 		.4byte	.LASF50
 315 0184 45       		.byte	0x45
 316 0185 06       		.uleb128 0x6
 317 0186 9E0A0000 		.4byte	.LASF51
 318 018a 46       		.byte	0x46
 319 018b 06       		.uleb128 0x6
 320 018c D6050000 		.4byte	.LASF52
 321 0190 47       		.byte	0x47
 322 0191 06       		.uleb128 0x6
 323 0192 1A060000 		.4byte	.LASF53
 324 0196 48       		.byte	0x48
 325 0197 06       		.uleb128 0x6
 326 0198 47030000 		.4byte	.LASF54
 327 019c 49       		.byte	0x49
 328 019d 06       		.uleb128 0x6
 329 019e B8080000 		.4byte	.LASF55
 330 01a2 4A       		.byte	0x4a
 331 01a3 06       		.uleb128 0x6
 332 01a4 AB020000 		.4byte	.LASF56
 333 01a8 4B       		.byte	0x4b
 334 01a9 06       		.uleb128 0x6
 335 01aa 00060000 		.4byte	.LASF57
 336 01ae 4C       		.byte	0x4c
 337 01af 06       		.uleb128 0x6
 338 01b0 24000000 		.4byte	.LASF58
 339 01b4 4D       		.byte	0x4d
 340 01b5 06       		.uleb128 0x6
 341 01b6 60010000 		.4byte	.LASF59
 342 01ba 4E       		.byte	0x4e
 343 01bb 06       		.uleb128 0x6
 344 01bc 83050000 		.4byte	.LASF60
 345 01c0 4F       		.byte	0x4f
 346 01c1 06       		.uleb128 0x6
 347 01c2 830B0000 		.4byte	.LASF61
 348 01c6 50       		.byte	0x50
 349 01c7 06       		.uleb128 0x6
 350 01c8 D6080000 		.4byte	.LASF62
 351 01cc 51       		.byte	0x51
 352 01cd 06       		.uleb128 0x6
 353 01ce 68040000 		.4byte	.LASF63
 354 01d2 52       		.byte	0x52
 355 01d3 06       		.uleb128 0x6
 356 01d4 00040000 		.4byte	.LASF64
 357 01d8 53       		.byte	0x53
 358 01d9 06       		.uleb128 0x6
 359 01da CA020000 		.4byte	.LASF65
 360 01de 54       		.byte	0x54
 361 01df 06       		.uleb128 0x6
 362 01e0 CC0B0000 		.4byte	.LASF66
 363 01e4 55       		.byte	0x55
 364 01e5 06       		.uleb128 0x6
 365 01e6 610B0000 		.4byte	.LASF67
 366 01ea 56       		.byte	0x56
 367 01eb 06       		.uleb128 0x6
 368 01ec 380B0000 		.4byte	.LASF68
 369 01f0 57       		.byte	0x57
ARM GAS  C:\Users\310309~1\AppData\Local\Temp\ccBqUvhf.s 			page 13


 370 01f1 06       		.uleb128 0x6
 371 01f2 04070000 		.4byte	.LASF69
 372 01f6 58       		.byte	0x58
 373 01f7 06       		.uleb128 0x6
 374 01f8 40050000 		.4byte	.LASF70
 375 01fc 70       		.byte	0x70
 376 01fd 06       		.uleb128 0x6
 377 01fe FA090000 		.4byte	.LASF71
 378 0202 71       		.byte	0x71
 379 0203 06       		.uleb128 0x6
 380 0204 B8070000 		.4byte	.LASF72
 381 0208 72       		.byte	0x72
 382 0209 06       		.uleb128 0x6
 383 020a 02030000 		.4byte	.LASF73
 384 020e 73       		.byte	0x73
 385 020f 06       		.uleb128 0x6
 386 0210 F2040000 		.4byte	.LASF74
 387 0214 74       		.byte	0x74
 388 0215 06       		.uleb128 0x6
 389 0216 AE060000 		.4byte	.LASF75
 390 021a 75       		.byte	0x75
 391 021b 06       		.uleb128 0x6
 392 021c 20030000 		.4byte	.LASF76
 393 0220 76       		.byte	0x76
 394 0221 06       		.uleb128 0x6
 395 0222 DB090000 		.4byte	.LASF77
 396 0226 77       		.byte	0x77
 397 0227 06       		.uleb128 0x6
 398 0228 32090000 		.4byte	.LASF78
 399 022c 78       		.byte	0x78
 400 022d 06       		.uleb128 0x6
 401 022e 5C090000 		.4byte	.LASF79
 402 0232 79       		.byte	0x79
 403 0233 06       		.uleb128 0x6
 404 0234 F40A0000 		.4byte	.LASF80
 405 0238 7A       		.byte	0x7a
 406 0239 06       		.uleb128 0x6
 407 023a 14090000 		.4byte	.LASF81
 408 023e FA       		.byte	0xfa
 409 023f 06       		.uleb128 0x6
 410 0240 A2050000 		.4byte	.LASF82
 411 0244 FB       		.byte	0xfb
 412 0245 06       		.uleb128 0x6
 413 0246 F00B0000 		.4byte	.LASF83
 414 024a FC       		.byte	0xfc
 415 024b 06       		.uleb128 0x6
 416 024c 4B070000 		.4byte	.LASF84
 417 0250 FD       		.byte	0xfd
 418 0251 06       		.uleb128 0x6
 419 0252 2A0B0000 		.4byte	.LASF85
 420 0256 FF       		.byte	0xff
 421 0257 00       		.byte	0
 422 0258 04       		.uleb128 0x4
 423 0259 A20B0000 		.4byte	.LASF87
 424 025d 03       		.byte	0x3
 425 025e 8901     		.2byte	0x189
 426 0260 6B000000 		.4byte	0x6b
ARM GAS  C:\Users\310309~1\AppData\Local\Temp\ccBqUvhf.s 			page 14


 427 0264 07       		.uleb128 0x7
 428 0265 06       		.byte	0x6
 429 0266 04       		.byte	0x4
 430 0267 8B       		.byte	0x8b
 431 0268 85020000 		.4byte	0x285
 432 026c 08       		.uleb128 0x8
 433 026d C1050000 		.4byte	.LASF88
 434 0271 04       		.byte	0x4
 435 0272 8E       		.byte	0x8e
 436 0273 58020000 		.4byte	0x258
 437 0277 00       		.byte	0
 438 0278 08       		.uleb128 0x8
 439 0279 98020000 		.4byte	.LASF89
 440 027d 04       		.byte	0x4
 441 027e 90       		.byte	0x90
 442 027f 85020000 		.4byte	0x285
 443 0283 02       		.byte	0x2
 444 0284 00       		.byte	0
 445 0285 09       		.uleb128 0x9
 446 0286 58020000 		.4byte	0x258
 447 028a 95020000 		.4byte	0x295
 448 028e 0A       		.uleb128 0xa
 449 028f 93000000 		.4byte	0x93
 450 0293 01       		.byte	0x1
 451 0294 00       		.byte	0
 452 0295 0B       		.uleb128 0xb
 453 0296 C1030000 		.4byte	.LASF90
 454 029a 04       		.byte	0x4
 455 029b 92       		.byte	0x92
 456 029c 64020000 		.4byte	0x264
 457 02a0 07       		.uleb128 0x7
 458 02a1 44       		.byte	0x44
 459 02a2 04       		.byte	0x4
 460 02a3 95       		.byte	0x95
 461 02a4 C1020000 		.4byte	0x2c1
 462 02a8 08       		.uleb128 0x8
 463 02a9 B1090000 		.4byte	.LASF91
 464 02ad 04       		.byte	0x4
 465 02ae 98       		.byte	0x98
 466 02af 58020000 		.4byte	0x258
 467 02b3 00       		.byte	0
 468 02b4 08       		.uleb128 0x8
 469 02b5 74050000 		.4byte	.LASF92
 470 02b9 04       		.byte	0x4
 471 02ba 9B       		.byte	0x9b
 472 02bb C1020000 		.4byte	0x2c1
 473 02bf 02       		.byte	0x2
 474 02c0 00       		.byte	0
 475 02c1 09       		.uleb128 0x9
 476 02c2 95020000 		.4byte	0x295
 477 02c6 D1020000 		.4byte	0x2d1
 478 02ca 0A       		.uleb128 0xa
 479 02cb 93000000 		.4byte	0x93
 480 02cf 0A       		.byte	0xa
 481 02d0 00       		.byte	0
 482 02d1 0B       		.uleb128 0xb
 483 02d2 E2040000 		.4byte	.LASF93
ARM GAS  C:\Users\310309~1\AppData\Local\Temp\ccBqUvhf.s 			page 15


 484 02d6 04       		.byte	0x4
 485 02d7 9D       		.byte	0x9d
 486 02d8 A0020000 		.4byte	0x2a0
 487 02dc 0C       		.uleb128 0xc
 488 02dd 01       		.byte	0x1
 489 02de 2C000000 		.4byte	0x2c
 490 02e2 06       		.byte	0x6
 491 02e3 22       		.byte	0x22
 492 02e4 25030000 		.4byte	0x325
 493 02e8 06       		.uleb128 0x6
 494 02e9 440A0000 		.4byte	.LASF94
 495 02ed 00       		.byte	0
 496 02ee 06       		.uleb128 0x6
 497 02ef A5040000 		.4byte	.LASF95
 498 02f3 01       		.byte	0x1
 499 02f4 06       		.uleb128 0x6
 500 02f5 23010000 		.4byte	.LASF96
 501 02f9 02       		.byte	0x2
 502 02fa 06       		.uleb128 0x6
 503 02fb DD0A0000 		.4byte	.LASF97
 504 02ff 03       		.byte	0x3
 505 0300 06       		.uleb128 0x6
 506 0301 870A0000 		.4byte	.LASF98
 507 0305 04       		.byte	0x4
 508 0306 06       		.uleb128 0x6
 509 0307 49010000 		.4byte	.LASF99
 510 030b 05       		.byte	0x5
 511 030c 06       		.uleb128 0x6
 512 030d 020C0000 		.4byte	.LASF100
 513 0311 06       		.byte	0x6
 514 0312 06       		.uleb128 0x6
 515 0313 99080000 		.4byte	.LASF101
 516 0317 07       		.byte	0x7
 517 0318 06       		.uleb128 0x6
 518 0319 3F0C0000 		.4byte	.LASF102
 519 031d 08       		.byte	0x8
 520 031e 06       		.uleb128 0x6
 521 031f 7F090000 		.4byte	.LASF103
 522 0323 09       		.byte	0x9
 523 0324 00       		.byte	0
 524 0325 0D       		.uleb128 0xd
 525 0326 93010000 		.4byte	.LASF107
 526 032a 01       		.byte	0x1
 527 032b 1D01     		.2byte	0x11d
 528 032d 00000000 		.4byte	.LFB2
 529 0331 02000000 		.4byte	.LFE2-.LFB2
 530 0335 01       		.uleb128 0x1
 531 0336 9C       		.byte	0x9c
 532 0337 09       		.uleb128 0x9
 533 0338 47030000 		.4byte	0x347
 534 033c 47030000 		.4byte	0x347
 535 0340 0A       		.uleb128 0xa
 536 0341 93000000 		.4byte	0x93
 537 0345 01       		.byte	0x1
 538 0346 00       		.byte	0
 539 0347 0E       		.uleb128 0xe
 540 0348 D1020000 		.4byte	0x2d1
ARM GAS  C:\Users\310309~1\AppData\Local\Temp\ccBqUvhf.s 			page 16


 541 034c 0F       		.uleb128 0xf
 542 034d BE0B0000 		.4byte	.LASF108
 543 0351 01       		.byte	0x1
 544 0352 1A       		.byte	0x1a
 545 0353 5D030000 		.4byte	0x35d
 546 0357 05       		.uleb128 0x5
 547 0358 03       		.byte	0x3
 548 0359 00000000 		.4byte	cyBle_customs
 549 035d 0E       		.uleb128 0xe
 550 035e 37030000 		.4byte	0x337
 551 0362 00       		.byte	0
 552              		.section	.debug_abbrev,"",%progbits
 553              	.Ldebug_abbrev0:
 554 0000 01       		.uleb128 0x1
 555 0001 11       		.uleb128 0x11
 556 0002 01       		.byte	0x1
 557 0003 25       		.uleb128 0x25
 558 0004 0E       		.uleb128 0xe
 559 0005 13       		.uleb128 0x13
 560 0006 0B       		.uleb128 0xb
 561 0007 03       		.uleb128 0x3
 562 0008 0E       		.uleb128 0xe
 563 0009 1B       		.uleb128 0x1b
 564 000a 0E       		.uleb128 0xe
 565 000b 55       		.uleb128 0x55
 566 000c 17       		.uleb128 0x17
 567 000d 11       		.uleb128 0x11
 568 000e 01       		.uleb128 0x1
 569 000f 10       		.uleb128 0x10
 570 0010 17       		.uleb128 0x17
 571 0011 00       		.byte	0
 572 0012 00       		.byte	0
 573 0013 02       		.uleb128 0x2
 574 0014 24       		.uleb128 0x24
 575 0015 00       		.byte	0
 576 0016 0B       		.uleb128 0xb
 577 0017 0B       		.uleb128 0xb
 578 0018 3E       		.uleb128 0x3e
 579 0019 0B       		.uleb128 0xb
 580 001a 03       		.uleb128 0x3
 581 001b 0E       		.uleb128 0xe
 582 001c 00       		.byte	0
 583 001d 00       		.byte	0
 584 001e 03       		.uleb128 0x3
 585 001f 24       		.uleb128 0x24
 586 0020 00       		.byte	0
 587 0021 0B       		.uleb128 0xb
 588 0022 0B       		.uleb128 0xb
 589 0023 3E       		.uleb128 0x3e
 590 0024 0B       		.uleb128 0xb
 591 0025 03       		.uleb128 0x3
 592 0026 08       		.uleb128 0x8
 593 0027 00       		.byte	0
 594 0028 00       		.byte	0
 595 0029 04       		.uleb128 0x4
 596 002a 16       		.uleb128 0x16
 597 002b 00       		.byte	0
ARM GAS  C:\Users\310309~1\AppData\Local\Temp\ccBqUvhf.s 			page 17


 598 002c 03       		.uleb128 0x3
 599 002d 0E       		.uleb128 0xe
 600 002e 3A       		.uleb128 0x3a
 601 002f 0B       		.uleb128 0xb
 602 0030 3B       		.uleb128 0x3b
 603 0031 05       		.uleb128 0x5
 604 0032 49       		.uleb128 0x49
 605 0033 13       		.uleb128 0x13
 606 0034 00       		.byte	0
 607 0035 00       		.byte	0
 608 0036 05       		.uleb128 0x5
 609 0037 04       		.uleb128 0x4
 610 0038 01       		.byte	0x1
 611 0039 0B       		.uleb128 0xb
 612 003a 0B       		.uleb128 0xb
 613 003b 49       		.uleb128 0x49
 614 003c 13       		.uleb128 0x13
 615 003d 3A       		.uleb128 0x3a
 616 003e 0B       		.uleb128 0xb
 617 003f 3B       		.uleb128 0x3b
 618 0040 05       		.uleb128 0x5
 619 0041 01       		.uleb128 0x1
 620 0042 13       		.uleb128 0x13
 621 0043 00       		.byte	0
 622 0044 00       		.byte	0
 623 0045 06       		.uleb128 0x6
 624 0046 28       		.uleb128 0x28
 625 0047 00       		.byte	0
 626 0048 03       		.uleb128 0x3
 627 0049 0E       		.uleb128 0xe
 628 004a 1C       		.uleb128 0x1c
 629 004b 0B       		.uleb128 0xb
 630 004c 00       		.byte	0
 631 004d 00       		.byte	0
 632 004e 07       		.uleb128 0x7
 633 004f 13       		.uleb128 0x13
 634 0050 01       		.byte	0x1
 635 0051 0B       		.uleb128 0xb
 636 0052 0B       		.uleb128 0xb
 637 0053 3A       		.uleb128 0x3a
 638 0054 0B       		.uleb128 0xb
 639 0055 3B       		.uleb128 0x3b
 640 0056 0B       		.uleb128 0xb
 641 0057 01       		.uleb128 0x1
 642 0058 13       		.uleb128 0x13
 643 0059 00       		.byte	0
 644 005a 00       		.byte	0
 645 005b 08       		.uleb128 0x8
 646 005c 0D       		.uleb128 0xd
 647 005d 00       		.byte	0
 648 005e 03       		.uleb128 0x3
 649 005f 0E       		.uleb128 0xe
 650 0060 3A       		.uleb128 0x3a
 651 0061 0B       		.uleb128 0xb
 652 0062 3B       		.uleb128 0x3b
 653 0063 0B       		.uleb128 0xb
 654 0064 49       		.uleb128 0x49
ARM GAS  C:\Users\310309~1\AppData\Local\Temp\ccBqUvhf.s 			page 18


 655 0065 13       		.uleb128 0x13
 656 0066 38       		.uleb128 0x38
 657 0067 0B       		.uleb128 0xb
 658 0068 00       		.byte	0
 659 0069 00       		.byte	0
 660 006a 09       		.uleb128 0x9
 661 006b 01       		.uleb128 0x1
 662 006c 01       		.byte	0x1
 663 006d 49       		.uleb128 0x49
 664 006e 13       		.uleb128 0x13
 665 006f 01       		.uleb128 0x1
 666 0070 13       		.uleb128 0x13
 667 0071 00       		.byte	0
 668 0072 00       		.byte	0
 669 0073 0A       		.uleb128 0xa
 670 0074 21       		.uleb128 0x21
 671 0075 00       		.byte	0
 672 0076 49       		.uleb128 0x49
 673 0077 13       		.uleb128 0x13
 674 0078 2F       		.uleb128 0x2f
 675 0079 0B       		.uleb128 0xb
 676 007a 00       		.byte	0
 677 007b 00       		.byte	0
 678 007c 0B       		.uleb128 0xb
 679 007d 16       		.uleb128 0x16
 680 007e 00       		.byte	0
 681 007f 03       		.uleb128 0x3
 682 0080 0E       		.uleb128 0xe
 683 0081 3A       		.uleb128 0x3a
 684 0082 0B       		.uleb128 0xb
 685 0083 3B       		.uleb128 0x3b
 686 0084 0B       		.uleb128 0xb
 687 0085 49       		.uleb128 0x49
 688 0086 13       		.uleb128 0x13
 689 0087 00       		.byte	0
 690 0088 00       		.byte	0
 691 0089 0C       		.uleb128 0xc
 692 008a 04       		.uleb128 0x4
 693 008b 01       		.byte	0x1
 694 008c 0B       		.uleb128 0xb
 695 008d 0B       		.uleb128 0xb
 696 008e 49       		.uleb128 0x49
 697 008f 13       		.uleb128 0x13
 698 0090 3A       		.uleb128 0x3a
 699 0091 0B       		.uleb128 0xb
 700 0092 3B       		.uleb128 0x3b
 701 0093 0B       		.uleb128 0xb
 702 0094 01       		.uleb128 0x1
 703 0095 13       		.uleb128 0x13
 704 0096 00       		.byte	0
 705 0097 00       		.byte	0
 706 0098 0D       		.uleb128 0xd
 707 0099 2E       		.uleb128 0x2e
 708 009a 00       		.byte	0
 709 009b 3F       		.uleb128 0x3f
 710 009c 19       		.uleb128 0x19
 711 009d 03       		.uleb128 0x3
ARM GAS  C:\Users\310309~1\AppData\Local\Temp\ccBqUvhf.s 			page 19


 712 009e 0E       		.uleb128 0xe
 713 009f 3A       		.uleb128 0x3a
 714 00a0 0B       		.uleb128 0xb
 715 00a1 3B       		.uleb128 0x3b
 716 00a2 05       		.uleb128 0x5
 717 00a3 27       		.uleb128 0x27
 718 00a4 19       		.uleb128 0x19
 719 00a5 11       		.uleb128 0x11
 720 00a6 01       		.uleb128 0x1
 721 00a7 12       		.uleb128 0x12
 722 00a8 06       		.uleb128 0x6
 723 00a9 40       		.uleb128 0x40
 724 00aa 18       		.uleb128 0x18
 725 00ab 9742     		.uleb128 0x2117
 726 00ad 19       		.uleb128 0x19
 727 00ae 00       		.byte	0
 728 00af 00       		.byte	0
 729 00b0 0E       		.uleb128 0xe
 730 00b1 26       		.uleb128 0x26
 731 00b2 00       		.byte	0
 732 00b3 49       		.uleb128 0x49
 733 00b4 13       		.uleb128 0x13
 734 00b5 00       		.byte	0
 735 00b6 00       		.byte	0
 736 00b7 0F       		.uleb128 0xf
 737 00b8 34       		.uleb128 0x34
 738 00b9 00       		.byte	0
 739 00ba 03       		.uleb128 0x3
 740 00bb 0E       		.uleb128 0xe
 741 00bc 3A       		.uleb128 0x3a
 742 00bd 0B       		.uleb128 0xb
 743 00be 3B       		.uleb128 0x3b
 744 00bf 0B       		.uleb128 0xb
 745 00c0 49       		.uleb128 0x49
 746 00c1 13       		.uleb128 0x13
 747 00c2 3F       		.uleb128 0x3f
 748 00c3 19       		.uleb128 0x19
 749 00c4 02       		.uleb128 0x2
 750 00c5 18       		.uleb128 0x18
 751 00c6 00       		.byte	0
 752 00c7 00       		.byte	0
 753 00c8 00       		.byte	0
 754              		.section	.debug_aranges,"",%progbits
 755 0000 1C000000 		.4byte	0x1c
 756 0004 0200     		.2byte	0x2
 757 0006 00000000 		.4byte	.Ldebug_info0
 758 000a 04       		.byte	0x4
 759 000b 00       		.byte	0
 760 000c 0000     		.2byte	0
 761 000e 0000     		.2byte	0
 762 0010 00000000 		.4byte	.LFB2
 763 0014 02000000 		.4byte	.LFE2-.LFB2
 764 0018 00000000 		.4byte	0
 765 001c 00000000 		.4byte	0
 766              		.section	.debug_ranges,"",%progbits
 767              	.Ldebug_ranges0:
 768 0000 00000000 		.4byte	.LFB2
ARM GAS  C:\Users\310309~1\AppData\Local\Temp\ccBqUvhf.s 			page 20


 769 0004 02000000 		.4byte	.LFE2
 770 0008 00000000 		.4byte	0
 771 000c 00000000 		.4byte	0
 772              		.section	.debug_line,"",%progbits
 773              	.Ldebug_line0:
 774 0000 9F000000 		.section	.debug_str,"MS",%progbits,1
 774      02008600 
 774      00000201 
 774      FB0E0D00 
 774      01010101 
 775              	.LASF23:
 776 0000 4359424C 		.ascii	"CYBLE_EVT_GAP_PASSKEY_ENTRY_REQUEST\000"
 776      455F4556 
 776      545F4741 
 776      505F5041 
 776      53534B45 
 777              	.LASF58:
 778 0024 4359424C 		.ascii	"CYBLE_EVT_GATTC_WRITE_RSP\000"
 778      455F4556 
 778      545F4741 
 778      5454435F 
 778      57524954 
 779              	.LASF20:
 780 003e 4359424C 		.ascii	"CYBLE_EVT_MEMORY_REQUEST\000"
 780      455F4556 
 780      545F4D45 
 780      4D4F5259 
 780      5F524551 
 781              	.LASF45:
 782 0057 4359424C 		.ascii	"CYBLE_EVT_GATTC_ERROR_RSP\000"
 782      455F4556 
 782      545F4741 
 782      5454435F 
 782      4552524F 
 783              	.LASF29:
 784 0071 4359424C 		.ascii	"CYBLE_EVT_GAP_DEVICE_DISCONNECTED\000"
 784      455F4556 
 784      545F4741 
 784      505F4445 
 784      56494345 
 785              	.LASF35:
 786 0093 4359424C 		.ascii	"CYBLE_EVT_GAP_KEYPRESS_NOTIFICATION\000"
 786      455F4556 
 786      545F4741 
 786      505F4B45 
 786      59505245 
 787              	.LASF2:
 788 00b7 73686F72 		.ascii	"short int\000"
 788      7420696E 
 788      7400
 789              	.LASF26:
 790 00c1 4359424C 		.ascii	"CYBLE_EVT_GAP_AUTH_FAILED\000"
 790      455F4556 
 790      545F4741 
 790      505F4155 
 790      54485F46 
 791              	.LASF47:
ARM GAS  C:\Users\310309~1\AppData\Local\Temp\ccBqUvhf.s 			page 21


 792 00db 4359424C 		.ascii	"CYBLE_EVT_GATT_DISCONNECT_IND\000"
 792      455F4556 
 792      545F4741 
 792      54545F44 
 792      4953434F 
 793              	.LASF13:
 794 00f9 73697A65 		.ascii	"sizetype\000"
 794      74797065 
 794      00
 795              	.LASF37:
 796 0102 4359424C 		.ascii	"CYBLE_EVT_GAP_DATA_LENGTH_CHANGE\000"
 796      455F4556 
 796      545F4741 
 796      505F4441 
 796      54415F4C 
 797              	.LASF96:
 798 0123 4359424C 		.ascii	"CYBLE_DIS_SERIAL_NUMBER\000"
 798      455F4449 
 798      535F5345 
 798      5249414C 
 798      5F4E554D 
 799              	.LASF6:
 800 013b 6C6F6E67 		.ascii	"long long int\000"
 800      206C6F6E 
 800      6720696E 
 800      7400
 801              	.LASF99:
 802 0149 4359424C 		.ascii	"CYBLE_DIS_SOFTWARE_REV\000"
 802      455F4449 
 802      535F534F 
 802      46545741 
 802      52455F52 
 803              	.LASF59:
 804 0160 4359424C 		.ascii	"CYBLE_EVT_GATTS_WRITE_CMD_REQ\000"
 804      455F4556 
 804      545F4741 
 804      5454535F 
 804      57524954 
 805              	.LASF18:
 806 017e 4359424C 		.ascii	"CYBLE_EVT_HCI_STATUS\000"
 806      455F4556 
 806      545F4843 
 806      495F5354 
 806      41545553 
 807              	.LASF107:
 808 0193 4379426C 		.ascii	"CyBle_CustomInit\000"
 808      655F4375 
 808      73746F6D 
 808      496E6974 
 808      00
 809              	.LASF15:
 810 01a4 4359424C 		.ascii	"CYBLE_EVT_STACK_ON\000"
 810      455F4556 
 810      545F5354 
 810      41434B5F 
 810      4F4E00
 811              	.LASF44:
ARM GAS  C:\Users\310309~1\AppData\Local\Temp\ccBqUvhf.s 			page 22


 812 01b7 4359424C 		.ascii	"CYBLE_EVT_GAP_SMP_LOC_P256_KEYS_GEN_AND_SET_COMPLET"
 812      455F4556 
 812      545F4741 
 812      505F534D 
 812      505F4C4F 
 813 01ea 4500     		.ascii	"E\000"
 814              	.LASF48:
 815 01ec 4359424C 		.ascii	"CYBLE_EVT_GATTS_XCNHG_MTU_REQ\000"
 815      455F4556 
 815      545F4741 
 815      5454535F 
 815      58434E48 
 816              	.LASF104:
 817 020a 474E5520 		.ascii	"GNU C11 5.4.1 20160609 (release) [ARM/embedded-5-br"
 817      43313120 
 817      352E342E 
 817      31203230 
 817      31363036 
 818 023d 616E6368 		.ascii	"anch revision 237715] -mcpu=cortex-m0 -mthumb -g -O"
 818      20726576 
 818      6973696F 
 818      6E203233 
 818      37373135 
 819 0270 67202D66 		.ascii	"g -ffunction-sections -ffat-lto-objects\000"
 819      66756E63 
 819      74696F6E 
 819      2D736563 
 819      74696F6E 
 820              	.LASF89:
 821 0298 63757374 		.ascii	"customServCharDesc\000"
 821      6F6D5365 
 821      72764368 
 821      61724465 
 821      736300
 822              	.LASF56:
 823 02ab 4359424C 		.ascii	"CYBLE_EVT_GATTC_READ_MULTI_RSP\000"
 823      455F4556 
 823      545F4741 
 823      5454435F 
 823      52454144 
 824              	.LASF65:
 825 02ca 4359424C 		.ascii	"CYBLE_EVT_GATTS_HANDLE_VALUE_CNF\000"
 825      455F4556 
 825      545F4741 
 825      5454535F 
 825      48414E44 
 826              	.LASF14:
 827 02eb 4359424C 		.ascii	"CYBLE_EVT_HOST_INVALID\000"
 827      455F4556 
 827      545F484F 
 827      53545F49 
 827      4E56414C 
 828              	.LASF73:
 829 0302 4359424C 		.ascii	"CYBLE_EVT_L2CAP_CBFC_CONN_IND\000"
 829      455F4556 
 829      545F4C32 
 829      4341505F 
ARM GAS  C:\Users\310309~1\AppData\Local\Temp\ccBqUvhf.s 			page 23


 829      43424643 
 830              	.LASF76:
 831 0320 4359424C 		.ascii	"CYBLE_EVT_L2CAP_CBFC_DISCONN_CNF\000"
 831      455F4556 
 831      545F4C32 
 831      4341505F 
 831      43424643 
 832              	.LASF9:
 833 0341 666C6F61 		.ascii	"float\000"
 833      7400
 834              	.LASF54:
 835 0347 4359424C 		.ascii	"CYBLE_EVT_GATTC_READ_RSP\000"
 835      455F4556 
 835      545F4741 
 835      5454435F 
 835      52454144 
 836              	.LASF34:
 837 0360 4359424C 		.ascii	"CYBLE_EVT_GAP_NUMERIC_COMPARISON_REQUEST\000"
 837      455F4556 
 837      545F4741 
 837      505F4E55 
 837      4D455249 
 838              	.LASF39:
 839 0389 4359424C 		.ascii	"CYBLE_EVT_GAPC_DIRECT_ADV_REPORT\000"
 839      455F4556 
 839      545F4741 
 839      50435F44 
 839      49524543 
 840              	.LASF7:
 841 03aa 6C6F6E67 		.ascii	"long long unsigned int\000"
 841      206C6F6E 
 841      6720756E 
 841      7369676E 
 841      65642069 
 842              	.LASF90:
 843 03c1 4359424C 		.ascii	"CYBLE_CUSTOMS_INFO_T\000"
 843      455F4355 
 843      53544F4D 
 843      535F494E 
 843      464F5F54 
 844              	.LASF43:
 845 03d6 4359424C 		.ascii	"CYBLE_EVT_GAP_AUTH_REQ_REPLY_ERR\000"
 845      455F4556 
 845      545F4741 
 845      505F4155 
 845      54485F52 
 846              	.LASF4:
 847 03f7 6C6F6E67 		.ascii	"long int\000"
 847      20696E74 
 847      00
 848              	.LASF64:
 849 0400 4359424C 		.ascii	"CYBLE_EVT_GATTC_HANDLE_VALUE_IND\000"
 849      455F4556 
 849      545F4741 
 849      5454435F 
 849      48414E44 
 850              	.LASF28:
ARM GAS  C:\Users\310309~1\AppData\Local\Temp\ccBqUvhf.s 			page 24


 851 0421 4359424C 		.ascii	"CYBLE_EVT_GAP_DEVICE_CONNECTED\000"
 851      455F4556 
 851      545F4741 
 851      505F4445 
 851      56494345 
 852              	.LASF27:
 853 0440 4359424C 		.ascii	"CYBLE_EVT_GAPP_ADVERTISEMENT_START_STOP\000"
 853      455F4556 
 853      545F4741 
 853      50505F41 
 853      44564552 
 854              	.LASF63:
 855 0468 4359424C 		.ascii	"CYBLE_EVT_GATTC_HANDLE_VALUE_NTF\000"
 855      455F4556 
 855      545F4741 
 855      5454435F 
 855      48414E44 
 856              	.LASF19:
 857 0489 4359424C 		.ascii	"CYBLE_EVT_STACK_BUSY_STATUS\000"
 857      455F4556 
 857      545F5354 
 857      41434B5F 
 857      42555359 
 858              	.LASF95:
 859 04a5 4359424C 		.ascii	"CYBLE_DIS_MODEL_NUMBER\000"
 859      455F4449 
 859      535F4D4F 
 859      44454C5F 
 859      4E554D42 
 860              	.LASF24:
 861 04bc 4359424C 		.ascii	"CYBLE_EVT_GAP_PASSKEY_DISPLAY_REQUEST\000"
 861      455F4556 
 861      545F4741 
 861      505F5041 
 861      53534B45 
 862              	.LASF93:
 863 04e2 4359424C 		.ascii	"CYBLE_CUSTOMS_T\000"
 863      455F4355 
 863      53544F4D 
 863      535F5400 
 864              	.LASF74:
 865 04f2 4359424C 		.ascii	"CYBLE_EVT_L2CAP_CBFC_CONN_CNF\000"
 865      455F4556 
 865      545F4C32 
 865      4341505F 
 865      43424643 
 866              	.LASF38:
 867 0510 4359424C 		.ascii	"CYBLE_EVT_GAP_ENHANCE_CONN_COMPLETE\000"
 867      455F4556 
 867      545F4741 
 867      505F454E 
 867      48414E43 
 868              	.LASF12:
 869 0534 6C6F6E67 		.ascii	"long double\000"
 869      20646F75 
 869      626C6500 
 870              	.LASF70:
ARM GAS  C:\Users\310309~1\AppData\Local\Temp\ccBqUvhf.s 			page 25


 871 0540 4359424C 		.ascii	"CYBLE_EVT_L2CAP_CONN_PARAM_UPDATE_REQ\000"
 871      455F4556 
 871      545F4C32 
 871      4341505F 
 871      434F4E4E 
 872              	.LASF1:
 873 0566 756E7369 		.ascii	"unsigned char\000"
 873      676E6564 
 873      20636861 
 873      7200
 874              	.LASF92:
 875 0574 63757374 		.ascii	"customServInfo\000"
 875      6F6D5365 
 875      7276496E 
 875      666F00
 876              	.LASF60:
 877 0583 4359424C 		.ascii	"CYBLE_EVT_GATTS_PREP_WRITE_REQ\000"
 877      455F4556 
 877      545F4741 
 877      5454535F 
 877      50524550 
 878              	.LASF82:
 879 05a2 4359424C 		.ascii	"CYBLE_EVT_LE_PING_AUTH_TIMEOUT\000"
 879      455F4556 
 879      545F4C45 
 879      5F50494E 
 879      475F4155 
 880              	.LASF88:
 881 05c1 63757374 		.ascii	"customServCharHandle\000"
 881      6F6D5365 
 881      72764368 
 881      61724861 
 881      6E646C65 
 882              	.LASF52:
 883 05d6 4359424C 		.ascii	"CYBLE_EVT_GATTC_FIND_INFO_RSP\000"
 883      455F4556 
 883      545F4741 
 883      5454435F 
 883      46494E44 
 884              	.LASF0:
 885 05f4 7369676E 		.ascii	"signed char\000"
 885      65642063 
 885      68617200 
 886              	.LASF57:
 887 0600 4359424C 		.ascii	"CYBLE_EVT_GATTS_WRITE_REQ\000"
 887      455F4556 
 887      545F4741 
 887      5454535F 
 887      57524954 
 888              	.LASF53:
 889 061a 4359424C 		.ascii	"CYBLE_EVT_GATTC_FIND_BY_TYPE_VALUE_RSP\000"
 889      455F4556 
 889      545F4741 
 889      5454435F 
 889      46494E44 
 890              	.LASF25:
 891 0641 4359424C 		.ascii	"CYBLE_EVT_GAP_AUTH_COMPLETE\000"
ARM GAS  C:\Users\310309~1\AppData\Local\Temp\ccBqUvhf.s 			page 26


 891      455F4556 
 891      545F4741 
 891      505F4155 
 891      54485F43 
 892              	.LASF8:
 893 065d 756E7369 		.ascii	"unsigned int\000"
 893      676E6564 
 893      20696E74 
 893      00
 894              	.LASF46:
 895 066a 4359424C 		.ascii	"CYBLE_EVT_GATT_CONNECT_IND\000"
 895      455F4556 
 895      545F4741 
 895      54545F43 
 895      4F4E4E45 
 896              	.LASF5:
 897 0685 6C6F6E67 		.ascii	"long unsigned int\000"
 897      20756E73 
 897      69676E65 
 897      6420696E 
 897      7400
 898              	.LASF22:
 899 0697 4359424C 		.ascii	"CYBLE_EVT_GAP_AUTH_REQ\000"
 899      455F4556 
 899      545F4741 
 899      505F4155 
 899      54485F52 
 900              	.LASF75:
 901 06ae 4359424C 		.ascii	"CYBLE_EVT_L2CAP_CBFC_DISCONN_IND\000"
 901      455F4556 
 901      545F4C32 
 901      4341505F 
 901      43424643 
 902              	.LASF30:
 903 06cf 4359424C 		.ascii	"CYBLE_EVT_GAP_ENCRYPT_CHANGE\000"
 903      455F4556 
 903      545F4741 
 903      505F454E 
 903      43525950 
 904              	.LASF41:
 905 06ec 4359424C 		.ascii	"CYBLE_EVT_GAP_CONN_ESTB\000"
 905      455F4556 
 905      545F4741 
 905      505F434F 
 905      4E4E5F45 
 906              	.LASF69:
 907 0704 4359424C 		.ascii	"CYBLE_EVT_GATTC_LONG_PROCEDURE_END\000"
 907      455F4556 
 907      545F4741 
 907      5454435F 
 907      4C4F4E47 
 908              	.LASF33:
 909 0727 4359424C 		.ascii	"CYBLE_EVT_GAP_KEYINFO_EXCHNGE_CMPLT\000"
 909      455F4556 
 909      545F4741 
 909      505F4B45 
 909      59494E46 
ARM GAS  C:\Users\310309~1\AppData\Local\Temp\ccBqUvhf.s 			page 27


 910              	.LASF84:
 911 074b 4359424C 		.ascii	"CYBLE_EVT_FLASH_CORRUPT\000"
 911      455F4556 
 911      545F464C 
 911      4153485F 
 911      434F5252 
 912              	.LASF31:
 913 0763 4359424C 		.ascii	"CYBLE_EVT_GAP_CONNECTION_UPDATE_COMPLETE\000"
 913      455F4556 
 913      545F4741 
 913      505F434F 
 913      4E4E4543 
 914              	.LASF40:
 915 078c 4359424C 		.ascii	"CYBLE_EVT_GAP_SMP_NEGOTIATED_AUTH_INFO\000"
 915      455F4556 
 915      545F4741 
 915      505F534D 
 915      505F4E45 
 916              	.LASF11:
 917 07b3 63686172 		.ascii	"char\000"
 917      00
 918              	.LASF72:
 919 07b8 4359424C 		.ascii	"CYBLE_EVT_L2CAP_COMMAND_REJ\000"
 919      455F4556 
 919      545F4C32 
 919      4341505F 
 919      434F4D4D 
 920              	.LASF3:
 921 07d4 73686F72 		.ascii	"short unsigned int\000"
 921      7420756E 
 921      7369676E 
 921      65642069 
 921      6E7400
 922              	.LASF105:
 923 07e7 47656E65 		.ascii	"Generated_Source\\PSoC4\\ble_custom.c\000"
 923      72617465 
 923      645F536F 
 923      75726365 
 923      5C50536F 
 924              	.LASF106:
 925 080b 433A5C55 		.ascii	"C:\\Users\\310309623\\Desktop\\OneDrive - Philips\\"
 925      73657273 
 925      5C333130 
 925      33303936 
 925      32335C44 
 926 0839 41667374 		.ascii	"Afstudeerstage\\Afstuderen\\Stage\\Project\\Service"
 926      75646565 
 926      72737461 
 926      67655C41 
 926      66737475 
 927 0868 5C506869 		.ascii	"\\Philips\\Physical Activity Monitor Service.cydsn\000"
 927      6C697073 
 927      5C506879 
 927      73696361 
 927      6C204163 
 928              	.LASF101:
 929 0899 4359424C 		.ascii	"CYBLE_DIS_REG_CERT_DATA\000"
ARM GAS  C:\Users\310309~1\AppData\Local\Temp\ccBqUvhf.s 			page 28


 929      455F4449 
 929      535F5245 
 929      475F4345 
 929      52545F44 
 930              	.LASF86:
 931 08b1 75696E74 		.ascii	"uint16\000"
 931      313600
 932              	.LASF55:
 933 08b8 4359424C 		.ascii	"CYBLE_EVT_GATTC_READ_BLOB_RSP\000"
 933      455F4556 
 933      545F4741 
 933      5454435F 
 933      52454144 
 934              	.LASF62:
 935 08d6 4359424C 		.ascii	"CYBLE_EVT_GATTC_EXEC_WRITE_RSP\000"
 935      455F4556 
 935      545F4741 
 935      5454435F 
 935      45584543 
 936              	.LASF32:
 937 08f5 4359424C 		.ascii	"CYBLE_EVT_GAPC_SCAN_START_STOP\000"
 937      455F4556 
 937      545F4741 
 937      50435F53 
 937      43414E5F 
 938              	.LASF81:
 939 0914 4359424C 		.ascii	"CYBLE_EVT_PENDING_FLASH_WRITE\000"
 939      455F4556 
 939      545F5045 
 939      4E44494E 
 939      475F464C 
 940              	.LASF78:
 941 0932 4359424C 		.ascii	"CYBLE_EVT_L2CAP_CBFC_RX_CREDIT_IND\000"
 941      455F4556 
 941      545F4C32 
 941      4341505F 
 941      43424643 
 942              	.LASF10:
 943 0955 646F7562 		.ascii	"double\000"
 943      6C6500
 944              	.LASF79:
 945 095c 4359424C 		.ascii	"CYBLE_EVT_L2CAP_CBFC_TX_CREDIT_IND\000"
 945      455F4556 
 945      545F4C32 
 945      4341505F 
 945      43424643 
 946              	.LASF103:
 947 097f 4359424C 		.ascii	"CYBLE_DIS_CHAR_COUNT\000"
 947      455F4449 
 947      535F4348 
 947      41525F43 
 947      4F554E54 
 948              	.LASF42:
 949 0994 4359424C 		.ascii	"CYBLE_EVT_GAP_SCAN_REQ_RECVD\000"
 949      455F4556 
 949      545F4741 
 949      505F5343 
ARM GAS  C:\Users\310309~1\AppData\Local\Temp\ccBqUvhf.s 			page 29


 949      414E5F52 
 950              	.LASF91:
 951 09b1 63757374 		.ascii	"customServHandle\000"
 951      6F6D5365 
 951      72764861 
 951      6E646C65 
 951      00
 952              	.LASF17:
 953 09c2 4359424C 		.ascii	"CYBLE_EVT_HARDWARE_ERROR\000"
 953      455F4556 
 953      545F4841 
 953      52445741 
 953      52455F45 
 954              	.LASF77:
 955 09db 4359424C 		.ascii	"CYBLE_EVT_L2CAP_CBFC_DATA_READ\000"
 955      455F4556 
 955      545F4C32 
 955      4341505F 
 955      43424643 
 956              	.LASF71:
 957 09fa 4359424C 		.ascii	"CYBLE_EVT_L2CAP_CONN_PARAM_UPDATE_RSP\000"
 957      455F4556 
 957      545F4C32 
 957      4341505F 
 957      434F4E4E 
 958              	.LASF21:
 959 0a20 4359424C 		.ascii	"CYBLE_EVT_GAPC_SCAN_PROGRESS_RESULT\000"
 959      455F4556 
 959      545F4741 
 959      50435F53 
 959      43414E5F 
 960              	.LASF94:
 961 0a44 4359424C 		.ascii	"CYBLE_DIS_MANUFACTURER_NAME\000"
 961      455F4449 
 961      535F4D41 
 961      4E554641 
 961      43545552 
 962              	.LASF50:
 963 0a60 4359424C 		.ascii	"CYBLE_EVT_GATTC_READ_BY_GROUP_TYPE_RSP\000"
 963      455F4556 
 963      545F4741 
 963      5454435F 
 963      52454144 
 964              	.LASF98:
 965 0a87 4359424C 		.ascii	"CYBLE_DIS_FIRMWARE_REV\000"
 965      455F4449 
 965      535F4649 
 965      524D5741 
 965      52455F52 
 966              	.LASF51:
 967 0a9e 4359424C 		.ascii	"CYBLE_EVT_GATTC_READ_BY_TYPE_RSP\000"
 967      455F4556 
 967      545F4741 
 967      5454435F 
 967      52454144 
 968              	.LASF49:
 969 0abf 4359424C 		.ascii	"CYBLE_EVT_GATTC_XCHNG_MTU_RSP\000"
ARM GAS  C:\Users\310309~1\AppData\Local\Temp\ccBqUvhf.s 			page 30


 969      455F4556 
 969      545F4741 
 969      5454435F 
 969      5843484E 
 970              	.LASF97:
 971 0add 4359424C 		.ascii	"CYBLE_DIS_HARDWARE_REV\000"
 971      455F4449 
 971      535F4841 
 971      52445741 
 971      52455F52 
 972              	.LASF80:
 973 0af4 4359424C 		.ascii	"CYBLE_EVT_L2CAP_CBFC_DATA_WRITE_IND\000"
 973      455F4556 
 973      545F4C32 
 973      4341505F 
 973      43424643 
 974              	.LASF16:
 975 0b18 4359424C 		.ascii	"CYBLE_EVT_TIMEOUT\000"
 975      455F4556 
 975      545F5449 
 975      4D454F55 
 975      5400
 976              	.LASF85:
 977 0b2a 4359424C 		.ascii	"CYBLE_EVT_MAX\000"
 977      455F4556 
 977      545F4D41 
 977      5800
 978              	.LASF68:
 979 0b38 4359424C 		.ascii	"CYBLE_EVT_GATTS_READ_CHAR_VAL_ACCESS_REQ\000"
 979      455F4556 
 979      545F4741 
 979      5454535F 
 979      52454144 
 980              	.LASF67:
 981 0b61 4359424C 		.ascii	"CYBLE_EVT_GATTC_STOP_CMD_COMPLETE\000"
 981      455F4556 
 981      545F4741 
 981      5454435F 
 981      53544F50 
 982              	.LASF61:
 983 0b83 4359424C 		.ascii	"CYBLE_EVT_GATTS_EXEC_WRITE_REQ\000"
 983      455F4556 
 983      545F4741 
 983      5454535F 
 983      45584543 
 984              	.LASF87:
 985 0ba2 4359424C 		.ascii	"CYBLE_GATT_DB_ATTR_HANDLE_T\000"
 985      455F4741 
 985      54545F44 
 985      425F4154 
 985      54525F48 
 986              	.LASF108:
 987 0bbe 6379426C 		.ascii	"cyBle_customs\000"
 987      655F6375 
 987      73746F6D 
 987      7300
 988              	.LASF66:
ARM GAS  C:\Users\310309~1\AppData\Local\Temp\ccBqUvhf.s 			page 31


 989 0bcc 4359424C 		.ascii	"CYBLE_EVT_GATTS_DATA_SIGNED_CMD_REQ\000"
 989      455F4556 
 989      545F4741 
 989      5454535F 
 989      44415441 
 990              	.LASF83:
 991 0bf0 4359424C 		.ascii	"CYBLE_EVT_HCI_PKT\000"
 991      455F4556 
 991      545F4843 
 991      495F504B 
 991      5400
 992              	.LASF100:
 993 0c02 4359424C 		.ascii	"CYBLE_DIS_SYSTEM_ID\000"
 993      455F4449 
 993      535F5359 
 993      5354454D 
 993      5F494400 
 994              	.LASF36:
 995 0c16 4359424C 		.ascii	"CYBLE_EVT_GAP_OOB_GENERATED_NOTIFICATION\000"
 995      455F4556 
 995      545F4741 
 995      505F4F4F 
 995      425F4745 
 996              	.LASF102:
 997 0c3f 4359424C 		.ascii	"CYBLE_DIS_PNP_ID\000"
 997      455F4449 
 997      535F504E 
 997      505F4944 
 997      00
 998              		.ident	"GCC: (GNU Tools for ARM Embedded Processors) 5.4.1 20160609 (release) [ARM/embedded-5-bran
