ARM GAS  C:\Users\310309~1\AppData\Local\Temp\cc63zhrg.s 			page 1


   1              		.syntax unified
   2              		.cpu cortex-m0
   3              		.fpu softvfp
   4              		.eabi_attribute 20, 1
   5              		.eabi_attribute 21, 1
   6              		.eabi_attribute 23, 3
   7              		.eabi_attribute 24, 1
   8              		.eabi_attribute 25, 1
   9              		.eabi_attribute 26, 1
  10              		.eabi_attribute 30, 1
  11              		.eabi_attribute 34, 0
  12              		.eabi_attribute 18, 4
  13              		.thumb
  14              		.syntax unified
  15              		.file	"debug.c"
  16              		.text
  17              	.Ltext0:
  18              		.cfi_sections	.debug_frame
  19              		.section	.text._write,"ax",%progbits
  20              		.align	2
  21              		.global	_write
  22              		.code	16
  23              		.thumb_func
  24              		.type	_write, %function
  25              	_write:
  26              	.LFB36:
  27              		.file 1 "debug.c"
   1:debug.c       **** /*******************************************************************************
   2:debug.c       **** * File Name: debug.c
   3:debug.c       **** *
   4:debug.c       **** * Version 1.0
   5:debug.c       **** *
   6:debug.c       **** * Description:
   7:debug.c       **** *  Common BLE application code for printout debug messages.
   8:debug.c       **** *
   9:debug.c       **** * Hardware Dependency:
  10:debug.c       **** *  CY8CKIT-042 BLE
  11:debug.c       **** *
  12:debug.c       **** ********************************************************************************
  13:debug.c       **** * Copyright 2016, Cypress Semiconductor Corporation.  All rights reserved.
  14:debug.c       **** * You may use this file only in accordance with the license, terms, conditions,
  15:debug.c       **** * disclaimers, and limitations in the end user license agreement accompanying
  16:debug.c       **** * the software package with which this file was provided.
  17:debug.c       **** *******************************************************************************/
  18:debug.c       **** 
  19:debug.c       **** #include "common.h"
  20:debug.c       **** 
  21:debug.c       **** #if(DEBUG_UART_ENABLED == ENABLED)
  22:debug.c       **** 
  23:debug.c       ****     #if defined(__ARMCC_VERSION)
  24:debug.c       **** 
  25:debug.c       ****         /* For MDK/RVDS compiler revise fputc() for printf() */
  26:debug.c       ****         struct __FILE
  27:debug.c       ****         {
  28:debug.c       ****             int handle;
  29:debug.c       ****         };
  30:debug.c       **** 
ARM GAS  C:\Users\310309~1\AppData\Local\Temp\cc63zhrg.s 			page 2


  31:debug.c       ****         enum
  32:debug.c       ****         {
  33:debug.c       ****             STDIN_HANDLE,
  34:debug.c       ****             STDOUT_HANDLE,
  35:debug.c       ****             STDERR_HANDLE
  36:debug.c       ****         } ;
  37:debug.c       **** 
  38:debug.c       ****         FILE __stdin = {STDIN_HANDLE};
  39:debug.c       ****         FILE __stdout = {STDOUT_HANDLE};
  40:debug.c       ****         FILE __stderr = {STDERR_HANDLE};
  41:debug.c       **** 
  42:debug.c       ****         int fputc(int ch, FILE *file)
  43:debug.c       ****         {
  44:debug.c       ****             int ret = EOF;
  45:debug.c       **** 
  46:debug.c       ****             switch( file->handle )
  47:debug.c       ****             {
  48:debug.c       ****                 case STDOUT_HANDLE:
  49:debug.c       ****                     UART_DEB_UartPutChar(ch);
  50:debug.c       ****                     ret = ch ;
  51:debug.c       ****                     break ;
  52:debug.c       **** 
  53:debug.c       ****                 case STDERR_HANDLE:
  54:debug.c       ****                     ret = ch ;
  55:debug.c       ****                     break ;
  56:debug.c       **** 
  57:debug.c       ****                 default:
  58:debug.c       ****                     file = file;
  59:debug.c       ****                     break ;
  60:debug.c       ****             }
  61:debug.c       ****             return ret ;
  62:debug.c       ****         }
  63:debug.c       **** 
  64:debug.c       **** #elif defined (__ICCARM__)      /* IAR */
  65:debug.c       **** 
  66:debug.c       **** /* For IAR compiler revise __write() function for printf functionality */
  67:debug.c       **** size_t __write(int handle, const unsigned char * buffer, size_t size)
  68:debug.c       **** {
  69:debug.c       ****     size_t nChars = 0;
  70:debug.c       **** 
  71:debug.c       ****     if (buffer == 0)
  72:debug.c       ****     {
  73:debug.c       ****         /*
  74:debug.c       ****          * This means that we should flush internal buffers.  Since we
  75:debug.c       ****          * don't, we just return.  (Remember, "handle" == -1 means that all
  76:debug.c       ****          * handles should be flushed.)
  77:debug.c       ****          */
  78:debug.c       ****         return (0);
  79:debug.c       ****     }
  80:debug.c       **** 
  81:debug.c       ****     for (/* Empty */; size != 0; --size)
  82:debug.c       ****     {
  83:debug.c       ****         UART_DEB_UartPutChar(*buffer++);
  84:debug.c       ****         ++nChars;
  85:debug.c       ****     }
  86:debug.c       **** 
  87:debug.c       ****     return (nChars);
ARM GAS  C:\Users\310309~1\AppData\Local\Temp\cc63zhrg.s 			page 3


  88:debug.c       **** }
  89:debug.c       **** 
  90:debug.c       **** #else  /* (__GNUC__)  GCC */
  91:debug.c       **** 
  92:debug.c       **** /* For GCC compiler revise _write() function for printf functionality */
  93:debug.c       ****         int _write(int file, char *ptr, int len)
  94:debug.c       ****         {
  28              		.loc 1 94 0
  29              		.cfi_startproc
  30              		@ args = 0, pretend = 0, frame = 0
  31              		@ frame_needed = 0, uses_anonymous_args = 0
  32              	.LVL0:
  33 0000 70B5     		push	{r4, r5, r6, lr}
  34              		.cfi_def_cfa_offset 16
  35              		.cfi_offset 4, -16
  36              		.cfi_offset 5, -12
  37              		.cfi_offset 6, -8
  38              		.cfi_offset 14, -4
  39 0002 1600     		movs	r6, r2
  40              	.LVL1:
  95:debug.c       ****             int i;
  96:debug.c       ****             file = file;
  97:debug.c       ****             for (i = 0; i < len; i++)
  41              		.loc 1 97 0
  42 0004 0024     		movs	r4, #0
  43 0006 05E0     		b	.L2
  44              	.LVL2:
  45              	.L3:
  98:debug.c       ****             {
  99:debug.c       ****                 UART_DEB_UartPutChar(*ptr++);
  46              		.loc 1 99 0 discriminator 3
  47 0008 4D1C     		adds	r5, r1, #1
  48              	.LVL3:
  49 000a 0878     		ldrb	r0, [r1]
  50 000c FFF7FEFF 		bl	UART_DEB_SpiUartWriteTxData
  51              	.LVL4:
  97:debug.c       ****             {
  52              		.loc 1 97 0 discriminator 3
  53 0010 0134     		adds	r4, r4, #1
  54              	.LVL5:
  55              		.loc 1 99 0 discriminator 3
  56 0012 2900     		movs	r1, r5
  57              	.LVL6:
  58              	.L2:
  97:debug.c       ****             {
  59              		.loc 1 97 0 discriminator 1
  60 0014 B442     		cmp	r4, r6
  61 0016 F7DB     		blt	.L3
 100:debug.c       ****             }
 101:debug.c       ****             return len;
 102:debug.c       ****         }
  62              		.loc 1 102 0
  63 0018 3000     		movs	r0, r6
  64              		@ sp needed
  65              	.LVL7:
  66              	.LVL8:
  67 001a 70BD     		pop	{r4, r5, r6, pc}
ARM GAS  C:\Users\310309~1\AppData\Local\Temp\cc63zhrg.s 			page 4


  68              		.cfi_endproc
  69              	.LFE36:
  70              		.size	_write, .-_write
  71              		.section	.text.PrintState,"ax",%progbits
  72              		.align	2
  73              		.global	PrintState
  74              		.code	16
  75              		.thumb_func
  76              		.type	PrintState, %function
  77              	PrintState:
  78              	.LFB37:
 103:debug.c       **** 
 104:debug.c       ****     #endif  /* (__ARMCC_VERSION) */
 105:debug.c       **** 
 106:debug.c       **** #endif /* (DEBUG_UART_ENABLED == YES) */
 107:debug.c       **** 
 108:debug.c       **** /*******************************************************************************
 109:debug.c       **** * Function Name: PrintState
 110:debug.c       **** ********************************************************************************
 111:debug.c       **** *
 112:debug.c       **** * Summary:
 113:debug.c       **** *   Decodes and prints the cyBle_state global variable value.
 114:debug.c       **** *
 115:debug.c       **** * Parameters:
 116:debug.c       **** *   None.
 117:debug.c       **** *
 118:debug.c       **** * Return:
 119:debug.c       **** *   None.
 120:debug.c       **** *
 121:debug.c       **** *******************************************************************************/
 122:debug.c       **** void PrintState(void)
 123:debug.c       **** {
  79              		.loc 1 123 0
  80              		.cfi_startproc
  81              		@ args = 0, pretend = 0, frame = 0
  82              		@ frame_needed = 0, uses_anonymous_args = 0
  83 0000 10B5     		push	{r4, lr}
  84              		.cfi_def_cfa_offset 8
  85              		.cfi_offset 4, -8
  86              		.cfi_offset 14, -4
 124:debug.c       ****     DBG_PRINTF("state: ");
  87              		.loc 1 124 0
  88 0002 1148     		ldr	r0, .L13
  89 0004 FFF7FEFF 		bl	printf
  90              	.LVL9:
 125:debug.c       ****     switch(CyBle_GetState())
  91              		.loc 1 125 0
  92 0008 104B     		ldr	r3, .L13+4
  93 000a 1A78     		ldrb	r2, [r3]
  94 000c 042A     		cmp	r2, #4
  95 000e 17D8     		bhi	.L5
  96 0010 9300     		lsls	r3, r2, #2
  97 0012 0F4A     		ldr	r2, .L13+8
  98 0014 D358     		ldr	r3, [r2, r3]
  99 0016 9F46     		mov	pc, r3
 100              		.section	.rodata
 101              		.align	2
ARM GAS  C:\Users\310309~1\AppData\Local\Temp\cc63zhrg.s 			page 5


 102              	.L7:
 103 0000 18000000 		.word	.L6
 104 0004 20000000 		.word	.L8
 105 0008 28000000 		.word	.L9
 106 000c 38000000 		.word	.L10
 107 0010 30000000 		.word	.L11
 108              		.section	.text.PrintState
 109              	.L6:
 126:debug.c       ****     {
 127:debug.c       ****         case CYBLE_STATE_STOPPED:
 128:debug.c       ****             DBG_PRINTF("stopped\r\n");
 110              		.loc 1 128 0
 111 0018 0E48     		ldr	r0, .L13+12
 112 001a FFF7FEFF 		bl	puts
 113              	.LVL10:
 129:debug.c       ****             break;
 114              		.loc 1 129 0
 115 001e 12E0     		b	.L4
 116              	.L8:
 130:debug.c       ****             
 131:debug.c       ****         case CYBLE_STATE_INITIALIZING:
 132:debug.c       ****             DBG_PRINTF("initializing\r\n");
 117              		.loc 1 132 0
 118 0020 0D48     		ldr	r0, .L13+16
 119 0022 FFF7FEFF 		bl	puts
 120              	.LVL11:
 133:debug.c       ****             break;
 121              		.loc 1 133 0
 122 0026 0EE0     		b	.L4
 123              	.L9:
 134:debug.c       ****             
 135:debug.c       ****         case CYBLE_STATE_CONNECTED:
 136:debug.c       ****             DBG_PRINTF("connected\r\n");
 124              		.loc 1 136 0
 125 0028 0C48     		ldr	r0, .L13+20
 126 002a FFF7FEFF 		bl	puts
 127              	.LVL12:
 137:debug.c       ****             break;
 128              		.loc 1 137 0
 129 002e 0AE0     		b	.L4
 130              	.L11:
 138:debug.c       ****             
 139:debug.c       ****         case CYBLE_STATE_DISCONNECTED:
 140:debug.c       ****             DBG_PRINTF("disconnected\r\n");
 131              		.loc 1 140 0
 132 0030 0B48     		ldr	r0, .L13+24
 133 0032 FFF7FEFF 		bl	puts
 134              	.LVL13:
 141:debug.c       ****             break;
 135              		.loc 1 141 0
 136 0036 06E0     		b	.L4
 137              	.L10:
 142:debug.c       ****             
 143:debug.c       ****         case CYBLE_STATE_ADVERTISING:
 144:debug.c       ****             DBG_PRINTF("advertising\r\n");
 138              		.loc 1 144 0
 139 0038 0A48     		ldr	r0, .L13+28
ARM GAS  C:\Users\310309~1\AppData\Local\Temp\cc63zhrg.s 			page 6


 140 003a FFF7FEFF 		bl	puts
 141              	.LVL14:
 145:debug.c       ****             break;
 142              		.loc 1 145 0
 143 003e 02E0     		b	.L4
 144              	.L5:
 146:debug.c       **** 
 147:debug.c       ****         default:
 148:debug.c       ****             DBG_PRINTF("unknown\r\n");
 145              		.loc 1 148 0
 146 0040 0948     		ldr	r0, .L13+32
 147 0042 FFF7FEFF 		bl	puts
 148              	.LVL15:
 149              	.L4:
 149:debug.c       ****             break;
 150:debug.c       ****     }
 151:debug.c       **** }
 150              		.loc 1 151 0
 151              		@ sp needed
 152 0046 10BD     		pop	{r4, pc}
 153              	.L14:
 154              		.align	2
 155              	.L13:
 156 0048 00000000 		.word	.LC0
 157 004c 00000000 		.word	cyBle_state
 158 0050 00000000 		.word	.L7
 159 0054 08000000 		.word	.LC4
 160 0058 14000000 		.word	.LC6
 161 005c 24000000 		.word	.LC8
 162 0060 30000000 		.word	.LC10
 163 0064 40000000 		.word	.LC12
 164 0068 50000000 		.word	.LC14
 165              		.cfi_endproc
 166              	.LFE37:
 167              		.size	PrintState, .-PrintState
 168              		.section	.text.PrintApiResult,"ax",%progbits
 169              		.align	2
 170              		.global	PrintApiResult
 171              		.code	16
 172              		.thumb_func
 173              		.type	PrintApiResult, %function
 174              	PrintApiResult:
 175              	.LFB38:
 152:debug.c       **** 
 153:debug.c       **** 
 154:debug.c       **** /*******************************************************************************
 155:debug.c       **** * Function Name: PrintApiResult
 156:debug.c       **** ********************************************************************************
 157:debug.c       **** *
 158:debug.c       **** * Summary:
 159:debug.c       **** *   Decodes and prints the apiResult global variable value.
 160:debug.c       **** *
 161:debug.c       **** * Parameters:
 162:debug.c       **** *   None.
 163:debug.c       **** *
 164:debug.c       **** * Return:
 165:debug.c       **** *   None.
ARM GAS  C:\Users\310309~1\AppData\Local\Temp\cc63zhrg.s 			page 7


 166:debug.c       **** *
 167:debug.c       **** *******************************************************************************/
 168:debug.c       **** void PrintApiResult(void)
 169:debug.c       **** {
 176              		.loc 1 169 0
 177              		.cfi_startproc
 178              		@ args = 0, pretend = 0, frame = 0
 179              		@ frame_needed = 0, uses_anonymous_args = 0
 180 0000 10B5     		push	{r4, lr}
 181              		.cfi_def_cfa_offset 8
 182              		.cfi_offset 4, -8
 183              		.cfi_offset 14, -4
 170:debug.c       ****     DBG_PRINTF("0x%2.2x ", apiResult);
 184              		.loc 1 170 0
 185 0002 2A4C     		ldr	r4, .L30
 186 0004 2188     		ldrh	r1, [r4]
 187 0006 2A48     		ldr	r0, .L30+4
 188 0008 FFF7FEFF 		bl	printf
 189              	.LVL16:
 171:debug.c       ****     
 172:debug.c       ****     switch(apiResult)
 190              		.loc 1 172 0
 191 000c 2388     		ldrh	r3, [r4]
 192 000e 132B     		cmp	r3, #19
 193 0010 3FD0     		beq	.L17
 194 0012 08D8     		bhi	.L18
 195 0014 012B     		cmp	r3, #1
 196 0016 1ED0     		beq	.L19
 197 0018 002B     		cmp	r3, #0
 198 001a 18D0     		beq	.L20
 199 001c 022B     		cmp	r3, #2
 200 001e 1ED0     		beq	.L21
 201 0020 072B     		cmp	r3, #7
 202 0022 20D0     		beq	.L22
 203 0024 3DE0     		b	.L16
 204              	.L18:
 205 0026 0222     		movs	r2, #2
 206 0028 FF32     		adds	r2, r2, #255
 207 002a 9342     		cmp	r3, r2
 208 002c 23D0     		beq	.L23
 209 002e 05D8     		bhi	.L24
 210 0030 282B     		cmp	r3, #40
 211 0032 32D0     		beq	.L25
 212 0034 013A     		subs	r2, r2, #1
 213 0036 9342     		cmp	r3, r2
 214 0038 19D0     		beq	.L26
 215 003a 32E0     		b	.L16
 216              	.L24:
 217 003c 8122     		movs	r2, #129
 218 003e 5200     		lsls	r2, r2, #1
 219 0040 9342     		cmp	r3, r2
 220 0042 1CD0     		beq	.L27
 221 0044 0422     		movs	r2, #4
 222 0046 FF32     		adds	r2, r2, #255
 223 0048 9342     		cmp	r3, r2
 224 004a 1CD0     		beq	.L28
 225 004c 29E0     		b	.L16
ARM GAS  C:\Users\310309~1\AppData\Local\Temp\cc63zhrg.s 			page 8


 226              	.L20:
 173:debug.c       ****     {
 174:debug.c       ****         case CYBLE_ERROR_OK:
 175:debug.c       ****             DBG_PRINTF("ok\r\n");
 227              		.loc 1 175 0
 228 004e 1948     		ldr	r0, .L30+8
 229 0050 FFF7FEFF 		bl	puts
 230              	.LVL17:
 176:debug.c       ****             break;
 231              		.loc 1 176 0
 232 0054 28E0     		b	.L15
 233              	.L19:
 177:debug.c       ****             
 178:debug.c       ****         case CYBLE_ERROR_INVALID_PARAMETER:
 179:debug.c       ****             DBG_PRINTF("invalid parameter\r\n");
 234              		.loc 1 179 0
 235 0056 1848     		ldr	r0, .L30+12
 236 0058 FFF7FEFF 		bl	puts
 237              	.LVL18:
 180:debug.c       ****             break;
 238              		.loc 1 180 0
 239 005c 24E0     		b	.L15
 240              	.L21:
 181:debug.c       ****             
 182:debug.c       ****         case CYBLE_ERROR_INVALID_OPERATION:
 183:debug.c       ****             DBG_PRINTF("invalid operation\r\n");
 241              		.loc 1 183 0
 242 005e 1748     		ldr	r0, .L30+16
 243 0060 FFF7FEFF 		bl	puts
 244              	.LVL19:
 184:debug.c       ****             break;
 245              		.loc 1 184 0
 246 0064 20E0     		b	.L15
 247              	.L22:
 185:debug.c       ****             
 186:debug.c       ****         case CYBLE_ERROR_NO_DEVICE_ENTITY:
 187:debug.c       ****             DBG_PRINTF("no device entity\r\n");
 248              		.loc 1 187 0
 249 0066 1648     		ldr	r0, .L30+20
 250 0068 FFF7FEFF 		bl	puts
 251              	.LVL20:
 188:debug.c       ****             break;
 252              		.loc 1 188 0
 253 006c 1CE0     		b	.L15
 254              	.L26:
 189:debug.c       ****             
 190:debug.c       ****         case CYBLE_ERROR_NTF_DISABLED:
 191:debug.c       ****             DBG_PRINTF("notification is disabled\r\n");
 255              		.loc 1 191 0
 256 006e 1548     		ldr	r0, .L30+24
 257 0070 FFF7FEFF 		bl	puts
 258              	.LVL21:
 192:debug.c       ****             break;
 259              		.loc 1 192 0
 260 0074 18E0     		b	.L15
 261              	.L23:
 193:debug.c       ****             
ARM GAS  C:\Users\310309~1\AppData\Local\Temp\cc63zhrg.s 			page 9


 194:debug.c       ****         case CYBLE_ERROR_IND_DISABLED:
 195:debug.c       ****             DBG_PRINTF("indication is disabled\r\n");
 262              		.loc 1 195 0
 263 0076 1448     		ldr	r0, .L30+28
 264 0078 FFF7FEFF 		bl	puts
 265              	.LVL22:
 196:debug.c       ****             break;
 266              		.loc 1 196 0
 267 007c 14E0     		b	.L15
 268              	.L27:
 197:debug.c       ****             
 198:debug.c       ****         case CYBLE_ERROR_CHAR_IS_NOT_DISCOVERED:
 199:debug.c       ****             DBG_PRINTF("characteristic is not discovered\r\n");
 269              		.loc 1 199 0
 270 007e 1348     		ldr	r0, .L30+32
 271 0080 FFF7FEFF 		bl	puts
 272              	.LVL23:
 200:debug.c       ****             break;
 273              		.loc 1 200 0
 274 0084 10E0     		b	.L15
 275              	.L28:
 201:debug.c       ****             
 202:debug.c       ****         case CYBLE_ERROR_INVALID_STATE:
 203:debug.c       ****             DBG_PRINTF("invalid state: ");
 276              		.loc 1 203 0
 277 0086 1248     		ldr	r0, .L30+36
 278 0088 FFF7FEFF 		bl	printf
 279              	.LVL24:
 204:debug.c       ****             PrintState();
 280              		.loc 1 204 0
 281 008c FFF7FEFF 		bl	PrintState
 282              	.LVL25:
 205:debug.c       ****             break;
 283              		.loc 1 205 0
 284 0090 0AE0     		b	.L15
 285              	.L17:
 206:debug.c       ****             
 207:debug.c       ****         case CYBLE_ERROR_GATT_DB_INVALID_ATTR_HANDLE:
 208:debug.c       ****             DBG_PRINTF("invalid attribute handle\r\n");
 286              		.loc 1 208 0
 287 0092 1048     		ldr	r0, .L30+40
 288 0094 FFF7FEFF 		bl	puts
 289              	.LVL26:
 209:debug.c       ****             break;
 290              		.loc 1 209 0
 291 0098 06E0     		b	.L15
 292              	.L25:
 210:debug.c       ****             
 211:debug.c       ****         case CYBLE_ERROR_FLASH_WRITE_NOT_PERMITED:
 212:debug.c       ****             DBG_PRINTF("flash write not permitted\r\n");
 293              		.loc 1 212 0
 294 009a 0F48     		ldr	r0, .L30+44
 295 009c FFF7FEFF 		bl	puts
 296              	.LVL27:
 213:debug.c       ****             break;
 297              		.loc 1 213 0
 298 00a0 02E0     		b	.L15
ARM GAS  C:\Users\310309~1\AppData\Local\Temp\cc63zhrg.s 			page 10


 299              	.L16:
 214:debug.c       ****             
 215:debug.c       ****         default:
 216:debug.c       ****             DBG_PRINTF("other api result\r\n");
 300              		.loc 1 216 0
 301 00a2 0E48     		ldr	r0, .L30+48
 302 00a4 FFF7FEFF 		bl	puts
 303              	.LVL28:
 304              	.L15:
 217:debug.c       ****             break;
 218:debug.c       ****     }
 219:debug.c       **** }
 305              		.loc 1 219 0
 306              		@ sp needed
 307 00a8 10BD     		pop	{r4, pc}
 308              	.L31:
 309 00aa C046     		.align	2
 310              	.L30:
 311 00ac 00000000 		.word	apiResult
 312 00b0 5C000000 		.word	.LC17
 313 00b4 68000000 		.word	.LC19
 314 00b8 6C000000 		.word	.LC21
 315 00bc 80000000 		.word	.LC23
 316 00c0 94000000 		.word	.LC25
 317 00c4 A8000000 		.word	.LC27
 318 00c8 C4000000 		.word	.LC29
 319 00cc DC000000 		.word	.LC31
 320 00d0 00010000 		.word	.LC33
 321 00d4 10010000 		.word	.LC35
 322 00d8 2C010000 		.word	.LC37
 323 00dc 48010000 		.word	.LC39
 324              		.cfi_endproc
 325              	.LFE38:
 326              		.size	PrintApiResult, .-PrintApiResult
 327              		.comm	sessionDescriptorIndicate,1,1
 328              		.comm	pamFeature,8,8
 329              		.comm	send_Deleted_Sessions,1,1
 330              		.comm	Get_Ended_Data_Value,1,1
 331              		.comm	Get_Ended_Data_Sub_SessionID,2,2
 332              		.comm	Get_Ended_Data_SessionID,2,2
 333              		.comm	Enquire_Sub_Sessions_Requested_For_ID,2,2
 334              		.comm	Enquire_Sessions_Requested,2,2
 335              		.section	.rodata.str1.4,"aMS",%progbits,1
 336              		.align	2
 337              	.LC0:
 338 0000 73746174 		.ascii	"state: \000"
 338      653A2000 
 339              	.LC4:
 340 0008 73746F70 		.ascii	"stopped\015\000"
 340      7065640D 
 340      00
 341 0011 000000   		.space	3
 342              	.LC6:
 343 0014 696E6974 		.ascii	"initializing\015\000"
 343      69616C69 
 343      7A696E67 
 343      0D00
ARM GAS  C:\Users\310309~1\AppData\Local\Temp\cc63zhrg.s 			page 11


 344 0022 0000     		.space	2
 345              	.LC8:
 346 0024 636F6E6E 		.ascii	"connected\015\000"
 346      65637465 
 346      640D00
 347 002f 00       		.space	1
 348              	.LC10:
 349 0030 64697363 		.ascii	"disconnected\015\000"
 349      6F6E6E65 
 349      63746564 
 349      0D00
 350 003e 0000     		.space	2
 351              	.LC12:
 352 0040 61647665 		.ascii	"advertising\015\000"
 352      72746973 
 352      696E670D 
 352      00
 353 004d 000000   		.space	3
 354              	.LC14:
 355 0050 756E6B6E 		.ascii	"unknown\015\000"
 355      6F776E0D 
 355      00
 356 0059 000000   		.space	3
 357              	.LC17:
 358 005c 30782532 		.ascii	"0x%2.2x \000"
 358      2E327820 
 358      00
 359 0065 000000   		.space	3
 360              	.LC19:
 361 0068 6F6B0D00 		.ascii	"ok\015\000"
 362              	.LC21:
 363 006c 696E7661 		.ascii	"invalid parameter\015\000"
 363      6C696420 
 363      70617261 
 363      6D657465 
 363      720D00
 364 007f 00       		.space	1
 365              	.LC23:
 366 0080 696E7661 		.ascii	"invalid operation\015\000"
 366      6C696420 
 366      6F706572 
 366      6174696F 
 366      6E0D00
 367 0093 00       		.space	1
 368              	.LC25:
 369 0094 6E6F2064 		.ascii	"no device entity\015\000"
 369      65766963 
 369      6520656E 
 369      74697479 
 369      0D00
 370 00a6 0000     		.space	2
 371              	.LC27:
 372 00a8 6E6F7469 		.ascii	"notification is disabled\015\000"
 372      66696361 
 372      74696F6E 
 372      20697320 
 372      64697361 
ARM GAS  C:\Users\310309~1\AppData\Local\Temp\cc63zhrg.s 			page 12


 373 00c2 0000     		.space	2
 374              	.LC29:
 375 00c4 696E6469 		.ascii	"indication is disabled\015\000"
 375      63617469 
 375      6F6E2069 
 375      73206469 
 375      7361626C 
 376              	.LC31:
 377 00dc 63686172 		.ascii	"characteristic is not discovered\015\000"
 377      61637465 
 377      72697374 
 377      69632069 
 377      73206E6F 
 378 00fe 0000     		.space	2
 379              	.LC33:
 380 0100 696E7661 		.ascii	"invalid state: \000"
 380      6C696420 
 380      73746174 
 380      653A2000 
 381              	.LC35:
 382 0110 696E7661 		.ascii	"invalid attribute handle\015\000"
 382      6C696420 
 382      61747472 
 382      69627574 
 382      65206861 
 383 012a 0000     		.space	2
 384              	.LC37:
 385 012c 666C6173 		.ascii	"flash write not permitted\015\000"
 385      68207772 
 385      69746520 
 385      6E6F7420 
 385      7065726D 
 386 0147 00       		.space	1
 387              	.LC39:
 388 0148 6F746865 		.ascii	"other api result\015\000"
 388      72206170 
 388      69207265 
 388      73756C74 
 388      0D00
 389              		.text
 390              	.Letext0:
 391              		.file 2 "Generated_Source\\PSoC4/cytypes.h"
 392              		.file 3 "Generated_Source\\PSoC4/ble_Stack.h"
 393              		.file 4 "Generated_Source\\PSoC4/ble_eventHandler.h"
 394              		.file 5 "pams.h"
 395              		.file 6 "pamFeatures.h"
 396              		.file 7 "pamSessDescr.h"
 397              		.file 8 "common.h"
 398              		.file 9 "Generated_Source\\PSoC4/UART_DEB_SPI_UART.h"
 399              		.file 10 "c:\\program files (x86)\\cypress\\psoc creator\\4.1\\psoc creator\\import\\gnu\\arm\\5.4
 400              		.file 11 "<built-in>"
 401              		.section	.debug_info,"",%progbits
 402              	.Ldebug_info0:
 403 0000 A0060000 		.4byte	0x6a0
 404 0004 0400     		.2byte	0x4
 405 0006 00000000 		.4byte	.Ldebug_abbrev0
 406 000a 04       		.byte	0x4
ARM GAS  C:\Users\310309~1\AppData\Local\Temp\cc63zhrg.s 			page 13


 407 000b 01       		.uleb128 0x1
 408 000c CD010000 		.4byte	.LASF145
 409 0010 0C       		.byte	0xc
 410 0011 44080000 		.4byte	.LASF146
 411 0015 A9030000 		.4byte	.LASF147
 412 0019 00000000 		.4byte	.Ldebug_ranges0+0
 413 001d 00000000 		.4byte	0
 414 0021 00000000 		.4byte	.Ldebug_line0
 415 0025 02       		.uleb128 0x2
 416 0026 01       		.byte	0x1
 417 0027 06       		.byte	0x6
 418 0028 8A030000 		.4byte	.LASF0
 419 002c 02       		.uleb128 0x2
 420 002d 01       		.byte	0x1
 421 002e 08       		.byte	0x8
 422 002f 500B0000 		.4byte	.LASF1
 423 0033 02       		.uleb128 0x2
 424 0034 02       		.byte	0x2
 425 0035 05       		.byte	0x5
 426 0036 900B0000 		.4byte	.LASF2
 427 003a 02       		.uleb128 0x2
 428 003b 02       		.byte	0x2
 429 003c 07       		.byte	0x7
 430 003d B10D0000 		.4byte	.LASF3
 431 0041 02       		.uleb128 0x2
 432 0042 04       		.byte	0x4
 433 0043 05       		.byte	0x5
 434 0044 C4010000 		.4byte	.LASF4
 435 0048 02       		.uleb128 0x2
 436 0049 04       		.byte	0x4
 437 004a 07       		.byte	0x7
 438 004b CD060000 		.4byte	.LASF5
 439 004f 02       		.uleb128 0x2
 440 0050 08       		.byte	0x8
 441 0051 05       		.byte	0x5
 442 0052 7C030000 		.4byte	.LASF6
 443 0056 02       		.uleb128 0x2
 444 0057 08       		.byte	0x8
 445 0058 07       		.byte	0x7
 446 0059 2E060000 		.4byte	.LASF7
 447 005d 03       		.uleb128 0x3
 448 005e 04       		.byte	0x4
 449 005f 05       		.byte	0x5
 450 0060 696E7400 		.ascii	"int\000"
 451 0064 02       		.uleb128 0x2
 452 0065 04       		.byte	0x4
 453 0066 07       		.byte	0x7
 454 0067 D70C0000 		.4byte	.LASF8
 455 006b 04       		.uleb128 0x4
 456 006c 30050000 		.4byte	.LASF9
 457 0070 02       		.byte	0x2
 458 0071 D201     		.2byte	0x1d2
 459 0073 2C000000 		.4byte	0x2c
 460 0077 04       		.uleb128 0x4
 461 0078 5E0B0000 		.4byte	.LASF10
 462 007c 02       		.byte	0x2
 463 007d D301     		.2byte	0x1d3
ARM GAS  C:\Users\310309~1\AppData\Local\Temp\cc63zhrg.s 			page 14


 464 007f 3A000000 		.4byte	0x3a
 465 0083 04       		.uleb128 0x4
 466 0084 89050000 		.4byte	.LASF11
 467 0088 02       		.byte	0x2
 468 0089 D401     		.2byte	0x1d4
 469 008b 48000000 		.4byte	0x48
 470 008f 02       		.uleb128 0x2
 471 0090 04       		.byte	0x4
 472 0091 04       		.byte	0x4
 473 0092 0D0B0000 		.4byte	.LASF12
 474 0096 02       		.uleb128 0x2
 475 0097 08       		.byte	0x8
 476 0098 04       		.byte	0x4
 477 0099 55050000 		.4byte	.LASF13
 478 009d 04       		.uleb128 0x4
 479 009e 890B0000 		.4byte	.LASF14
 480 00a2 02       		.byte	0x2
 481 00a3 DE01     		.2byte	0x1de
 482 00a5 56000000 		.4byte	0x56
 483 00a9 02       		.uleb128 0x2
 484 00aa 01       		.byte	0x1
 485 00ab 08       		.byte	0x8
 486 00ac 900C0000 		.4byte	.LASF15
 487 00b0 02       		.uleb128 0x2
 488 00b1 08       		.byte	0x8
 489 00b2 04       		.byte	0x4
 490 00b3 840C0000 		.4byte	.LASF16
 491 00b7 02       		.uleb128 0x2
 492 00b8 04       		.byte	0x4
 493 00b9 07       		.byte	0x7
 494 00ba 97090000 		.4byte	.LASF17
 495 00be 05       		.uleb128 0x5
 496 00bf 04       		.byte	0x4
 497 00c0 A9000000 		.4byte	0xa9
 498 00c4 06       		.uleb128 0x6
 499 00c5 01       		.byte	0x1
 500 00c6 2C000000 		.4byte	0x2c
 501 00ca 03       		.byte	0x3
 502 00cb 4D01     		.2byte	0x14d
 503 00cd 82020000 		.4byte	0x282
 504 00d1 07       		.uleb128 0x7
 505 00d2 B3070000 		.4byte	.LASF18
 506 00d6 00       		.byte	0
 507 00d7 07       		.uleb128 0x7
 508 00d8 96030000 		.4byte	.LASF19
 509 00dc 01       		.byte	0x1
 510 00dd 07       		.uleb128 0x7
 511 00de B2010000 		.4byte	.LASF20
 512 00e2 02       		.byte	0x2
 513 00e3 07       		.uleb128 0x7
 514 00e4 980D0000 		.4byte	.LASF21
 515 00e8 03       		.byte	0x3
 516 00e9 07       		.uleb128 0x7
 517 00ea AA020000 		.4byte	.LASF22
 518 00ee 04       		.byte	0x4
 519 00ef 07       		.uleb128 0x7
 520 00f0 23000000 		.4byte	.LASF23
ARM GAS  C:\Users\310309~1\AppData\Local\Temp\cc63zhrg.s 			page 15


 521 00f4 05       		.byte	0x5
 522 00f5 07       		.uleb128 0x7
 523 00f6 E8070000 		.4byte	.LASF24
 524 00fa 06       		.byte	0x6
 525 00fb 07       		.uleb128 0x7
 526 00fc 08090000 		.4byte	.LASF25
 527 0100 20       		.byte	0x20
 528 0101 07       		.uleb128 0x7
 529 0102 64040000 		.4byte	.LASF26
 530 0106 21       		.byte	0x21
 531 0107 07       		.uleb128 0x7
 532 0108 01080000 		.4byte	.LASF27
 533 010c 22       		.byte	0x22
 534 010d 07       		.uleb128 0x7
 535 010e 95080000 		.4byte	.LASF28
 536 0112 23       		.byte	0x23
 537 0113 07       		.uleb128 0x7
 538 0114 2F0A0000 		.4byte	.LASF29
 539 0118 24       		.byte	0x24
 540 0119 07       		.uleb128 0x7
 541 011a B9090000 		.4byte	.LASF30
 542 011e 25       		.byte	0x25
 543 011f 07       		.uleb128 0x7
 544 0120 E5040000 		.4byte	.LASF31
 545 0124 26       		.byte	0x26
 546 0125 07       		.uleb128 0x7
 547 0126 25080000 		.4byte	.LASF32
 548 012a 27       		.byte	0x27
 549 012b 07       		.uleb128 0x7
 550 012c B50C0000 		.4byte	.LASF33
 551 0130 28       		.byte	0x28
 552 0131 07       		.uleb128 0x7
 553 0132 1E030000 		.4byte	.LASF34
 554 0136 29       		.byte	0x29
 555 0137 07       		.uleb128 0x7
 556 0138 97000000 		.4byte	.LASF35
 557 013c 2A       		.byte	0x2a
 558 013d 07       		.uleb128 0x7
 559 013e CA020000 		.4byte	.LASF36
 560 0142 2B       		.byte	0x2b
 561 0143 07       		.uleb128 0x7
 562 0144 3C0F0000 		.4byte	.LASF37
 563 0148 2C       		.byte	0x2c
 564 0149 07       		.uleb128 0x7
 565 014a 3B030000 		.4byte	.LASF38
 566 014e 2D       		.byte	0x2d
 567 014f 07       		.uleb128 0x7
 568 0150 650B0000 		.4byte	.LASF39
 569 0154 2E       		.byte	0x2e
 570 0155 07       		.uleb128 0x7
 571 0156 14010000 		.4byte	.LASF40
 572 015a 2F       		.byte	0x2f
 573 015b 07       		.uleb128 0x7
 574 015c 0E0A0000 		.4byte	.LASF41
 575 0160 30       		.byte	0x30
 576 0161 07       		.uleb128 0x7
 577 0162 DC0F0000 		.4byte	.LASF42
ARM GAS  C:\Users\310309~1\AppData\Local\Temp\cc63zhrg.s 			page 16


 578 0166 31       		.byte	0x31
 579 0167 07       		.uleb128 0x7
 580 0168 ED090000 		.4byte	.LASF43
 581 016c 32       		.byte	0x32
 582 016d 07       		.uleb128 0x7
 583 016e 460C0000 		.4byte	.LASF44
 584 0172 33       		.byte	0x33
 585 0173 07       		.uleb128 0x7
 586 0174 DF060000 		.4byte	.LASF45
 587 0178 34       		.byte	0x34
 588 0179 07       		.uleb128 0x7
 589 017a 11060000 		.4byte	.LASF46
 590 017e 35       		.byte	0x35
 591 017f 07       		.uleb128 0x7
 592 0180 4C080000 		.4byte	.LASF47
 593 0184 36       		.byte	0x36
 594 0185 07       		.uleb128 0x7
 595 0186 810F0000 		.4byte	.LASF48
 596 018a 37       		.byte	0x37
 597 018b 07       		.uleb128 0x7
 598 018c AD050000 		.4byte	.LASF49
 599 0190 40       		.byte	0x40
 600 0191 07       		.uleb128 0x7
 601 0192 CA080000 		.4byte	.LASF50
 602 0196 41       		.byte	0x41
 603 0197 07       		.uleb128 0x7
 604 0198 00100000 		.4byte	.LASF51
 605 019c 42       		.byte	0x42
 606 019d 07       		.uleb128 0x7
 607 019e E20D0000 		.4byte	.LASF52
 608 01a2 43       		.byte	0x43
 609 01a3 07       		.uleb128 0x7
 610 01a4 11070000 		.4byte	.LASF53
 611 01a8 44       		.byte	0x44
 612 01a9 07       		.uleb128 0x7
 613 01aa E60A0000 		.4byte	.LASF54
 614 01ae 45       		.byte	0x45
 615 01af 07       		.uleb128 0x7
 616 01b0 76090000 		.4byte	.LASF55
 617 01b4 46       		.byte	0x46
 618 01b5 07       		.uleb128 0x7
 619 01b6 CA070000 		.4byte	.LASF56
 620 01ba 47       		.byte	0x47
 621 01bb 07       		.uleb128 0x7
 622 01bc F50E0000 		.4byte	.LASF57
 623 01c0 48       		.byte	0x48
 624 01c1 07       		.uleb128 0x7
 625 01c2 7B040000 		.4byte	.LASF58
 626 01c6 49       		.byte	0x49
 627 01c7 07       		.uleb128 0x7
 628 01c8 0E0E0000 		.4byte	.LASF59
 629 01cc 4A       		.byte	0x4a
 630 01cd 07       		.uleb128 0x7
 631 01ce 56010000 		.4byte	.LASF60
 632 01d2 4B       		.byte	0x4b
 633 01d3 07       		.uleb128 0x7
 634 01d4 F7060000 		.4byte	.LASF61
ARM GAS  C:\Users\310309~1\AppData\Local\Temp\cc63zhrg.s 			page 17


 635 01d8 4C       		.byte	0x4c
 636 01d9 07       		.uleb128 0x7
 637 01da D3090000 		.4byte	.LASF62
 638 01de 4D       		.byte	0x4d
 639 01df 07       		.uleb128 0x7
 640 01e0 AE040000 		.4byte	.LASF63
 641 01e4 4E       		.byte	0x4e
 642 01e5 07       		.uleb128 0x7
 643 01e6 CB0B0000 		.4byte	.LASF64
 644 01ea 4F       		.byte	0x4f
 645 01eb 07       		.uleb128 0x7
 646 01ec 75010000 		.4byte	.LASF65
 647 01f0 50       		.byte	0x50
 648 01f1 07       		.uleb128 0x7
 649 01f2 36050000 		.4byte	.LASF66
 650 01f6 51       		.byte	0x51
 651 01f7 07       		.uleb128 0x7
 652 01f8 680A0000 		.4byte	.LASF67
 653 01fc 52       		.byte	0x52
 654 01fd 07       		.uleb128 0x7
 655 01fe D40E0000 		.4byte	.LASF68
 656 0202 53       		.byte	0x53
 657 0203 07       		.uleb128 0x7
 658 0204 070C0000 		.4byte	.LASF69
 659 0208 54       		.byte	0x54
 660 0209 07       		.uleb128 0x7
 661 020a 2F070000 		.4byte	.LASF70
 662 020e 55       		.byte	0x55
 663 020f 07       		.uleb128 0x7
 664 0210 45060000 		.4byte	.LASF71
 665 0214 56       		.byte	0x56
 666 0215 07       		.uleb128 0x7
 667 0216 E40C0000 		.4byte	.LASF72
 668 021a 57       		.byte	0x57
 669 021b 07       		.uleb128 0x7
 670 021c 53070000 		.4byte	.LASF73
 671 0220 58       		.byte	0x58
 672 0221 07       		.uleb128 0x7
 673 0222 C7050000 		.4byte	.LASF74
 674 0226 70       		.byte	0x70
 675 0227 07       		.uleb128 0x7
 676 0228 B60F0000 		.4byte	.LASF75
 677 022c 71       		.byte	0x71
 678 022d 07       		.uleb128 0x7
 679 022e E5080000 		.4byte	.LASF76
 680 0232 72       		.byte	0x72
 681 0233 07       		.uleb128 0x7
 682 0234 94010000 		.4byte	.LASF77
 683 0238 73       		.byte	0x73
 684 0239 07       		.uleb128 0x7
 685 023a A20A0000 		.4byte	.LASF78
 686 023e 74       		.byte	0x74
 687 023f 07       		.uleb128 0x7
 688 0240 600F0000 		.4byte	.LASF79
 689 0244 75       		.byte	0x75
 690 0245 07       		.uleb128 0x7
 691 0246 C0000000 		.4byte	.LASF80
ARM GAS  C:\Users\310309~1\AppData\Local\Temp\cc63zhrg.s 			page 18


 692 024a 76       		.byte	0x76
 693 024b 07       		.uleb128 0x7
 694 024c 53000000 		.4byte	.LASF81
 695 0250 77       		.byte	0x77
 696 0251 07       		.uleb128 0x7
 697 0252 00000000 		.4byte	.LASF82
 698 0256 78       		.byte	0x78
 699 0257 07       		.uleb128 0x7
 700 0258 220D0000 		.4byte	.LASF83
 701 025c 79       		.byte	0x79
 702 025d 07       		.uleb128 0x7
 703 025e ED050000 		.4byte	.LASF84
 704 0262 7A       		.byte	0x7a
 705 0263 07       		.uleb128 0x7
 706 0264 E9020000 		.4byte	.LASF85
 707 0268 FA       		.byte	0xfa
 708 0269 07       		.uleb128 0x7
 709 026a 85060000 		.4byte	.LASF86
 710 026e FB       		.byte	0xfb
 711 026f 07       		.uleb128 0x7
 712 0270 9F0B0000 		.4byte	.LASF87
 713 0274 FC       		.byte	0xfc
 714 0275 07       		.uleb128 0x7
 715 0276 46100000 		.4byte	.LASF88
 716 027a FD       		.byte	0xfd
 717 027b 07       		.uleb128 0x7
 718 027c 90050000 		.4byte	.LASF89
 719 0280 FF       		.byte	0xff
 720 0281 00       		.byte	0
 721 0282 06       		.uleb128 0x6
 722 0283 02       		.byte	0x2
 723 0284 3A000000 		.4byte	0x3a
 724 0288 03       		.byte	0x3
 725 0289 0204     		.2byte	0x402
 726 028b 5B030000 		.4byte	0x35b
 727 028f 07       		.uleb128 0x7
 728 0290 9E050000 		.4byte	.LASF90
 729 0294 00       		.byte	0
 730 0295 07       		.uleb128 0x7
 731 0296 5C050000 		.4byte	.LASF91
 732 029a 01       		.byte	0x1
 733 029b 07       		.uleb128 0x7
 734 029c C40D0000 		.4byte	.LASF92
 735 02a0 02       		.byte	0x2
 736 02a1 07       		.uleb128 0x7
 737 02a2 72000000 		.4byte	.LASF93
 738 02a6 03       		.byte	0x3
 739 02a7 07       		.uleb128 0x7
 740 02a8 87020000 		.4byte	.LASF94
 741 02ac 04       		.byte	0x4
 742 02ad 07       		.uleb128 0x7
 743 02ae 67060000 		.4byte	.LASF95
 744 02b2 05       		.byte	0x5
 745 02b3 07       		.uleb128 0x7
 746 02b4 B10B0000 		.4byte	.LASF96
 747 02b8 06       		.byte	0x6
 748 02b9 07       		.uleb128 0x7
ARM GAS  C:\Users\310309~1\AppData\Local\Temp\cc63zhrg.s 			page 19


 749 02ba 47040000 		.4byte	.LASF97
 750 02be 07       		.byte	0x7
 751 02bf 07       		.uleb128 0x7
 752 02c0 280C0000 		.4byte	.LASF98
 753 02c4 08       		.byte	0x8
 754 02c5 07       		.uleb128 0x7
 755 02c6 1C0F0000 		.4byte	.LASF99
 756 02ca 09       		.byte	0x9
 757 02cb 07       		.uleb128 0x7
 758 02cc 130B0000 		.4byte	.LASF100
 759 02d0 0A       		.byte	0xa
 760 02d1 07       		.uleb128 0x7
 761 02d2 950C0000 		.4byte	.LASF101
 762 02d6 0B       		.byte	0xb
 763 02d7 07       		.uleb128 0x7
 764 02d8 07030000 		.4byte	.LASF102
 765 02dc 0C       		.byte	0xc
 766 02dd 07       		.uleb128 0x7
 767 02de 62020000 		.4byte	.LASF103
 768 02e2 0D       		.byte	0xd
 769 02e3 07       		.uleb128 0x7
 770 02e4 A4060000 		.4byte	.LASF104
 771 02e8 0E       		.byte	0xe
 772 02e9 07       		.uleb128 0x7
 773 02ea 990E0000 		.4byte	.LASF105
 774 02ee 0F       		.byte	0xf
 775 02ef 07       		.uleb128 0x7
 776 02f0 6A0D0000 		.4byte	.LASF106
 777 02f4 10       		.byte	0x10
 778 02f5 07       		.uleb128 0x7
 779 02f6 76070000 		.4byte	.LASF107
 780 02fa 11       		.byte	0x11
 781 02fb 07       		.uleb128 0x7
 782 02fc 0D050000 		.4byte	.LASF108
 783 0300 12       		.byte	0x12
 784 0301 07       		.uleb128 0x7
 785 0302 1E100000 		.4byte	.LASF109
 786 0306 13       		.byte	0x13
 787 0307 07       		.uleb128 0x7
 788 0308 25040000 		.4byte	.LASF110
 789 030c 27       		.byte	0x27
 790 030d 07       		.uleb128 0x7
 791 030e 450D0000 		.4byte	.LASF111
 792 0312 28       		.byte	0x28
 793 0313 07       		.uleb128 0x7
 794 0314 620E0000 		.4byte	.LASF112
 795 0318 29       		.byte	0x29
 796 0319 07       		.uleb128 0x7
 797 031a EA0B0000 		.4byte	.LASF113
 798 031e 2A       		.byte	0x2a
 799 031f 07       		.uleb128 0x7
 800 0320 E1000000 		.4byte	.LASF114
 801 0324 2B       		.byte	0x2b
 802 0325 07       		.uleb128 0x7
 803 0326 5E090000 		.4byte	.LASF115
 804 032a 2C       		.byte	0x2c
 805 032b 07       		.uleb128 0x7
ARM GAS  C:\Users\310309~1\AppData\Local\Temp\cc63zhrg.s 			page 20


 806 032c 460E0000 		.4byte	.LASF116
 807 0330 FE       		.byte	0xfe
 808 0331 07       		.uleb128 0x7
 809 0332 4E090000 		.4byte	.LASF117
 810 0336 FF       		.byte	0xff
 811 0337 08       		.uleb128 0x8
 812 0338 9A070000 		.4byte	.LASF118
 813 033c 0001     		.2byte	0x100
 814 033e 08       		.uleb128 0x8
 815 033f 890A0000 		.4byte	.LASF119
 816 0343 0101     		.2byte	0x101
 817 0345 08       		.uleb128 0x8
 818 0346 2D0B0000 		.4byte	.LASF120
 819 034a 0201     		.2byte	0x102
 820 034c 08       		.uleb128 0x8
 821 034d 94040000 		.4byte	.LASF121
 822 0351 0301     		.2byte	0x103
 823 0353 08       		.uleb128 0x8
 824 0354 6D0C0000 		.4byte	.LASF122
 825 0358 0401     		.2byte	0x104
 826 035a 00       		.byte	0
 827 035b 04       		.uleb128 0x4
 828 035c 550A0000 		.4byte	.LASF123
 829 0360 03       		.byte	0x3
 830 0361 7104     		.2byte	0x471
 831 0363 82020000 		.4byte	0x282
 832 0367 06       		.uleb128 0x6
 833 0368 01       		.byte	0x1
 834 0369 2C000000 		.4byte	0x2c
 835 036d 04       		.byte	0x4
 836 036e 5008     		.2byte	0x850
 837 0370 93030000 		.4byte	0x393
 838 0374 07       		.uleb128 0x7
 839 0375 3F000000 		.4byte	.LASF124
 840 0379 00       		.byte	0
 841 037a 07       		.uleb128 0x7
 842 037b A0090000 		.4byte	.LASF125
 843 037f 01       		.byte	0x1
 844 0380 07       		.uleb128 0x7
 845 0381 BE0E0000 		.4byte	.LASF126
 846 0385 02       		.byte	0x2
 847 0386 07       		.uleb128 0x7
 848 0387 64030000 		.4byte	.LASF127
 849 038b 03       		.byte	0x3
 850 038c 07       		.uleb128 0x7
 851 038d CC040000 		.4byte	.LASF128
 852 0391 04       		.byte	0x4
 853 0392 00       		.byte	0
 854 0393 04       		.uleb128 0x4
 855 0394 000E0000 		.4byte	.LASF129
 856 0398 04       		.byte	0x4
 857 0399 5E08     		.2byte	0x85e
 858 039b 67030000 		.4byte	0x367
 859 039f 09       		.uleb128 0x9
 860 03a0 01090000 		.4byte	.LASF148
 861 03a4 01       		.byte	0x1
 862 03a5 5D       		.byte	0x5d
ARM GAS  C:\Users\310309~1\AppData\Local\Temp\cc63zhrg.s 			page 21


 863 03a6 5D000000 		.4byte	0x5d
 864 03aa 00000000 		.4byte	.LFB36
 865 03ae 1C000000 		.4byte	.LFE36-.LFB36
 866 03b2 01       		.uleb128 0x1
 867 03b3 9C       		.byte	0x9c
 868 03b4 FC030000 		.4byte	0x3fc
 869 03b8 0A       		.uleb128 0xa
 870 03b9 9A0B0000 		.4byte	.LASF130
 871 03bd 01       		.byte	0x1
 872 03be 5D       		.byte	0x5d
 873 03bf 5D000000 		.4byte	0x5d
 874 03c3 00000000 		.4byte	.LLST0
 875 03c7 0B       		.uleb128 0xb
 876 03c8 70747200 		.ascii	"ptr\000"
 877 03cc 01       		.byte	0x1
 878 03cd 5D       		.byte	0x5d
 879 03ce BE000000 		.4byte	0xbe
 880 03d2 21000000 		.4byte	.LLST1
 881 03d6 0B       		.uleb128 0xb
 882 03d7 6C656E00 		.ascii	"len\000"
 883 03db 01       		.byte	0x1
 884 03dc 5D       		.byte	0x5d
 885 03dd 5D000000 		.4byte	0x5d
 886 03e1 4A000000 		.4byte	.LLST2
 887 03e5 0C       		.uleb128 0xc
 888 03e6 6900     		.ascii	"i\000"
 889 03e8 01       		.byte	0x1
 890 03e9 5F       		.byte	0x5f
 891 03ea 5D000000 		.4byte	0x5d
 892 03ee 73000000 		.4byte	.LLST3
 893 03f2 0D       		.uleb128 0xd
 894 03f3 10000000 		.4byte	.LVL4
 895 03f7 7D060000 		.4byte	0x67d
 896 03fb 00       		.byte	0
 897 03fc 0E       		.uleb128 0xe
 898 03fd 310F0000 		.4byte	.LASF131
 899 0401 01       		.byte	0x1
 900 0402 7A       		.byte	0x7a
 901 0403 00000000 		.4byte	.LFB37
 902 0407 6C000000 		.4byte	.LFE37-.LFB37
 903 040b 01       		.uleb128 0x1
 904 040c 9C       		.byte	0x9c
 905 040d AF040000 		.4byte	0x4af
 906 0411 0F       		.uleb128 0xf
 907 0412 08000000 		.4byte	.LVL9
 908 0416 89060000 		.4byte	0x689
 909 041a 28040000 		.4byte	0x428
 910 041e 10       		.uleb128 0x10
 911 041f 01       		.uleb128 0x1
 912 0420 50       		.byte	0x50
 913 0421 05       		.uleb128 0x5
 914 0422 03       		.byte	0x3
 915 0423 00000000 		.4byte	.LC0
 916 0427 00       		.byte	0
 917 0428 0F       		.uleb128 0xf
 918 0429 1E000000 		.4byte	.LVL10
 919 042d 94060000 		.4byte	0x694
ARM GAS  C:\Users\310309~1\AppData\Local\Temp\cc63zhrg.s 			page 22


 920 0431 3F040000 		.4byte	0x43f
 921 0435 10       		.uleb128 0x10
 922 0436 01       		.uleb128 0x1
 923 0437 50       		.byte	0x50
 924 0438 05       		.uleb128 0x5
 925 0439 03       		.byte	0x3
 926 043a 08000000 		.4byte	.LC4
 927 043e 00       		.byte	0
 928 043f 0F       		.uleb128 0xf
 929 0440 26000000 		.4byte	.LVL11
 930 0444 94060000 		.4byte	0x694
 931 0448 56040000 		.4byte	0x456
 932 044c 10       		.uleb128 0x10
 933 044d 01       		.uleb128 0x1
 934 044e 50       		.byte	0x50
 935 044f 05       		.uleb128 0x5
 936 0450 03       		.byte	0x3
 937 0451 14000000 		.4byte	.LC6
 938 0455 00       		.byte	0
 939 0456 0F       		.uleb128 0xf
 940 0457 2E000000 		.4byte	.LVL12
 941 045b 94060000 		.4byte	0x694
 942 045f 6D040000 		.4byte	0x46d
 943 0463 10       		.uleb128 0x10
 944 0464 01       		.uleb128 0x1
 945 0465 50       		.byte	0x50
 946 0466 05       		.uleb128 0x5
 947 0467 03       		.byte	0x3
 948 0468 24000000 		.4byte	.LC8
 949 046c 00       		.byte	0
 950 046d 0F       		.uleb128 0xf
 951 046e 36000000 		.4byte	.LVL13
 952 0472 94060000 		.4byte	0x694
 953 0476 84040000 		.4byte	0x484
 954 047a 10       		.uleb128 0x10
 955 047b 01       		.uleb128 0x1
 956 047c 50       		.byte	0x50
 957 047d 05       		.uleb128 0x5
 958 047e 03       		.byte	0x3
 959 047f 30000000 		.4byte	.LC10
 960 0483 00       		.byte	0
 961 0484 0F       		.uleb128 0xf
 962 0485 3E000000 		.4byte	.LVL14
 963 0489 94060000 		.4byte	0x694
 964 048d 9B040000 		.4byte	0x49b
 965 0491 10       		.uleb128 0x10
 966 0492 01       		.uleb128 0x1
 967 0493 50       		.byte	0x50
 968 0494 05       		.uleb128 0x5
 969 0495 03       		.byte	0x3
 970 0496 40000000 		.4byte	.LC12
 971 049a 00       		.byte	0
 972 049b 11       		.uleb128 0x11
 973 049c 46000000 		.4byte	.LVL15
 974 04a0 94060000 		.4byte	0x694
 975 04a4 10       		.uleb128 0x10
 976 04a5 01       		.uleb128 0x1
ARM GAS  C:\Users\310309~1\AppData\Local\Temp\cc63zhrg.s 			page 23


 977 04a6 50       		.byte	0x50
 978 04a7 05       		.uleb128 0x5
 979 04a8 03       		.byte	0x3
 980 04a9 50000000 		.4byte	.LC14
 981 04ad 00       		.byte	0
 982 04ae 00       		.byte	0
 983 04af 0E       		.uleb128 0xe
 984 04b0 7A050000 		.4byte	.LASF132
 985 04b4 01       		.byte	0x1
 986 04b5 A8       		.byte	0xa8
 987 04b6 00000000 		.4byte	.LFB38
 988 04ba E0000000 		.4byte	.LFE38-.LFB38
 989 04be 01       		.uleb128 0x1
 990 04bf 9C       		.byte	0x9c
 991 04c0 DE050000 		.4byte	0x5de
 992 04c4 0F       		.uleb128 0xf
 993 04c5 0C000000 		.4byte	.LVL16
 994 04c9 89060000 		.4byte	0x689
 995 04cd DB040000 		.4byte	0x4db
 996 04d1 10       		.uleb128 0x10
 997 04d2 01       		.uleb128 0x1
 998 04d3 50       		.byte	0x50
 999 04d4 05       		.uleb128 0x5
 1000 04d5 03       		.byte	0x3
 1001 04d6 5C000000 		.4byte	.LC17
 1002 04da 00       		.byte	0
 1003 04db 0F       		.uleb128 0xf
 1004 04dc 54000000 		.4byte	.LVL17
 1005 04e0 94060000 		.4byte	0x694
 1006 04e4 F2040000 		.4byte	0x4f2
 1007 04e8 10       		.uleb128 0x10
 1008 04e9 01       		.uleb128 0x1
 1009 04ea 50       		.byte	0x50
 1010 04eb 05       		.uleb128 0x5
 1011 04ec 03       		.byte	0x3
 1012 04ed 68000000 		.4byte	.LC19
 1013 04f1 00       		.byte	0
 1014 04f2 0F       		.uleb128 0xf
 1015 04f3 5C000000 		.4byte	.LVL18
 1016 04f7 94060000 		.4byte	0x694
 1017 04fb 09050000 		.4byte	0x509
 1018 04ff 10       		.uleb128 0x10
 1019 0500 01       		.uleb128 0x1
 1020 0501 50       		.byte	0x50
 1021 0502 05       		.uleb128 0x5
 1022 0503 03       		.byte	0x3
 1023 0504 6C000000 		.4byte	.LC21
 1024 0508 00       		.byte	0
 1025 0509 0F       		.uleb128 0xf
 1026 050a 64000000 		.4byte	.LVL19
 1027 050e 94060000 		.4byte	0x694
 1028 0512 20050000 		.4byte	0x520
 1029 0516 10       		.uleb128 0x10
 1030 0517 01       		.uleb128 0x1
 1031 0518 50       		.byte	0x50
 1032 0519 05       		.uleb128 0x5
 1033 051a 03       		.byte	0x3
ARM GAS  C:\Users\310309~1\AppData\Local\Temp\cc63zhrg.s 			page 24


 1034 051b 80000000 		.4byte	.LC23
 1035 051f 00       		.byte	0
 1036 0520 0F       		.uleb128 0xf
 1037 0521 6C000000 		.4byte	.LVL20
 1038 0525 94060000 		.4byte	0x694
 1039 0529 37050000 		.4byte	0x537
 1040 052d 10       		.uleb128 0x10
 1041 052e 01       		.uleb128 0x1
 1042 052f 50       		.byte	0x50
 1043 0530 05       		.uleb128 0x5
 1044 0531 03       		.byte	0x3
 1045 0532 94000000 		.4byte	.LC25
 1046 0536 00       		.byte	0
 1047 0537 0F       		.uleb128 0xf
 1048 0538 74000000 		.4byte	.LVL21
 1049 053c 94060000 		.4byte	0x694
 1050 0540 4E050000 		.4byte	0x54e
 1051 0544 10       		.uleb128 0x10
 1052 0545 01       		.uleb128 0x1
 1053 0546 50       		.byte	0x50
 1054 0547 05       		.uleb128 0x5
 1055 0548 03       		.byte	0x3
 1056 0549 A8000000 		.4byte	.LC27
 1057 054d 00       		.byte	0
 1058 054e 0F       		.uleb128 0xf
 1059 054f 7C000000 		.4byte	.LVL22
 1060 0553 94060000 		.4byte	0x694
 1061 0557 65050000 		.4byte	0x565
 1062 055b 10       		.uleb128 0x10
 1063 055c 01       		.uleb128 0x1
 1064 055d 50       		.byte	0x50
 1065 055e 05       		.uleb128 0x5
 1066 055f 03       		.byte	0x3
 1067 0560 C4000000 		.4byte	.LC29
 1068 0564 00       		.byte	0
 1069 0565 0F       		.uleb128 0xf
 1070 0566 84000000 		.4byte	.LVL23
 1071 056a 94060000 		.4byte	0x694
 1072 056e 7C050000 		.4byte	0x57c
 1073 0572 10       		.uleb128 0x10
 1074 0573 01       		.uleb128 0x1
 1075 0574 50       		.byte	0x50
 1076 0575 05       		.uleb128 0x5
 1077 0576 03       		.byte	0x3
 1078 0577 DC000000 		.4byte	.LC31
 1079 057b 00       		.byte	0
 1080 057c 0F       		.uleb128 0xf
 1081 057d 8C000000 		.4byte	.LVL24
 1082 0581 89060000 		.4byte	0x689
 1083 0585 93050000 		.4byte	0x593
 1084 0589 10       		.uleb128 0x10
 1085 058a 01       		.uleb128 0x1
 1086 058b 50       		.byte	0x50
 1087 058c 05       		.uleb128 0x5
 1088 058d 03       		.byte	0x3
 1089 058e 00010000 		.4byte	.LC33
 1090 0592 00       		.byte	0
ARM GAS  C:\Users\310309~1\AppData\Local\Temp\cc63zhrg.s 			page 25


 1091 0593 0D       		.uleb128 0xd
 1092 0594 90000000 		.4byte	.LVL25
 1093 0598 FC030000 		.4byte	0x3fc
 1094 059c 0F       		.uleb128 0xf
 1095 059d 98000000 		.4byte	.LVL26
 1096 05a1 94060000 		.4byte	0x694
 1097 05a5 B3050000 		.4byte	0x5b3
 1098 05a9 10       		.uleb128 0x10
 1099 05aa 01       		.uleb128 0x1
 1100 05ab 50       		.byte	0x50
 1101 05ac 05       		.uleb128 0x5
 1102 05ad 03       		.byte	0x3
 1103 05ae 10010000 		.4byte	.LC35
 1104 05b2 00       		.byte	0
 1105 05b3 0F       		.uleb128 0xf
 1106 05b4 A0000000 		.4byte	.LVL27
 1107 05b8 94060000 		.4byte	0x694
 1108 05bc CA050000 		.4byte	0x5ca
 1109 05c0 10       		.uleb128 0x10
 1110 05c1 01       		.uleb128 0x1
 1111 05c2 50       		.byte	0x50
 1112 05c3 05       		.uleb128 0x5
 1113 05c4 03       		.byte	0x3
 1114 05c5 2C010000 		.4byte	.LC37
 1115 05c9 00       		.byte	0
 1116 05ca 11       		.uleb128 0x11
 1117 05cb A8000000 		.4byte	.LVL28
 1118 05cf 94060000 		.4byte	0x694
 1119 05d3 10       		.uleb128 0x10
 1120 05d4 01       		.uleb128 0x1
 1121 05d5 50       		.byte	0x50
 1122 05d6 05       		.uleb128 0x5
 1123 05d7 03       		.byte	0x3
 1124 05d8 48010000 		.4byte	.LC39
 1125 05dc 00       		.byte	0
 1126 05dd 00       		.byte	0
 1127 05de 12       		.uleb128 0x12
 1128 05df 89080000 		.4byte	.LASF133
 1129 05e3 04       		.byte	0x4
 1130 05e4 A90A     		.2byte	0xaa9
 1131 05e6 93030000 		.4byte	0x393
 1132 05ea 13       		.uleb128 0x13
 1133 05eb 7E0E0000 		.4byte	.LASF134
 1134 05ef 05       		.byte	0x5
 1135 05f0 36       		.byte	0x36
 1136 05f1 77000000 		.4byte	0x77
 1137 05f5 05       		.uleb128 0x5
 1138 05f6 03       		.byte	0x3
 1139 05f7 00000000 		.4byte	Enquire_Sessions_Requested
 1140 05fb 13       		.uleb128 0x13
 1141 05fc C00A0000 		.4byte	.LASF135
 1142 0600 05       		.byte	0x5
 1143 0601 37       		.byte	0x37
 1144 0602 77000000 		.4byte	0x77
 1145 0606 05       		.uleb128 0x5
 1146 0607 03       		.byte	0x3
 1147 0608 00000000 		.4byte	Enquire_Sub_Sessions_Requested_For_ID
ARM GAS  C:\Users\310309~1\AppData\Local\Temp\cc63zhrg.s 			page 26


 1148 060c 13       		.uleb128 0x13
 1149 060d 3D010000 		.4byte	.LASF136
 1150 0611 05       		.byte	0x5
 1151 0612 38       		.byte	0x38
 1152 0613 77000000 		.4byte	0x77
 1153 0617 05       		.uleb128 0x5
 1154 0618 03       		.byte	0x3
 1155 0619 00000000 		.4byte	Get_Ended_Data_SessionID
 1156 061d 13       		.uleb128 0x13
 1157 061e 2C090000 		.4byte	.LASF137
 1158 0622 05       		.byte	0x5
 1159 0623 39       		.byte	0x39
 1160 0624 77000000 		.4byte	0x77
 1161 0628 05       		.uleb128 0x5
 1162 0629 03       		.byte	0x3
 1163 062a 00000000 		.4byte	Get_Ended_Data_Sub_SessionID
 1164 062e 13       		.uleb128 0x13
 1165 062f 0D0D0000 		.4byte	.LASF138
 1166 0633 05       		.byte	0x5
 1167 0634 3A       		.byte	0x3a
 1168 0635 6B000000 		.4byte	0x6b
 1169 0639 05       		.uleb128 0x5
 1170 063a 03       		.byte	0x3
 1171 063b 00000000 		.4byte	Get_Ended_Data_Value
 1172 063f 13       		.uleb128 0x13
 1173 0640 0F040000 		.4byte	.LASF139
 1174 0644 05       		.byte	0x5
 1175 0645 3B       		.byte	0x3b
 1176 0646 6B000000 		.4byte	0x6b
 1177 064a 05       		.uleb128 0x5
 1178 064b 03       		.byte	0x3
 1179 064c 00000000 		.4byte	send_Deleted_Sessions
 1180 0650 13       		.uleb128 0x13
 1181 0651 BF020000 		.4byte	.LASF140
 1182 0655 06       		.byte	0x6
 1183 0656 5D       		.byte	0x5d
 1184 0657 9D000000 		.4byte	0x9d
 1185 065b 05       		.uleb128 0x5
 1186 065c 03       		.byte	0x3
 1187 065d 00000000 		.4byte	pamFeature
 1188 0661 13       		.uleb128 0x13
 1189 0662 2C0E0000 		.4byte	.LASF141
 1190 0666 07       		.byte	0x7
 1191 0667 28       		.byte	0x28
 1192 0668 6B000000 		.4byte	0x6b
 1193 066c 05       		.uleb128 0x5
 1194 066d 03       		.byte	0x3
 1195 066e 00000000 		.4byte	sessionDescriptorIndicate
 1196 0672 14       		.uleb128 0x14
 1197 0673 4B0A0000 		.4byte	.LASF142
 1198 0677 08       		.byte	0x8
 1199 0678 45       		.byte	0x45
 1200 0679 5B030000 		.4byte	0x35b
 1201 067d 15       		.uleb128 0x15
 1202 067e 6D080000 		.4byte	.LASF143
 1203 0682 6D080000 		.4byte	.LASF143
 1204 0686 09       		.byte	0x9
ARM GAS  C:\Users\310309~1\AppData\Local\Temp\cc63zhrg.s 			page 27


 1205 0687 3A03     		.2byte	0x33a
 1206 0689 16       		.uleb128 0x16
 1207 068a 5B020000 		.4byte	.LASF144
 1208 068e 5B020000 		.4byte	.LASF144
 1209 0692 0A       		.byte	0xa
 1210 0693 BB       		.byte	0xbb
 1211 0694 17       		.uleb128 0x17
 1212 0695 49090000 		.4byte	.LASF149
 1213 0699 BB080000 		.4byte	.LASF150
 1214 069d 0B       		.byte	0xb
 1215 069e 00       		.byte	0
 1216 069f 49090000 		.4byte	.LASF149
 1217 06a3 00       		.byte	0
 1218              		.section	.debug_abbrev,"",%progbits
 1219              	.Ldebug_abbrev0:
 1220 0000 01       		.uleb128 0x1
 1221 0001 11       		.uleb128 0x11
 1222 0002 01       		.byte	0x1
 1223 0003 25       		.uleb128 0x25
 1224 0004 0E       		.uleb128 0xe
 1225 0005 13       		.uleb128 0x13
 1226 0006 0B       		.uleb128 0xb
 1227 0007 03       		.uleb128 0x3
 1228 0008 0E       		.uleb128 0xe
 1229 0009 1B       		.uleb128 0x1b
 1230 000a 0E       		.uleb128 0xe
 1231 000b 55       		.uleb128 0x55
 1232 000c 17       		.uleb128 0x17
 1233 000d 11       		.uleb128 0x11
 1234 000e 01       		.uleb128 0x1
 1235 000f 10       		.uleb128 0x10
 1236 0010 17       		.uleb128 0x17
 1237 0011 00       		.byte	0
 1238 0012 00       		.byte	0
 1239 0013 02       		.uleb128 0x2
 1240 0014 24       		.uleb128 0x24
 1241 0015 00       		.byte	0
 1242 0016 0B       		.uleb128 0xb
 1243 0017 0B       		.uleb128 0xb
 1244 0018 3E       		.uleb128 0x3e
 1245 0019 0B       		.uleb128 0xb
 1246 001a 03       		.uleb128 0x3
 1247 001b 0E       		.uleb128 0xe
 1248 001c 00       		.byte	0
 1249 001d 00       		.byte	0
 1250 001e 03       		.uleb128 0x3
 1251 001f 24       		.uleb128 0x24
 1252 0020 00       		.byte	0
 1253 0021 0B       		.uleb128 0xb
 1254 0022 0B       		.uleb128 0xb
 1255 0023 3E       		.uleb128 0x3e
 1256 0024 0B       		.uleb128 0xb
 1257 0025 03       		.uleb128 0x3
 1258 0026 08       		.uleb128 0x8
 1259 0027 00       		.byte	0
 1260 0028 00       		.byte	0
 1261 0029 04       		.uleb128 0x4
ARM GAS  C:\Users\310309~1\AppData\Local\Temp\cc63zhrg.s 			page 28


 1262 002a 16       		.uleb128 0x16
 1263 002b 00       		.byte	0
 1264 002c 03       		.uleb128 0x3
 1265 002d 0E       		.uleb128 0xe
 1266 002e 3A       		.uleb128 0x3a
 1267 002f 0B       		.uleb128 0xb
 1268 0030 3B       		.uleb128 0x3b
 1269 0031 05       		.uleb128 0x5
 1270 0032 49       		.uleb128 0x49
 1271 0033 13       		.uleb128 0x13
 1272 0034 00       		.byte	0
 1273 0035 00       		.byte	0
 1274 0036 05       		.uleb128 0x5
 1275 0037 0F       		.uleb128 0xf
 1276 0038 00       		.byte	0
 1277 0039 0B       		.uleb128 0xb
 1278 003a 0B       		.uleb128 0xb
 1279 003b 49       		.uleb128 0x49
 1280 003c 13       		.uleb128 0x13
 1281 003d 00       		.byte	0
 1282 003e 00       		.byte	0
 1283 003f 06       		.uleb128 0x6
 1284 0040 04       		.uleb128 0x4
 1285 0041 01       		.byte	0x1
 1286 0042 0B       		.uleb128 0xb
 1287 0043 0B       		.uleb128 0xb
 1288 0044 49       		.uleb128 0x49
 1289 0045 13       		.uleb128 0x13
 1290 0046 3A       		.uleb128 0x3a
 1291 0047 0B       		.uleb128 0xb
 1292 0048 3B       		.uleb128 0x3b
 1293 0049 05       		.uleb128 0x5
 1294 004a 01       		.uleb128 0x1
 1295 004b 13       		.uleb128 0x13
 1296 004c 00       		.byte	0
 1297 004d 00       		.byte	0
 1298 004e 07       		.uleb128 0x7
 1299 004f 28       		.uleb128 0x28
 1300 0050 00       		.byte	0
 1301 0051 03       		.uleb128 0x3
 1302 0052 0E       		.uleb128 0xe
 1303 0053 1C       		.uleb128 0x1c
 1304 0054 0B       		.uleb128 0xb
 1305 0055 00       		.byte	0
 1306 0056 00       		.byte	0
 1307 0057 08       		.uleb128 0x8
 1308 0058 28       		.uleb128 0x28
 1309 0059 00       		.byte	0
 1310 005a 03       		.uleb128 0x3
 1311 005b 0E       		.uleb128 0xe
 1312 005c 1C       		.uleb128 0x1c
 1313 005d 05       		.uleb128 0x5
 1314 005e 00       		.byte	0
 1315 005f 00       		.byte	0
 1316 0060 09       		.uleb128 0x9
 1317 0061 2E       		.uleb128 0x2e
 1318 0062 01       		.byte	0x1
ARM GAS  C:\Users\310309~1\AppData\Local\Temp\cc63zhrg.s 			page 29


 1319 0063 3F       		.uleb128 0x3f
 1320 0064 19       		.uleb128 0x19
 1321 0065 03       		.uleb128 0x3
 1322 0066 0E       		.uleb128 0xe
 1323 0067 3A       		.uleb128 0x3a
 1324 0068 0B       		.uleb128 0xb
 1325 0069 3B       		.uleb128 0x3b
 1326 006a 0B       		.uleb128 0xb
 1327 006b 27       		.uleb128 0x27
 1328 006c 19       		.uleb128 0x19
 1329 006d 49       		.uleb128 0x49
 1330 006e 13       		.uleb128 0x13
 1331 006f 11       		.uleb128 0x11
 1332 0070 01       		.uleb128 0x1
 1333 0071 12       		.uleb128 0x12
 1334 0072 06       		.uleb128 0x6
 1335 0073 40       		.uleb128 0x40
 1336 0074 18       		.uleb128 0x18
 1337 0075 9742     		.uleb128 0x2117
 1338 0077 19       		.uleb128 0x19
 1339 0078 01       		.uleb128 0x1
 1340 0079 13       		.uleb128 0x13
 1341 007a 00       		.byte	0
 1342 007b 00       		.byte	0
 1343 007c 0A       		.uleb128 0xa
 1344 007d 05       		.uleb128 0x5
 1345 007e 00       		.byte	0
 1346 007f 03       		.uleb128 0x3
 1347 0080 0E       		.uleb128 0xe
 1348 0081 3A       		.uleb128 0x3a
 1349 0082 0B       		.uleb128 0xb
 1350 0083 3B       		.uleb128 0x3b
 1351 0084 0B       		.uleb128 0xb
 1352 0085 49       		.uleb128 0x49
 1353 0086 13       		.uleb128 0x13
 1354 0087 02       		.uleb128 0x2
 1355 0088 17       		.uleb128 0x17
 1356 0089 00       		.byte	0
 1357 008a 00       		.byte	0
 1358 008b 0B       		.uleb128 0xb
 1359 008c 05       		.uleb128 0x5
 1360 008d 00       		.byte	0
 1361 008e 03       		.uleb128 0x3
 1362 008f 08       		.uleb128 0x8
 1363 0090 3A       		.uleb128 0x3a
 1364 0091 0B       		.uleb128 0xb
 1365 0092 3B       		.uleb128 0x3b
 1366 0093 0B       		.uleb128 0xb
 1367 0094 49       		.uleb128 0x49
 1368 0095 13       		.uleb128 0x13
 1369 0096 02       		.uleb128 0x2
 1370 0097 17       		.uleb128 0x17
 1371 0098 00       		.byte	0
 1372 0099 00       		.byte	0
 1373 009a 0C       		.uleb128 0xc
 1374 009b 34       		.uleb128 0x34
 1375 009c 00       		.byte	0
ARM GAS  C:\Users\310309~1\AppData\Local\Temp\cc63zhrg.s 			page 30


 1376 009d 03       		.uleb128 0x3
 1377 009e 08       		.uleb128 0x8
 1378 009f 3A       		.uleb128 0x3a
 1379 00a0 0B       		.uleb128 0xb
 1380 00a1 3B       		.uleb128 0x3b
 1381 00a2 0B       		.uleb128 0xb
 1382 00a3 49       		.uleb128 0x49
 1383 00a4 13       		.uleb128 0x13
 1384 00a5 02       		.uleb128 0x2
 1385 00a6 17       		.uleb128 0x17
 1386 00a7 00       		.byte	0
 1387 00a8 00       		.byte	0
 1388 00a9 0D       		.uleb128 0xd
 1389 00aa 898201   		.uleb128 0x4109
 1390 00ad 00       		.byte	0
 1391 00ae 11       		.uleb128 0x11
 1392 00af 01       		.uleb128 0x1
 1393 00b0 31       		.uleb128 0x31
 1394 00b1 13       		.uleb128 0x13
 1395 00b2 00       		.byte	0
 1396 00b3 00       		.byte	0
 1397 00b4 0E       		.uleb128 0xe
 1398 00b5 2E       		.uleb128 0x2e
 1399 00b6 01       		.byte	0x1
 1400 00b7 3F       		.uleb128 0x3f
 1401 00b8 19       		.uleb128 0x19
 1402 00b9 03       		.uleb128 0x3
 1403 00ba 0E       		.uleb128 0xe
 1404 00bb 3A       		.uleb128 0x3a
 1405 00bc 0B       		.uleb128 0xb
 1406 00bd 3B       		.uleb128 0x3b
 1407 00be 0B       		.uleb128 0xb
 1408 00bf 27       		.uleb128 0x27
 1409 00c0 19       		.uleb128 0x19
 1410 00c1 11       		.uleb128 0x11
 1411 00c2 01       		.uleb128 0x1
 1412 00c3 12       		.uleb128 0x12
 1413 00c4 06       		.uleb128 0x6
 1414 00c5 40       		.uleb128 0x40
 1415 00c6 18       		.uleb128 0x18
 1416 00c7 9742     		.uleb128 0x2117
 1417 00c9 19       		.uleb128 0x19
 1418 00ca 01       		.uleb128 0x1
 1419 00cb 13       		.uleb128 0x13
 1420 00cc 00       		.byte	0
 1421 00cd 00       		.byte	0
 1422 00ce 0F       		.uleb128 0xf
 1423 00cf 898201   		.uleb128 0x4109
 1424 00d2 01       		.byte	0x1
 1425 00d3 11       		.uleb128 0x11
 1426 00d4 01       		.uleb128 0x1
 1427 00d5 31       		.uleb128 0x31
 1428 00d6 13       		.uleb128 0x13
 1429 00d7 01       		.uleb128 0x1
 1430 00d8 13       		.uleb128 0x13
 1431 00d9 00       		.byte	0
 1432 00da 00       		.byte	0
ARM GAS  C:\Users\310309~1\AppData\Local\Temp\cc63zhrg.s 			page 31


 1433 00db 10       		.uleb128 0x10
 1434 00dc 8A8201   		.uleb128 0x410a
 1435 00df 00       		.byte	0
 1436 00e0 02       		.uleb128 0x2
 1437 00e1 18       		.uleb128 0x18
 1438 00e2 9142     		.uleb128 0x2111
 1439 00e4 18       		.uleb128 0x18
 1440 00e5 00       		.byte	0
 1441 00e6 00       		.byte	0
 1442 00e7 11       		.uleb128 0x11
 1443 00e8 898201   		.uleb128 0x4109
 1444 00eb 01       		.byte	0x1
 1445 00ec 11       		.uleb128 0x11
 1446 00ed 01       		.uleb128 0x1
 1447 00ee 31       		.uleb128 0x31
 1448 00ef 13       		.uleb128 0x13
 1449 00f0 00       		.byte	0
 1450 00f1 00       		.byte	0
 1451 00f2 12       		.uleb128 0x12
 1452 00f3 34       		.uleb128 0x34
 1453 00f4 00       		.byte	0
 1454 00f5 03       		.uleb128 0x3
 1455 00f6 0E       		.uleb128 0xe
 1456 00f7 3A       		.uleb128 0x3a
 1457 00f8 0B       		.uleb128 0xb
 1458 00f9 3B       		.uleb128 0x3b
 1459 00fa 05       		.uleb128 0x5
 1460 00fb 49       		.uleb128 0x49
 1461 00fc 13       		.uleb128 0x13
 1462 00fd 3F       		.uleb128 0x3f
 1463 00fe 19       		.uleb128 0x19
 1464 00ff 3C       		.uleb128 0x3c
 1465 0100 19       		.uleb128 0x19
 1466 0101 00       		.byte	0
 1467 0102 00       		.byte	0
 1468 0103 13       		.uleb128 0x13
 1469 0104 34       		.uleb128 0x34
 1470 0105 00       		.byte	0
 1471 0106 03       		.uleb128 0x3
 1472 0107 0E       		.uleb128 0xe
 1473 0108 3A       		.uleb128 0x3a
 1474 0109 0B       		.uleb128 0xb
 1475 010a 3B       		.uleb128 0x3b
 1476 010b 0B       		.uleb128 0xb
 1477 010c 49       		.uleb128 0x49
 1478 010d 13       		.uleb128 0x13
 1479 010e 3F       		.uleb128 0x3f
 1480 010f 19       		.uleb128 0x19
 1481 0110 02       		.uleb128 0x2
 1482 0111 18       		.uleb128 0x18
 1483 0112 00       		.byte	0
 1484 0113 00       		.byte	0
 1485 0114 14       		.uleb128 0x14
 1486 0115 34       		.uleb128 0x34
 1487 0116 00       		.byte	0
 1488 0117 03       		.uleb128 0x3
 1489 0118 0E       		.uleb128 0xe
ARM GAS  C:\Users\310309~1\AppData\Local\Temp\cc63zhrg.s 			page 32


 1490 0119 3A       		.uleb128 0x3a
 1491 011a 0B       		.uleb128 0xb
 1492 011b 3B       		.uleb128 0x3b
 1493 011c 0B       		.uleb128 0xb
 1494 011d 49       		.uleb128 0x49
 1495 011e 13       		.uleb128 0x13
 1496 011f 3F       		.uleb128 0x3f
 1497 0120 19       		.uleb128 0x19
 1498 0121 3C       		.uleb128 0x3c
 1499 0122 19       		.uleb128 0x19
 1500 0123 00       		.byte	0
 1501 0124 00       		.byte	0
 1502 0125 15       		.uleb128 0x15
 1503 0126 2E       		.uleb128 0x2e
 1504 0127 00       		.byte	0
 1505 0128 3F       		.uleb128 0x3f
 1506 0129 19       		.uleb128 0x19
 1507 012a 3C       		.uleb128 0x3c
 1508 012b 19       		.uleb128 0x19
 1509 012c 6E       		.uleb128 0x6e
 1510 012d 0E       		.uleb128 0xe
 1511 012e 03       		.uleb128 0x3
 1512 012f 0E       		.uleb128 0xe
 1513 0130 3A       		.uleb128 0x3a
 1514 0131 0B       		.uleb128 0xb
 1515 0132 3B       		.uleb128 0x3b
 1516 0133 05       		.uleb128 0x5
 1517 0134 00       		.byte	0
 1518 0135 00       		.byte	0
 1519 0136 16       		.uleb128 0x16
 1520 0137 2E       		.uleb128 0x2e
 1521 0138 00       		.byte	0
 1522 0139 3F       		.uleb128 0x3f
 1523 013a 19       		.uleb128 0x19
 1524 013b 3C       		.uleb128 0x3c
 1525 013c 19       		.uleb128 0x19
 1526 013d 6E       		.uleb128 0x6e
 1527 013e 0E       		.uleb128 0xe
 1528 013f 03       		.uleb128 0x3
 1529 0140 0E       		.uleb128 0xe
 1530 0141 3A       		.uleb128 0x3a
 1531 0142 0B       		.uleb128 0xb
 1532 0143 3B       		.uleb128 0x3b
 1533 0144 0B       		.uleb128 0xb
 1534 0145 00       		.byte	0
 1535 0146 00       		.byte	0
 1536 0147 17       		.uleb128 0x17
 1537 0148 2E       		.uleb128 0x2e
 1538 0149 00       		.byte	0
 1539 014a 3F       		.uleb128 0x3f
 1540 014b 19       		.uleb128 0x19
 1541 014c 3C       		.uleb128 0x3c
 1542 014d 19       		.uleb128 0x19
 1543 014e 6E       		.uleb128 0x6e
 1544 014f 0E       		.uleb128 0xe
 1545 0150 03       		.uleb128 0x3
 1546 0151 0E       		.uleb128 0xe
ARM GAS  C:\Users\310309~1\AppData\Local\Temp\cc63zhrg.s 			page 33


 1547 0152 3A       		.uleb128 0x3a
 1548 0153 0B       		.uleb128 0xb
 1549 0154 3B       		.uleb128 0x3b
 1550 0155 0B       		.uleb128 0xb
 1551 0156 6E       		.uleb128 0x6e
 1552 0157 0E       		.uleb128 0xe
 1553 0158 00       		.byte	0
 1554 0159 00       		.byte	0
 1555 015a 00       		.byte	0
 1556              		.section	.debug_loc,"",%progbits
 1557              	.Ldebug_loc0:
 1558              	.LLST0:
 1559 0000 00000000 		.4byte	.LVL0
 1560 0004 08000000 		.4byte	.LVL2
 1561 0008 0100     		.2byte	0x1
 1562 000a 50       		.byte	0x50
 1563 000b 08000000 		.4byte	.LVL2
 1564 000f 1C000000 		.4byte	.LFE36
 1565 0013 0400     		.2byte	0x4
 1566 0015 F3       		.byte	0xf3
 1567 0016 01       		.uleb128 0x1
 1568 0017 50       		.byte	0x50
 1569 0018 9F       		.byte	0x9f
 1570 0019 00000000 		.4byte	0
 1571 001d 00000000 		.4byte	0
 1572              	.LLST1:
 1573 0021 00000000 		.4byte	.LVL0
 1574 0025 0A000000 		.4byte	.LVL3
 1575 0029 0100     		.2byte	0x1
 1576 002b 51       		.byte	0x51
 1577 002c 0A000000 		.4byte	.LVL3
 1578 0030 14000000 		.4byte	.LVL6
 1579 0034 0100     		.2byte	0x1
 1580 0036 55       		.byte	0x55
 1581 0037 14000000 		.4byte	.LVL6
 1582 003b 1C000000 		.4byte	.LFE36
 1583 003f 0100     		.2byte	0x1
 1584 0041 51       		.byte	0x51
 1585 0042 00000000 		.4byte	0
 1586 0046 00000000 		.4byte	0
 1587              	.LLST2:
 1588 004a 00000000 		.4byte	.LVL0
 1589 004e 08000000 		.4byte	.LVL2
 1590 0052 0100     		.2byte	0x1
 1591 0054 52       		.byte	0x52
 1592 0055 08000000 		.4byte	.LVL2
 1593 0059 1A000000 		.4byte	.LVL8
 1594 005d 0100     		.2byte	0x1
 1595 005f 56       		.byte	0x56
 1596 0060 1A000000 		.4byte	.LVL8
 1597 0064 1C000000 		.4byte	.LFE36
 1598 0068 0100     		.2byte	0x1
 1599 006a 50       		.byte	0x50
 1600 006b 00000000 		.4byte	0
 1601 006f 00000000 		.4byte	0
 1602              	.LLST3:
 1603 0073 04000000 		.4byte	.LVL1
ARM GAS  C:\Users\310309~1\AppData\Local\Temp\cc63zhrg.s 			page 34


 1604 0077 08000000 		.4byte	.LVL2
 1605 007b 0200     		.2byte	0x2
 1606 007d 30       		.byte	0x30
 1607 007e 9F       		.byte	0x9f
 1608 007f 08000000 		.4byte	.LVL2
 1609 0083 1A000000 		.4byte	.LVL7
 1610 0087 0100     		.2byte	0x1
 1611 0089 54       		.byte	0x54
 1612 008a 00000000 		.4byte	0
 1613 008e 00000000 		.4byte	0
 1614              		.section	.debug_aranges,"",%progbits
 1615 0000 2C000000 		.4byte	0x2c
 1616 0004 0200     		.2byte	0x2
 1617 0006 00000000 		.4byte	.Ldebug_info0
 1618 000a 04       		.byte	0x4
 1619 000b 00       		.byte	0
 1620 000c 0000     		.2byte	0
 1621 000e 0000     		.2byte	0
 1622 0010 00000000 		.4byte	.LFB36
 1623 0014 1C000000 		.4byte	.LFE36-.LFB36
 1624 0018 00000000 		.4byte	.LFB37
 1625 001c 6C000000 		.4byte	.LFE37-.LFB37
 1626 0020 00000000 		.4byte	.LFB38
 1627 0024 E0000000 		.4byte	.LFE38-.LFB38
 1628 0028 00000000 		.4byte	0
 1629 002c 00000000 		.4byte	0
 1630              		.section	.debug_ranges,"",%progbits
 1631              	.Ldebug_ranges0:
 1632 0000 00000000 		.4byte	.LFB36
 1633 0004 1C000000 		.4byte	.LFE36
 1634 0008 00000000 		.4byte	.LFB37
 1635 000c 6C000000 		.4byte	.LFE37
 1636 0010 00000000 		.4byte	.LFB38
 1637 0014 E0000000 		.4byte	.LFE38
 1638 0018 00000000 		.4byte	0
 1639 001c 00000000 		.4byte	0
 1640              		.section	.debug_line,"",%progbits
 1641              	.Ldebug_line0:
 1642 0000 AC010000 		.section	.debug_str,"MS",%progbits,1
 1642      02003801 
 1642      00000201 
 1642      FB0E0D00 
 1642      01010101 
 1643              	.LASF82:
 1644 0000 4359424C 		.ascii	"CYBLE_EVT_L2CAP_CBFC_RX_CREDIT_IND\000"
 1644      455F4556 
 1644      545F4C32 
 1644      4341505F 
 1644      43424643 
 1645              	.LASF23:
 1646 0023 4359424C 		.ascii	"CYBLE_EVT_STACK_BUSY_STATUS\000"
 1646      455F4556 
 1646      545F5354 
 1646      41434B5F 
 1646      42555359 
 1647              	.LASF124:
 1648 003f 4359424C 		.ascii	"CYBLE_STATE_STOPPED\000"
ARM GAS  C:\Users\310309~1\AppData\Local\Temp\cc63zhrg.s 			page 35


 1648      455F5354 
 1648      4154455F 
 1648      53544F50 
 1648      50454400 
 1649              	.LASF81:
 1650 0053 4359424C 		.ascii	"CYBLE_EVT_L2CAP_CBFC_DATA_READ\000"
 1650      455F4556 
 1650      545F4C32 
 1650      4341505F 
 1650      43424643 
 1651              	.LASF93:
 1652 0072 4359424C 		.ascii	"CYBLE_ERROR_MEMORY_ALLOCATION_FAILED\000"
 1652      455F4552 
 1652      524F525F 
 1652      4D454D4F 
 1652      52595F41 
 1653              	.LASF35:
 1654 0097 4359424C 		.ascii	"CYBLE_EVT_GAP_CONNECTION_UPDATE_COMPLETE\000"
 1654      455F4556 
 1654      545F4741 
 1654      505F434F 
 1654      4E4E4543 
 1655              	.LASF80:
 1656 00c0 4359424C 		.ascii	"CYBLE_EVT_L2CAP_CBFC_DISCONN_CNF\000"
 1656      455F4556 
 1656      545F4C32 
 1656      4341505F 
 1656      43424643 
 1657              	.LASF114:
 1658 00e1 4359424C 		.ascii	"CYBLE_ERROR_UNSUPPORTED_FEATURE_OR_PARAMETER_VALUE\000"
 1658      455F4552 
 1658      524F525F 
 1658      554E5355 
 1658      50504F52 
 1659              	.LASF40:
 1660 0114 4359424C 		.ascii	"CYBLE_EVT_GAP_OOB_GENERATED_NOTIFICATION\000"
 1660      455F4556 
 1660      545F4741 
 1660      505F4F4F 
 1660      425F4745 
 1661              	.LASF136:
 1662 013d 4765745F 		.ascii	"Get_Ended_Data_SessionID\000"
 1662      456E6465 
 1662      645F4461 
 1662      74615F53 
 1662      65737369 
 1663              	.LASF60:
 1664 0156 4359424C 		.ascii	"CYBLE_EVT_GATTC_READ_MULTI_RSP\000"
 1664      455F4556 
 1664      545F4741 
 1664      5454435F 
 1664      52454144 
 1665              	.LASF65:
 1666 0175 4359424C 		.ascii	"CYBLE_EVT_GATTS_EXEC_WRITE_REQ\000"
 1666      455F4556 
 1666      545F4741 
 1666      5454535F 
ARM GAS  C:\Users\310309~1\AppData\Local\Temp\cc63zhrg.s 			page 36


 1666      45584543 
 1667              	.LASF77:
 1668 0194 4359424C 		.ascii	"CYBLE_EVT_L2CAP_CBFC_CONN_IND\000"
 1668      455F4556 
 1668      545F4C32 
 1668      4341505F 
 1668      43424643 
 1669              	.LASF20:
 1670 01b2 4359424C 		.ascii	"CYBLE_EVT_TIMEOUT\000"
 1670      455F4556 
 1670      545F5449 
 1670      4D454F55 
 1670      5400
 1671              	.LASF4:
 1672 01c4 6C6F6E67 		.ascii	"long int\000"
 1672      20696E74 
 1672      00
 1673              	.LASF145:
 1674 01cd 474E5520 		.ascii	"GNU C11 5.4.1 20160609 (release) [ARM/embedded-5-br"
 1674      43313120 
 1674      352E342E 
 1674      31203230 
 1674      31363036 
 1675 0200 616E6368 		.ascii	"anch revision 237715] -mcpu=cortex-m0 -mthumb -g -O"
 1675      20726576 
 1675      6973696F 
 1675      6E203233 
 1675      37373135 
 1676 0233 67202D66 		.ascii	"g -ffunction-sections -ffat-lto-objects\000"
 1676      66756E63 
 1676      74696F6E 
 1676      2D736563 
 1676      74696F6E 
 1677              	.LASF144:
 1678 025b 7072696E 		.ascii	"printf\000"
 1678      746600
 1679              	.LASF103:
 1680 0262 4359424C 		.ascii	"CYBLE_ERROR_L2CAP_PSM_WRONG_ENCODING\000"
 1680      455F4552 
 1680      524F525F 
 1680      4C324341 
 1680      505F5053 
 1681              	.LASF94:
 1682 0287 4359424C 		.ascii	"CYBLE_ERROR_INSUFFICIENT_RESOURCES\000"
 1682      455F4552 
 1682      524F525F 
 1682      494E5355 
 1682      46464943 
 1683              	.LASF22:
 1684 02aa 4359424C 		.ascii	"CYBLE_EVT_HCI_STATUS\000"
 1684      455F4556 
 1684      545F4843 
 1684      495F5354 
 1684      41545553 
 1685              	.LASF140:
 1686 02bf 70616D46 		.ascii	"pamFeature\000"
 1686      65617475 
ARM GAS  C:\Users\310309~1\AppData\Local\Temp\cc63zhrg.s 			page 37


 1686      726500
 1687              	.LASF36:
 1688 02ca 4359424C 		.ascii	"CYBLE_EVT_GAPC_SCAN_START_STOP\000"
 1688      455F4556 
 1688      545F4741 
 1688      50435F53 
 1688      43414E5F 
 1689              	.LASF85:
 1690 02e9 4359424C 		.ascii	"CYBLE_EVT_PENDING_FLASH_WRITE\000"
 1690      455F4556 
 1690      545F5045 
 1690      4E44494E 
 1690      475F464C 
 1691              	.LASF102:
 1692 0307 4359424C 		.ascii	"CYBLE_ERROR_SEC_FAILED\000"
 1692      455F4552 
 1692      524F525F 
 1692      5345435F 
 1692      4641494C 
 1693              	.LASF34:
 1694 031e 4359424C 		.ascii	"CYBLE_EVT_GAP_ENCRYPT_CHANGE\000"
 1694      455F4556 
 1694      545F4741 
 1694      505F454E 
 1694      43525950 
 1695              	.LASF38:
 1696 033b 4359424C 		.ascii	"CYBLE_EVT_GAP_NUMERIC_COMPARISON_REQUEST\000"
 1696      455F4556 
 1696      545F4741 
 1696      505F4E55 
 1696      4D455249 
 1697              	.LASF127:
 1698 0364 4359424C 		.ascii	"CYBLE_STATE_ADVERTISING\000"
 1698      455F5354 
 1698      4154455F 
 1698      41445645 
 1698      52544953 
 1699              	.LASF6:
 1700 037c 6C6F6E67 		.ascii	"long long int\000"
 1700      206C6F6E 
 1700      6720696E 
 1700      7400
 1701              	.LASF0:
 1702 038a 7369676E 		.ascii	"signed char\000"
 1702      65642063 
 1702      68617200 
 1703              	.LASF19:
 1704 0396 4359424C 		.ascii	"CYBLE_EVT_STACK_ON\000"
 1704      455F4556 
 1704      545F5354 
 1704      41434B5F 
 1704      4F4E00
 1705              	.LASF147:
 1706 03a9 433A5C55 		.ascii	"C:\\Users\\310309623\\Desktop\\Graduation-Project\\"
 1706      73657273 
 1706      5C333130 
 1706      33303936 
ARM GAS  C:\Users\310309~1\AppData\Local\Temp\cc63zhrg.s 			page 38


 1706      32335C44 
 1707 03d7 53657276 		.ascii	"Service\\Philips\\Physical Activity Monitor Service"
 1707      6963655C 
 1707      5068696C 
 1707      6970735C 
 1707      50687973 
 1708 0408 2E637964 		.ascii	".cydsn\000"
 1708      736E00
 1709              	.LASF139:
 1710 040f 73656E64 		.ascii	"send_Deleted_Sessions\000"
 1710      5F44656C 
 1710      65746564 
 1710      5F536573 
 1710      73696F6E 
 1711              	.LASF110:
 1712 0425 4359424C 		.ascii	"CYBLE_ERROR_DEVICE_ALREADY_EXISTS\000"
 1712      455F4552 
 1712      524F525F 
 1712      44455649 
 1712      43455F41 
 1713              	.LASF97:
 1714 0447 4359424C 		.ascii	"CYBLE_ERROR_NO_DEVICE_ENTITY\000"
 1714      455F4552 
 1714      524F525F 
 1714      4E4F5F44 
 1714      45564943 
 1715              	.LASF26:
 1716 0464 4359424C 		.ascii	"CYBLE_EVT_GAP_AUTH_REQ\000"
 1716      455F4556 
 1716      545F4741 
 1716      505F4155 
 1716      54485F52 
 1717              	.LASF58:
 1718 047b 4359424C 		.ascii	"CYBLE_EVT_GATTC_READ_RSP\000"
 1718      455F4556 
 1718      545F4741 
 1718      5454435F 
 1718      52454144 
 1719              	.LASF121:
 1720 0494 4359424C 		.ascii	"CYBLE_ERROR_INVALID_STATE\000"
 1720      455F4552 
 1720      524F525F 
 1720      494E5641 
 1720      4C49445F 
 1721              	.LASF63:
 1722 04ae 4359424C 		.ascii	"CYBLE_EVT_GATTS_WRITE_CMD_REQ\000"
 1722      455F4556 
 1722      545F4741 
 1722      5454535F 
 1722      57524954 
 1723              	.LASF128:
 1724 04cc 4359424C 		.ascii	"CYBLE_STATE_DISCONNECTED\000"
 1724      455F5354 
 1724      4154455F 
 1724      44495343 
 1724      4F4E4E45 
 1725              	.LASF31:
ARM GAS  C:\Users\310309~1\AppData\Local\Temp\cc63zhrg.s 			page 39


 1726 04e5 4359424C 		.ascii	"CYBLE_EVT_GAPP_ADVERTISEMENT_START_STOP\000"
 1726      455F4556 
 1726      545F4741 
 1726      50505F41 
 1726      44564552 
 1727              	.LASF108:
 1728 050d 4359424C 		.ascii	"CYBLE_ERROR_L2CAP_PSM_NOT_IN_RANGE\000"
 1728      455F4552 
 1728      524F525F 
 1728      4C324341 
 1728      505F5053 
 1729              	.LASF9:
 1730 0530 75696E74 		.ascii	"uint8\000"
 1730      3800
 1731              	.LASF66:
 1732 0536 4359424C 		.ascii	"CYBLE_EVT_GATTC_EXEC_WRITE_RSP\000"
 1732      455F4556 
 1732      545F4741 
 1732      5454435F 
 1732      45584543 
 1733              	.LASF13:
 1734 0555 646F7562 		.ascii	"double\000"
 1734      6C6500
 1735              	.LASF91:
 1736 055c 4359424C 		.ascii	"CYBLE_ERROR_INVALID_PARAMETER\000"
 1736      455F4552 
 1736      524F525F 
 1736      494E5641 
 1736      4C49445F 
 1737              	.LASF132:
 1738 057a 5072696E 		.ascii	"PrintApiResult\000"
 1738      74417069 
 1738      52657375 
 1738      6C7400
 1739              	.LASF11:
 1740 0589 75696E74 		.ascii	"uint32\000"
 1740      333200
 1741              	.LASF89:
 1742 0590 4359424C 		.ascii	"CYBLE_EVT_MAX\000"
 1742      455F4556 
 1742      545F4D41 
 1742      5800
 1743              	.LASF90:
 1744 059e 4359424C 		.ascii	"CYBLE_ERROR_OK\000"
 1744      455F4552 
 1744      524F525F 
 1744      4F4B00
 1745              	.LASF49:
 1746 05ad 4359424C 		.ascii	"CYBLE_EVT_GATTC_ERROR_RSP\000"
 1746      455F4556 
 1746      545F4741 
 1746      5454435F 
 1746      4552524F 
 1747              	.LASF74:
 1748 05c7 4359424C 		.ascii	"CYBLE_EVT_L2CAP_CONN_PARAM_UPDATE_REQ\000"
 1748      455F4556 
 1748      545F4C32 
ARM GAS  C:\Users\310309~1\AppData\Local\Temp\cc63zhrg.s 			page 40


 1748      4341505F 
 1748      434F4E4E 
 1749              	.LASF84:
 1750 05ed 4359424C 		.ascii	"CYBLE_EVT_L2CAP_CBFC_DATA_WRITE_IND\000"
 1750      455F4556 
 1750      545F4C32 
 1750      4341505F 
 1750      43424643 
 1751              	.LASF46:
 1752 0611 4359424C 		.ascii	"CYBLE_EVT_GAP_SCAN_REQ_RECVD\000"
 1752      455F4556 
 1752      545F4741 
 1752      505F5343 
 1752      414E5F52 
 1753              	.LASF7:
 1754 062e 6C6F6E67 		.ascii	"long long unsigned int\000"
 1754      206C6F6E 
 1754      6720756E 
 1754      7369676E 
 1754      65642069 
 1755              	.LASF71:
 1756 0645 4359424C 		.ascii	"CYBLE_EVT_GATTC_STOP_CMD_COMPLETE\000"
 1756      455F4556 
 1756      545F4741 
 1756      5454435F 
 1756      53544F50 
 1757              	.LASF95:
 1758 0667 4359424C 		.ascii	"CYBLE_ERROR_OOB_NOT_AVAILABLE\000"
 1758      455F4552 
 1758      524F525F 
 1758      4F4F425F 
 1758      4E4F545F 
 1759              	.LASF86:
 1760 0685 4359424C 		.ascii	"CYBLE_EVT_LE_PING_AUTH_TIMEOUT\000"
 1760      455F4556 
 1760      545F4C45 
 1760      5F50494E 
 1760      475F4155 
 1761              	.LASF104:
 1762 06a4 4359424C 		.ascii	"CYBLE_ERROR_L2CAP_PSM_ALREADY_REGISTERED\000"
 1762      455F4552 
 1762      524F525F 
 1762      4C324341 
 1762      505F5053 
 1763              	.LASF5:
 1764 06cd 6C6F6E67 		.ascii	"long unsigned int\000"
 1764      20756E73 
 1764      69676E65 
 1764      6420696E 
 1764      7400
 1765              	.LASF45:
 1766 06df 4359424C 		.ascii	"CYBLE_EVT_GAP_CONN_ESTB\000"
 1766      455F4556 
 1766      545F4741 
 1766      505F434F 
 1766      4E4E5F45 
 1767              	.LASF61:
ARM GAS  C:\Users\310309~1\AppData\Local\Temp\cc63zhrg.s 			page 41


 1768 06f7 4359424C 		.ascii	"CYBLE_EVT_GATTS_WRITE_REQ\000"
 1768      455F4556 
 1768      545F4741 
 1768      5454535F 
 1768      57524954 
 1769              	.LASF53:
 1770 0711 4359424C 		.ascii	"CYBLE_EVT_GATTC_XCHNG_MTU_RSP\000"
 1770      455F4556 
 1770      545F4741 
 1770      5454435F 
 1770      5843484E 
 1771              	.LASF70:
 1772 072f 4359424C 		.ascii	"CYBLE_EVT_GATTS_DATA_SIGNED_CMD_REQ\000"
 1772      455F4556 
 1772      545F4741 
 1772      5454535F 
 1772      44415441 
 1773              	.LASF73:
 1774 0753 4359424C 		.ascii	"CYBLE_EVT_GATTC_LONG_PROCEDURE_END\000"
 1774      455F4556 
 1774      545F4741 
 1774      5454435F 
 1774      4C4F4E47 
 1775              	.LASF107:
 1776 0776 4359424C 		.ascii	"CYBLE_ERROR_L2CAP_CHANNEL_NOT_FOUND\000"
 1776      455F4552 
 1776      524F525F 
 1776      4C324341 
 1776      505F4348 
 1777              	.LASF118:
 1778 079a 4359424C 		.ascii	"CYBLE_ERROR_NTF_DISABLED\000"
 1778      455F4552 
 1778      524F525F 
 1778      4E54465F 
 1778      44495341 
 1779              	.LASF18:
 1780 07b3 4359424C 		.ascii	"CYBLE_EVT_HOST_INVALID\000"
 1780      455F4556 
 1780      545F484F 
 1780      53545F49 
 1780      4E56414C 
 1781              	.LASF56:
 1782 07ca 4359424C 		.ascii	"CYBLE_EVT_GATTC_FIND_INFO_RSP\000"
 1782      455F4556 
 1782      545F4741 
 1782      5454435F 
 1782      46494E44 
 1783              	.LASF24:
 1784 07e8 4359424C 		.ascii	"CYBLE_EVT_MEMORY_REQUEST\000"
 1784      455F4556 
 1784      545F4D45 
 1784      4D4F5259 
 1784      5F524551 
 1785              	.LASF27:
 1786 0801 4359424C 		.ascii	"CYBLE_EVT_GAP_PASSKEY_ENTRY_REQUEST\000"
 1786      455F4556 
 1786      545F4741 
ARM GAS  C:\Users\310309~1\AppData\Local\Temp\cc63zhrg.s 			page 42


 1786      505F5041 
 1786      53534B45 
 1787              	.LASF32:
 1788 0825 4359424C 		.ascii	"CYBLE_EVT_GAP_DEVICE_CONNECTED\000"
 1788      455F4556 
 1788      545F4741 
 1788      505F4445 
 1788      56494345 
 1789              	.LASF146:
 1790 0844 64656275 		.ascii	"debug.c\000"
 1790      672E6300 
 1791              	.LASF47:
 1792 084c 4359424C 		.ascii	"CYBLE_EVT_GAP_AUTH_REQ_REPLY_ERR\000"
 1792      455F4556 
 1792      545F4741 
 1792      505F4155 
 1792      54485F52 
 1793              	.LASF143:
 1794 086d 55415254 		.ascii	"UART_DEB_SpiUartWriteTxData\000"
 1794      5F444542 
 1794      5F537069 
 1794      55617274 
 1794      57726974 
 1795              	.LASF133:
 1796 0889 6379426C 		.ascii	"cyBle_state\000"
 1796      655F7374 
 1796      61746500 
 1797              	.LASF28:
 1798 0895 4359424C 		.ascii	"CYBLE_EVT_GAP_PASSKEY_DISPLAY_REQUEST\000"
 1798      455F4556 
 1798      545F4741 
 1798      505F5041 
 1798      53534B45 
 1799              	.LASF150:
 1800 08bb 5F5F6275 		.ascii	"__builtin_puts\000"
 1800      696C7469 
 1800      6E5F7075 
 1800      747300
 1801              	.LASF50:
 1802 08ca 4359424C 		.ascii	"CYBLE_EVT_GATT_CONNECT_IND\000"
 1802      455F4556 
 1802      545F4741 
 1802      54545F43 
 1802      4F4E4E45 
 1803              	.LASF76:
 1804 08e5 4359424C 		.ascii	"CYBLE_EVT_L2CAP_COMMAND_REJ\000"
 1804      455F4556 
 1804      545F4C32 
 1804      4341505F 
 1804      434F4D4D 
 1805              	.LASF148:
 1806 0901 5F777269 		.ascii	"_write\000"
 1806      746500
 1807              	.LASF25:
 1808 0908 4359424C 		.ascii	"CYBLE_EVT_GAPC_SCAN_PROGRESS_RESULT\000"
 1808      455F4556 
 1808      545F4741 
ARM GAS  C:\Users\310309~1\AppData\Local\Temp\cc63zhrg.s 			page 43


 1808      50435F53 
 1808      43414E5F 
 1809              	.LASF137:
 1810 092c 4765745F 		.ascii	"Get_Ended_Data_Sub_SessionID\000"
 1810      456E6465 
 1810      645F4461 
 1810      74615F53 
 1810      75625F53 
 1811              	.LASF149:
 1812 0949 70757473 		.ascii	"puts\000"
 1812      00
 1813              	.LASF117:
 1814 094e 4359424C 		.ascii	"CYBLE_ERROR_MAX\000"
 1814      455F4552 
 1814      524F525F 
 1814      4D415800 
 1815              	.LASF115:
 1816 095e 4359424C 		.ascii	"CYBLE_ERROR_FLASH_WRITE\000"
 1816      455F4552 
 1816      524F525F 
 1816      464C4153 
 1816      485F5752 
 1817              	.LASF55:
 1818 0976 4359424C 		.ascii	"CYBLE_EVT_GATTC_READ_BY_TYPE_RSP\000"
 1818      455F4556 
 1818      545F4741 
 1818      5454435F 
 1818      52454144 
 1819              	.LASF17:
 1820 0997 73697A65 		.ascii	"sizetype\000"
 1820      74797065 
 1820      00
 1821              	.LASF125:
 1822 09a0 4359424C 		.ascii	"CYBLE_STATE_INITIALIZING\000"
 1822      455F5354 
 1822      4154455F 
 1822      494E4954 
 1822      49414C49 
 1823              	.LASF30:
 1824 09b9 4359424C 		.ascii	"CYBLE_EVT_GAP_AUTH_FAILED\000"
 1824      455F4556 
 1824      545F4741 
 1824      505F4155 
 1824      54485F46 
 1825              	.LASF62:
 1826 09d3 4359424C 		.ascii	"CYBLE_EVT_GATTC_WRITE_RSP\000"
 1826      455F4556 
 1826      545F4741 
 1826      5454435F 
 1826      57524954 
 1827              	.LASF43:
 1828 09ed 4359424C 		.ascii	"CYBLE_EVT_GAPC_DIRECT_ADV_REPORT\000"
 1828      455F4556 
 1828      545F4741 
 1828      50435F44 
 1828      49524543 
 1829              	.LASF41:
ARM GAS  C:\Users\310309~1\AppData\Local\Temp\cc63zhrg.s 			page 44


 1830 0a0e 4359424C 		.ascii	"CYBLE_EVT_GAP_DATA_LENGTH_CHANGE\000"
 1830      455F4556 
 1830      545F4741 
 1830      505F4441 
 1830      54415F4C 
 1831              	.LASF29:
 1832 0a2f 4359424C 		.ascii	"CYBLE_EVT_GAP_AUTH_COMPLETE\000"
 1832      455F4556 
 1832      545F4741 
 1832      505F4155 
 1832      54485F43 
 1833              	.LASF142:
 1834 0a4b 61706952 		.ascii	"apiResult\000"
 1834      6573756C 
 1834      7400
 1835              	.LASF123:
 1836 0a55 4359424C 		.ascii	"CYBLE_API_RESULT_T\000"
 1836      455F4150 
 1836      495F5245 
 1836      53554C54 
 1836      5F5400
 1837              	.LASF67:
 1838 0a68 4359424C 		.ascii	"CYBLE_EVT_GATTC_HANDLE_VALUE_NTF\000"
 1838      455F4556 
 1838      545F4741 
 1838      5454435F 
 1838      48414E44 
 1839              	.LASF119:
 1840 0a89 4359424C 		.ascii	"CYBLE_ERROR_IND_DISABLED\000"
 1840      455F4552 
 1840      524F525F 
 1840      494E445F 
 1840      44495341 
 1841              	.LASF78:
 1842 0aa2 4359424C 		.ascii	"CYBLE_EVT_L2CAP_CBFC_CONN_CNF\000"
 1842      455F4556 
 1842      545F4C32 
 1842      4341505F 
 1842      43424643 
 1843              	.LASF135:
 1844 0ac0 456E7175 		.ascii	"Enquire_Sub_Sessions_Requested_For_ID\000"
 1844      6972655F 
 1844      5375625F 
 1844      53657373 
 1844      696F6E73 
 1845              	.LASF54:
 1846 0ae6 4359424C 		.ascii	"CYBLE_EVT_GATTC_READ_BY_GROUP_TYPE_RSP\000"
 1846      455F4556 
 1846      545F4741 
 1846      5454435F 
 1846      52454144 
 1847              	.LASF12:
 1848 0b0d 666C6F61 		.ascii	"float\000"
 1848      7400
 1849              	.LASF100:
 1850 0b13 4359424C 		.ascii	"CYBLE_ERROR_TX_POWER_READ\000"
 1850      455F4552 
ARM GAS  C:\Users\310309~1\AppData\Local\Temp\cc63zhrg.s 			page 45


 1850      524F525F 
 1850      54585F50 
 1850      4F574552 
 1851              	.LASF120:
 1852 0b2d 4359424C 		.ascii	"CYBLE_ERROR_CHAR_IS_NOT_DISCOVERED\000"
 1852      455F4552 
 1852      524F525F 
 1852      43484152 
 1852      5F49535F 
 1853              	.LASF1:
 1854 0b50 756E7369 		.ascii	"unsigned char\000"
 1854      676E6564 
 1854      20636861 
 1854      7200
 1855              	.LASF10:
 1856 0b5e 75696E74 		.ascii	"uint16\000"
 1856      313600
 1857              	.LASF39:
 1858 0b65 4359424C 		.ascii	"CYBLE_EVT_GAP_KEYPRESS_NOTIFICATION\000"
 1858      455F4556 
 1858      545F4741 
 1858      505F4B45 
 1858      59505245 
 1859              	.LASF14:
 1860 0b89 75696E74 		.ascii	"uint64\000"
 1860      363400
 1861              	.LASF2:
 1862 0b90 73686F72 		.ascii	"short int\000"
 1862      7420696E 
 1862      7400
 1863              	.LASF130:
 1864 0b9a 66696C65 		.ascii	"file\000"
 1864      00
 1865              	.LASF87:
 1866 0b9f 4359424C 		.ascii	"CYBLE_EVT_HCI_PKT\000"
 1866      455F4556 
 1866      545F4843 
 1866      495F504B 
 1866      5400
 1867              	.LASF96:
 1868 0bb1 4359424C 		.ascii	"CYBLE_ERROR_NO_CONNECTION\000"
 1868      455F4552 
 1868      524F525F 
 1868      4E4F5F43 
 1868      4F4E4E45 
 1869              	.LASF64:
 1870 0bcb 4359424C 		.ascii	"CYBLE_EVT_GATTS_PREP_WRITE_REQ\000"
 1870      455F4556 
 1870      545F4741 
 1870      5454535F 
 1870      50524550 
 1871              	.LASF113:
 1872 0bea 4359424C 		.ascii	"CYBLE_ERROR_HARDWARE_FAILURE\000"
 1872      455F4552 
 1872      524F525F 
 1872      48415244 
 1872      57415245 
ARM GAS  C:\Users\310309~1\AppData\Local\Temp\cc63zhrg.s 			page 46


 1873              	.LASF69:
 1874 0c07 4359424C 		.ascii	"CYBLE_EVT_GATTS_HANDLE_VALUE_CNF\000"
 1874      455F4556 
 1874      545F4741 
 1874      5454535F 
 1874      48414E44 
 1875              	.LASF98:
 1876 0c28 4359424C 		.ascii	"CYBLE_ERROR_REPEATED_ATTEMPTS\000"
 1876      455F4552 
 1876      524F525F 
 1876      52455045 
 1876      41544544 
 1877              	.LASF44:
 1878 0c46 4359424C 		.ascii	"CYBLE_EVT_GAP_SMP_NEGOTIATED_AUTH_INFO\000"
 1878      455F4556 
 1878      545F4741 
 1878      505F534D 
 1878      505F4E45 
 1879              	.LASF122:
 1880 0c6d 4359424C 		.ascii	"CYBLE_ERROR_STACK_BUSY\000"
 1880      455F4552 
 1880      524F525F 
 1880      53544143 
 1880      4B5F4255 
 1881              	.LASF16:
 1882 0c84 6C6F6E67 		.ascii	"long double\000"
 1882      20646F75 
 1882      626C6500 
 1883              	.LASF15:
 1884 0c90 63686172 		.ascii	"char\000"
 1884      00
 1885              	.LASF101:
 1886 0c95 4359424C 		.ascii	"CYBLE_ERROR_BT_ON_NOT_COMPLETED\000"
 1886      455F4552 
 1886      524F525F 
 1886      42545F4F 
 1886      4E5F4E4F 
 1887              	.LASF33:
 1888 0cb5 4359424C 		.ascii	"CYBLE_EVT_GAP_DEVICE_DISCONNECTED\000"
 1888      455F4556 
 1888      545F4741 
 1888      505F4445 
 1888      56494345 
 1889              	.LASF8:
 1890 0cd7 756E7369 		.ascii	"unsigned int\000"
 1890      676E6564 
 1890      20696E74 
 1890      00
 1891              	.LASF72:
 1892 0ce4 4359424C 		.ascii	"CYBLE_EVT_GATTS_READ_CHAR_VAL_ACCESS_REQ\000"
 1892      455F4556 
 1892      545F4741 
 1892      5454535F 
 1892      52454144 
 1893              	.LASF138:
 1894 0d0d 4765745F 		.ascii	"Get_Ended_Data_Value\000"
 1894      456E6465 
ARM GAS  C:\Users\310309~1\AppData\Local\Temp\cc63zhrg.s 			page 47


 1894      645F4461 
 1894      74615F56 
 1894      616C7565 
 1895              	.LASF83:
 1896 0d22 4359424C 		.ascii	"CYBLE_EVT_L2CAP_CBFC_TX_CREDIT_IND\000"
 1896      455F4556 
 1896      545F4C32 
 1896      4341505F 
 1896      43424643 
 1897              	.LASF111:
 1898 0d45 4359424C 		.ascii	"CYBLE_ERROR_FLASH_WRITE_NOT_PERMITED\000"
 1898      455F4552 
 1898      524F525F 
 1898      464C4153 
 1898      485F5752 
 1899              	.LASF106:
 1900 0d6a 4359424C 		.ascii	"CYBLE_ERROR_L2CAP_CONNECTION_ENTITY_NOT_FOUND\000"
 1900      455F4552 
 1900      524F525F 
 1900      4C324341 
 1900      505F434F 
 1901              	.LASF21:
 1902 0d98 4359424C 		.ascii	"CYBLE_EVT_HARDWARE_ERROR\000"
 1902      455F4556 
 1902      545F4841 
 1902      52445741 
 1902      52455F45 
 1903              	.LASF3:
 1904 0db1 73686F72 		.ascii	"short unsigned int\000"
 1904      7420756E 
 1904      7369676E 
 1904      65642069 
 1904      6E7400
 1905              	.LASF92:
 1906 0dc4 4359424C 		.ascii	"CYBLE_ERROR_INVALID_OPERATION\000"
 1906      455F4552 
 1906      524F525F 
 1906      494E5641 
 1906      4C49445F 
 1907              	.LASF52:
 1908 0de2 4359424C 		.ascii	"CYBLE_EVT_GATTS_XCNHG_MTU_REQ\000"
 1908      455F4556 
 1908      545F4741 
 1908      5454535F 
 1908      58434E48 
 1909              	.LASF129:
 1910 0e00 4359424C 		.ascii	"CYBLE_STATE_T\000"
 1910      455F5354 
 1910      4154455F 
 1910      5400
 1911              	.LASF59:
 1912 0e0e 4359424C 		.ascii	"CYBLE_EVT_GATTC_READ_BLOB_RSP\000"
 1912      455F4556 
 1912      545F4741 
 1912      5454435F 
 1912      52454144 
 1913              	.LASF141:
ARM GAS  C:\Users\310309~1\AppData\Local\Temp\cc63zhrg.s 			page 48


 1914 0e2c 73657373 		.ascii	"sessionDescriptorIndicate\000"
 1914      696F6E44 
 1914      65736372 
 1914      6970746F 
 1914      72496E64 
 1915              	.LASF116:
 1916 0e46 4359424C 		.ascii	"CYBLE_ERROR_CONTROLLER_BUSY\000"
 1916      455F4552 
 1916      524F525F 
 1916      434F4E54 
 1916      524F4C4C 
 1917              	.LASF112:
 1918 0e62 4359424C 		.ascii	"CYBLE_ERROR_MIC_AUTH_FAILED\000"
 1918      455F4552 
 1918      524F525F 
 1918      4D49435F 
 1918      41555448 
 1919              	.LASF134:
 1920 0e7e 456E7175 		.ascii	"Enquire_Sessions_Requested\000"
 1920      6972655F 
 1920      53657373 
 1920      696F6E73 
 1920      5F526571 
 1921              	.LASF105:
 1922 0e99 4359424C 		.ascii	"CYBLE_ERROR_L2CAP_PSM_NOT_REGISTERED\000"
 1922      455F4552 
 1922      524F525F 
 1922      4C324341 
 1922      505F5053 
 1923              	.LASF126:
 1924 0ebe 4359424C 		.ascii	"CYBLE_STATE_CONNECTED\000"
 1924      455F5354 
 1924      4154455F 
 1924      434F4E4E 
 1924      45435445 
 1925              	.LASF68:
 1926 0ed4 4359424C 		.ascii	"CYBLE_EVT_GATTC_HANDLE_VALUE_IND\000"
 1926      455F4556 
 1926      545F4741 
 1926      5454435F 
 1926      48414E44 
 1927              	.LASF57:
 1928 0ef5 4359424C 		.ascii	"CYBLE_EVT_GATTC_FIND_BY_TYPE_VALUE_RSP\000"
 1928      455F4556 
 1928      545F4741 
 1928      5454435F 
 1928      46494E44 
 1929              	.LASF99:
 1930 0f1c 4359424C 		.ascii	"CYBLE_ERROR_GAP_ROLE\000"
 1930      455F4552 
 1930      524F525F 
 1930      4741505F 
 1930      524F4C45 
 1931              	.LASF131:
 1932 0f31 5072696E 		.ascii	"PrintState\000"
 1932      74537461 
 1932      746500
ARM GAS  C:\Users\310309~1\AppData\Local\Temp\cc63zhrg.s 			page 49


 1933              	.LASF37:
 1934 0f3c 4359424C 		.ascii	"CYBLE_EVT_GAP_KEYINFO_EXCHNGE_CMPLT\000"
 1934      455F4556 
 1934      545F4741 
 1934      505F4B45 
 1934      59494E46 
 1935              	.LASF79:
 1936 0f60 4359424C 		.ascii	"CYBLE_EVT_L2CAP_CBFC_DISCONN_IND\000"
 1936      455F4556 
 1936      545F4C32 
 1936      4341505F 
 1936      43424643 
 1937              	.LASF48:
 1938 0f81 4359424C 		.ascii	"CYBLE_EVT_GAP_SMP_LOC_P256_KEYS_GEN_AND_SET_COMPLET"
 1938      455F4556 
 1938      545F4741 
 1938      505F534D 
 1938      505F4C4F 
 1939 0fb4 4500     		.ascii	"E\000"
 1940              	.LASF75:
 1941 0fb6 4359424C 		.ascii	"CYBLE_EVT_L2CAP_CONN_PARAM_UPDATE_RSP\000"
 1941      455F4556 
 1941      545F4C32 
 1941      4341505F 
 1941      434F4E4E 
 1942              	.LASF42:
 1943 0fdc 4359424C 		.ascii	"CYBLE_EVT_GAP_ENHANCE_CONN_COMPLETE\000"
 1943      455F4556 
 1943      545F4741 
 1943      505F454E 
 1943      48414E43 
 1944              	.LASF51:
 1945 1000 4359424C 		.ascii	"CYBLE_EVT_GATT_DISCONNECT_IND\000"
 1945      455F4556 
 1945      545F4741 
 1945      54545F44 
 1945      4953434F 
 1946              	.LASF109:
 1947 101e 4359424C 		.ascii	"CYBLE_ERROR_GATT_DB_INVALID_ATTR_HANDLE\000"
 1947      455F4552 
 1947      524F525F 
 1947      47415454 
 1947      5F44425F 
 1948              	.LASF88:
 1949 1046 4359424C 		.ascii	"CYBLE_EVT_FLASH_CORRUPT\000"
 1949      455F4556 
 1949      545F464C 
 1949      4153485F 
 1949      434F5252 
 1950              		.ident	"GCC: (GNU Tools for ARM Embedded Processors) 5.4.1 20160609 (release) [ARM/embedded-5-bran
