ARM GAS  C:\Users\310309~1\AppData\Local\Temp\ccvcI8A1.s 			page 1


   1              		.syntax unified
   2              		.cpu cortex-m0
   3              		.fpu softvfp
   4              		.eabi_attribute 20, 1
   5              		.eabi_attribute 21, 1
   6              		.eabi_attribute 23, 3
   7              		.eabi_attribute 24, 1
   8              		.eabi_attribute 25, 1
   9              		.eabi_attribute 26, 1
  10              		.eabi_attribute 30, 1
  11              		.eabi_attribute 34, 0
  12              		.eabi_attribute 18, 4
  13              		.thumb
  14              		.syntax unified
  15              		.file	"Gaid.c"
  16              		.text
  17              	.Ltext0:
  18              		.cfi_sections	.debug_frame
  19              		.section	.text.GaidInit,"ax",%progbits
  20              		.align	2
  21              		.global	GaidInit
  22              		.code	16
  23              		.thumb_func
  24              		.type	GaidInit, %function
  25              	GaidInit:
  26              	.LFB36:
  27              		.file 1 "Gaid.c"
   1:Gaid.c        **** /* ========================================
   2:Gaid.c        ****  *
   3:Gaid.c        ****  * Copyright YOUR COMPANY, THE YEAR
   4:Gaid.c        ****  * All Rights Reserved
   5:Gaid.c        ****  * UNPUBLISHED, LICENSED SOFTWARE.
   6:Gaid.c        ****  *
   7:Gaid.c        ****  * CONFIDENTIAL AND PROPRIETARY INFORMATION
   8:Gaid.c        ****  * WHICH IS THE PROPERTY OF your company.
   9:Gaid.c        ****  *
  10:Gaid.c        ****  * ========================================
  11:Gaid.c        **** */
  12:Gaid.c        **** 
  13:Gaid.c        **** #include "Gaid.h"
  14:Gaid.c        **** #include "common.h"
  15:Gaid.c        **** 
  16:Gaid.c        **** uint8                      isWssIndicationEnabled = NO;
  17:Gaid.c        **** uint8                      isWssIndicationPending = NO;
  18:Gaid.c        **** PAM_GAID_VALUE_T           gaidDataDef;
  19:Gaid.c        **** uint8                      wssIndData[PAM_GAID_MAX_DATA_SIZE];
  20:Gaid.c        **** uint32                     wssFeature;
  21:Gaid.c        **** 
  22:Gaid.c        **** void GaidInit()
  23:Gaid.c        **** {
  28              		.loc 1 23 0
  29              		.cfi_startproc
  30              		@ args = 0, pretend = 0, frame = 0
  31              		@ frame_needed = 0, uses_anonymous_args = 0
  32              		@ link register save eliminated.
  33              	.LVL0:
  24:Gaid.c        ****     uint8 count = 0u;
ARM GAS  C:\Users\310309~1\AppData\Local\Temp\ccvcI8A1.s 			page 2


  25:Gaid.c        ****     uint8 i;
  26:Gaid.c        ****     CYBLE_API_RESULT_T apiResult;
  27:Gaid.c        ****     uint8 rdData[PAM_GAID_MAX_DATA_SIZE]; 
  28:Gaid.c        ****     
  29:Gaid.c        ****     
  30:Gaid.c        ****     count+=3u; // flags
  31:Gaid.c        ****     count+=3u; // sessionID
  32:Gaid.c        ****     
  33:Gaid.c        ****     
  34:Gaid.c        ****     
  35:Gaid.c        ****     
  36:Gaid.c        **** }
  34              		.loc 1 36 0
  35              		@ sp needed
  36 0000 7047     		bx	lr
  37              		.cfi_endproc
  38              	.LFE36:
  39              		.size	GaidInit, .-GaidInit
  40 0002 C046     		.section	.text.updateGaid,"ax",%progbits
  41              		.align	2
  42              		.global	updateGaid
  43              		.code	16
  44              		.thumb_func
  45              		.type	updateGaid, %function
  46              	updateGaid:
  47              	.LFB37:
  37:Gaid.c        **** 
  38:Gaid.c        **** 
  39:Gaid.c        **** 
  40:Gaid.c        **** void updateGaid()
  41:Gaid.c        **** {
  48              		.loc 1 41 0
  49              		.cfi_startproc
  50              		@ args = 0, pretend = 0, frame = 16
  51              		@ frame_needed = 0, uses_anonymous_args = 0
  52 0000 00B5     		push	{lr}
  53              		.cfi_def_cfa_offset 4
  54              		.cfi_offset 14, -4
  55 0002 85B0     		sub	sp, sp, #20
  56              		.cfi_def_cfa_offset 24
  42:Gaid.c        ****     if(CyBle_GetState() != CYBLE_STATE_CONNECTED)
  57              		.loc 1 42 0
  58 0004 154B     		ldr	r3, .L6
  59 0006 1B78     		ldrb	r3, [r3]
  60 0008 022B     		cmp	r3, #2
  61 000a 24D1     		bne	.L2
  43:Gaid.c        ****     {
  44:Gaid.c        ****         return;
  45:Gaid.c        ****     }
  46:Gaid.c        ****     
  47:Gaid.c        ****     CYBLE_GATTS_HANDLE_VALUE_NTF_T tempHandle;
  48:Gaid.c        ****     
  49:Gaid.c        ****     tempHandle.attrHandle = CYBLE_PHYSICAL_ACTIVITY_MONITOR_GENERAL_ACTIVITY_INSTANTANEOUS_DATA_CHA
  62              		.loc 1 49 0
  63 000c 01A8     		add	r0, sp, #4
  64 000e 1433     		adds	r3, r3, #20
  65 0010 0381     		strh	r3, [r0, #8]
ARM GAS  C:\Users\310309~1\AppData\Local\Temp\ccvcI8A1.s 			page 3


  50:Gaid.c        ****     tempHandle.value.val = (uint8 *)& datalist;
  66              		.loc 1 50 0
  67 0012 134B     		ldr	r3, .L6+4
  68 0014 0193     		str	r3, [sp, #4]
  51:Gaid.c        ****     tempHandle.value.len = sizeof(datalist);
  69              		.loc 1 51 0
  70 0016 0423     		movs	r3, #4
  71 0018 8380     		strh	r3, [r0, #4]
  52:Gaid.c        ****     CyBle_GattsWriteAttributeValue(&tempHandle, 0, &cyBle_connHandle, 0);
  72              		.loc 1 52 0
  73 001a 0023     		movs	r3, #0
  74 001c 114A     		ldr	r2, .L6+8
  75 001e 0021     		movs	r1, #0
  76 0020 FFF7FEFF 		bl	CyBle_GattsWriteAttributeValue
  77              	.LVL1:
  53:Gaid.c        ****     
  54:Gaid.c        ****     if(generalinstantaneousdataNotify && (datalist != olddatalist))
  78              		.loc 1 54 0
  79 0024 104B     		ldr	r3, .L6+12
  80 0026 1B78     		ldrb	r3, [r3]
  81 0028 002B     		cmp	r3, #0
  82 002a 14D0     		beq	.L2
  83              		.loc 1 54 0 is_stmt 0 discriminator 1
  84 002c 0C4B     		ldr	r3, .L6+4
  85 002e 1A68     		ldr	r2, [r3]
  86 0030 0E4B     		ldr	r3, .L6+16
  87 0032 1B68     		ldr	r3, [r3]
  88 0034 9A42     		cmp	r2, r3
  89 0036 0ED0     		beq	.L2
  55:Gaid.c        ****     {
  56:Gaid.c        ****         CyBle_GattsNotification(cyBle_connHandle, &tempHandle);
  90              		.loc 1 56 0 is_stmt 1
  91 0038 0A4A     		ldr	r2, .L6+8
  92 003a 1378     		ldrb	r3, [r2]
  93 003c 5078     		ldrb	r0, [r2, #1]
  94 003e 0002     		lsls	r0, r0, #8
  95 0040 1843     		orrs	r0, r3
  96 0042 01A9     		add	r1, sp, #4
  97 0044 FFF7FEFF 		bl	CyBle_GattsNotification
  98              	.LVL2:
  57:Gaid.c        ****         olddatalist = datalist;
  99              		.loc 1 57 0
 100 0048 054B     		ldr	r3, .L6+4
 101 004a 1A68     		ldr	r2, [r3]
 102 004c 074B     		ldr	r3, .L6+16
 103 004e 1A60     		str	r2, [r3]
  58:Gaid.c        ****         DBG_PRINTF("Updating Generalinstantaneousdata \r\n");
 104              		.loc 1 58 0
 105 0050 0748     		ldr	r0, .L6+20
 106 0052 FFF7FEFF 		bl	puts
 107              	.LVL3:
 108              	.L2:
  59:Gaid.c        ****     }
  60:Gaid.c        **** }
 109              		.loc 1 60 0
 110 0056 05B0     		add	sp, sp, #20
 111              		@ sp needed
ARM GAS  C:\Users\310309~1\AppData\Local\Temp\ccvcI8A1.s 			page 4


 112 0058 00BD     		pop	{pc}
 113              	.L7:
 114 005a C046     		.align	2
 115              	.L6:
 116 005c 00000000 		.word	cyBle_state
 117 0060 00000000 		.word	datalist
 118 0064 00000000 		.word	cyBle_connHandle
 119 0068 00000000 		.word	generalinstantaneousdataNotify
 120 006c 00000000 		.word	olddatalist
 121 0070 00000000 		.word	.LC5
 122              		.cfi_endproc
 123              	.LFE37:
 124              		.size	updateGaid, .-updateGaid
 125              		.comm	wssFeature,4,4
 126              		.comm	wssIndData,36,4
 127              		.comm	gaidDataDef,27,4
 128              		.global	isWssIndicationPending
 129              		.global	isWssIndicationEnabled
 130              		.comm	generalinstantaneousdataNotify,1,1
 131              		.comm	olddatalist,4,4
 132              		.comm	datalist,4,4
 133              		.comm	sbitfield24,4,4
 134              		.comm	ubitfield24,4,4
 135              		.comm	pamFeature,8,8
 136              		.section	.rodata.str1.4,"aMS",%progbits,1
 137              		.align	2
 138              	.LC5:
 139 0000 55706461 		.ascii	"Updating Generalinstantaneousdata \015\000"
 139      74696E67 
 139      2047656E 
 139      6572616C 
 139      696E7374 
 140              		.bss
 141              		.type	isWssIndicationPending, %object
 142              		.size	isWssIndicationPending, 1
 143              	isWssIndicationPending:
 144 0000 00       		.space	1
 145              		.type	isWssIndicationEnabled, %object
 146              		.size	isWssIndicationEnabled, 1
 147              	isWssIndicationEnabled:
 148 0001 00       		.space	1
 149              		.text
 150              	.Letext0:
 151              		.file 2 "c:\\program files (x86)\\cypress\\psoc creator\\4.1\\psoc creator\\import\\gnu\\arm\\5.4.
 152              		.file 3 "c:\\program files (x86)\\cypress\\psoc creator\\4.1\\psoc creator\\import\\gnu\\arm\\5.4.
 153              		.file 4 "Generated_Source\\PSoC4/cytypes.h"
 154              		.file 5 "Generated_Source\\PSoC4/ble_Stack.h"
 155              		.file 6 "Generated_Source\\PSoC4/ble_StackGatt.h"
 156              		.file 7 "Generated_Source\\PSoC4/ble_StackGattServer.h"
 157              		.file 8 "Generated_Source\\PSoC4/ble_eventHandler.h"
 158              		.file 9 "common.h"
 159              		.file 10 "Gaid.h"
 160              		.file 11 "PamFeature.h"
 161              		.file 12 "Generated_Source\\PSoC4/ble_StackGattDb.h"
 162              		.file 13 "<built-in>"
 163              		.section	.debug_info,"",%progbits
 164              	.Ldebug_info0:
ARM GAS  C:\Users\310309~1\AppData\Local\Temp\ccvcI8A1.s 			page 5


 165 0000 0B070000 		.4byte	0x70b
 166 0004 0400     		.2byte	0x4
 167 0006 00000000 		.4byte	.Ldebug_abbrev0
 168 000a 04       		.byte	0x4
 169 000b 01       		.uleb128 0x1
 170 000c F8010000 		.4byte	.LASF178
 171 0010 0C       		.byte	0xc
 172 0011 BF110000 		.4byte	.LASF179
 173 0015 F4060000 		.4byte	.LASF180
 174 0019 00000000 		.4byte	.Ldebug_ranges0+0
 175 001d 00000000 		.4byte	0
 176 0021 00000000 		.4byte	.Ldebug_line0
 177 0025 02       		.uleb128 0x2
 178 0026 01       		.byte	0x1
 179 0027 06       		.byte	0x6
 180 0028 7F030000 		.4byte	.LASF0
 181 002c 02       		.uleb128 0x2
 182 002d 01       		.byte	0x1
 183 002e 08       		.byte	0x8
 184 002f 980C0000 		.4byte	.LASF1
 185 0033 02       		.uleb128 0x2
 186 0034 02       		.byte	0x2
 187 0035 05       		.byte	0x5
 188 0036 E10C0000 		.4byte	.LASF2
 189 003a 02       		.uleb128 0x2
 190 003b 02       		.byte	0x2
 191 003c 07       		.byte	0x7
 192 003d 500F0000 		.4byte	.LASF3
 193 0041 03       		.uleb128 0x3
 194 0042 950E0000 		.4byte	.LASF5
 195 0046 02       		.byte	0x2
 196 0047 3F       		.byte	0x3f
 197 0048 4C000000 		.4byte	0x4c
 198 004c 02       		.uleb128 0x2
 199 004d 04       		.byte	0x4
 200 004e 05       		.byte	0x5
 201 004f EF010000 		.4byte	.LASF4
 202 0053 03       		.uleb128 0x3
 203 0054 26060000 		.4byte	.LASF6
 204 0058 02       		.byte	0x2
 205 0059 41       		.byte	0x41
 206 005a 5E000000 		.4byte	0x5e
 207 005e 02       		.uleb128 0x2
 208 005f 04       		.byte	0x4
 209 0060 07       		.byte	0x7
 210 0061 CA060000 		.4byte	.LASF7
 211 0065 02       		.uleb128 0x2
 212 0066 08       		.byte	0x8
 213 0067 05       		.byte	0x5
 214 0068 71030000 		.4byte	.LASF8
 215 006c 02       		.uleb128 0x2
 216 006d 08       		.byte	0x8
 217 006e 07       		.byte	0x7
 218 006f EA050000 		.4byte	.LASF9
 219 0073 04       		.uleb128 0x4
 220 0074 04       		.byte	0x4
 221 0075 05       		.byte	0x5
ARM GAS  C:\Users\310309~1\AppData\Local\Temp\ccvcI8A1.s 			page 6


 222 0076 696E7400 		.ascii	"int\000"
 223 007a 02       		.uleb128 0x2
 224 007b 04       		.byte	0x4
 225 007c 07       		.byte	0x7
 226 007d 500E0000 		.4byte	.LASF10
 227 0081 03       		.uleb128 0x3
 228 0082 900C0000 		.4byte	.LASF11
 229 0086 03       		.byte	0x3
 230 0087 2C       		.byte	0x2c
 231 0088 41000000 		.4byte	0x41
 232 008c 03       		.uleb128 0x3
 233 008d CF0F0000 		.4byte	.LASF12
 234 0091 03       		.byte	0x3
 235 0092 30       		.byte	0x30
 236 0093 53000000 		.4byte	0x53
 237 0097 05       		.uleb128 0x5
 238 0098 BC040000 		.4byte	.LASF13
 239 009c 04       		.byte	0x4
 240 009d D201     		.2byte	0x1d2
 241 009f 2C000000 		.4byte	0x2c
 242 00a3 05       		.uleb128 0x5
 243 00a4 A60C0000 		.4byte	.LASF14
 244 00a8 04       		.byte	0x4
 245 00a9 D301     		.2byte	0x1d3
 246 00ab 3A000000 		.4byte	0x3a
 247 00af 05       		.uleb128 0x5
 248 00b0 35050000 		.4byte	.LASF15
 249 00b4 04       		.byte	0x4
 250 00b5 D401     		.2byte	0x1d4
 251 00b7 5E000000 		.4byte	0x5e
 252 00bb 02       		.uleb128 0x2
 253 00bc 04       		.byte	0x4
 254 00bd 04       		.byte	0x4
 255 00be 2A0C0000 		.4byte	.LASF16
 256 00c2 02       		.uleb128 0x2
 257 00c3 08       		.byte	0x8
 258 00c4 04       		.byte	0x4
 259 00c5 EF040000 		.4byte	.LASF17
 260 00c9 05       		.uleb128 0x5
 261 00ca D10C0000 		.4byte	.LASF18
 262 00ce 04       		.byte	0x4
 263 00cf DE01     		.2byte	0x1de
 264 00d1 6C000000 		.4byte	0x6c
 265 00d5 02       		.uleb128 0x2
 266 00d6 01       		.byte	0x1
 267 00d7 08       		.byte	0x8
 268 00d8 090E0000 		.4byte	.LASF19
 269 00dc 02       		.uleb128 0x2
 270 00dd 08       		.byte	0x8
 271 00de 04       		.byte	0x4
 272 00df FD0D0000 		.4byte	.LASF20
 273 00e3 02       		.uleb128 0x2
 274 00e4 04       		.byte	0x4
 275 00e5 07       		.byte	0x7
 276 00e6 3C0A0000 		.4byte	.LASF21
 277 00ea 06       		.uleb128 0x6
 278 00eb 01       		.byte	0x1
ARM GAS  C:\Users\310309~1\AppData\Local\Temp\ccvcI8A1.s 			page 7


 279 00ec 2C000000 		.4byte	0x2c
 280 00f0 05       		.byte	0x5
 281 00f1 4D01     		.2byte	0x14d
 282 00f3 A8020000 		.4byte	0x2a8
 283 00f7 07       		.uleb128 0x7
 284 00f8 24080000 		.4byte	.LASF22
 285 00fc 00       		.byte	0
 286 00fd 07       		.uleb128 0x7
 287 00fe 8B030000 		.4byte	.LASF23
 288 0102 01       		.byte	0x1
 289 0103 07       		.uleb128 0x7
 290 0104 DD010000 		.4byte	.LASF24
 291 0108 02       		.byte	0x2
 292 0109 07       		.uleb128 0x7
 293 010a 370F0000 		.4byte	.LASF25
 294 010e 03       		.byte	0x3
 295 010f 07       		.uleb128 0x7
 296 0110 BE020000 		.4byte	.LASF26
 297 0114 04       		.byte	0x4
 298 0115 07       		.uleb128 0x7
 299 0116 23000000 		.4byte	.LASF27
 300 011a 05       		.byte	0x5
 301 011b 07       		.uleb128 0x7
 302 011c 59080000 		.4byte	.LASF28
 303 0120 06       		.byte	0x6
 304 0121 07       		.uleb128 0x7
 305 0122 BB090000 		.4byte	.LASF29
 306 0126 20       		.byte	0x20
 307 0127 07       		.uleb128 0x7
 308 0128 EE030000 		.4byte	.LASF30
 309 012c 21       		.byte	0x21
 310 012d 07       		.uleb128 0x7
 311 012e 91080000 		.4byte	.LASF31
 312 0132 22       		.byte	0x22
 313 0133 07       		.uleb128 0x7
 314 0134 4F090000 		.4byte	.LASF32
 315 0138 23       		.byte	0x23
 316 0139 07       		.uleb128 0x7
 317 013a 0E0B0000 		.4byte	.LASF33
 318 013e 24       		.byte	0x24
 319 013f 07       		.uleb128 0x7
 320 0140 640A0000 		.4byte	.LASF34
 321 0144 25       		.byte	0x25
 322 0145 07       		.uleb128 0x7
 323 0146 A70F0000 		.4byte	.LASF35
 324 014a 26       		.byte	0x26
 325 014b 07       		.uleb128 0x7
 326 014c B5080000 		.4byte	.LASF36
 327 0150 27       		.byte	0x27
 328 0151 07       		.uleb128 0x7
 329 0152 2E0E0000 		.4byte	.LASF37
 330 0156 28       		.byte	0x28
 331 0157 07       		.uleb128 0x7
 332 0158 13030000 		.4byte	.LASF38
 333 015c 29       		.byte	0x29
 334 015d 07       		.uleb128 0x7
 335 015e BC000000 		.4byte	.LASF39
ARM GAS  C:\Users\310309~1\AppData\Local\Temp\ccvcI8A1.s 			page 8


 336 0162 2A       		.byte	0x2a
 337 0163 07       		.uleb128 0x7
 338 0164 39010000 		.4byte	.LASF40
 339 0168 2B       		.byte	0x2b
 340 0169 07       		.uleb128 0x7
 341 016a 1F110000 		.4byte	.LASF41
 342 016e 2C       		.byte	0x2c
 343 016f 07       		.uleb128 0x7
 344 0170 30030000 		.4byte	.LASF42
 345 0174 2D       		.byte	0x2d
 346 0175 07       		.uleb128 0x7
 347 0176 AD0C0000 		.4byte	.LASF43
 348 017a 2E       		.byte	0x2e
 349 017b 07       		.uleb128 0x7
 350 017c 58010000 		.4byte	.LASF44
 351 0180 2F       		.byte	0x2f
 352 0181 07       		.uleb128 0x7
 353 0182 D00A0000 		.4byte	.LASF45
 354 0186 30       		.byte	0x30
 355 0187 07       		.uleb128 0x7
 356 0188 C6110000 		.4byte	.LASF46
 357 018c 31       		.byte	0x31
 358 018d 07       		.uleb128 0x7
 359 018e AF0A0000 		.4byte	.LASF47
 360 0192 32       		.byte	0x32
 361 0193 07       		.uleb128 0x7
 362 0194 B30D0000 		.4byte	.LASF48
 363 0198 33       		.byte	0x33
 364 0199 07       		.uleb128 0x7
 365 019a DC060000 		.4byte	.LASF49
 366 019e 34       		.byte	0x34
 367 019f 07       		.uleb128 0x7
 368 01a0 F10A0000 		.4byte	.LASF50
 369 01a4 35       		.byte	0x35
 370 01a5 07       		.uleb128 0x7
 371 01a6 FC080000 		.4byte	.LASF51
 372 01aa 36       		.byte	0x36
 373 01ab 07       		.uleb128 0x7
 374 01ac 64110000 		.4byte	.LASF52
 375 01b0 37       		.byte	0x37
 376 01b1 07       		.uleb128 0x7
 377 01b2 5F050000 		.4byte	.LASF53
 378 01b6 40       		.byte	0x40
 379 01b7 07       		.uleb128 0x7
 380 01b8 84090000 		.4byte	.LASF54
 381 01bc 41       		.byte	0x41
 382 01bd 07       		.uleb128 0x7
 383 01be 06120000 		.4byte	.LASF55
 384 01c2 42       		.byte	0x42
 385 01c3 07       		.uleb128 0x7
 386 01c4 D80F0000 		.4byte	.LASF56
 387 01c8 43       		.byte	0x43
 388 01c9 07       		.uleb128 0x7
 389 01ca 82070000 		.4byte	.LASF57
 390 01ce 44       		.byte	0x44
 391 01cf 07       		.uleb128 0x7
 392 01d0 030C0000 		.4byte	.LASF58
ARM GAS  C:\Users\310309~1\AppData\Local\Temp\ccvcI8A1.s 			page 9


 393 01d4 45       		.byte	0x45
 394 01d5 07       		.uleb128 0x7
 395 01d6 120A0000 		.4byte	.LASF59
 396 01da 46       		.byte	0x46
 397 01db 07       		.uleb128 0x7
 398 01dc 3B080000 		.4byte	.LASF60
 399 01e0 47       		.byte	0x47
 400 01e1 07       		.uleb128 0x7
 401 01e2 E3100000 		.4byte	.LASF61
 402 01e6 48       		.byte	0x48
 403 01e7 07       		.uleb128 0x7
 404 01e8 12040000 		.4byte	.LASF62
 405 01ec 49       		.byte	0x49
 406 01ed 07       		.uleb128 0x7
 407 01ee 27100000 		.4byte	.LASF63
 408 01f2 4A       		.byte	0x4a
 409 01f3 07       		.uleb128 0x7
 410 01f4 81010000 		.4byte	.LASF64
 411 01f8 4B       		.byte	0x4b
 412 01f9 07       		.uleb128 0x7
 413 01fa E2080000 		.4byte	.LASF65
 414 01fe 4C       		.byte	0x4c
 415 01ff 07       		.uleb128 0x7
 416 0200 950A0000 		.4byte	.LASF66
 417 0204 4D       		.byte	0x4d
 418 0205 07       		.uleb128 0x7
 419 0206 45040000 		.4byte	.LASF67
 420 020a 4E       		.byte	0x4e
 421 020b 07       		.uleb128 0x7
 422 020c 380D0000 		.4byte	.LASF68
 423 0210 4F       		.byte	0x4f
 424 0211 07       		.uleb128 0x7
 425 0212 A0010000 		.4byte	.LASF69
 426 0216 50       		.byte	0x50
 427 0217 07       		.uleb128 0x7
 428 0218 D0040000 		.4byte	.LASF70
 429 021c 51       		.byte	0x51
 430 021d 07       		.uleb128 0x7
 431 021e 700B0000 		.4byte	.LASF71
 432 0222 52       		.byte	0x52
 433 0223 07       		.uleb128 0x7
 434 0224 EB0C0000 		.4byte	.LASF72
 435 0228 53       		.byte	0x53
 436 0229 07       		.uleb128 0x7
 437 022a 740D0000 		.4byte	.LASF73
 438 022e 54       		.byte	0x54
 439 022f 07       		.uleb128 0x7
 440 0230 A0070000 		.4byte	.LASF74
 441 0234 55       		.byte	0x55
 442 0235 07       		.uleb128 0x7
 443 0236 31060000 		.4byte	.LASF75
 444 023a 56       		.byte	0x56
 445 023b 07       		.uleb128 0x7
 446 023c 5D0E0000 		.4byte	.LASF76
 447 0240 57       		.byte	0x57
 448 0241 07       		.uleb128 0x7
 449 0242 C4070000 		.4byte	.LASF77
ARM GAS  C:\Users\310309~1\AppData\Local\Temp\ccvcI8A1.s 			page 10


 450 0246 58       		.byte	0x58
 451 0247 07       		.uleb128 0x7
 452 0248 1D090000 		.4byte	.LASF78
 453 024c 70       		.byte	0x70
 454 024d 07       		.uleb128 0x7
 455 024e 99110000 		.4byte	.LASF79
 456 0252 71       		.byte	0x71
 457 0253 07       		.uleb128 0x7
 458 0254 9F090000 		.4byte	.LASF80
 459 0258 72       		.byte	0x72
 460 0259 07       		.uleb128 0x7
 461 025a BF010000 		.4byte	.LASF81
 462 025e 73       		.byte	0x73
 463 025f 07       		.uleb128 0x7
 464 0260 DA0B0000 		.4byte	.LASF82
 465 0264 74       		.byte	0x74
 466 0265 07       		.uleb128 0x7
 467 0266 F6040000 		.4byte	.LASF83
 468 026a 75       		.byte	0x75
 469 026b 07       		.uleb128 0x7
 470 026c E5000000 		.4byte	.LASF84
 471 0270 76       		.byte	0x76
 472 0271 07       		.uleb128 0x7
 473 0272 53000000 		.4byte	.LASF85
 474 0276 77       		.byte	0x77
 475 0277 07       		.uleb128 0x7
 476 0278 00000000 		.4byte	.LASF86
 477 027c 78       		.byte	0x78
 478 027d 07       		.uleb128 0x7
 479 027e 9F0E0000 		.4byte	.LASF87
 480 0282 79       		.byte	0x79
 481 0283 07       		.uleb128 0x7
 482 0284 AF050000 		.4byte	.LASF88
 483 0288 7A       		.byte	0x7a
 484 0289 07       		.uleb128 0x7
 485 028a DE020000 		.4byte	.LASF89
 486 028e FA       		.byte	0xfa
 487 028f 07       		.uleb128 0x7
 488 0290 71060000 		.4byte	.LASF90
 489 0294 FB       		.byte	0xfb
 490 0295 07       		.uleb128 0x7
 491 0296 0C0D0000 		.4byte	.LASF91
 492 029a FC       		.byte	0xfc
 493 029b 07       		.uleb128 0x7
 494 029c 4C120000 		.4byte	.LASF92
 495 02a0 FD       		.byte	0xfd
 496 02a1 07       		.uleb128 0x7
 497 02a2 42050000 		.4byte	.LASF93
 498 02a6 FF       		.byte	0xff
 499 02a7 00       		.byte	0
 500 02a8 06       		.uleb128 0x6
 501 02a9 02       		.byte	0x2
 502 02aa 3A000000 		.4byte	0x3a
 503 02ae 05       		.byte	0x5
 504 02af 0204     		.2byte	0x402
 505 02b1 81030000 		.4byte	0x381
 506 02b5 07       		.uleb128 0x7
ARM GAS  C:\Users\310309~1\AppData\Local\Temp\ccvcI8A1.s 			page 11


 507 02b6 50050000 		.4byte	.LASF94
 508 02ba 00       		.byte	0
 509 02bb 07       		.uleb128 0x7
 510 02bc 17050000 		.4byte	.LASF95
 511 02c0 01       		.byte	0x1
 512 02c1 07       		.uleb128 0x7
 513 02c2 890F0000 		.4byte	.LASF96
 514 02c6 02       		.byte	0x2
 515 02c7 07       		.uleb128 0x7
 516 02c8 97000000 		.4byte	.LASF97
 517 02cc 03       		.byte	0x3
 518 02cd 07       		.uleb128 0x7
 519 02ce F60F0000 		.4byte	.LASF98
 520 02d2 04       		.byte	0x4
 521 02d3 07       		.uleb128 0x7
 522 02d4 53060000 		.4byte	.LASF99
 523 02d8 05       		.byte	0x5
 524 02d9 07       		.uleb128 0x7
 525 02da 1E0D0000 		.4byte	.LASF100
 526 02de 06       		.byte	0x6
 527 02df 07       		.uleb128 0x7
 528 02e0 C7030000 		.4byte	.LASF101
 529 02e4 07       		.byte	0x7
 530 02e5 07       		.uleb128 0x7
 531 02e6 950D0000 		.4byte	.LASF102
 532 02ea 08       		.byte	0x8
 533 02eb 07       		.uleb128 0x7
 534 02ec 0A110000 		.4byte	.LASF103
 535 02f0 09       		.byte	0x9
 536 02f1 07       		.uleb128 0x7
 537 02f2 530C0000 		.4byte	.LASF104
 538 02f6 0A       		.byte	0xa
 539 02f7 07       		.uleb128 0x7
 540 02f8 0E0E0000 		.4byte	.LASF105
 541 02fc 0B       		.byte	0xb
 542 02fd 07       		.uleb128 0x7
 543 02fe FC020000 		.4byte	.LASF106
 544 0302 0C       		.byte	0xc
 545 0303 07       		.uleb128 0x7
 546 0304 86020000 		.4byte	.LASF107
 547 0308 0D       		.byte	0xd
 548 0309 07       		.uleb128 0x7
 549 030a A1060000 		.4byte	.LASF108
 550 030e 0E       		.byte	0xe
 551 030f 07       		.uleb128 0x7
 552 0310 7D100000 		.4byte	.LASF109
 553 0314 0F       		.byte	0xf
 554 0315 07       		.uleb128 0x7
 555 0316 E70E0000 		.4byte	.LASF110
 556 031a 10       		.byte	0x10
 557 031b 07       		.uleb128 0x7
 558 031c E7070000 		.4byte	.LASF111
 559 0320 11       		.byte	0x11
 560 0321 07       		.uleb128 0x7
 561 0322 99040000 		.4byte	.LASF112
 562 0326 12       		.byte	0x12
 563 0327 07       		.uleb128 0x7
ARM GAS  C:\Users\310309~1\AppData\Local\Temp\ccvcI8A1.s 			page 12


 564 0328 24120000 		.4byte	.LASF113
 565 032c 13       		.byte	0x13
 566 032d 07       		.uleb128 0x7
 567 032e A5030000 		.4byte	.LASF114
 568 0332 27       		.byte	0x27
 569 0333 07       		.uleb128 0x7
 570 0334 C20E0000 		.4byte	.LASF115
 571 0338 28       		.byte	0x28
 572 0339 07       		.uleb128 0x7
 573 033a 61100000 		.4byte	.LASF116
 574 033e 29       		.byte	0x29
 575 033f 07       		.uleb128 0x7
 576 0340 570D0000 		.4byte	.LASF117
 577 0344 2A       		.byte	0x2a
 578 0345 07       		.uleb128 0x7
 579 0346 06010000 		.4byte	.LASF118
 580 034a 2B       		.byte	0x2b
 581 034b 07       		.uleb128 0x7
 582 034c FA090000 		.4byte	.LASF119
 583 0350 2C       		.byte	0x2c
 584 0351 07       		.uleb128 0x7
 585 0352 45100000 		.4byte	.LASF120
 586 0356 FE       		.byte	0xfe
 587 0357 07       		.uleb128 0x7
 588 0358 EA090000 		.4byte	.LASF121
 589 035c FF       		.byte	0xff
 590 035d 08       		.uleb128 0x8
 591 035e 0B080000 		.4byte	.LASF122
 592 0362 0001     		.2byte	0x100
 593 0364 08       		.uleb128 0x8
 594 0365 910B0000 		.4byte	.LASF123
 595 0369 0101     		.2byte	0x101
 596 036b 08       		.uleb128 0x8
 597 036c 6D0C0000 		.4byte	.LASF124
 598 0370 0201     		.2byte	0x102
 599 0372 08       		.uleb128 0x8
 600 0373 2B040000 		.4byte	.LASF125
 601 0377 0301     		.2byte	0x103
 602 0379 08       		.uleb128 0x8
 603 037a E60D0000 		.4byte	.LASF126
 604 037e 0401     		.2byte	0x104
 605 0380 00       		.byte	0
 606 0381 05       		.uleb128 0x5
 607 0382 340B0000 		.4byte	.LASF127
 608 0386 05       		.byte	0x5
 609 0387 7104     		.2byte	0x471
 610 0389 A8020000 		.4byte	0x2a8
 611 038d 09       		.uleb128 0x9
 612 038e 04       		.byte	0x4
 613 038f 97000000 		.4byte	0x97
 614 0393 05       		.uleb128 0x5
 615 0394 EA110000 		.4byte	.LASF128
 616 0398 06       		.byte	0x6
 617 0399 8901     		.2byte	0x189
 618 039b A3000000 		.4byte	0xa3
 619 039f 0A       		.uleb128 0xa
 620 03a0 02       		.byte	0x2
ARM GAS  C:\Users\310309~1\AppData\Local\Temp\ccvcI8A1.s 			page 13


 621 03a1 06       		.byte	0x6
 622 03a2 9301     		.2byte	0x193
 623 03a4 C3030000 		.4byte	0x3c3
 624 03a8 0B       		.uleb128 0xb
 625 03a9 5B110000 		.4byte	.LASF129
 626 03ad 06       		.byte	0x6
 627 03ae 9A01     		.2byte	0x19a
 628 03b0 97000000 		.4byte	0x97
 629 03b4 00       		.byte	0
 630 03b5 0B       		.uleb128 0xb
 631 03b6 DF090000 		.4byte	.LASF130
 632 03ba 06       		.byte	0x6
 633 03bb A001     		.2byte	0x1a0
 634 03bd 97000000 		.4byte	0x97
 635 03c1 01       		.byte	0x1
 636 03c2 00       		.byte	0
 637 03c3 05       		.uleb128 0x5
 638 03c4 72000000 		.4byte	.LASF131
 639 03c8 06       		.byte	0x6
 640 03c9 A201     		.2byte	0x1a2
 641 03cb 9F030000 		.4byte	0x39f
 642 03cf 0A       		.uleb128 0xa
 643 03d0 08       		.byte	0x8
 644 03d1 06       		.byte	0x6
 645 03d2 BE01     		.2byte	0x1be
 646 03d4 00040000 		.4byte	0x400
 647 03d8 0C       		.uleb128 0xc
 648 03d9 76616C00 		.ascii	"val\000"
 649 03dd 06       		.byte	0x6
 650 03de C101     		.2byte	0x1c1
 651 03e0 8D030000 		.4byte	0x38d
 652 03e4 00       		.byte	0
 653 03e5 0C       		.uleb128 0xc
 654 03e6 6C656E00 		.ascii	"len\000"
 655 03ea 06       		.byte	0x6
 656 03eb C401     		.2byte	0x1c4
 657 03ed A3000000 		.4byte	0xa3
 658 03f1 04       		.byte	0x4
 659 03f2 0B       		.uleb128 0xb
 660 03f3 E4030000 		.4byte	.LASF132
 661 03f7 06       		.byte	0x6
 662 03f8 CB01     		.2byte	0x1cb
 663 03fa A3000000 		.4byte	0xa3
 664 03fe 06       		.byte	0x6
 665 03ff 00       		.byte	0
 666 0400 05       		.uleb128 0x5
 667 0401 AB020000 		.4byte	.LASF133
 668 0405 06       		.byte	0x6
 669 0406 CD01     		.2byte	0x1cd
 670 0408 CF030000 		.4byte	0x3cf
 671 040c 0A       		.uleb128 0xa
 672 040d 0C       		.byte	0xc
 673 040e 06       		.byte	0x6
 674 040f D001     		.2byte	0x1d0
 675 0411 30040000 		.4byte	0x430
 676 0415 0B       		.uleb128 0xb
 677 0416 01060000 		.4byte	.LASF134
ARM GAS  C:\Users\310309~1\AppData\Local\Temp\ccvcI8A1.s 			page 14


 678 041a 06       		.byte	0x6
 679 041b D301     		.2byte	0x1d3
 680 041d 00040000 		.4byte	0x400
 681 0421 00       		.byte	0
 682 0422 0B       		.uleb128 0xb
 683 0423 DF050000 		.4byte	.LASF135
 684 0427 06       		.byte	0x6
 685 0428 D601     		.2byte	0x1d6
 686 042a 93030000 		.4byte	0x393
 687 042e 08       		.byte	0x8
 688 042f 00       		.byte	0
 689 0430 05       		.uleb128 0x5
 690 0431 BB0B0000 		.4byte	.LASF136
 691 0435 06       		.byte	0x6
 692 0436 D801     		.2byte	0x1d8
 693 0438 0C040000 		.4byte	0x40c
 694 043c 03       		.uleb128 0x3
 695 043d 79050000 		.4byte	.LASF137
 696 0441 07       		.byte	0x7
 697 0442 34       		.byte	0x34
 698 0443 30040000 		.4byte	0x430
 699 0447 06       		.uleb128 0x6
 700 0448 01       		.byte	0x1
 701 0449 2C000000 		.4byte	0x2c
 702 044d 08       		.byte	0x8
 703 044e 5008     		.2byte	0x850
 704 0450 73040000 		.4byte	0x473
 705 0454 07       		.uleb128 0x7
 706 0455 3F000000 		.4byte	.LASF138
 707 0459 00       		.byte	0
 708 045a 07       		.uleb128 0x7
 709 045b 4B0A0000 		.4byte	.LASF139
 710 045f 01       		.byte	0x1
 711 0460 07       		.uleb128 0x7
 712 0461 A2100000 		.4byte	.LASF140
 713 0465 02       		.byte	0x2
 714 0466 07       		.uleb128 0x7
 715 0467 59030000 		.4byte	.LASF141
 716 046b 03       		.byte	0x3
 717 046c 07       		.uleb128 0x7
 718 046d 63040000 		.4byte	.LASF142
 719 0471 04       		.byte	0x4
 720 0472 00       		.byte	0
 721 0473 05       		.uleb128 0x5
 722 0474 19100000 		.4byte	.LASF143
 723 0478 08       		.byte	0x8
 724 0479 5E08     		.2byte	0x85e
 725 047b 47040000 		.4byte	0x447
 726 047f 0D       		.uleb128 0xd
 727 0480 470C0000 		.4byte	.LASF144
 728 0484 04       		.byte	0x4
 729 0485 09       		.byte	0x9
 730 0486 1B       		.byte	0x1b
 731 0487 9B040000 		.4byte	0x49b
 732 048b 0E       		.uleb128 0xe
 733 048c 01060000 		.4byte	.LASF134
 734 0490 09       		.byte	0x9
ARM GAS  C:\Users\310309~1\AppData\Local\Temp\ccvcI8A1.s 			page 15


 735 0491 1C       		.byte	0x1c
 736 0492 8C000000 		.4byte	0x8c
 737 0496 04       		.byte	0x4
 738 0497 18       		.byte	0x18
 739 0498 08       		.byte	0x8
 740 0499 00       		.byte	0
 741 049a 00       		.byte	0
 742 049b 0D       		.uleb128 0xd
 743 049c DA0D0000 		.4byte	.LASF145
 744 04a0 04       		.byte	0x4
 745 04a1 09       		.byte	0x9
 746 04a2 1F       		.byte	0x1f
 747 04a3 B7040000 		.4byte	0x4b7
 748 04a7 0E       		.uleb128 0xe
 749 04a8 01060000 		.4byte	.LASF134
 750 04ac 09       		.byte	0x9
 751 04ad 20       		.byte	0x20
 752 04ae 81000000 		.4byte	0x81
 753 04b2 04       		.byte	0x4
 754 04b3 18       		.byte	0x18
 755 04b4 08       		.byte	0x8
 756 04b5 00       		.byte	0
 757 04b6 00       		.byte	0
 758 04b7 0F       		.uleb128 0xf
 759 04b8 1B       		.byte	0x1b
 760 04b9 0A       		.byte	0xa
 761 04ba 19       		.byte	0x19
 762 04bb 50050000 		.4byte	0x550
 763 04bf 10       		.uleb128 0x10
 764 04c0 7C040000 		.4byte	.LASF146
 765 04c4 0A       		.byte	0xa
 766 04c5 1D       		.byte	0x1d
 767 04c6 AF000000 		.4byte	0xaf
 768 04ca 00       		.byte	0
 769 04cb 10       		.uleb128 0x10
 770 04cc 860E0000 		.4byte	.LASF147
 771 04d0 0A       		.byte	0xa
 772 04d1 1E       		.byte	0x1e
 773 04d2 AF000000 		.4byte	0xaf
 774 04d6 04       		.byte	0x4
 775 04d7 10       		.uleb128 0x10
 776 04d8 630F0000 		.4byte	.LASF148
 777 04dc 0A       		.byte	0xa
 778 04dd 1F       		.byte	0x1f
 779 04de A3000000 		.4byte	0xa3
 780 04e2 08       		.byte	0x8
 781 04e3 10       		.uleb128 0x10
 782 04e4 150F0000 		.4byte	.LASF149
 783 04e8 0A       		.byte	0xa
 784 04e9 20       		.byte	0x20
 785 04ea A3000000 		.4byte	0xa3
 786 04ee 0A       		.byte	0xa
 787 04ef 10       		.uleb128 0x10
 788 04f0 520B0000 		.4byte	.LASF150
 789 04f4 0A       		.byte	0xa
 790 04f5 21       		.byte	0x21
 791 04f6 A3000000 		.4byte	0xa3
ARM GAS  C:\Users\310309~1\AppData\Local\Temp\ccvcI8A1.s 			page 16


 792 04fa 0C       		.byte	0xc
 793 04fb 10       		.uleb128 0x10
 794 04fc AA0B0000 		.4byte	.LASF151
 795 0500 0A       		.byte	0xa
 796 0501 22       		.byte	0x22
 797 0502 A3000000 		.4byte	0xa3
 798 0506 0E       		.byte	0xe
 799 0507 10       		.uleb128 0x10
 800 0508 B8100000 		.4byte	.LASF152
 801 050c 0A       		.byte	0xa
 802 050d 23       		.byte	0x23
 803 050e 97000000 		.4byte	0x97
 804 0512 10       		.byte	0x10
 805 0513 10       		.uleb128 0x10
 806 0514 450A0000 		.4byte	.LASF153
 807 0518 0A       		.byte	0xa
 808 0519 24       		.byte	0x24
 809 051a A3000000 		.4byte	0xa3
 810 051e 11       		.byte	0x11
 811 051f 10       		.uleb128 0x10
 812 0520 D4080000 		.4byte	.LASF154
 813 0524 0A       		.byte	0xa
 814 0525 25       		.byte	0x25
 815 0526 A3000000 		.4byte	0xa3
 816 052a 13       		.byte	0x13
 817 052b 10       		.uleb128 0x10
 818 052c 7E0A0000 		.4byte	.LASF155
 819 0530 0A       		.byte	0xa
 820 0531 27       		.byte	0x27
 821 0532 A3000000 		.4byte	0xa3
 822 0536 15       		.byte	0x15
 823 0537 10       		.uleb128 0x10
 824 0538 C2040000 		.4byte	.LASF156
 825 053c 0A       		.byte	0xa
 826 053d 28       		.byte	0x28
 827 053e A3000000 		.4byte	0xa3
 828 0542 17       		.byte	0x17
 829 0543 10       		.uleb128 0x10
 830 0544 05040000 		.4byte	.LASF157
 831 0548 0A       		.byte	0xa
 832 0549 29       		.byte	0x29
 833 054a A3000000 		.4byte	0xa3
 834 054e 19       		.byte	0x19
 835 054f 00       		.byte	0
 836 0550 03       		.uleb128 0x3
 837 0551 86000000 		.4byte	.LASF158
 838 0555 0A       		.byte	0xa
 839 0556 2B       		.byte	0x2b
 840 0557 B7040000 		.4byte	0x4b7
 841 055b 11       		.uleb128 0x11
 842 055c 330A0000 		.4byte	.LASF161
 843 0560 01       		.byte	0x1
 844 0561 16       		.byte	0x16
 845 0562 00000000 		.4byte	.LFB36
 846 0566 02000000 		.4byte	.LFE36-.LFB36
 847 056a 01       		.uleb128 0x1
 848 056b 9C       		.byte	0x9c
ARM GAS  C:\Users\310309~1\AppData\Local\Temp\ccvcI8A1.s 			page 17


 849 056c 9C050000 		.4byte	0x59c
 850 0570 12       		.uleb128 0x12
 851 0571 3C050000 		.4byte	.LASF163
 852 0575 01       		.byte	0x1
 853 0576 18       		.byte	0x18
 854 0577 97000000 		.4byte	0x97
 855 057b 06       		.byte	0x6
 856 057c 13       		.uleb128 0x13
 857 057d 6900     		.ascii	"i\000"
 858 057f 01       		.byte	0x1
 859 0580 19       		.byte	0x19
 860 0581 97000000 		.4byte	0x97
 861 0585 14       		.uleb128 0x14
 862 0586 2A0B0000 		.4byte	.LASF159
 863 058a 01       		.byte	0x1
 864 058b 1A       		.byte	0x1a
 865 058c 81030000 		.4byte	0x381
 866 0590 14       		.uleb128 0x14
 867 0591 9E030000 		.4byte	.LASF160
 868 0595 01       		.byte	0x1
 869 0596 1B       		.byte	0x1b
 870 0597 9C050000 		.4byte	0x59c
 871 059b 00       		.byte	0
 872 059c 15       		.uleb128 0x15
 873 059d 97000000 		.4byte	0x97
 874 05a1 AC050000 		.4byte	0x5ac
 875 05a5 16       		.uleb128 0x16
 876 05a6 E3000000 		.4byte	0xe3
 877 05aa 23       		.byte	0x23
 878 05ab 00       		.byte	0
 879 05ac 11       		.uleb128 0x11
 880 05ad 8E040000 		.4byte	.LASF162
 881 05b1 01       		.byte	0x1
 882 05b2 28       		.byte	0x28
 883 05b3 00000000 		.4byte	.LFB37
 884 05b7 74000000 		.4byte	.LFE37-.LFB37
 885 05bb 01       		.uleb128 0x1
 886 05bc 9C       		.byte	0x9c
 887 05bd 15060000 		.4byte	0x615
 888 05c1 17       		.uleb128 0x17
 889 05c2 300C0000 		.4byte	.LASF164
 890 05c6 01       		.byte	0x1
 891 05c7 2F       		.byte	0x2f
 892 05c8 3C040000 		.4byte	0x43c
 893 05cc 02       		.uleb128 0x2
 894 05cd 91       		.byte	0x91
 895 05ce 6C       		.sleb128 -20
 896 05cf 18       		.uleb128 0x18
 897 05d0 24000000 		.4byte	.LVL1
 898 05d4 E8060000 		.4byte	0x6e8
 899 05d8 ED050000 		.4byte	0x5ed
 900 05dc 19       		.uleb128 0x19
 901 05dd 01       		.uleb128 0x1
 902 05de 50       		.byte	0x50
 903 05df 02       		.uleb128 0x2
 904 05e0 91       		.byte	0x91
 905 05e1 6C       		.sleb128 -20
ARM GAS  C:\Users\310309~1\AppData\Local\Temp\ccvcI8A1.s 			page 18


 906 05e2 19       		.uleb128 0x19
 907 05e3 01       		.uleb128 0x1
 908 05e4 51       		.byte	0x51
 909 05e5 01       		.uleb128 0x1
 910 05e6 30       		.byte	0x30
 911 05e7 19       		.uleb128 0x19
 912 05e8 01       		.uleb128 0x1
 913 05e9 53       		.byte	0x53
 914 05ea 01       		.uleb128 0x1
 915 05eb 30       		.byte	0x30
 916 05ec 00       		.byte	0
 917 05ed 18       		.uleb128 0x18
 918 05ee 48000000 		.4byte	.LVL2
 919 05f2 F4060000 		.4byte	0x6f4
 920 05f6 01060000 		.4byte	0x601
 921 05fa 19       		.uleb128 0x19
 922 05fb 01       		.uleb128 0x1
 923 05fc 51       		.byte	0x51
 924 05fd 02       		.uleb128 0x2
 925 05fe 91       		.byte	0x91
 926 05ff 6C       		.sleb128 -20
 927 0600 00       		.byte	0
 928 0601 1A       		.uleb128 0x1a
 929 0602 56000000 		.4byte	.LVL3
 930 0606 FF060000 		.4byte	0x6ff
 931 060a 19       		.uleb128 0x19
 932 060b 01       		.uleb128 0x1
 933 060c 50       		.byte	0x50
 934 060d 05       		.uleb128 0x5
 935 060e 03       		.byte	0x3
 936 060f 00000000 		.4byte	.LC5
 937 0613 00       		.byte	0
 938 0614 00       		.byte	0
 939 0615 1B       		.uleb128 0x1b
 940 0616 43090000 		.4byte	.LASF165
 941 061a 08       		.byte	0x8
 942 061b A90A     		.2byte	0xaa9
 943 061d 73040000 		.4byte	0x473
 944 0621 1B       		.uleb128 0x1b
 945 0622 90060000 		.4byte	.LASF166
 946 0626 08       		.byte	0x8
 947 0627 AA0A     		.2byte	0xaaa
 948 0629 C3030000 		.4byte	0x3c3
 949 062d 1C       		.uleb128 0x1c
 950 062e D3020000 		.4byte	.LASF167
 951 0632 0B       		.byte	0xb
 952 0633 6E       		.byte	0x6e
 953 0634 C9000000 		.4byte	0xc9
 954 0638 05       		.uleb128 0x5
 955 0639 03       		.byte	0x3
 956 063a 00000000 		.4byte	pamFeature
 957 063e 1C       		.uleb128 0x1c
 958 063f 470C0000 		.4byte	.LASF144
 959 0643 09       		.byte	0x9
 960 0644 1D       		.byte	0x1d
 961 0645 7F040000 		.4byte	0x47f
 962 0649 05       		.uleb128 0x5
ARM GAS  C:\Users\310309~1\AppData\Local\Temp\ccvcI8A1.s 			page 19


 963 064a 03       		.byte	0x3
 964 064b 00000000 		.4byte	ubitfield24
 965 064f 1C       		.uleb128 0x1c
 966 0650 DA0D0000 		.4byte	.LASF145
 967 0654 09       		.byte	0x9
 968 0655 21       		.byte	0x21
 969 0656 9B040000 		.4byte	0x49b
 970 065a 05       		.uleb128 0x5
 971 065b 03       		.byte	0x3
 972 065c 00000000 		.4byte	sbitfield24
 973 0660 1C       		.uleb128 0x1c
 974 0661 D80C0000 		.4byte	.LASF168
 975 0665 0A       		.byte	0xa
 976 0666 55       		.byte	0x55
 977 0667 AF000000 		.4byte	0xaf
 978 066b 05       		.uleb128 0x5
 979 066c 03       		.byte	0x3
 980 066d 00000000 		.4byte	datalist
 981 0671 1C       		.uleb128 0x1c
 982 0672 D3050000 		.4byte	.LASF169
 983 0676 0A       		.byte	0xa
 984 0677 56       		.byte	0x56
 985 0678 AF000000 		.4byte	0xaf
 986 067c 05       		.uleb128 0x5
 987 067d 03       		.byte	0x3
 988 067e 00000000 		.4byte	olddatalist
 989 0682 1C       		.uleb128 0x1c
 990 0683 72080000 		.4byte	.LASF170
 991 0687 0A       		.byte	0xa
 992 0688 57       		.byte	0x57
 993 0689 97000000 		.4byte	0x97
 994 068d 05       		.uleb128 0x5
 995 068e 03       		.byte	0x3
 996 068f 00000000 		.4byte	generalinstantaneousdataNotify
 997 0693 1C       		.uleb128 0x1c
 998 0694 98050000 		.4byte	.LASF171
 999 0698 01       		.byte	0x1
 1000 0699 10       		.byte	0x10
 1001 069a 97000000 		.4byte	0x97
 1002 069e 05       		.uleb128 0x5
 1003 069f 03       		.byte	0x3
 1004 06a0 00000000 		.4byte	isWssIndicationEnabled
 1005 06a4 1C       		.uleb128 0x1c
 1006 06a5 CC100000 		.4byte	.LASF172
 1007 06a9 01       		.byte	0x1
 1008 06aa 11       		.byte	0x11
 1009 06ab 97000000 		.4byte	0x97
 1010 06af 05       		.uleb128 0x5
 1011 06b0 03       		.byte	0x3
 1012 06b1 00000000 		.4byte	isWssIndicationPending
 1013 06b5 1C       		.uleb128 0x1c
 1014 06b6 3B0C0000 		.4byte	.LASF173
 1015 06ba 01       		.byte	0x1
 1016 06bb 12       		.byte	0x12
 1017 06bc 50050000 		.4byte	0x550
 1018 06c0 05       		.uleb128 0x5
 1019 06c1 03       		.byte	0x3
ARM GAS  C:\Users\310309~1\AppData\Local\Temp\ccvcI8A1.s 			page 20


 1020 06c2 00000000 		.4byte	gaidDataDef
 1021 06c6 1C       		.uleb128 0x1c
 1022 06c7 F80B0000 		.4byte	.LASF174
 1023 06cb 01       		.byte	0x1
 1024 06cc 13       		.byte	0x13
 1025 06cd 9C050000 		.4byte	0x59c
 1026 06d1 05       		.uleb128 0x5
 1027 06d2 03       		.byte	0x3
 1028 06d3 00000000 		.4byte	wssIndData
 1029 06d7 1C       		.uleb128 0x1c
 1030 06d8 470B0000 		.4byte	.LASF175
 1031 06dc 01       		.byte	0x1
 1032 06dd 14       		.byte	0x14
 1033 06de AF000000 		.4byte	0xaf
 1034 06e2 05       		.uleb128 0x5
 1035 06e3 03       		.byte	0x3
 1036 06e4 00000000 		.4byte	wssFeature
 1037 06e8 1D       		.uleb128 0x1d
 1038 06e9 07060000 		.4byte	.LASF176
 1039 06ed 07060000 		.4byte	.LASF176
 1040 06f1 0C       		.byte	0xc
 1041 06f2 7E01     		.2byte	0x17e
 1042 06f4 1E       		.uleb128 0x1e
 1043 06f5 43110000 		.4byte	.LASF177
 1044 06f9 43110000 		.4byte	.LASF177
 1045 06fd 07       		.byte	0x7
 1046 06fe F2       		.byte	0xf2
 1047 06ff 1F       		.uleb128 0x1f
 1048 0700 E5090000 		.4byte	.LASF181
 1049 0704 75090000 		.4byte	.LASF182
 1050 0708 0D       		.byte	0xd
 1051 0709 00       		.byte	0
 1052 070a E5090000 		.4byte	.LASF181
 1053 070e 00       		.byte	0
 1054              		.section	.debug_abbrev,"",%progbits
 1055              	.Ldebug_abbrev0:
 1056 0000 01       		.uleb128 0x1
 1057 0001 11       		.uleb128 0x11
 1058 0002 01       		.byte	0x1
 1059 0003 25       		.uleb128 0x25
 1060 0004 0E       		.uleb128 0xe
 1061 0005 13       		.uleb128 0x13
 1062 0006 0B       		.uleb128 0xb
 1063 0007 03       		.uleb128 0x3
 1064 0008 0E       		.uleb128 0xe
 1065 0009 1B       		.uleb128 0x1b
 1066 000a 0E       		.uleb128 0xe
 1067 000b 55       		.uleb128 0x55
 1068 000c 17       		.uleb128 0x17
 1069 000d 11       		.uleb128 0x11
 1070 000e 01       		.uleb128 0x1
 1071 000f 10       		.uleb128 0x10
 1072 0010 17       		.uleb128 0x17
 1073 0011 00       		.byte	0
 1074 0012 00       		.byte	0
 1075 0013 02       		.uleb128 0x2
 1076 0014 24       		.uleb128 0x24
ARM GAS  C:\Users\310309~1\AppData\Local\Temp\ccvcI8A1.s 			page 21


 1077 0015 00       		.byte	0
 1078 0016 0B       		.uleb128 0xb
 1079 0017 0B       		.uleb128 0xb
 1080 0018 3E       		.uleb128 0x3e
 1081 0019 0B       		.uleb128 0xb
 1082 001a 03       		.uleb128 0x3
 1083 001b 0E       		.uleb128 0xe
 1084 001c 00       		.byte	0
 1085 001d 00       		.byte	0
 1086 001e 03       		.uleb128 0x3
 1087 001f 16       		.uleb128 0x16
 1088 0020 00       		.byte	0
 1089 0021 03       		.uleb128 0x3
 1090 0022 0E       		.uleb128 0xe
 1091 0023 3A       		.uleb128 0x3a
 1092 0024 0B       		.uleb128 0xb
 1093 0025 3B       		.uleb128 0x3b
 1094 0026 0B       		.uleb128 0xb
 1095 0027 49       		.uleb128 0x49
 1096 0028 13       		.uleb128 0x13
 1097 0029 00       		.byte	0
 1098 002a 00       		.byte	0
 1099 002b 04       		.uleb128 0x4
 1100 002c 24       		.uleb128 0x24
 1101 002d 00       		.byte	0
 1102 002e 0B       		.uleb128 0xb
 1103 002f 0B       		.uleb128 0xb
 1104 0030 3E       		.uleb128 0x3e
 1105 0031 0B       		.uleb128 0xb
 1106 0032 03       		.uleb128 0x3
 1107 0033 08       		.uleb128 0x8
 1108 0034 00       		.byte	0
 1109 0035 00       		.byte	0
 1110 0036 05       		.uleb128 0x5
 1111 0037 16       		.uleb128 0x16
 1112 0038 00       		.byte	0
 1113 0039 03       		.uleb128 0x3
 1114 003a 0E       		.uleb128 0xe
 1115 003b 3A       		.uleb128 0x3a
 1116 003c 0B       		.uleb128 0xb
 1117 003d 3B       		.uleb128 0x3b
 1118 003e 05       		.uleb128 0x5
 1119 003f 49       		.uleb128 0x49
 1120 0040 13       		.uleb128 0x13
 1121 0041 00       		.byte	0
 1122 0042 00       		.byte	0
 1123 0043 06       		.uleb128 0x6
 1124 0044 04       		.uleb128 0x4
 1125 0045 01       		.byte	0x1
 1126 0046 0B       		.uleb128 0xb
 1127 0047 0B       		.uleb128 0xb
 1128 0048 49       		.uleb128 0x49
 1129 0049 13       		.uleb128 0x13
 1130 004a 3A       		.uleb128 0x3a
 1131 004b 0B       		.uleb128 0xb
 1132 004c 3B       		.uleb128 0x3b
 1133 004d 05       		.uleb128 0x5
ARM GAS  C:\Users\310309~1\AppData\Local\Temp\ccvcI8A1.s 			page 22


 1134 004e 01       		.uleb128 0x1
 1135 004f 13       		.uleb128 0x13
 1136 0050 00       		.byte	0
 1137 0051 00       		.byte	0
 1138 0052 07       		.uleb128 0x7
 1139 0053 28       		.uleb128 0x28
 1140 0054 00       		.byte	0
 1141 0055 03       		.uleb128 0x3
 1142 0056 0E       		.uleb128 0xe
 1143 0057 1C       		.uleb128 0x1c
 1144 0058 0B       		.uleb128 0xb
 1145 0059 00       		.byte	0
 1146 005a 00       		.byte	0
 1147 005b 08       		.uleb128 0x8
 1148 005c 28       		.uleb128 0x28
 1149 005d 00       		.byte	0
 1150 005e 03       		.uleb128 0x3
 1151 005f 0E       		.uleb128 0xe
 1152 0060 1C       		.uleb128 0x1c
 1153 0061 05       		.uleb128 0x5
 1154 0062 00       		.byte	0
 1155 0063 00       		.byte	0
 1156 0064 09       		.uleb128 0x9
 1157 0065 0F       		.uleb128 0xf
 1158 0066 00       		.byte	0
 1159 0067 0B       		.uleb128 0xb
 1160 0068 0B       		.uleb128 0xb
 1161 0069 49       		.uleb128 0x49
 1162 006a 13       		.uleb128 0x13
 1163 006b 00       		.byte	0
 1164 006c 00       		.byte	0
 1165 006d 0A       		.uleb128 0xa
 1166 006e 13       		.uleb128 0x13
 1167 006f 01       		.byte	0x1
 1168 0070 0B       		.uleb128 0xb
 1169 0071 0B       		.uleb128 0xb
 1170 0072 3A       		.uleb128 0x3a
 1171 0073 0B       		.uleb128 0xb
 1172 0074 3B       		.uleb128 0x3b
 1173 0075 05       		.uleb128 0x5
 1174 0076 01       		.uleb128 0x1
 1175 0077 13       		.uleb128 0x13
 1176 0078 00       		.byte	0
 1177 0079 00       		.byte	0
 1178 007a 0B       		.uleb128 0xb
 1179 007b 0D       		.uleb128 0xd
 1180 007c 00       		.byte	0
 1181 007d 03       		.uleb128 0x3
 1182 007e 0E       		.uleb128 0xe
 1183 007f 3A       		.uleb128 0x3a
 1184 0080 0B       		.uleb128 0xb
 1185 0081 3B       		.uleb128 0x3b
 1186 0082 05       		.uleb128 0x5
 1187 0083 49       		.uleb128 0x49
 1188 0084 13       		.uleb128 0x13
 1189 0085 38       		.uleb128 0x38
 1190 0086 0B       		.uleb128 0xb
ARM GAS  C:\Users\310309~1\AppData\Local\Temp\ccvcI8A1.s 			page 23


 1191 0087 00       		.byte	0
 1192 0088 00       		.byte	0
 1193 0089 0C       		.uleb128 0xc
 1194 008a 0D       		.uleb128 0xd
 1195 008b 00       		.byte	0
 1196 008c 03       		.uleb128 0x3
 1197 008d 08       		.uleb128 0x8
 1198 008e 3A       		.uleb128 0x3a
 1199 008f 0B       		.uleb128 0xb
 1200 0090 3B       		.uleb128 0x3b
 1201 0091 05       		.uleb128 0x5
 1202 0092 49       		.uleb128 0x49
 1203 0093 13       		.uleb128 0x13
 1204 0094 38       		.uleb128 0x38
 1205 0095 0B       		.uleb128 0xb
 1206 0096 00       		.byte	0
 1207 0097 00       		.byte	0
 1208 0098 0D       		.uleb128 0xd
 1209 0099 13       		.uleb128 0x13
 1210 009a 01       		.byte	0x1
 1211 009b 03       		.uleb128 0x3
 1212 009c 0E       		.uleb128 0xe
 1213 009d 0B       		.uleb128 0xb
 1214 009e 0B       		.uleb128 0xb
 1215 009f 3A       		.uleb128 0x3a
 1216 00a0 0B       		.uleb128 0xb
 1217 00a1 3B       		.uleb128 0x3b
 1218 00a2 0B       		.uleb128 0xb
 1219 00a3 01       		.uleb128 0x1
 1220 00a4 13       		.uleb128 0x13
 1221 00a5 00       		.byte	0
 1222 00a6 00       		.byte	0
 1223 00a7 0E       		.uleb128 0xe
 1224 00a8 0D       		.uleb128 0xd
 1225 00a9 00       		.byte	0
 1226 00aa 03       		.uleb128 0x3
 1227 00ab 0E       		.uleb128 0xe
 1228 00ac 3A       		.uleb128 0x3a
 1229 00ad 0B       		.uleb128 0xb
 1230 00ae 3B       		.uleb128 0x3b
 1231 00af 0B       		.uleb128 0xb
 1232 00b0 49       		.uleb128 0x49
 1233 00b1 13       		.uleb128 0x13
 1234 00b2 0B       		.uleb128 0xb
 1235 00b3 0B       		.uleb128 0xb
 1236 00b4 0D       		.uleb128 0xd
 1237 00b5 0B       		.uleb128 0xb
 1238 00b6 0C       		.uleb128 0xc
 1239 00b7 0B       		.uleb128 0xb
 1240 00b8 38       		.uleb128 0x38
 1241 00b9 0B       		.uleb128 0xb
 1242 00ba 00       		.byte	0
 1243 00bb 00       		.byte	0
 1244 00bc 0F       		.uleb128 0xf
 1245 00bd 13       		.uleb128 0x13
 1246 00be 01       		.byte	0x1
 1247 00bf 0B       		.uleb128 0xb
ARM GAS  C:\Users\310309~1\AppData\Local\Temp\ccvcI8A1.s 			page 24


 1248 00c0 0B       		.uleb128 0xb
 1249 00c1 3A       		.uleb128 0x3a
 1250 00c2 0B       		.uleb128 0xb
 1251 00c3 3B       		.uleb128 0x3b
 1252 00c4 0B       		.uleb128 0xb
 1253 00c5 01       		.uleb128 0x1
 1254 00c6 13       		.uleb128 0x13
 1255 00c7 00       		.byte	0
 1256 00c8 00       		.byte	0
 1257 00c9 10       		.uleb128 0x10
 1258 00ca 0D       		.uleb128 0xd
 1259 00cb 00       		.byte	0
 1260 00cc 03       		.uleb128 0x3
 1261 00cd 0E       		.uleb128 0xe
 1262 00ce 3A       		.uleb128 0x3a
 1263 00cf 0B       		.uleb128 0xb
 1264 00d0 3B       		.uleb128 0x3b
 1265 00d1 0B       		.uleb128 0xb
 1266 00d2 49       		.uleb128 0x49
 1267 00d3 13       		.uleb128 0x13
 1268 00d4 38       		.uleb128 0x38
 1269 00d5 0B       		.uleb128 0xb
 1270 00d6 00       		.byte	0
 1271 00d7 00       		.byte	0
 1272 00d8 11       		.uleb128 0x11
 1273 00d9 2E       		.uleb128 0x2e
 1274 00da 01       		.byte	0x1
 1275 00db 3F       		.uleb128 0x3f
 1276 00dc 19       		.uleb128 0x19
 1277 00dd 03       		.uleb128 0x3
 1278 00de 0E       		.uleb128 0xe
 1279 00df 3A       		.uleb128 0x3a
 1280 00e0 0B       		.uleb128 0xb
 1281 00e1 3B       		.uleb128 0x3b
 1282 00e2 0B       		.uleb128 0xb
 1283 00e3 27       		.uleb128 0x27
 1284 00e4 19       		.uleb128 0x19
 1285 00e5 11       		.uleb128 0x11
 1286 00e6 01       		.uleb128 0x1
 1287 00e7 12       		.uleb128 0x12
 1288 00e8 06       		.uleb128 0x6
 1289 00e9 40       		.uleb128 0x40
 1290 00ea 18       		.uleb128 0x18
 1291 00eb 9742     		.uleb128 0x2117
 1292 00ed 19       		.uleb128 0x19
 1293 00ee 01       		.uleb128 0x1
 1294 00ef 13       		.uleb128 0x13
 1295 00f0 00       		.byte	0
 1296 00f1 00       		.byte	0
 1297 00f2 12       		.uleb128 0x12
 1298 00f3 34       		.uleb128 0x34
 1299 00f4 00       		.byte	0
 1300 00f5 03       		.uleb128 0x3
 1301 00f6 0E       		.uleb128 0xe
 1302 00f7 3A       		.uleb128 0x3a
 1303 00f8 0B       		.uleb128 0xb
 1304 00f9 3B       		.uleb128 0x3b
ARM GAS  C:\Users\310309~1\AppData\Local\Temp\ccvcI8A1.s 			page 25


 1305 00fa 0B       		.uleb128 0xb
 1306 00fb 49       		.uleb128 0x49
 1307 00fc 13       		.uleb128 0x13
 1308 00fd 1C       		.uleb128 0x1c
 1309 00fe 0B       		.uleb128 0xb
 1310 00ff 00       		.byte	0
 1311 0100 00       		.byte	0
 1312 0101 13       		.uleb128 0x13
 1313 0102 34       		.uleb128 0x34
 1314 0103 00       		.byte	0
 1315 0104 03       		.uleb128 0x3
 1316 0105 08       		.uleb128 0x8
 1317 0106 3A       		.uleb128 0x3a
 1318 0107 0B       		.uleb128 0xb
 1319 0108 3B       		.uleb128 0x3b
 1320 0109 0B       		.uleb128 0xb
 1321 010a 49       		.uleb128 0x49
 1322 010b 13       		.uleb128 0x13
 1323 010c 00       		.byte	0
 1324 010d 00       		.byte	0
 1325 010e 14       		.uleb128 0x14
 1326 010f 34       		.uleb128 0x34
 1327 0110 00       		.byte	0
 1328 0111 03       		.uleb128 0x3
 1329 0112 0E       		.uleb128 0xe
 1330 0113 3A       		.uleb128 0x3a
 1331 0114 0B       		.uleb128 0xb
 1332 0115 3B       		.uleb128 0x3b
 1333 0116 0B       		.uleb128 0xb
 1334 0117 49       		.uleb128 0x49
 1335 0118 13       		.uleb128 0x13
 1336 0119 00       		.byte	0
 1337 011a 00       		.byte	0
 1338 011b 15       		.uleb128 0x15
 1339 011c 01       		.uleb128 0x1
 1340 011d 01       		.byte	0x1
 1341 011e 49       		.uleb128 0x49
 1342 011f 13       		.uleb128 0x13
 1343 0120 01       		.uleb128 0x1
 1344 0121 13       		.uleb128 0x13
 1345 0122 00       		.byte	0
 1346 0123 00       		.byte	0
 1347 0124 16       		.uleb128 0x16
 1348 0125 21       		.uleb128 0x21
 1349 0126 00       		.byte	0
 1350 0127 49       		.uleb128 0x49
 1351 0128 13       		.uleb128 0x13
 1352 0129 2F       		.uleb128 0x2f
 1353 012a 0B       		.uleb128 0xb
 1354 012b 00       		.byte	0
 1355 012c 00       		.byte	0
 1356 012d 17       		.uleb128 0x17
 1357 012e 34       		.uleb128 0x34
 1358 012f 00       		.byte	0
 1359 0130 03       		.uleb128 0x3
 1360 0131 0E       		.uleb128 0xe
 1361 0132 3A       		.uleb128 0x3a
ARM GAS  C:\Users\310309~1\AppData\Local\Temp\ccvcI8A1.s 			page 26


 1362 0133 0B       		.uleb128 0xb
 1363 0134 3B       		.uleb128 0x3b
 1364 0135 0B       		.uleb128 0xb
 1365 0136 49       		.uleb128 0x49
 1366 0137 13       		.uleb128 0x13
 1367 0138 02       		.uleb128 0x2
 1368 0139 18       		.uleb128 0x18
 1369 013a 00       		.byte	0
 1370 013b 00       		.byte	0
 1371 013c 18       		.uleb128 0x18
 1372 013d 898201   		.uleb128 0x4109
 1373 0140 01       		.byte	0x1
 1374 0141 11       		.uleb128 0x11
 1375 0142 01       		.uleb128 0x1
 1376 0143 31       		.uleb128 0x31
 1377 0144 13       		.uleb128 0x13
 1378 0145 01       		.uleb128 0x1
 1379 0146 13       		.uleb128 0x13
 1380 0147 00       		.byte	0
 1381 0148 00       		.byte	0
 1382 0149 19       		.uleb128 0x19
 1383 014a 8A8201   		.uleb128 0x410a
 1384 014d 00       		.byte	0
 1385 014e 02       		.uleb128 0x2
 1386 014f 18       		.uleb128 0x18
 1387 0150 9142     		.uleb128 0x2111
 1388 0152 18       		.uleb128 0x18
 1389 0153 00       		.byte	0
 1390 0154 00       		.byte	0
 1391 0155 1A       		.uleb128 0x1a
 1392 0156 898201   		.uleb128 0x4109
 1393 0159 01       		.byte	0x1
 1394 015a 11       		.uleb128 0x11
 1395 015b 01       		.uleb128 0x1
 1396 015c 31       		.uleb128 0x31
 1397 015d 13       		.uleb128 0x13
 1398 015e 00       		.byte	0
 1399 015f 00       		.byte	0
 1400 0160 1B       		.uleb128 0x1b
 1401 0161 34       		.uleb128 0x34
 1402 0162 00       		.byte	0
 1403 0163 03       		.uleb128 0x3
 1404 0164 0E       		.uleb128 0xe
 1405 0165 3A       		.uleb128 0x3a
 1406 0166 0B       		.uleb128 0xb
 1407 0167 3B       		.uleb128 0x3b
 1408 0168 05       		.uleb128 0x5
 1409 0169 49       		.uleb128 0x49
 1410 016a 13       		.uleb128 0x13
 1411 016b 3F       		.uleb128 0x3f
 1412 016c 19       		.uleb128 0x19
 1413 016d 3C       		.uleb128 0x3c
 1414 016e 19       		.uleb128 0x19
 1415 016f 00       		.byte	0
 1416 0170 00       		.byte	0
 1417 0171 1C       		.uleb128 0x1c
 1418 0172 34       		.uleb128 0x34
ARM GAS  C:\Users\310309~1\AppData\Local\Temp\ccvcI8A1.s 			page 27


 1419 0173 00       		.byte	0
 1420 0174 03       		.uleb128 0x3
 1421 0175 0E       		.uleb128 0xe
 1422 0176 3A       		.uleb128 0x3a
 1423 0177 0B       		.uleb128 0xb
 1424 0178 3B       		.uleb128 0x3b
 1425 0179 0B       		.uleb128 0xb
 1426 017a 49       		.uleb128 0x49
 1427 017b 13       		.uleb128 0x13
 1428 017c 3F       		.uleb128 0x3f
 1429 017d 19       		.uleb128 0x19
 1430 017e 02       		.uleb128 0x2
 1431 017f 18       		.uleb128 0x18
 1432 0180 00       		.byte	0
 1433 0181 00       		.byte	0
 1434 0182 1D       		.uleb128 0x1d
 1435 0183 2E       		.uleb128 0x2e
 1436 0184 00       		.byte	0
 1437 0185 3F       		.uleb128 0x3f
 1438 0186 19       		.uleb128 0x19
 1439 0187 3C       		.uleb128 0x3c
 1440 0188 19       		.uleb128 0x19
 1441 0189 6E       		.uleb128 0x6e
 1442 018a 0E       		.uleb128 0xe
 1443 018b 03       		.uleb128 0x3
 1444 018c 0E       		.uleb128 0xe
 1445 018d 3A       		.uleb128 0x3a
 1446 018e 0B       		.uleb128 0xb
 1447 018f 3B       		.uleb128 0x3b
 1448 0190 05       		.uleb128 0x5
 1449 0191 00       		.byte	0
 1450 0192 00       		.byte	0
 1451 0193 1E       		.uleb128 0x1e
 1452 0194 2E       		.uleb128 0x2e
 1453 0195 00       		.byte	0
 1454 0196 3F       		.uleb128 0x3f
 1455 0197 19       		.uleb128 0x19
 1456 0198 3C       		.uleb128 0x3c
 1457 0199 19       		.uleb128 0x19
 1458 019a 6E       		.uleb128 0x6e
 1459 019b 0E       		.uleb128 0xe
 1460 019c 03       		.uleb128 0x3
 1461 019d 0E       		.uleb128 0xe
 1462 019e 3A       		.uleb128 0x3a
 1463 019f 0B       		.uleb128 0xb
 1464 01a0 3B       		.uleb128 0x3b
 1465 01a1 0B       		.uleb128 0xb
 1466 01a2 00       		.byte	0
 1467 01a3 00       		.byte	0
 1468 01a4 1F       		.uleb128 0x1f
 1469 01a5 2E       		.uleb128 0x2e
 1470 01a6 00       		.byte	0
 1471 01a7 3F       		.uleb128 0x3f
 1472 01a8 19       		.uleb128 0x19
 1473 01a9 3C       		.uleb128 0x3c
 1474 01aa 19       		.uleb128 0x19
 1475 01ab 6E       		.uleb128 0x6e
ARM GAS  C:\Users\310309~1\AppData\Local\Temp\ccvcI8A1.s 			page 28


 1476 01ac 0E       		.uleb128 0xe
 1477 01ad 03       		.uleb128 0x3
 1478 01ae 0E       		.uleb128 0xe
 1479 01af 3A       		.uleb128 0x3a
 1480 01b0 0B       		.uleb128 0xb
 1481 01b1 3B       		.uleb128 0x3b
 1482 01b2 0B       		.uleb128 0xb
 1483 01b3 6E       		.uleb128 0x6e
 1484 01b4 0E       		.uleb128 0xe
 1485 01b5 00       		.byte	0
 1486 01b6 00       		.byte	0
 1487 01b7 00       		.byte	0
 1488              		.section	.debug_aranges,"",%progbits
 1489 0000 24000000 		.4byte	0x24
 1490 0004 0200     		.2byte	0x2
 1491 0006 00000000 		.4byte	.Ldebug_info0
 1492 000a 04       		.byte	0x4
 1493 000b 00       		.byte	0
 1494 000c 0000     		.2byte	0
 1495 000e 0000     		.2byte	0
 1496 0010 00000000 		.4byte	.LFB36
 1497 0014 02000000 		.4byte	.LFE36-.LFB36
 1498 0018 00000000 		.4byte	.LFB37
 1499 001c 74000000 		.4byte	.LFE37-.LFB37
 1500 0020 00000000 		.4byte	0
 1501 0024 00000000 		.4byte	0
 1502              		.section	.debug_ranges,"",%progbits
 1503              	.Ldebug_ranges0:
 1504 0000 00000000 		.4byte	.LFB36
 1505 0004 02000000 		.4byte	.LFE36
 1506 0008 00000000 		.4byte	.LFB37
 1507 000c 74000000 		.4byte	.LFE37
 1508 0010 00000000 		.4byte	0
 1509 0014 00000000 		.4byte	0
 1510              		.section	.debug_line,"",%progbits
 1511              	.Ldebug_line0:
 1512 0000 10020000 		.section	.debug_str,"MS",%progbits,1
 1512      0200D801 
 1512      00000201 
 1512      FB0E0D00 
 1512      01010101 
 1513              	.LASF86:
 1514 0000 4359424C 		.ascii	"CYBLE_EVT_L2CAP_CBFC_RX_CREDIT_IND\000"
 1514      455F4556 
 1514      545F4C32 
 1514      4341505F 
 1514      43424643 
 1515              	.LASF27:
 1516 0023 4359424C 		.ascii	"CYBLE_EVT_STACK_BUSY_STATUS\000"
 1516      455F4556 
 1516      545F5354 
 1516      41434B5F 
 1516      42555359 
 1517              	.LASF138:
 1518 003f 4359424C 		.ascii	"CYBLE_STATE_STOPPED\000"
 1518      455F5354 
 1518      4154455F 
ARM GAS  C:\Users\310309~1\AppData\Local\Temp\ccvcI8A1.s 			page 29


 1518      53544F50 
 1518      50454400 
 1519              	.LASF85:
 1520 0053 4359424C 		.ascii	"CYBLE_EVT_L2CAP_CBFC_DATA_READ\000"
 1520      455F4556 
 1520      545F4C32 
 1520      4341505F 
 1520      43424643 
 1521              	.LASF131:
 1522 0072 4359424C 		.ascii	"CYBLE_CONN_HANDLE_T\000"
 1522      455F434F 
 1522      4E4E5F48 
 1522      414E444C 
 1522      455F5400 
 1523              	.LASF158:
 1524 0086 50414D5F 		.ascii	"PAM_GAID_VALUE_T\000"
 1524      47414944 
 1524      5F56414C 
 1524      55455F54 
 1524      00
 1525              	.LASF97:
 1526 0097 4359424C 		.ascii	"CYBLE_ERROR_MEMORY_ALLOCATION_FAILED\000"
 1526      455F4552 
 1526      524F525F 
 1526      4D454D4F 
 1526      52595F41 
 1527              	.LASF39:
 1528 00bc 4359424C 		.ascii	"CYBLE_EVT_GAP_CONNECTION_UPDATE_COMPLETE\000"
 1528      455F4556 
 1528      545F4741 
 1528      505F434F 
 1528      4E4E4543 
 1529              	.LASF84:
 1530 00e5 4359424C 		.ascii	"CYBLE_EVT_L2CAP_CBFC_DISCONN_CNF\000"
 1530      455F4556 
 1530      545F4C32 
 1530      4341505F 
 1530      43424643 
 1531              	.LASF118:
 1532 0106 4359424C 		.ascii	"CYBLE_ERROR_UNSUPPORTED_FEATURE_OR_PARAMETER_VALUE\000"
 1532      455F4552 
 1532      524F525F 
 1532      554E5355 
 1532      50504F52 
 1533              	.LASF40:
 1534 0139 4359424C 		.ascii	"CYBLE_EVT_GAPC_SCAN_START_STOP\000"
 1534      455F4556 
 1534      545F4741 
 1534      50435F53 
 1534      43414E5F 
 1535              	.LASF44:
 1536 0158 4359424C 		.ascii	"CYBLE_EVT_GAP_OOB_GENERATED_NOTIFICATION\000"
 1536      455F4556 
 1536      545F4741 
 1536      505F4F4F 
 1536      425F4745 
 1537              	.LASF64:
ARM GAS  C:\Users\310309~1\AppData\Local\Temp\ccvcI8A1.s 			page 30


 1538 0181 4359424C 		.ascii	"CYBLE_EVT_GATTC_READ_MULTI_RSP\000"
 1538      455F4556 
 1538      545F4741 
 1538      5454435F 
 1538      52454144 
 1539              	.LASF69:
 1540 01a0 4359424C 		.ascii	"CYBLE_EVT_GATTS_EXEC_WRITE_REQ\000"
 1540      455F4556 
 1540      545F4741 
 1540      5454535F 
 1540      45584543 
 1541              	.LASF81:
 1542 01bf 4359424C 		.ascii	"CYBLE_EVT_L2CAP_CBFC_CONN_IND\000"
 1542      455F4556 
 1542      545F4C32 
 1542      4341505F 
 1542      43424643 
 1543              	.LASF24:
 1544 01dd 4359424C 		.ascii	"CYBLE_EVT_TIMEOUT\000"
 1544      455F4556 
 1544      545F5449 
 1544      4D454F55 
 1544      5400
 1545              	.LASF4:
 1546 01ef 6C6F6E67 		.ascii	"long int\000"
 1546      20696E74 
 1546      00
 1547              	.LASF178:
 1548 01f8 474E5520 		.ascii	"GNU C11 5.4.1 20160609 (release) [ARM/embedded-5-br"
 1548      43313120 
 1548      352E342E 
 1548      31203230 
 1548      31363036 
 1549 022b 616E6368 		.ascii	"anch revision 237715] -mcpu=cortex-m0 -mthumb -g -O"
 1549      20726576 
 1549      6973696F 
 1549      6E203233 
 1549      37373135 
 1550 025e 67202D66 		.ascii	"g -ffunction-sections -ffat-lto-objects\000"
 1550      66756E63 
 1550      74696F6E 
 1550      2D736563 
 1550      74696F6E 
 1551              	.LASF107:
 1552 0286 4359424C 		.ascii	"CYBLE_ERROR_L2CAP_PSM_WRONG_ENCODING\000"
 1552      455F4552 
 1552      524F525F 
 1552      4C324341 
 1552      505F5053 
 1553              	.LASF133:
 1554 02ab 4359424C 		.ascii	"CYBLE_GATT_VALUE_T\000"
 1554      455F4741 
 1554      54545F56 
 1554      414C5545 
 1554      5F5400
 1555              	.LASF26:
 1556 02be 4359424C 		.ascii	"CYBLE_EVT_HCI_STATUS\000"
ARM GAS  C:\Users\310309~1\AppData\Local\Temp\ccvcI8A1.s 			page 31


 1556      455F4556 
 1556      545F4843 
 1556      495F5354 
 1556      41545553 
 1557              	.LASF167:
 1558 02d3 70616D46 		.ascii	"pamFeature\000"
 1558      65617475 
 1558      726500
 1559              	.LASF89:
 1560 02de 4359424C 		.ascii	"CYBLE_EVT_PENDING_FLASH_WRITE\000"
 1560      455F4556 
 1560      545F5045 
 1560      4E44494E 
 1560      475F464C 
 1561              	.LASF106:
 1562 02fc 4359424C 		.ascii	"CYBLE_ERROR_SEC_FAILED\000"
 1562      455F4552 
 1562      524F525F 
 1562      5345435F 
 1562      4641494C 
 1563              	.LASF38:
 1564 0313 4359424C 		.ascii	"CYBLE_EVT_GAP_ENCRYPT_CHANGE\000"
 1564      455F4556 
 1564      545F4741 
 1564      505F454E 
 1564      43525950 
 1565              	.LASF42:
 1566 0330 4359424C 		.ascii	"CYBLE_EVT_GAP_NUMERIC_COMPARISON_REQUEST\000"
 1566      455F4556 
 1566      545F4741 
 1566      505F4E55 
 1566      4D455249 
 1567              	.LASF141:
 1568 0359 4359424C 		.ascii	"CYBLE_STATE_ADVERTISING\000"
 1568      455F5354 
 1568      4154455F 
 1568      41445645 
 1568      52544953 
 1569              	.LASF8:
 1570 0371 6C6F6E67 		.ascii	"long long int\000"
 1570      206C6F6E 
 1570      6720696E 
 1570      7400
 1571              	.LASF0:
 1572 037f 7369676E 		.ascii	"signed char\000"
 1572      65642063 
 1572      68617200 
 1573              	.LASF23:
 1574 038b 4359424C 		.ascii	"CYBLE_EVT_STACK_ON\000"
 1574      455F4556 
 1574      545F5354 
 1574      41434B5F 
 1574      4F4E00
 1575              	.LASF160:
 1576 039e 72644461 		.ascii	"rdData\000"
 1576      746100
 1577              	.LASF114:
ARM GAS  C:\Users\310309~1\AppData\Local\Temp\ccvcI8A1.s 			page 32


 1578 03a5 4359424C 		.ascii	"CYBLE_ERROR_DEVICE_ALREADY_EXISTS\000"
 1578      455F4552 
 1578      524F525F 
 1578      44455649 
 1578      43455F41 
 1579              	.LASF101:
 1580 03c7 4359424C 		.ascii	"CYBLE_ERROR_NO_DEVICE_ENTITY\000"
 1580      455F4552 
 1580      524F525F 
 1580      4E4F5F44 
 1580      45564943 
 1581              	.LASF132:
 1582 03e4 61637475 		.ascii	"actualLen\000"
 1582      616C4C65 
 1582      6E00
 1583              	.LASF30:
 1584 03ee 4359424C 		.ascii	"CYBLE_EVT_GAP_AUTH_REQ\000"
 1584      455F4556 
 1584      545F4741 
 1584      505F4155 
 1584      54485F52 
 1585              	.LASF157:
 1586 0405 41637469 		.ascii	"ActivityType\000"
 1586      76697479 
 1586      54797065 
 1586      00
 1587              	.LASF62:
 1588 0412 4359424C 		.ascii	"CYBLE_EVT_GATTC_READ_RSP\000"
 1588      455F4556 
 1588      545F4741 
 1588      5454435F 
 1588      52454144 
 1589              	.LASF125:
 1590 042b 4359424C 		.ascii	"CYBLE_ERROR_INVALID_STATE\000"
 1590      455F4552 
 1590      524F525F 
 1590      494E5641 
 1590      4C49445F 
 1591              	.LASF67:
 1592 0445 4359424C 		.ascii	"CYBLE_EVT_GATTS_WRITE_CMD_REQ\000"
 1592      455F4556 
 1592      545F4741 
 1592      5454535F 
 1592      57524954 
 1593              	.LASF142:
 1594 0463 4359424C 		.ascii	"CYBLE_STATE_DISCONNECTED\000"
 1594      455F5354 
 1594      4154455F 
 1594      44495343 
 1594      4F4E4E45 
 1595              	.LASF146:
 1596 047c 52656C61 		.ascii	"RelativeTimestamp\000"
 1596      74697665 
 1596      54696D65 
 1596      7374616D 
 1596      7000
 1597              	.LASF162:
ARM GAS  C:\Users\310309~1\AppData\Local\Temp\ccvcI8A1.s 			page 33


 1598 048e 75706461 		.ascii	"updateGaid\000"
 1598      74654761 
 1598      696400
 1599              	.LASF112:
 1600 0499 4359424C 		.ascii	"CYBLE_ERROR_L2CAP_PSM_NOT_IN_RANGE\000"
 1600      455F4552 
 1600      524F525F 
 1600      4C324341 
 1600      505F5053 
 1601              	.LASF13:
 1602 04bc 75696E74 		.ascii	"uint8\000"
 1602      3800
 1603              	.LASF156:
 1604 04c2 41637469 		.ascii	"ActivityLevel\000"
 1604      76697479 
 1604      4C657665 
 1604      6C00
 1605              	.LASF70:
 1606 04d0 4359424C 		.ascii	"CYBLE_EVT_GATTC_EXEC_WRITE_RSP\000"
 1606      455F4556 
 1606      545F4741 
 1606      5454435F 
 1606      45584543 
 1607              	.LASF17:
 1608 04ef 646F7562 		.ascii	"double\000"
 1608      6C6500
 1609              	.LASF83:
 1610 04f6 4359424C 		.ascii	"CYBLE_EVT_L2CAP_CBFC_DISCONN_IND\000"
 1610      455F4556 
 1610      545F4C32 
 1610      4341505F 
 1610      43424643 
 1611              	.LASF95:
 1612 0517 4359424C 		.ascii	"CYBLE_ERROR_INVALID_PARAMETER\000"
 1612      455F4552 
 1612      524F525F 
 1612      494E5641 
 1612      4C49445F 
 1613              	.LASF15:
 1614 0535 75696E74 		.ascii	"uint32\000"
 1614      333200
 1615              	.LASF163:
 1616 053c 636F756E 		.ascii	"count\000"
 1616      7400
 1617              	.LASF93:
 1618 0542 4359424C 		.ascii	"CYBLE_EVT_MAX\000"
 1618      455F4556 
 1618      545F4D41 
 1618      5800
 1619              	.LASF94:
 1620 0550 4359424C 		.ascii	"CYBLE_ERROR_OK\000"
 1620      455F4552 
 1620      524F525F 
 1620      4F4B00
 1621              	.LASF53:
 1622 055f 4359424C 		.ascii	"CYBLE_EVT_GATTC_ERROR_RSP\000"
 1622      455F4556 
ARM GAS  C:\Users\310309~1\AppData\Local\Temp\ccvcI8A1.s 			page 34


 1622      545F4741 
 1622      5454435F 
 1622      4552524F 
 1623              	.LASF137:
 1624 0579 4359424C 		.ascii	"CYBLE_GATTS_HANDLE_VALUE_NTF_T\000"
 1624      455F4741 
 1624      5454535F 
 1624      48414E44 
 1624      4C455F56 
 1625              	.LASF171:
 1626 0598 69735773 		.ascii	"isWssIndicationEnabled\000"
 1626      73496E64 
 1626      69636174 
 1626      696F6E45 
 1626      6E61626C 
 1627              	.LASF88:
 1628 05af 4359424C 		.ascii	"CYBLE_EVT_L2CAP_CBFC_DATA_WRITE_IND\000"
 1628      455F4556 
 1628      545F4C32 
 1628      4341505F 
 1628      43424643 
 1629              	.LASF169:
 1630 05d3 6F6C6464 		.ascii	"olddatalist\000"
 1630      6174616C 
 1630      69737400 
 1631              	.LASF135:
 1632 05df 61747472 		.ascii	"attrHandle\000"
 1632      48616E64 
 1632      6C6500
 1633              	.LASF9:
 1634 05ea 6C6F6E67 		.ascii	"long long unsigned int\000"
 1634      206C6F6E 
 1634      6720756E 
 1634      7369676E 
 1634      65642069 
 1635              	.LASF134:
 1636 0601 76616C75 		.ascii	"value\000"
 1636      6500
 1637              	.LASF176:
 1638 0607 4379426C 		.ascii	"CyBle_GattsWriteAttributeValue\000"
 1638      655F4761 
 1638      74747357 
 1638      72697465 
 1638      41747472 
 1639              	.LASF6:
 1640 0626 5F5F7569 		.ascii	"__uint32_t\000"
 1640      6E743332 
 1640      5F7400
 1641              	.LASF75:
 1642 0631 4359424C 		.ascii	"CYBLE_EVT_GATTC_STOP_CMD_COMPLETE\000"
 1642      455F4556 
 1642      545F4741 
 1642      5454435F 
 1642      53544F50 
 1643              	.LASF99:
 1644 0653 4359424C 		.ascii	"CYBLE_ERROR_OOB_NOT_AVAILABLE\000"
 1644      455F4552 
ARM GAS  C:\Users\310309~1\AppData\Local\Temp\ccvcI8A1.s 			page 35


 1644      524F525F 
 1644      4F4F425F 
 1644      4E4F545F 
 1645              	.LASF90:
 1646 0671 4359424C 		.ascii	"CYBLE_EVT_LE_PING_AUTH_TIMEOUT\000"
 1646      455F4556 
 1646      545F4C45 
 1646      5F50494E 
 1646      475F4155 
 1647              	.LASF166:
 1648 0690 6379426C 		.ascii	"cyBle_connHandle\000"
 1648      655F636F 
 1648      6E6E4861 
 1648      6E646C65 
 1648      00
 1649              	.LASF108:
 1650 06a1 4359424C 		.ascii	"CYBLE_ERROR_L2CAP_PSM_ALREADY_REGISTERED\000"
 1650      455F4552 
 1650      524F525F 
 1650      4C324341 
 1650      505F5053 
 1651              	.LASF7:
 1652 06ca 6C6F6E67 		.ascii	"long unsigned int\000"
 1652      20756E73 
 1652      69676E65 
 1652      6420696E 
 1652      7400
 1653              	.LASF49:
 1654 06dc 4359424C 		.ascii	"CYBLE_EVT_GAP_CONN_ESTB\000"
 1654      455F4556 
 1654      545F4741 
 1654      505F434F 
 1654      4E4E5F45 
 1655              	.LASF180:
 1656 06f4 433A5C55 		.ascii	"C:\\Users\\310309623\\Desktop\\OneDrive - Philips\\"
 1656      73657273 
 1656      5C333130 
 1656      33303936 
 1656      32335C44 
 1657 0722 41667374 		.ascii	"Afstudeerstage\\Afstuderen\\Stage\\Project\\Service"
 1657      75646565 
 1657      72737461 
 1657      67655C41 
 1657      66737475 
 1658 0751 5C506869 		.ascii	"\\Philips\\Physical Activity Monitor Service.cydsn\000"
 1658      6C697073 
 1658      5C506879 
 1658      73696361 
 1658      6C204163 
 1659              	.LASF57:
 1660 0782 4359424C 		.ascii	"CYBLE_EVT_GATTC_XCHNG_MTU_RSP\000"
 1660      455F4556 
 1660      545F4741 
 1660      5454435F 
 1660      5843484E 
 1661              	.LASF74:
 1662 07a0 4359424C 		.ascii	"CYBLE_EVT_GATTS_DATA_SIGNED_CMD_REQ\000"
ARM GAS  C:\Users\310309~1\AppData\Local\Temp\ccvcI8A1.s 			page 36


 1662      455F4556 
 1662      545F4741 
 1662      5454535F 
 1662      44415441 
 1663              	.LASF77:
 1664 07c4 4359424C 		.ascii	"CYBLE_EVT_GATTC_LONG_PROCEDURE_END\000"
 1664      455F4556 
 1664      545F4741 
 1664      5454435F 
 1664      4C4F4E47 
 1665              	.LASF111:
 1666 07e7 4359424C 		.ascii	"CYBLE_ERROR_L2CAP_CHANNEL_NOT_FOUND\000"
 1666      455F4552 
 1666      524F525F 
 1666      4C324341 
 1666      505F4348 
 1667              	.LASF122:
 1668 080b 4359424C 		.ascii	"CYBLE_ERROR_NTF_DISABLED\000"
 1668      455F4552 
 1668      524F525F 
 1668      4E54465F 
 1668      44495341 
 1669              	.LASF22:
 1670 0824 4359424C 		.ascii	"CYBLE_EVT_HOST_INVALID\000"
 1670      455F4556 
 1670      545F484F 
 1670      53545F49 
 1670      4E56414C 
 1671              	.LASF60:
 1672 083b 4359424C 		.ascii	"CYBLE_EVT_GATTC_FIND_INFO_RSP\000"
 1672      455F4556 
 1672      545F4741 
 1672      5454435F 
 1672      46494E44 
 1673              	.LASF28:
 1674 0859 4359424C 		.ascii	"CYBLE_EVT_MEMORY_REQUEST\000"
 1674      455F4556 
 1674      545F4D45 
 1674      4D4F5259 
 1674      5F524551 
 1675              	.LASF170:
 1676 0872 67656E65 		.ascii	"generalinstantaneousdataNotify\000"
 1676      72616C69 
 1676      6E737461 
 1676      6E74616E 
 1676      656F7573 
 1677              	.LASF31:
 1678 0891 4359424C 		.ascii	"CYBLE_EVT_GAP_PASSKEY_ENTRY_REQUEST\000"
 1678      455F4556 
 1678      545F4741 
 1678      505F5041 
 1678      53534B45 
 1679              	.LASF36:
 1680 08b5 4359424C 		.ascii	"CYBLE_EVT_GAP_DEVICE_CONNECTED\000"
 1680      455F4556 
 1680      545F4741 
 1680      505F4445 
ARM GAS  C:\Users\310309~1\AppData\Local\Temp\ccvcI8A1.s 			page 37


 1680      56494345 
 1681              	.LASF154:
 1682 08d4 4D6F7469 		.ascii	"MotionCadence\000"
 1682      6F6E4361 
 1682      64656E63 
 1682      6500
 1683              	.LASF65:
 1684 08e2 4359424C 		.ascii	"CYBLE_EVT_GATTS_WRITE_REQ\000"
 1684      455F4556 
 1684      545F4741 
 1684      5454535F 
 1684      57524954 
 1685              	.LASF51:
 1686 08fc 4359424C 		.ascii	"CYBLE_EVT_GAP_AUTH_REQ_REPLY_ERR\000"
 1686      455F4556 
 1686      545F4741 
 1686      505F4155 
 1686      54485F52 
 1687              	.LASF78:
 1688 091d 4359424C 		.ascii	"CYBLE_EVT_L2CAP_CONN_PARAM_UPDATE_REQ\000"
 1688      455F4556 
 1688      545F4C32 
 1688      4341505F 
 1688      434F4E4E 
 1689              	.LASF165:
 1690 0943 6379426C 		.ascii	"cyBle_state\000"
 1690      655F7374 
 1690      61746500 
 1691              	.LASF32:
 1692 094f 4359424C 		.ascii	"CYBLE_EVT_GAP_PASSKEY_DISPLAY_REQUEST\000"
 1692      455F4556 
 1692      545F4741 
 1692      505F5041 
 1692      53534B45 
 1693              	.LASF182:
 1694 0975 5F5F6275 		.ascii	"__builtin_puts\000"
 1694      696C7469 
 1694      6E5F7075 
 1694      747300
 1695              	.LASF54:
 1696 0984 4359424C 		.ascii	"CYBLE_EVT_GATT_CONNECT_IND\000"
 1696      455F4556 
 1696      545F4741 
 1696      54545F43 
 1696      4F4E4E45 
 1697              	.LASF80:
 1698 099f 4359424C 		.ascii	"CYBLE_EVT_L2CAP_COMMAND_REJ\000"
 1698      455F4556 
 1698      545F4C32 
 1698      4341505F 
 1698      434F4D4D 
 1699              	.LASF29:
 1700 09bb 4359424C 		.ascii	"CYBLE_EVT_GAPC_SCAN_PROGRESS_RESULT\000"
 1700      455F4556 
 1700      545F4741 
 1700      50435F53 
 1700      43414E5F 
ARM GAS  C:\Users\310309~1\AppData\Local\Temp\ccvcI8A1.s 			page 38


 1701              	.LASF130:
 1702 09df 61747449 		.ascii	"attId\000"
 1702      6400
 1703              	.LASF181:
 1704 09e5 70757473 		.ascii	"puts\000"
 1704      00
 1705              	.LASF121:
 1706 09ea 4359424C 		.ascii	"CYBLE_ERROR_MAX\000"
 1706      455F4552 
 1706      524F525F 
 1706      4D415800 
 1707              	.LASF119:
 1708 09fa 4359424C 		.ascii	"CYBLE_ERROR_FLASH_WRITE\000"
 1708      455F4552 
 1708      524F525F 
 1708      464C4153 
 1708      485F5752 
 1709              	.LASF59:
 1710 0a12 4359424C 		.ascii	"CYBLE_EVT_GATTC_READ_BY_TYPE_RSP\000"
 1710      455F4556 
 1710      545F4741 
 1710      5454435F 
 1710      52454144 
 1711              	.LASF161:
 1712 0a33 47616964 		.ascii	"GaidInit\000"
 1712      496E6974 
 1712      00
 1713              	.LASF21:
 1714 0a3c 73697A65 		.ascii	"sizetype\000"
 1714      74797065 
 1714      00
 1715              	.LASF153:
 1716 0a45 53706565 		.ascii	"Speed\000"
 1716      6400
 1717              	.LASF139:
 1718 0a4b 4359424C 		.ascii	"CYBLE_STATE_INITIALIZING\000"
 1718      455F5354 
 1718      4154455F 
 1718      494E4954 
 1718      49414C49 
 1719              	.LASF34:
 1720 0a64 4359424C 		.ascii	"CYBLE_EVT_GAP_AUTH_FAILED\000"
 1720      455F4556 
 1720      545F4741 
 1720      505F4155 
 1720      54485F46 
 1721              	.LASF155:
 1722 0a7e 41637469 		.ascii	"ActivityCountPerMinute\000"
 1722      76697479 
 1722      436F756E 
 1722      74506572 
 1722      4D696E75 
 1723              	.LASF66:
 1724 0a95 4359424C 		.ascii	"CYBLE_EVT_GATTC_WRITE_RSP\000"
 1724      455F4556 
 1724      545F4741 
 1724      5454435F 
ARM GAS  C:\Users\310309~1\AppData\Local\Temp\ccvcI8A1.s 			page 39


 1724      57524954 
 1725              	.LASF47:
 1726 0aaf 4359424C 		.ascii	"CYBLE_EVT_GAPC_DIRECT_ADV_REPORT\000"
 1726      455F4556 
 1726      545F4741 
 1726      50435F44 
 1726      49524543 
 1727              	.LASF45:
 1728 0ad0 4359424C 		.ascii	"CYBLE_EVT_GAP_DATA_LENGTH_CHANGE\000"
 1728      455F4556 
 1728      545F4741 
 1728      505F4441 
 1728      54415F4C 
 1729              	.LASF50:
 1730 0af1 4359424C 		.ascii	"CYBLE_EVT_GAP_SCAN_REQ_RECVD\000"
 1730      455F4556 
 1730      545F4741 
 1730      505F5343 
 1730      414E5F52 
 1731              	.LASF33:
 1732 0b0e 4359424C 		.ascii	"CYBLE_EVT_GAP_AUTH_COMPLETE\000"
 1732      455F4556 
 1732      545F4741 
 1732      505F4155 
 1732      54485F43 
 1733              	.LASF159:
 1734 0b2a 61706952 		.ascii	"apiResult\000"
 1734      6573756C 
 1734      7400
 1735              	.LASF127:
 1736 0b34 4359424C 		.ascii	"CYBLE_API_RESULT_T\000"
 1736      455F4150 
 1736      495F5245 
 1736      53554C54 
 1736      5F5400
 1737              	.LASF175:
 1738 0b47 77737346 		.ascii	"wssFeature\000"
 1738      65617475 
 1738      726500
 1739              	.LASF150:
 1740 0b52 546F7461 		.ascii	"TotalEnergyExpenditurePerHour\000"
 1740      6C456E65 
 1740      72677945 
 1740      7870656E 
 1740      64697475 
 1741              	.LASF71:
 1742 0b70 4359424C 		.ascii	"CYBLE_EVT_GATTC_HANDLE_VALUE_NTF\000"
 1742      455F4556 
 1742      545F4741 
 1742      5454435F 
 1742      48414E44 
 1743              	.LASF123:
 1744 0b91 4359424C 		.ascii	"CYBLE_ERROR_IND_DISABLED\000"
 1744      455F4552 
 1744      524F525F 
 1744      494E445F 
 1744      44495341 
ARM GAS  C:\Users\310309~1\AppData\Local\Temp\ccvcI8A1.s 			page 40


 1745              	.LASF151:
 1746 0baa 46617442 		.ascii	"FatBurnedPerHour\000"
 1746      75726E65 
 1746      64506572 
 1746      486F7572 
 1746      00
 1747              	.LASF136:
 1748 0bbb 4359424C 		.ascii	"CYBLE_GATT_HANDLE_VALUE_PAIR_T\000"
 1748      455F4741 
 1748      54545F48 
 1748      414E444C 
 1748      455F5641 
 1749              	.LASF82:
 1750 0bda 4359424C 		.ascii	"CYBLE_EVT_L2CAP_CBFC_CONN_CNF\000"
 1750      455F4556 
 1750      545F4C32 
 1750      4341505F 
 1750      43424643 
 1751              	.LASF174:
 1752 0bf8 77737349 		.ascii	"wssIndData\000"
 1752      6E644461 
 1752      746100
 1753              	.LASF58:
 1754 0c03 4359424C 		.ascii	"CYBLE_EVT_GATTC_READ_BY_GROUP_TYPE_RSP\000"
 1754      455F4556 
 1754      545F4741 
 1754      5454435F 
 1754      52454144 
 1755              	.LASF16:
 1756 0c2a 666C6F61 		.ascii	"float\000"
 1756      7400
 1757              	.LASF164:
 1758 0c30 74656D70 		.ascii	"tempHandle\000"
 1758      48616E64 
 1758      6C6500
 1759              	.LASF173:
 1760 0c3b 67616964 		.ascii	"gaidDataDef\000"
 1760      44617461 
 1760      44656600 
 1761              	.LASF144:
 1762 0c47 75626974 		.ascii	"ubitfield24\000"
 1762      6669656C 
 1762      64323400 
 1763              	.LASF104:
 1764 0c53 4359424C 		.ascii	"CYBLE_ERROR_TX_POWER_READ\000"
 1764      455F4552 
 1764      524F525F 
 1764      54585F50 
 1764      4F574552 
 1765              	.LASF124:
 1766 0c6d 4359424C 		.ascii	"CYBLE_ERROR_CHAR_IS_NOT_DISCOVERED\000"
 1766      455F4552 
 1766      524F525F 
 1766      43484152 
 1766      5F49535F 
 1767              	.LASF11:
 1768 0c90 696E7433 		.ascii	"int32_t\000"
ARM GAS  C:\Users\310309~1\AppData\Local\Temp\ccvcI8A1.s 			page 41


 1768      325F7400 
 1769              	.LASF1:
 1770 0c98 756E7369 		.ascii	"unsigned char\000"
 1770      676E6564 
 1770      20636861 
 1770      7200
 1771              	.LASF14:
 1772 0ca6 75696E74 		.ascii	"uint16\000"
 1772      313600
 1773              	.LASF43:
 1774 0cad 4359424C 		.ascii	"CYBLE_EVT_GAP_KEYPRESS_NOTIFICATION\000"
 1774      455F4556 
 1774      545F4741 
 1774      505F4B45 
 1774      59505245 
 1775              	.LASF18:
 1776 0cd1 75696E74 		.ascii	"uint64\000"
 1776      363400
 1777              	.LASF168:
 1778 0cd8 64617461 		.ascii	"datalist\000"
 1778      6C697374 
 1778      00
 1779              	.LASF2:
 1780 0ce1 73686F72 		.ascii	"short int\000"
 1780      7420696E 
 1780      7400
 1781              	.LASF72:
 1782 0ceb 4359424C 		.ascii	"CYBLE_EVT_GATTC_HANDLE_VALUE_IND\000"
 1782      455F4556 
 1782      545F4741 
 1782      5454435F 
 1782      48414E44 
 1783              	.LASF91:
 1784 0d0c 4359424C 		.ascii	"CYBLE_EVT_HCI_PKT\000"
 1784      455F4556 
 1784      545F4843 
 1784      495F504B 
 1784      5400
 1785              	.LASF100:
 1786 0d1e 4359424C 		.ascii	"CYBLE_ERROR_NO_CONNECTION\000"
 1786      455F4552 
 1786      524F525F 
 1786      4E4F5F43 
 1786      4F4E4E45 
 1787              	.LASF68:
 1788 0d38 4359424C 		.ascii	"CYBLE_EVT_GATTS_PREP_WRITE_REQ\000"
 1788      455F4556 
 1788      545F4741 
 1788      5454535F 
 1788      50524550 
 1789              	.LASF117:
 1790 0d57 4359424C 		.ascii	"CYBLE_ERROR_HARDWARE_FAILURE\000"
 1790      455F4552 
 1790      524F525F 
 1790      48415244 
 1790      57415245 
 1791              	.LASF73:
ARM GAS  C:\Users\310309~1\AppData\Local\Temp\ccvcI8A1.s 			page 42


 1792 0d74 4359424C 		.ascii	"CYBLE_EVT_GATTS_HANDLE_VALUE_CNF\000"
 1792      455F4556 
 1792      545F4741 
 1792      5454535F 
 1792      48414E44 
 1793              	.LASF102:
 1794 0d95 4359424C 		.ascii	"CYBLE_ERROR_REPEATED_ATTEMPTS\000"
 1794      455F4552 
 1794      524F525F 
 1794      52455045 
 1794      41544544 
 1795              	.LASF48:
 1796 0db3 4359424C 		.ascii	"CYBLE_EVT_GAP_SMP_NEGOTIATED_AUTH_INFO\000"
 1796      455F4556 
 1796      545F4741 
 1796      505F534D 
 1796      505F4E45 
 1797              	.LASF145:
 1798 0dda 73626974 		.ascii	"sbitfield24\000"
 1798      6669656C 
 1798      64323400 
 1799              	.LASF126:
 1800 0de6 4359424C 		.ascii	"CYBLE_ERROR_STACK_BUSY\000"
 1800      455F4552 
 1800      524F525F 
 1800      53544143 
 1800      4B5F4255 
 1801              	.LASF20:
 1802 0dfd 6C6F6E67 		.ascii	"long double\000"
 1802      20646F75 
 1802      626C6500 
 1803              	.LASF19:
 1804 0e09 63686172 		.ascii	"char\000"
 1804      00
 1805              	.LASF105:
 1806 0e0e 4359424C 		.ascii	"CYBLE_ERROR_BT_ON_NOT_COMPLETED\000"
 1806      455F4552 
 1806      524F525F 
 1806      42545F4F 
 1806      4E5F4E4F 
 1807              	.LASF37:
 1808 0e2e 4359424C 		.ascii	"CYBLE_EVT_GAP_DEVICE_DISCONNECTED\000"
 1808      455F4556 
 1808      545F4741 
 1808      505F4445 
 1808      56494345 
 1809              	.LASF10:
 1810 0e50 756E7369 		.ascii	"unsigned int\000"
 1810      676E6564 
 1810      20696E74 
 1810      00
 1811              	.LASF76:
 1812 0e5d 4359424C 		.ascii	"CYBLE_EVT_GATTS_READ_CHAR_VAL_ACCESS_REQ\000"
 1812      455F4556 
 1812      545F4741 
 1812      5454535F 
 1812      52454144 
ARM GAS  C:\Users\310309~1\AppData\Local\Temp\ccvcI8A1.s 			page 43


 1813              	.LASF147:
 1814 0e86 53657175 		.ascii	"SequenceNumber\000"
 1814      656E6365 
 1814      4E756D62 
 1814      657200
 1815              	.LASF5:
 1816 0e95 5F5F696E 		.ascii	"__int32_t\000"
 1816      7433325F 
 1816      7400
 1817              	.LASF87:
 1818 0e9f 4359424C 		.ascii	"CYBLE_EVT_L2CAP_CBFC_TX_CREDIT_IND\000"
 1818      455F4556 
 1818      545F4C32 
 1818      4341505F 
 1818      43424643 
 1819              	.LASF115:
 1820 0ec2 4359424C 		.ascii	"CYBLE_ERROR_FLASH_WRITE_NOT_PERMITED\000"
 1820      455F4552 
 1820      524F525F 
 1820      464C4153 
 1820      485F5752 
 1821              	.LASF110:
 1822 0ee7 4359424C 		.ascii	"CYBLE_ERROR_L2CAP_CONNECTION_ENTITY_NOT_FOUND\000"
 1822      455F4552 
 1822      524F525F 
 1822      4C324341 
 1822      505F434F 
 1823              	.LASF149:
 1824 0f15 496E7465 		.ascii	"IntensityEnergyExpenditurePerHour\000"
 1824      6E736974 
 1824      79456E65 
 1824      72677945 
 1824      7870656E 
 1825              	.LASF25:
 1826 0f37 4359424C 		.ascii	"CYBLE_EVT_HARDWARE_ERROR\000"
 1826      455F4556 
 1826      545F4841 
 1826      52445741 
 1826      52455F45 
 1827              	.LASF3:
 1828 0f50 73686F72 		.ascii	"short unsigned int\000"
 1828      7420756E 
 1828      7369676E 
 1828      65642069 
 1828      6E7400
 1829              	.LASF148:
 1830 0f63 4E6F726D 		.ascii	"NormalWalkingEnergyExpenditurePerHour\000"
 1830      616C5761 
 1830      6C6B696E 
 1830      67456E65 
 1830      72677945 
 1831              	.LASF96:
 1832 0f89 4359424C 		.ascii	"CYBLE_ERROR_INVALID_OPERATION\000"
 1832      455F4552 
 1832      524F525F 
 1832      494E5641 
 1832      4C49445F 
ARM GAS  C:\Users\310309~1\AppData\Local\Temp\ccvcI8A1.s 			page 44


 1833              	.LASF35:
 1834 0fa7 4359424C 		.ascii	"CYBLE_EVT_GAPP_ADVERTISEMENT_START_STOP\000"
 1834      455F4556 
 1834      545F4741 
 1834      50505F41 
 1834      44564552 
 1835              	.LASF12:
 1836 0fcf 75696E74 		.ascii	"uint32_t\000"
 1836      33325F74 
 1836      00
 1837              	.LASF56:
 1838 0fd8 4359424C 		.ascii	"CYBLE_EVT_GATTS_XCNHG_MTU_REQ\000"
 1838      455F4556 
 1838      545F4741 
 1838      5454535F 
 1838      58434E48 
 1839              	.LASF98:
 1840 0ff6 4359424C 		.ascii	"CYBLE_ERROR_INSUFFICIENT_RESOURCES\000"
 1840      455F4552 
 1840      524F525F 
 1840      494E5355 
 1840      46464943 
 1841              	.LASF143:
 1842 1019 4359424C 		.ascii	"CYBLE_STATE_T\000"
 1842      455F5354 
 1842      4154455F 
 1842      5400
 1843              	.LASF63:
 1844 1027 4359424C 		.ascii	"CYBLE_EVT_GATTC_READ_BLOB_RSP\000"
 1844      455F4556 
 1844      545F4741 
 1844      5454435F 
 1844      52454144 
 1845              	.LASF120:
 1846 1045 4359424C 		.ascii	"CYBLE_ERROR_CONTROLLER_BUSY\000"
 1846      455F4552 
 1846      524F525F 
 1846      434F4E54 
 1846      524F4C4C 
 1847              	.LASF116:
 1848 1061 4359424C 		.ascii	"CYBLE_ERROR_MIC_AUTH_FAILED\000"
 1848      455F4552 
 1848      524F525F 
 1848      4D49435F 
 1848      41555448 
 1849              	.LASF109:
 1850 107d 4359424C 		.ascii	"CYBLE_ERROR_L2CAP_PSM_NOT_REGISTERED\000"
 1850      455F4552 
 1850      524F525F 
 1850      4C324341 
 1850      505F5053 
 1851              	.LASF140:
 1852 10a2 4359424C 		.ascii	"CYBLE_STATE_CONNECTED\000"
 1852      455F5354 
 1852      4154455F 
 1852      434F4E4E 
 1852      45435445 
ARM GAS  C:\Users\310309~1\AppData\Local\Temp\ccvcI8A1.s 			page 45


 1853              	.LASF152:
 1854 10b8 4D657461 		.ascii	"MetabolicEquivalent\000"
 1854      626F6C69 
 1854      63457175 
 1854      6976616C 
 1854      656E7400 
 1855              	.LASF172:
 1856 10cc 69735773 		.ascii	"isWssIndicationPending\000"
 1856      73496E64 
 1856      69636174 
 1856      696F6E50 
 1856      656E6469 
 1857              	.LASF61:
 1858 10e3 4359424C 		.ascii	"CYBLE_EVT_GATTC_FIND_BY_TYPE_VALUE_RSP\000"
 1858      455F4556 
 1858      545F4741 
 1858      5454435F 
 1858      46494E44 
 1859              	.LASF103:
 1860 110a 4359424C 		.ascii	"CYBLE_ERROR_GAP_ROLE\000"
 1860      455F4552 
 1860      524F525F 
 1860      4741505F 
 1860      524F4C45 
 1861              	.LASF41:
 1862 111f 4359424C 		.ascii	"CYBLE_EVT_GAP_KEYINFO_EXCHNGE_CMPLT\000"
 1862      455F4556 
 1862      545F4741 
 1862      505F4B45 
 1862      59494E46 
 1863              	.LASF177:
 1864 1143 4379426C 		.ascii	"CyBle_GattsNotification\000"
 1864      655F4761 
 1864      7474734E 
 1864      6F746966 
 1864      69636174 
 1865              	.LASF129:
 1866 115b 62644861 		.ascii	"bdHandle\000"
 1866      6E646C65 
 1866      00
 1867              	.LASF52:
 1868 1164 4359424C 		.ascii	"CYBLE_EVT_GAP_SMP_LOC_P256_KEYS_GEN_AND_SET_COMPLET"
 1868      455F4556 
 1868      545F4741 
 1868      505F534D 
 1868      505F4C4F 
 1869 1197 4500     		.ascii	"E\000"
 1870              	.LASF79:
 1871 1199 4359424C 		.ascii	"CYBLE_EVT_L2CAP_CONN_PARAM_UPDATE_RSP\000"
 1871      455F4556 
 1871      545F4C32 
 1871      4341505F 
 1871      434F4E4E 
 1872              	.LASF179:
 1873 11bf 47616964 		.ascii	"Gaid.c\000"
 1873      2E6300
 1874              	.LASF46:
ARM GAS  C:\Users\310309~1\AppData\Local\Temp\ccvcI8A1.s 			page 46


 1875 11c6 4359424C 		.ascii	"CYBLE_EVT_GAP_ENHANCE_CONN_COMPLETE\000"
 1875      455F4556 
 1875      545F4741 
 1875      505F454E 
 1875      48414E43 
 1876              	.LASF128:
 1877 11ea 4359424C 		.ascii	"CYBLE_GATT_DB_ATTR_HANDLE_T\000"
 1877      455F4741 
 1877      54545F44 
 1877      425F4154 
 1877      54525F48 
 1878              	.LASF55:
 1879 1206 4359424C 		.ascii	"CYBLE_EVT_GATT_DISCONNECT_IND\000"
 1879      455F4556 
 1879      545F4741 
 1879      54545F44 
 1879      4953434F 
 1880              	.LASF113:
 1881 1224 4359424C 		.ascii	"CYBLE_ERROR_GATT_DB_INVALID_ATTR_HANDLE\000"
 1881      455F4552 
 1881      524F525F 
 1881      47415454 
 1881      5F44425F 
 1882              	.LASF92:
 1883 124c 4359424C 		.ascii	"CYBLE_EVT_FLASH_CORRUPT\000"
 1883      455F4556 
 1883      545F464C 
 1883      4153485F 
 1883      434F5252 
 1884              		.ident	"GCC: (GNU Tools for ARM Embedded Processors) 5.4.1 20160609 (release) [ARM/embedded-5-bran
