ARM GAS  C:\Users\310309~1\AppData\Local\Temp\ccKx9sje.s 			page 1


   1              		.syntax unified
   2              		.cpu cortex-m0
   3              		.fpu softvfp
   4              		.eabi_attribute 20, 1
   5              		.eabi_attribute 21, 1
   6              		.eabi_attribute 23, 3
   7              		.eabi_attribute 24, 1
   8              		.eabi_attribute 25, 1
   9              		.eabi_attribute 26, 1
  10              		.eabi_attribute 30, 1
  11              		.eabi_attribute 34, 0
  12              		.eabi_attribute 18, 4
  13              		.thumb
  14              		.syntax unified
  15              		.file	"PamFeature.c"
  16              		.text
  17              	.Ltext0:
  18              		.cfi_sections	.debug_frame
  19              		.section	.text.swapEndianness64,"ax",%progbits
  20              		.align	2
  21              		.global	swapEndianness64
  22              		.code	16
  23              		.thumb_func
  24              		.type	swapEndianness64, %function
  25              	swapEndianness64:
  26              	.LFB36:
  27              		.file 1 "PamFeature.c"
   1:PamFeature.c  **** /* ========================================
   2:PamFeature.c  ****  *
   3:PamFeature.c  ****  * Copyright YOUR COMPANY, THE YEAR
   4:PamFeature.c  ****  * All Rights Reserved
   5:PamFeature.c  ****  * UNPUBLISHED, LICENSED SOFTWARE.
   6:PamFeature.c  ****  *
   7:PamFeature.c  ****  * CONFIDENTIAL AND PROPRIETARY INFORMATION
   8:PamFeature.c  ****  * WHICH IS THE PROPERTY OF your company.
   9:PamFeature.c  ****  *
  10:PamFeature.c  ****  * ========================================
  11:PamFeature.c  **** */
  12:PamFeature.c  **** 
  13:PamFeature.c  **** #include "PamFeature.h"
  14:PamFeature.c  **** #include "common.h"
  15:PamFeature.c  **** 
  16:PamFeature.c  **** 
  17:PamFeature.c  **** /***************************************
  18:PamFeature.c  **** *        Global Variables
  19:PamFeature.c  **** ***************************************/
  20:PamFeature.c  **** 
  21:PamFeature.c  **** uint64 swapEndianness64(uint64 val)
  22:PamFeature.c  **** {
  28              		.loc 1 22 0
  29              		.cfi_startproc
  30              		@ args = 0, pretend = 0, frame = 0
  31              		@ frame_needed = 0, uses_anonymous_args = 0
  32              	.LVL0:
  33 0000 F0B5     		push	{r4, r5, r6, r7, lr}
  34              		.cfi_def_cfa_offset 20
  35              		.cfi_offset 4, -20
ARM GAS  C:\Users\310309~1\AppData\Local\Temp\ccKx9sje.s 			page 2


  36              		.cfi_offset 5, -16
  37              		.cfi_offset 6, -12
  38              		.cfi_offset 7, -8
  39              		.cfi_offset 14, -4
  40 0002 0B00     		movs	r3, r1
  23:PamFeature.c  ****     return 
  24:PamFeature.c  ****     (( (val) & 0x00000000000000ff) << SEVEN_BYTES_SHIFT) | 
  41              		.loc 1 24 0
  42 0004 0106     		lsls	r1, r0, #24
  25:PamFeature.c  ****     (( (val) & 0x000000000000ff00) << FIVE_BYTES_SHIFT) | 
  43              		.loc 1 25 0
  44 0006 0202     		lsls	r2, r0, #8
  45 0008 FF25     		movs	r5, #255
  46 000a 2D04     		lsls	r5, r5, #16
  47 000c 2A40     		ands	r2, r5
  24:PamFeature.c  ****     (( (val) & 0x000000000000ff00) << FIVE_BYTES_SHIFT) | 
  48              		.loc 1 24 0
  49 000e 1143     		orrs	r1, r2
  26:PamFeature.c  ****     (( (val) & 0x0000000000ff0000) << THREE_BYTES_SHIFT) | 
  50              		.loc 1 26 0
  51 0010 040A     		lsrs	r4, r0, #8
  52 0012 1A06     		lsls	r2, r3, #24
  53 0014 2243     		orrs	r2, r4
  54 0016 FF24     		movs	r4, #255
  55 0018 2402     		lsls	r4, r4, #8
  56 001a 2240     		ands	r2, r4
  25:PamFeature.c  ****     (( (val) & 0x000000000000ff00) << FIVE_BYTES_SHIFT) | 
  57              		.loc 1 25 0
  58 001c 0A43     		orrs	r2, r1
  27:PamFeature.c  ****     (( (val) & 0x00000000ff000000) << BYTE_SHIFT) | 
  59              		.loc 1 27 0
  60 001e 000E     		lsrs	r0, r0, #24
  61              	.LVL1:
  62 0020 1E02     		lsls	r6, r3, #8
  63 0022 0643     		orrs	r6, r0
  64 0024 FF21     		movs	r1, #255
  65 0026 3140     		ands	r1, r6
  26:PamFeature.c  ****     (( (val) & 0x0000000000ff0000) << THREE_BYTES_SHIFT) | 
  66              		.loc 1 26 0
  67 0028 1143     		orrs	r1, r2
  28:PamFeature.c  ****     (( (val) & 0x000000ff00000000) >> BYTE_SHIFT) | 
  68              		.loc 1 28 0
  69 002a 1E0A     		lsrs	r6, r3, #8
  70 002c 1F06     		lsls	r7, r3, #24
  29:PamFeature.c  ****     (( (val) & 0x0000ff0000000000) >> THREE_BYTES_SHIFT) | 
  71              		.loc 1 29 0
  72 002e 1A02     		lsls	r2, r3, #8
  73 0030 9446     		mov	ip, r2
  74 0032 6246     		mov	r2, ip
  75 0034 0243     		orrs	r2, r0
  76 0036 1B0E     		lsrs	r3, r3, #24
  77 0038 1540     		ands	r5, r2
  28:PamFeature.c  ****     (( (val) & 0x000000ff00000000) >> BYTE_SHIFT) | 
  78              		.loc 1 28 0
  79 003a 3800     		movs	r0, r7
  80 003c 2843     		orrs	r0, r5
  30:PamFeature.c  ****     (( (val) & 0x00ff000000000000) >> FIVE_BYTES_SHIFT) | 
ARM GAS  C:\Users\310309~1\AppData\Local\Temp\ccKx9sje.s 			page 3


  81              		.loc 1 30 0
  82 003e 3440     		ands	r4, r6
  29:PamFeature.c  ****     (( (val) & 0x0000ff0000000000) >> THREE_BYTES_SHIFT) | 
  83              		.loc 1 29 0
  84 0040 2043     		orrs	r0, r4
  24:PamFeature.c  ****     (( (val) & 0x000000000000ff00) << FIVE_BYTES_SHIFT) | 
  85              		.loc 1 24 0
  86 0042 1843     		orrs	r0, r3
  31:PamFeature.c  ****     (( (val) & 0xff00000000000000) >> SEVEN_BYTES_SHIFT);
  32:PamFeature.c  **** }
  87              		.loc 1 32 0
  88              		@ sp needed
  89 0044 F0BD     		pop	{r4, r5, r6, r7, pc}
  90              		.cfi_endproc
  91              	.LFE36:
  92              		.size	swapEndianness64, .-swapEndianness64
  93 0046 C046     		.section	.text.UpdateFeatureList,"ax",%progbits
  94              		.align	2
  95              		.global	UpdateFeatureList
  96              		.code	16
  97              		.thumb_func
  98              		.type	UpdateFeatureList, %function
  99              	UpdateFeatureList:
 100              	.LFB38:
  33:PamFeature.c  **** 
  34:PamFeature.c  **** void PamFeatureInit(void)
  35:PamFeature.c  **** {
  36:PamFeature.c  ****     uint64 chosenFeatures = MULTIPLE_USERS_SUPPORTED | 
  37:PamFeature.c  ****                             DEVICE_WORN_SUPPORTED |
  38:PamFeature.c  ****                             NORMAL_WALKING_ENERGY_EXPENDITURE_SUPPORTED |
  39:PamFeature.c  ****                             NORMAL_WALKING_ENERGY_EXPENDITURE_PER_HOUR_SUPPORTED |
  40:PamFeature.c  ****                             INTENSITY_ENERGY_EXPENDITURE_SUPPORTED |
  41:PamFeature.c  ****                             INTENSITY_ENERGY_EXPENDITURE_PER_HOUR_SUPPORTED |
  42:PamFeature.c  ****                             TOTAL_ENERGY_EXPENDITURE_SUPPORTED |
  43:PamFeature.c  ****                             TOTAL_ENERGY_EXPENDITURE_PER_HOUR_SUPPORTED |
  44:PamFeature.c  ****         
  45:PamFeature.c  ****                             FAT_BURNED_SUPPORTED |
  46:PamFeature.c  ****                             FAT_BURNED_PER_HOUR_SUPPORTED |
  47:PamFeature.c  ****                             METABOLIC_EQUIVALENT_SUPPORTED |
  48:PamFeature.c  ****                             DISTANCE_SUPPORTED |
  49:PamFeature.c  ****                             SPEED_SUPPORTED | 
  50:PamFeature.c  ****                             
  51:PamFeature.c  ****                             FLOORS_SUPPORTED |
  52:PamFeature.c  ****                             POSITIVE_ELEVATION_GAIN_SUPPORTED |
  53:PamFeature.c  ****                             NEGATIVE_ELEVATION_GAIN_SUPPORTED |
  54:PamFeature.c  ****                             ELEVATION_SUPPORTED |
  55:PamFeature.c  ****     
  56:PamFeature.c  ****                             WORN_DURATION_SUPPORTED |
  57:PamFeature.c  ****                             TIME_IN_HEART_RATE_ZONE1_SUPPORTED |
  58:PamFeature.c  ****                             TIME_IN_HEART_RATE_ZONE2_SUPPORTED |
  59:PamFeature.c  ****     
  60:PamFeature.c  ****                             PULSE_INTER_BEAT_INTERVAL_SUPPORTED |
  61:PamFeature.c  ****                             RESTING_HEART_RATE_SUPPORTED |
  62:PamFeature.c  ****     
  63:PamFeature.c  ****                             TOTAL_SLEEP_TIME_SUPPORTED |
  64:PamFeature.c  ****     
  65:PamFeature.c  ****                             TIME_OF_AWAKENING_AFTER_ALARM_SUPPORTED |
ARM GAS  C:\Users\310309~1\AppData\Local\Temp\ccKx9sje.s 			page 4


  66:PamFeature.c  ****     
  67:PamFeature.c  ****                             THREED_MAGNETIC_FIELD_SUPPORTED   ;
  68:PamFeature.c  ****    
  69:PamFeature.c  ****     pamFeature = swapEndianness64(chosenFeatures);
  70:PamFeature.c  ****     
  71:PamFeature.c  ****     UpdateFeatureList();
  72:PamFeature.c  **** }
  73:PamFeature.c  **** 
  74:PamFeature.c  **** void UpdateFeatureList(void)
  75:PamFeature.c  **** {
 101              		.loc 1 75 0
 102              		.cfi_startproc
 103              		@ args = 0, pretend = 0, frame = 16
 104              		@ frame_needed = 0, uses_anonymous_args = 0
 105 0000 00B5     		push	{lr}
 106              		.cfi_def_cfa_offset 4
 107              		.cfi_offset 14, -4
 108 0002 85B0     		sub	sp, sp, #20
 109              		.cfi_def_cfa_offset 24
  76:PamFeature.c  ****     CYBLE_GATTS_HANDLE_VALUE_NTF_T tempHandle;
  77:PamFeature.c  ****     
  78:PamFeature.c  ****     tempHandle.attrHandle = CYBLE_PHYSICAL_ACTIVITY_MONITOR_PHYSICAL_ACTIVITY_MONITOR_FEATURE_CHAR_
 110              		.loc 1 78 0
 111 0004 01A8     		add	r0, sp, #4
 112 0006 1323     		movs	r3, #19
 113 0008 0381     		strh	r3, [r0, #8]
  79:PamFeature.c  ****     tempHandle.value.val = (uint8 *)&pamFeature;
 114              		.loc 1 79 0
 115 000a 054B     		ldr	r3, .L3
 116 000c 0193     		str	r3, [sp, #4]
  80:PamFeature.c  ****     tempHandle.value.len = sizeof(pamFeature);
 117              		.loc 1 80 0
 118 000e 0823     		movs	r3, #8
 119 0010 8380     		strh	r3, [r0, #4]
  81:PamFeature.c  ****     CyBle_GattsWriteAttributeValue(&tempHandle, 0, &cyBle_connHandle, 0); 
 120              		.loc 1 81 0
 121 0012 0023     		movs	r3, #0
 122 0014 034A     		ldr	r2, .L3+4
 123 0016 0021     		movs	r1, #0
 124 0018 FFF7FEFF 		bl	CyBle_GattsWriteAttributeValue
 125              	.LVL2:
  82:PamFeature.c  **** }
 126              		.loc 1 82 0
 127 001c 05B0     		add	sp, sp, #20
 128              		@ sp needed
 129 001e 00BD     		pop	{pc}
 130              	.L4:
 131              		.align	2
 132              	.L3:
 133 0020 00000000 		.word	pamFeature
 134 0024 00000000 		.word	cyBle_connHandle
 135              		.cfi_endproc
 136              	.LFE38:
 137              		.size	UpdateFeatureList, .-UpdateFeatureList
 138              		.section	.text.PamFeatureInit,"ax",%progbits
 139              		.align	2
 140              		.global	PamFeatureInit
ARM GAS  C:\Users\310309~1\AppData\Local\Temp\ccKx9sje.s 			page 5


 141              		.code	16
 142              		.thumb_func
 143              		.type	PamFeatureInit, %function
 144              	PamFeatureInit:
 145              	.LFB37:
  35:PamFeature.c  ****     uint64 chosenFeatures = MULTIPLE_USERS_SUPPORTED | 
 146              		.loc 1 35 0
 147              		.cfi_startproc
 148              		@ args = 0, pretend = 0, frame = 0
 149              		@ frame_needed = 0, uses_anonymous_args = 0
 150 0000 10B5     		push	{r4, lr}
 151              		.cfi_def_cfa_offset 8
 152              		.cfi_offset 4, -8
 153              		.cfi_offset 14, -4
 154              	.LVL3:
  69:PamFeature.c  ****     
 155              		.loc 1 69 0
 156 0002 0548     		ldr	r0, .L6
 157 0004 0549     		ldr	r1, .L6+4
 158 0006 FFF7FEFF 		bl	swapEndianness64
 159              	.LVL4:
 160 000a 054B     		ldr	r3, .L6+8
 161 000c 1860     		str	r0, [r3]
 162 000e 5960     		str	r1, [r3, #4]
  71:PamFeature.c  **** }
 163              		.loc 1 71 0
 164 0010 FFF7FEFF 		bl	UpdateFeatureList
 165              	.LVL5:
  72:PamFeature.c  **** 
 166              		.loc 1 72 0
 167              		@ sp needed
 168 0014 10BD     		pop	{r4, pc}
 169              	.L7:
 170 0016 C046     		.align	2
 171              	.L6:
 172 0018 FF1F0F07 		.word	118431743
 173 001c 03010101 		.word	16843011
 174 0020 00000000 		.word	pamFeature
 175              		.cfi_endproc
 176              	.LFE37:
 177              		.size	PamFeatureInit, .-PamFeatureInit
 178              		.comm	sbitfield24,4,4
 179              		.comm	ubitfield24,4,4
 180              		.comm	pamFeature,8,8
 181              		.text
 182              	.Letext0:
 183              		.file 2 "c:\\program files (x86)\\cypress\\psoc creator\\4.1\\psoc creator\\import\\gnu\\arm\\5.4.
 184              		.file 3 "c:\\program files (x86)\\cypress\\psoc creator\\4.1\\psoc creator\\import\\gnu\\arm\\5.4.
 185              		.file 4 "Generated_Source\\PSoC4/cytypes.h"
 186              		.file 5 "Generated_Source\\PSoC4/ble_StackGatt.h"
 187              		.file 6 "Generated_Source\\PSoC4/ble_StackGattServer.h"
 188              		.file 7 "common.h"
 189              		.file 8 "Generated_Source\\PSoC4/ble_eventHandler.h"
 190              		.file 9 "PamFeature.h"
 191              		.file 10 "Generated_Source\\PSoC4/ble_Stack.h"
 192              		.file 11 "Generated_Source\\PSoC4/ble_StackGattDb.h"
 193              		.section	.debug_info,"",%progbits
ARM GAS  C:\Users\310309~1\AppData\Local\Temp\ccKx9sje.s 			page 6


 194              	.Ldebug_info0:
 195 0000 78040000 		.4byte	0x478
 196 0004 0400     		.2byte	0x4
 197 0006 00000000 		.4byte	.Ldebug_abbrev0
 198 000a 04       		.byte	0x4
 199 000b 01       		.uleb128 0x1
 200 000c 01020000 		.4byte	.LASF111
 201 0010 0C       		.byte	0xc
 202 0011 6C060000 		.4byte	.LASF112
 203 0015 1D080000 		.4byte	.LASF113
 204 0019 00000000 		.4byte	.Ldebug_ranges0+0
 205 001d 00000000 		.4byte	0
 206 0021 00000000 		.4byte	.Ldebug_line0
 207 0025 02       		.uleb128 0x2
 208 0026 08       		.byte	0x8
 209 0027 07       		.byte	0x7
 210 0028 C9030000 		.4byte	.LASF0
 211 002c 02       		.uleb128 0x2
 212 002d 01       		.byte	0x1
 213 002e 06       		.byte	0x6
 214 002f EB050000 		.4byte	.LASF1
 215 0033 02       		.uleb128 0x2
 216 0034 01       		.byte	0x1
 217 0035 08       		.byte	0x8
 218 0036 72050000 		.4byte	.LASF2
 219 003a 02       		.uleb128 0x2
 220 003b 02       		.byte	0x2
 221 003c 05       		.byte	0x5
 222 003d DB000000 		.4byte	.LASF3
 223 0041 02       		.uleb128 0x2
 224 0042 02       		.byte	0x2
 225 0043 07       		.byte	0x7
 226 0044 04080000 		.4byte	.LASF4
 227 0048 03       		.uleb128 0x3
 228 0049 E0030000 		.4byte	.LASF6
 229 004d 02       		.byte	0x2
 230 004e 3F       		.byte	0x3f
 231 004f 53000000 		.4byte	0x53
 232 0053 02       		.uleb128 0x2
 233 0054 04       		.byte	0x4
 234 0055 05       		.byte	0x5
 235 0056 2A040000 		.4byte	.LASF5
 236 005a 03       		.uleb128 0x3
 237 005b 53010000 		.4byte	.LASF7
 238 005f 02       		.byte	0x2
 239 0060 41       		.byte	0x41
 240 0061 65000000 		.4byte	0x65
 241 0065 02       		.uleb128 0x2
 242 0066 04       		.byte	0x4
 243 0067 07       		.byte	0x7
 244 0068 94060000 		.4byte	.LASF8
 245 006c 02       		.uleb128 0x2
 246 006d 08       		.byte	0x8
 247 006e 05       		.byte	0x5
 248 006f 45010000 		.4byte	.LASF9
 249 0073 04       		.uleb128 0x4
 250 0074 04       		.byte	0x4
ARM GAS  C:\Users\310309~1\AppData\Local\Temp\ccKx9sje.s 			page 7


 251 0075 05       		.byte	0x5
 252 0076 696E7400 		.ascii	"int\000"
 253 007a 02       		.uleb128 0x2
 254 007b 04       		.byte	0x4
 255 007c 07       		.byte	0x7
 256 007d 7F0B0000 		.4byte	.LASF10
 257 0081 03       		.uleb128 0x3
 258 0082 E0070000 		.4byte	.LASF11
 259 0086 03       		.byte	0x3
 260 0087 2C       		.byte	0x2c
 261 0088 48000000 		.4byte	0x48
 262 008c 03       		.uleb128 0x3
 263 008d 00000000 		.4byte	.LASF12
 264 0091 03       		.byte	0x3
 265 0092 30       		.byte	0x30
 266 0093 5A000000 		.4byte	0x5a
 267 0097 05       		.uleb128 0x5
 268 0098 17080000 		.4byte	.LASF13
 269 009c 04       		.byte	0x4
 270 009d D201     		.2byte	0x1d2
 271 009f 33000000 		.4byte	0x33
 272 00a3 05       		.uleb128 0x5
 273 00a4 FA010000 		.4byte	.LASF14
 274 00a8 04       		.byte	0x4
 275 00a9 D301     		.2byte	0x1d3
 276 00ab 41000000 		.4byte	0x41
 277 00af 02       		.uleb128 0x2
 278 00b0 04       		.byte	0x4
 279 00b1 04       		.byte	0x4
 280 00b2 60030000 		.4byte	.LASF15
 281 00b6 02       		.uleb128 0x2
 282 00b7 08       		.byte	0x8
 283 00b8 04       		.byte	0x4
 284 00b9 8F090000 		.4byte	.LASF16
 285 00bd 05       		.uleb128 0x5
 286 00be 65060000 		.4byte	.LASF17
 287 00c2 04       		.byte	0x4
 288 00c3 DE01     		.2byte	0x1de
 289 00c5 25000000 		.4byte	0x25
 290 00c9 02       		.uleb128 0x2
 291 00ca 01       		.byte	0x1
 292 00cb 08       		.byte	0x8
 293 00cc C8070000 		.4byte	.LASF18
 294 00d0 02       		.uleb128 0x2
 295 00d1 08       		.byte	0x8
 296 00d2 04       		.byte	0x4
 297 00d3 40050000 		.4byte	.LASF19
 298 00d7 02       		.uleb128 0x2
 299 00d8 04       		.byte	0x4
 300 00d9 07       		.byte	0x7
 301 00da 1D010000 		.4byte	.LASF20
 302 00de 06       		.uleb128 0x6
 303 00df 01       		.byte	0x1
 304 00e0 33000000 		.4byte	0x33
 305 00e4 0A       		.byte	0xa
 306 00e5 4D01     		.2byte	0x14d
 307 00e7 9C020000 		.4byte	0x29c
ARM GAS  C:\Users\310309~1\AppData\Local\Temp\ccKx9sje.s 			page 8


 308 00eb 07       		.uleb128 0x7
 309 00ec F0020000 		.4byte	.LASF21
 310 00f0 00       		.byte	0
 311 00f1 07       		.uleb128 0x7
 312 00f2 94010000 		.4byte	.LASF22
 313 00f6 01       		.byte	0x1
 314 00f7 07       		.uleb128 0x7
 315 00f8 140B0000 		.4byte	.LASF23
 316 00fc 02       		.byte	0x2
 317 00fd 07       		.uleb128 0x7
 318 00fe 090A0000 		.4byte	.LASF24
 319 0102 03       		.byte	0x3
 320 0103 07       		.uleb128 0x7
 321 0104 5E010000 		.4byte	.LASF25
 322 0108 04       		.byte	0x4
 323 0109 07       		.uleb128 0x7
 324 010a BC040000 		.4byte	.LASF26
 325 010e 05       		.byte	0x5
 326 010f 07       		.uleb128 0x7
 327 0110 56000000 		.4byte	.LASF27
 328 0114 06       		.byte	0x6
 329 0115 07       		.uleb128 0x7
 330 0116 530A0000 		.4byte	.LASF28
 331 011a 20       		.byte	0x20
 332 011b 07       		.uleb128 0x7
 333 011c A6060000 		.4byte	.LASF29
 334 0120 21       		.byte	0x21
 335 0121 07       		.uleb128 0x7
 336 0122 09000000 		.4byte	.LASF30
 337 0126 22       		.byte	0x22
 338 0127 07       		.uleb128 0x7
 339 0128 D8040000 		.4byte	.LASF31
 340 012c 23       		.byte	0x23
 341 012d 07       		.uleb128 0x7
 342 012e 49060000 		.4byte	.LASF32
 343 0132 24       		.byte	0x24
 344 0133 07       		.uleb128 0x7
 345 0134 E5000000 		.4byte	.LASF33
 346 0138 25       		.byte	0x25
 347 0139 07       		.uleb128 0x7
 348 013a 73040000 		.4byte	.LASF34
 349 013e 26       		.byte	0x26
 350 013f 07       		.uleb128 0x7
 351 0140 54040000 		.4byte	.LASF35
 352 0144 27       		.byte	0x27
 353 0145 07       		.uleb128 0x7
 354 0146 95000000 		.4byte	.LASF36
 355 014a 28       		.byte	0x28
 356 014b 07       		.uleb128 0x7
 357 014c E4060000 		.4byte	.LASF37
 358 0150 29       		.byte	0x29
 359 0151 07       		.uleb128 0x7
 360 0152 78070000 		.4byte	.LASF38
 361 0156 2A       		.byte	0x2a
 362 0157 07       		.uleb128 0x7
 363 0158 24090000 		.4byte	.LASF39
 364 015c 2B       		.byte	0x2b
ARM GAS  C:\Users\310309~1\AppData\Local\Temp\ccKx9sje.s 			page 9


 365 015d 07       		.uleb128 0x7
 366 015e 3C070000 		.4byte	.LASF40
 367 0162 2C       		.byte	0x2c
 368 0163 07       		.uleb128 0x7
 369 0164 7F030000 		.4byte	.LASF41
 370 0168 2D       		.byte	0x2d
 371 0169 07       		.uleb128 0x7
 372 016a B7000000 		.4byte	.LASF42
 373 016e 2E       		.byte	0x2e
 374 016f 07       		.uleb128 0x7
 375 0170 030C0000 		.4byte	.LASF43
 376 0174 2F       		.byte	0x2f
 377 0175 07       		.uleb128 0x7
 378 0176 8F020000 		.4byte	.LASF44
 379 017a 30       		.byte	0x30
 380 017b 07       		.uleb128 0x7
 381 017c 1C050000 		.4byte	.LASF45
 382 0180 31       		.byte	0x31
 383 0181 07       		.uleb128 0x7
 384 0182 A8030000 		.4byte	.LASF46
 385 0186 32       		.byte	0x32
 386 0187 07       		.uleb128 0x7
 387 0188 A1070000 		.4byte	.LASF47
 388 018c 33       		.byte	0x33
 389 018d 07       		.uleb128 0x7
 390 018e 01070000 		.4byte	.LASF48
 391 0192 34       		.byte	0x34
 392 0193 07       		.uleb128 0x7
 393 0194 EC090000 		.4byte	.LASF49
 394 0198 35       		.byte	0x35
 395 0199 07       		.uleb128 0x7
 396 019a EA030000 		.4byte	.LASF50
 397 019e 36       		.byte	0x36
 398 019f 07       		.uleb128 0x7
 399 01a0 A7010000 		.4byte	.LASF51
 400 01a4 37       		.byte	0x37
 401 01a5 07       		.uleb128 0x7
 402 01a6 7B000000 		.4byte	.LASF52
 403 01aa 40       		.byte	0x40
 404 01ab 07       		.uleb128 0x7
 405 01ac 79060000 		.4byte	.LASF53
 406 01b0 41       		.byte	0x41
 407 01b1 07       		.uleb128 0x7
 408 01b2 FF000000 		.4byte	.LASF54
 409 01b6 42       		.byte	0x42
 410 01b7 07       		.uleb128 0x7
 411 01b8 DC010000 		.4byte	.LASF55
 412 01bc 43       		.byte	0x43
 413 01bd 07       		.uleb128 0x7
 414 01be D20A0000 		.4byte	.LASF56
 415 01c2 44       		.byte	0x44
 416 01c3 07       		.uleb128 0x7
 417 01c4 8D0A0000 		.4byte	.LASF57
 418 01c8 45       		.byte	0x45
 419 01c9 07       		.uleb128 0x7
 420 01ca 73010000 		.4byte	.LASF58
 421 01ce 46       		.byte	0x46
ARM GAS  C:\Users\310309~1\AppData\Local\Temp\ccKx9sje.s 			page 10


 422 01cf 07       		.uleb128 0x7
 423 01d0 CD050000 		.4byte	.LASF59
 424 01d4 47       		.byte	0x47
 425 01d5 07       		.uleb128 0x7
 426 01d6 11060000 		.4byte	.LASF60
 427 01da 48       		.byte	0x48
 428 01db 07       		.uleb128 0x7
 429 01dc 66030000 		.4byte	.LASF61
 430 01e0 49       		.byte	0x49
 431 01e1 07       		.uleb128 0x7
 432 01e2 E7080000 		.4byte	.LASF62
 433 01e6 4A       		.byte	0x4a
 434 01e7 07       		.uleb128 0x7
 435 01e8 B0020000 		.4byte	.LASF63
 436 01ec 4B       		.byte	0x4b
 437 01ed 07       		.uleb128 0x7
 438 01ee F7050000 		.4byte	.LASF64
 439 01f2 4C       		.byte	0x4c
 440 01f3 07       		.uleb128 0x7
 441 01f4 3C000000 		.4byte	.LASF65
 442 01f8 4D       		.byte	0x4d
 443 01f9 07       		.uleb128 0x7
 444 01fa B40A0000 		.4byte	.LASF66
 445 01fe 4E       		.byte	0x4e
 446 01ff 07       		.uleb128 0x7
 447 0200 80050000 		.4byte	.LASF67
 448 0204 4F       		.byte	0x4f
 449 0205 07       		.uleb128 0x7
 450 0206 920B0000 		.4byte	.LASF68
 451 020a 50       		.byte	0x50
 452 020b 07       		.uleb128 0x7
 453 020c 05090000 		.4byte	.LASF69
 454 0210 51       		.byte	0x51
 455 0211 07       		.uleb128 0x7
 456 0212 9B040000 		.4byte	.LASF70
 457 0216 52       		.byte	0x52
 458 0217 07       		.uleb128 0x7
 459 0218 33040000 		.4byte	.LASF71
 460 021c 53       		.byte	0x53
 461 021d 07       		.uleb128 0x7
 462 021e CF020000 		.4byte	.LASF72
 463 0222 54       		.byte	0x54
 464 0223 07       		.uleb128 0x7
 465 0224 CD0B0000 		.4byte	.LASF73
 466 0228 55       		.byte	0x55
 467 0229 07       		.uleb128 0x7
 468 022a 5D0B0000 		.4byte	.LASF74
 469 022e 56       		.byte	0x56
 470 022f 07       		.uleb128 0x7
 471 0230 340B0000 		.4byte	.LASF75
 472 0234 57       		.byte	0x57
 473 0235 07       		.uleb128 0x7
 474 0236 19070000 		.4byte	.LASF76
 475 023a 58       		.byte	0x58
 476 023b 07       		.uleb128 0x7
 477 023c 4C050000 		.4byte	.LASF77
 478 0240 70       		.byte	0x70
ARM GAS  C:\Users\310309~1\AppData\Local\Temp\ccKx9sje.s 			page 11


 479 0241 07       		.uleb128 0x7
 480 0242 2D0A0000 		.4byte	.LASF78
 481 0246 71       		.byte	0x71
 482 0247 07       		.uleb128 0x7
 483 0248 E8070000 		.4byte	.LASF79
 484 024c 72       		.byte	0x72
 485 024d 07       		.uleb128 0x7
 486 024e 18030000 		.4byte	.LASF80
 487 0252 73       		.byte	0x73
 488 0253 07       		.uleb128 0x7
 489 0254 FE040000 		.4byte	.LASF81
 490 0258 74       		.byte	0x74
 491 0259 07       		.uleb128 0x7
 492 025a C3060000 		.4byte	.LASF82
 493 025e 75       		.byte	0x75
 494 025f 07       		.uleb128 0x7
 495 0260 36030000 		.4byte	.LASF83
 496 0264 76       		.byte	0x76
 497 0265 07       		.uleb128 0x7
 498 0266 AB080000 		.4byte	.LASF84
 499 026a 77       		.byte	0x77
 500 026b 07       		.uleb128 0x7
 501 026c 61090000 		.4byte	.LASF85
 502 0270 78       		.byte	0x78
 503 0271 07       		.uleb128 0x7
 504 0272 C9090000 		.4byte	.LASF86
 505 0276 79       		.byte	0x79
 506 0277 07       		.uleb128 0x7
 507 0278 F00A0000 		.4byte	.LASF87
 508 027c 7A       		.byte	0x7a
 509 027d 07       		.uleb128 0x7
 510 027e 43090000 		.4byte	.LASF88
 511 0282 FA       		.byte	0xfa
 512 0283 07       		.uleb128 0x7
 513 0284 9F050000 		.4byte	.LASF89
 514 0288 FB       		.byte	0xfb
 515 0289 07       		.uleb128 0x7
 516 028a F10B0000 		.4byte	.LASF90
 517 028e FC       		.byte	0xfc
 518 028f 07       		.uleb128 0x7
 519 0290 60070000 		.4byte	.LASF91
 520 0294 FD       		.byte	0xfd
 521 0295 07       		.uleb128 0x7
 522 0296 260B0000 		.4byte	.LASF92
 523 029a FF       		.byte	0xff
 524 029b 00       		.byte	0
 525 029c 08       		.uleb128 0x8
 526 029d 04       		.byte	0x4
 527 029e 97000000 		.4byte	0x97
 528 02a2 05       		.uleb128 0x5
 529 02a3 B10B0000 		.4byte	.LASF93
 530 02a7 05       		.byte	0x5
 531 02a8 8901     		.2byte	0x189
 532 02aa A3000000 		.4byte	0xa3
 533 02ae 09       		.uleb128 0x9
 534 02af 02       		.byte	0x2
 535 02b0 05       		.byte	0x5
ARM GAS  C:\Users\310309~1\AppData\Local\Temp\ccKx9sje.s 			page 12


 536 02b1 9301     		.2byte	0x193
 537 02b3 D2020000 		.4byte	0x2d2
 538 02b7 0A       		.uleb128 0xa
 539 02b8 57030000 		.4byte	.LASF94
 540 02bc 05       		.byte	0x5
 541 02bd 9A01     		.2byte	0x19a
 542 02bf 97000000 		.4byte	0x97
 543 02c3 00       		.byte	0
 544 02c4 0A       		.uleb128 0xa
 545 02c5 BD060000 		.4byte	.LASF95
 546 02c9 05       		.byte	0x5
 547 02ca A001     		.2byte	0x1a0
 548 02cc 97000000 		.4byte	0x97
 549 02d0 01       		.byte	0x1
 550 02d1 00       		.byte	0
 551 02d2 05       		.uleb128 0x5
 552 02d3 96090000 		.4byte	.LASF96
 553 02d7 05       		.byte	0x5
 554 02d8 A201     		.2byte	0x1a2
 555 02da AE020000 		.4byte	0x2ae
 556 02de 09       		.uleb128 0x9
 557 02df 08       		.byte	0x8
 558 02e0 05       		.byte	0x5
 559 02e1 BE01     		.2byte	0x1be
 560 02e3 0F030000 		.4byte	0x30f
 561 02e7 0B       		.uleb128 0xb
 562 02e8 76616C00 		.ascii	"val\000"
 563 02ec 05       		.byte	0x5
 564 02ed C101     		.2byte	0x1c1
 565 02ef 9C020000 		.4byte	0x29c
 566 02f3 00       		.byte	0
 567 02f4 0B       		.uleb128 0xb
 568 02f5 6C656E00 		.ascii	"len\000"
 569 02f9 05       		.byte	0x5
 570 02fa C401     		.2byte	0x1c4
 571 02fc A3000000 		.4byte	0xa3
 572 0300 04       		.byte	0x4
 573 0301 0A       		.uleb128 0xa
 574 0302 830A0000 		.4byte	.LASF97
 575 0306 05       		.byte	0x5
 576 0307 CB01     		.2byte	0x1cb
 577 0309 A3000000 		.4byte	0xa3
 578 030d 06       		.byte	0x6
 579 030e 00       		.byte	0
 580 030f 05       		.uleb128 0x5
 581 0310 CD070000 		.4byte	.LASF98
 582 0314 05       		.byte	0x5
 583 0315 CD01     		.2byte	0x1cd
 584 0317 DE020000 		.4byte	0x2de
 585 031b 09       		.uleb128 0x9
 586 031c 0C       		.byte	0xc
 587 031d 05       		.byte	0x5
 588 031e D001     		.2byte	0x1d0
 589 0320 3F030000 		.4byte	0x33f
 590 0324 0A       		.uleb128 0xa
 591 0325 8C0B0000 		.4byte	.LASF99
 592 0329 05       		.byte	0x5
ARM GAS  C:\Users\310309~1\AppData\Local\Temp\ccKx9sje.s 			page 13


 593 032a D301     		.2byte	0x1d3
 594 032c 0F030000 		.4byte	0x30f
 595 0330 00       		.byte	0
 596 0331 0A       		.uleb128 0xa
 597 0332 84090000 		.4byte	.LASF100
 598 0336 05       		.byte	0x5
 599 0337 D601     		.2byte	0x1d6
 600 0339 A2020000 		.4byte	0x2a2
 601 033d 08       		.byte	0x8
 602 033e 00       		.byte	0
 603 033f 05       		.uleb128 0x5
 604 0340 AA090000 		.4byte	.LASF101
 605 0344 05       		.byte	0x5
 606 0345 D801     		.2byte	0x1d8
 607 0347 1B030000 		.4byte	0x31b
 608 034b 03       		.uleb128 0x3
 609 034c 0B040000 		.4byte	.LASF102
 610 0350 06       		.byte	0x6
 611 0351 34       		.byte	0x34
 612 0352 3F030000 		.4byte	0x33f
 613 0356 0C       		.uleb128 0xc
 614 0357 770A0000 		.4byte	.LASF103
 615 035b 04       		.byte	0x4
 616 035c 07       		.byte	0x7
 617 035d 1B       		.byte	0x1b
 618 035e 72030000 		.4byte	0x372
 619 0362 0D       		.uleb128 0xd
 620 0363 8C0B0000 		.4byte	.LASF99
 621 0367 07       		.byte	0x7
 622 0368 1C       		.byte	0x1c
 623 0369 8C000000 		.4byte	0x8c
 624 036d 04       		.byte	0x4
 625 036e 18       		.byte	0x18
 626 036f 08       		.byte	0x8
 627 0370 00       		.byte	0
 628 0371 00       		.byte	0
 629 0372 0C       		.uleb128 0xc
 630 0373 6F000000 		.4byte	.LASF104
 631 0377 04       		.byte	0x4
 632 0378 07       		.byte	0x7
 633 0379 1F       		.byte	0x1f
 634 037a 8E030000 		.4byte	0x38e
 635 037e 0D       		.uleb128 0xd
 636 037f 8C0B0000 		.4byte	.LASF99
 637 0383 07       		.byte	0x7
 638 0384 20       		.byte	0x20
 639 0385 81000000 		.4byte	0x81
 640 0389 04       		.byte	0x4
 641 038a 18       		.byte	0x18
 642 038b 08       		.byte	0x8
 643 038c 00       		.byte	0
 644 038d 00       		.byte	0
 645 038e 0E       		.uleb128 0xe
 646 038f 38060000 		.4byte	.LASF114
 647 0393 01       		.byte	0x1
 648 0394 15       		.byte	0x15
 649 0395 BD000000 		.4byte	0xbd
ARM GAS  C:\Users\310309~1\AppData\Local\Temp\ccKx9sje.s 			page 14


 650 0399 00000000 		.4byte	.LFB36
 651 039d 46000000 		.4byte	.LFE36-.LFB36
 652 03a1 01       		.uleb128 0x1
 653 03a2 9C       		.byte	0x9c
 654 03a3 B7030000 		.4byte	0x3b7
 655 03a7 0F       		.uleb128 0xf
 656 03a8 76616C00 		.ascii	"val\000"
 657 03ac 01       		.byte	0x1
 658 03ad 15       		.byte	0x15
 659 03ae BD000000 		.4byte	0xbd
 660 03b2 00000000 		.4byte	.LLST0
 661 03b6 00       		.byte	0
 662 03b7 10       		.uleb128 0x10
 663 03b8 CA080000 		.4byte	.LASF105
 664 03bc 01       		.byte	0x1
 665 03bd 4A       		.byte	0x4a
 666 03be 00000000 		.4byte	.LFB38
 667 03c2 28000000 		.4byte	.LFE38-.LFB38
 668 03c6 01       		.uleb128 0x1
 669 03c7 9C       		.byte	0x9c
 670 03c8 F5030000 		.4byte	0x3f5
 671 03cc 11       		.uleb128 0x11
 672 03cd DC080000 		.4byte	.LASF107
 673 03d1 01       		.byte	0x1
 674 03d2 4C       		.byte	0x4c
 675 03d3 4B030000 		.4byte	0x34b
 676 03d7 02       		.uleb128 0x2
 677 03d8 91       		.byte	0x91
 678 03d9 6C       		.sleb128 -20
 679 03da 12       		.uleb128 0x12
 680 03db 1C000000 		.4byte	.LVL2
 681 03df 6F040000 		.4byte	0x46f
 682 03e3 13       		.uleb128 0x13
 683 03e4 01       		.uleb128 0x1
 684 03e5 50       		.byte	0x50
 685 03e6 02       		.uleb128 0x2
 686 03e7 91       		.byte	0x91
 687 03e8 6C       		.sleb128 -20
 688 03e9 13       		.uleb128 0x13
 689 03ea 01       		.uleb128 0x1
 690 03eb 51       		.byte	0x51
 691 03ec 01       		.uleb128 0x1
 692 03ed 30       		.byte	0x30
 693 03ee 13       		.uleb128 0x13
 694 03ef 01       		.uleb128 0x1
 695 03f0 53       		.byte	0x53
 696 03f1 01       		.uleb128 0x1
 697 03f2 30       		.byte	0x30
 698 03f3 00       		.byte	0
 699 03f4 00       		.byte	0
 700 03f5 10       		.uleb128 0x10
 701 03f6 BE050000 		.4byte	.LASF106
 702 03fa 01       		.byte	0x1
 703 03fb 22       		.byte	0x22
 704 03fc 00000000 		.4byte	.LFB37
 705 0400 24000000 		.4byte	.LFE37-.LFB37
 706 0404 01       		.uleb128 0x1
ARM GAS  C:\Users\310309~1\AppData\Local\Temp\ccKx9sje.s 			page 15


 707 0405 9C       		.byte	0x9c
 708 0406 30040000 		.4byte	0x430
 709 040a 14       		.uleb128 0x14
 710 040b 2D000000 		.4byte	.LASF108
 711 040f 01       		.byte	0x1
 712 0410 24       		.byte	0x24
 713 0411 BD000000 		.4byte	0xbd
 714 0415 FF1F0F07 		.8byte	0x1010103070f1fff
 714      03010101 
 715 041d 15       		.uleb128 0x15
 716 041e 0A000000 		.4byte	.LVL4
 717 0422 8E030000 		.4byte	0x38e
 718 0426 15       		.uleb128 0x15
 719 0427 14000000 		.4byte	.LVL5
 720 042b B7030000 		.4byte	0x3b7
 721 042f 00       		.byte	0
 722 0430 16       		.uleb128 0x16
 723 0431 07030000 		.4byte	.LASF109
 724 0435 08       		.byte	0x8
 725 0436 AA0A     		.2byte	0xaaa
 726 0438 D2020000 		.4byte	0x2d2
 727 043c 17       		.uleb128 0x17
 728 043d 220A0000 		.4byte	.LASF110
 729 0441 09       		.byte	0x9
 730 0442 6E       		.byte	0x6e
 731 0443 BD000000 		.4byte	0xbd
 732 0447 05       		.uleb128 0x5
 733 0448 03       		.byte	0x3
 734 0449 00000000 		.4byte	pamFeature
 735 044d 17       		.uleb128 0x17
 736 044e 770A0000 		.4byte	.LASF103
 737 0452 07       		.byte	0x7
 738 0453 1D       		.byte	0x1d
 739 0454 56030000 		.4byte	0x356
 740 0458 05       		.uleb128 0x5
 741 0459 03       		.byte	0x3
 742 045a 00000000 		.4byte	ubitfield24
 743 045e 17       		.uleb128 0x17
 744 045f 6F000000 		.4byte	.LASF104
 745 0463 07       		.byte	0x7
 746 0464 21       		.byte	0x21
 747 0465 72030000 		.4byte	0x372
 748 0469 05       		.uleb128 0x5
 749 046a 03       		.byte	0x3
 750 046b 00000000 		.4byte	sbitfield24
 751 046f 18       		.uleb128 0x18
 752 0470 26010000 		.4byte	.LASF115
 753 0474 26010000 		.4byte	.LASF115
 754 0478 0B       		.byte	0xb
 755 0479 7E01     		.2byte	0x17e
 756 047b 00       		.byte	0
 757              		.section	.debug_abbrev,"",%progbits
 758              	.Ldebug_abbrev0:
 759 0000 01       		.uleb128 0x1
 760 0001 11       		.uleb128 0x11
 761 0002 01       		.byte	0x1
 762 0003 25       		.uleb128 0x25
ARM GAS  C:\Users\310309~1\AppData\Local\Temp\ccKx9sje.s 			page 16


 763 0004 0E       		.uleb128 0xe
 764 0005 13       		.uleb128 0x13
 765 0006 0B       		.uleb128 0xb
 766 0007 03       		.uleb128 0x3
 767 0008 0E       		.uleb128 0xe
 768 0009 1B       		.uleb128 0x1b
 769 000a 0E       		.uleb128 0xe
 770 000b 55       		.uleb128 0x55
 771 000c 17       		.uleb128 0x17
 772 000d 11       		.uleb128 0x11
 773 000e 01       		.uleb128 0x1
 774 000f 10       		.uleb128 0x10
 775 0010 17       		.uleb128 0x17
 776 0011 00       		.byte	0
 777 0012 00       		.byte	0
 778 0013 02       		.uleb128 0x2
 779 0014 24       		.uleb128 0x24
 780 0015 00       		.byte	0
 781 0016 0B       		.uleb128 0xb
 782 0017 0B       		.uleb128 0xb
 783 0018 3E       		.uleb128 0x3e
 784 0019 0B       		.uleb128 0xb
 785 001a 03       		.uleb128 0x3
 786 001b 0E       		.uleb128 0xe
 787 001c 00       		.byte	0
 788 001d 00       		.byte	0
 789 001e 03       		.uleb128 0x3
 790 001f 16       		.uleb128 0x16
 791 0020 00       		.byte	0
 792 0021 03       		.uleb128 0x3
 793 0022 0E       		.uleb128 0xe
 794 0023 3A       		.uleb128 0x3a
 795 0024 0B       		.uleb128 0xb
 796 0025 3B       		.uleb128 0x3b
 797 0026 0B       		.uleb128 0xb
 798 0027 49       		.uleb128 0x49
 799 0028 13       		.uleb128 0x13
 800 0029 00       		.byte	0
 801 002a 00       		.byte	0
 802 002b 04       		.uleb128 0x4
 803 002c 24       		.uleb128 0x24
 804 002d 00       		.byte	0
 805 002e 0B       		.uleb128 0xb
 806 002f 0B       		.uleb128 0xb
 807 0030 3E       		.uleb128 0x3e
 808 0031 0B       		.uleb128 0xb
 809 0032 03       		.uleb128 0x3
 810 0033 08       		.uleb128 0x8
 811 0034 00       		.byte	0
 812 0035 00       		.byte	0
 813 0036 05       		.uleb128 0x5
 814 0037 16       		.uleb128 0x16
 815 0038 00       		.byte	0
 816 0039 03       		.uleb128 0x3
 817 003a 0E       		.uleb128 0xe
 818 003b 3A       		.uleb128 0x3a
 819 003c 0B       		.uleb128 0xb
ARM GAS  C:\Users\310309~1\AppData\Local\Temp\ccKx9sje.s 			page 17


 820 003d 3B       		.uleb128 0x3b
 821 003e 05       		.uleb128 0x5
 822 003f 49       		.uleb128 0x49
 823 0040 13       		.uleb128 0x13
 824 0041 00       		.byte	0
 825 0042 00       		.byte	0
 826 0043 06       		.uleb128 0x6
 827 0044 04       		.uleb128 0x4
 828 0045 01       		.byte	0x1
 829 0046 0B       		.uleb128 0xb
 830 0047 0B       		.uleb128 0xb
 831 0048 49       		.uleb128 0x49
 832 0049 13       		.uleb128 0x13
 833 004a 3A       		.uleb128 0x3a
 834 004b 0B       		.uleb128 0xb
 835 004c 3B       		.uleb128 0x3b
 836 004d 05       		.uleb128 0x5
 837 004e 01       		.uleb128 0x1
 838 004f 13       		.uleb128 0x13
 839 0050 00       		.byte	0
 840 0051 00       		.byte	0
 841 0052 07       		.uleb128 0x7
 842 0053 28       		.uleb128 0x28
 843 0054 00       		.byte	0
 844 0055 03       		.uleb128 0x3
 845 0056 0E       		.uleb128 0xe
 846 0057 1C       		.uleb128 0x1c
 847 0058 0B       		.uleb128 0xb
 848 0059 00       		.byte	0
 849 005a 00       		.byte	0
 850 005b 08       		.uleb128 0x8
 851 005c 0F       		.uleb128 0xf
 852 005d 00       		.byte	0
 853 005e 0B       		.uleb128 0xb
 854 005f 0B       		.uleb128 0xb
 855 0060 49       		.uleb128 0x49
 856 0061 13       		.uleb128 0x13
 857 0062 00       		.byte	0
 858 0063 00       		.byte	0
 859 0064 09       		.uleb128 0x9
 860 0065 13       		.uleb128 0x13
 861 0066 01       		.byte	0x1
 862 0067 0B       		.uleb128 0xb
 863 0068 0B       		.uleb128 0xb
 864 0069 3A       		.uleb128 0x3a
 865 006a 0B       		.uleb128 0xb
 866 006b 3B       		.uleb128 0x3b
 867 006c 05       		.uleb128 0x5
 868 006d 01       		.uleb128 0x1
 869 006e 13       		.uleb128 0x13
 870 006f 00       		.byte	0
 871 0070 00       		.byte	0
 872 0071 0A       		.uleb128 0xa
 873 0072 0D       		.uleb128 0xd
 874 0073 00       		.byte	0
 875 0074 03       		.uleb128 0x3
 876 0075 0E       		.uleb128 0xe
ARM GAS  C:\Users\310309~1\AppData\Local\Temp\ccKx9sje.s 			page 18


 877 0076 3A       		.uleb128 0x3a
 878 0077 0B       		.uleb128 0xb
 879 0078 3B       		.uleb128 0x3b
 880 0079 05       		.uleb128 0x5
 881 007a 49       		.uleb128 0x49
 882 007b 13       		.uleb128 0x13
 883 007c 38       		.uleb128 0x38
 884 007d 0B       		.uleb128 0xb
 885 007e 00       		.byte	0
 886 007f 00       		.byte	0
 887 0080 0B       		.uleb128 0xb
 888 0081 0D       		.uleb128 0xd
 889 0082 00       		.byte	0
 890 0083 03       		.uleb128 0x3
 891 0084 08       		.uleb128 0x8
 892 0085 3A       		.uleb128 0x3a
 893 0086 0B       		.uleb128 0xb
 894 0087 3B       		.uleb128 0x3b
 895 0088 05       		.uleb128 0x5
 896 0089 49       		.uleb128 0x49
 897 008a 13       		.uleb128 0x13
 898 008b 38       		.uleb128 0x38
 899 008c 0B       		.uleb128 0xb
 900 008d 00       		.byte	0
 901 008e 00       		.byte	0
 902 008f 0C       		.uleb128 0xc
 903 0090 13       		.uleb128 0x13
 904 0091 01       		.byte	0x1
 905 0092 03       		.uleb128 0x3
 906 0093 0E       		.uleb128 0xe
 907 0094 0B       		.uleb128 0xb
 908 0095 0B       		.uleb128 0xb
 909 0096 3A       		.uleb128 0x3a
 910 0097 0B       		.uleb128 0xb
 911 0098 3B       		.uleb128 0x3b
 912 0099 0B       		.uleb128 0xb
 913 009a 01       		.uleb128 0x1
 914 009b 13       		.uleb128 0x13
 915 009c 00       		.byte	0
 916 009d 00       		.byte	0
 917 009e 0D       		.uleb128 0xd
 918 009f 0D       		.uleb128 0xd
 919 00a0 00       		.byte	0
 920 00a1 03       		.uleb128 0x3
 921 00a2 0E       		.uleb128 0xe
 922 00a3 3A       		.uleb128 0x3a
 923 00a4 0B       		.uleb128 0xb
 924 00a5 3B       		.uleb128 0x3b
 925 00a6 0B       		.uleb128 0xb
 926 00a7 49       		.uleb128 0x49
 927 00a8 13       		.uleb128 0x13
 928 00a9 0B       		.uleb128 0xb
 929 00aa 0B       		.uleb128 0xb
 930 00ab 0D       		.uleb128 0xd
 931 00ac 0B       		.uleb128 0xb
 932 00ad 0C       		.uleb128 0xc
 933 00ae 0B       		.uleb128 0xb
ARM GAS  C:\Users\310309~1\AppData\Local\Temp\ccKx9sje.s 			page 19


 934 00af 38       		.uleb128 0x38
 935 00b0 0B       		.uleb128 0xb
 936 00b1 00       		.byte	0
 937 00b2 00       		.byte	0
 938 00b3 0E       		.uleb128 0xe
 939 00b4 2E       		.uleb128 0x2e
 940 00b5 01       		.byte	0x1
 941 00b6 3F       		.uleb128 0x3f
 942 00b7 19       		.uleb128 0x19
 943 00b8 03       		.uleb128 0x3
 944 00b9 0E       		.uleb128 0xe
 945 00ba 3A       		.uleb128 0x3a
 946 00bb 0B       		.uleb128 0xb
 947 00bc 3B       		.uleb128 0x3b
 948 00bd 0B       		.uleb128 0xb
 949 00be 27       		.uleb128 0x27
 950 00bf 19       		.uleb128 0x19
 951 00c0 49       		.uleb128 0x49
 952 00c1 13       		.uleb128 0x13
 953 00c2 11       		.uleb128 0x11
 954 00c3 01       		.uleb128 0x1
 955 00c4 12       		.uleb128 0x12
 956 00c5 06       		.uleb128 0x6
 957 00c6 40       		.uleb128 0x40
 958 00c7 18       		.uleb128 0x18
 959 00c8 9742     		.uleb128 0x2117
 960 00ca 19       		.uleb128 0x19
 961 00cb 01       		.uleb128 0x1
 962 00cc 13       		.uleb128 0x13
 963 00cd 00       		.byte	0
 964 00ce 00       		.byte	0
 965 00cf 0F       		.uleb128 0xf
 966 00d0 05       		.uleb128 0x5
 967 00d1 00       		.byte	0
 968 00d2 03       		.uleb128 0x3
 969 00d3 08       		.uleb128 0x8
 970 00d4 3A       		.uleb128 0x3a
 971 00d5 0B       		.uleb128 0xb
 972 00d6 3B       		.uleb128 0x3b
 973 00d7 0B       		.uleb128 0xb
 974 00d8 49       		.uleb128 0x49
 975 00d9 13       		.uleb128 0x13
 976 00da 02       		.uleb128 0x2
 977 00db 17       		.uleb128 0x17
 978 00dc 00       		.byte	0
 979 00dd 00       		.byte	0
 980 00de 10       		.uleb128 0x10
 981 00df 2E       		.uleb128 0x2e
 982 00e0 01       		.byte	0x1
 983 00e1 3F       		.uleb128 0x3f
 984 00e2 19       		.uleb128 0x19
 985 00e3 03       		.uleb128 0x3
 986 00e4 0E       		.uleb128 0xe
 987 00e5 3A       		.uleb128 0x3a
 988 00e6 0B       		.uleb128 0xb
 989 00e7 3B       		.uleb128 0x3b
 990 00e8 0B       		.uleb128 0xb
ARM GAS  C:\Users\310309~1\AppData\Local\Temp\ccKx9sje.s 			page 20


 991 00e9 27       		.uleb128 0x27
 992 00ea 19       		.uleb128 0x19
 993 00eb 11       		.uleb128 0x11
 994 00ec 01       		.uleb128 0x1
 995 00ed 12       		.uleb128 0x12
 996 00ee 06       		.uleb128 0x6
 997 00ef 40       		.uleb128 0x40
 998 00f0 18       		.uleb128 0x18
 999 00f1 9742     		.uleb128 0x2117
 1000 00f3 19       		.uleb128 0x19
 1001 00f4 01       		.uleb128 0x1
 1002 00f5 13       		.uleb128 0x13
 1003 00f6 00       		.byte	0
 1004 00f7 00       		.byte	0
 1005 00f8 11       		.uleb128 0x11
 1006 00f9 34       		.uleb128 0x34
 1007 00fa 00       		.byte	0
 1008 00fb 03       		.uleb128 0x3
 1009 00fc 0E       		.uleb128 0xe
 1010 00fd 3A       		.uleb128 0x3a
 1011 00fe 0B       		.uleb128 0xb
 1012 00ff 3B       		.uleb128 0x3b
 1013 0100 0B       		.uleb128 0xb
 1014 0101 49       		.uleb128 0x49
 1015 0102 13       		.uleb128 0x13
 1016 0103 02       		.uleb128 0x2
 1017 0104 18       		.uleb128 0x18
 1018 0105 00       		.byte	0
 1019 0106 00       		.byte	0
 1020 0107 12       		.uleb128 0x12
 1021 0108 898201   		.uleb128 0x4109
 1022 010b 01       		.byte	0x1
 1023 010c 11       		.uleb128 0x11
 1024 010d 01       		.uleb128 0x1
 1025 010e 31       		.uleb128 0x31
 1026 010f 13       		.uleb128 0x13
 1027 0110 00       		.byte	0
 1028 0111 00       		.byte	0
 1029 0112 13       		.uleb128 0x13
 1030 0113 8A8201   		.uleb128 0x410a
 1031 0116 00       		.byte	0
 1032 0117 02       		.uleb128 0x2
 1033 0118 18       		.uleb128 0x18
 1034 0119 9142     		.uleb128 0x2111
 1035 011b 18       		.uleb128 0x18
 1036 011c 00       		.byte	0
 1037 011d 00       		.byte	0
 1038 011e 14       		.uleb128 0x14
 1039 011f 34       		.uleb128 0x34
 1040 0120 00       		.byte	0
 1041 0121 03       		.uleb128 0x3
 1042 0122 0E       		.uleb128 0xe
 1043 0123 3A       		.uleb128 0x3a
 1044 0124 0B       		.uleb128 0xb
 1045 0125 3B       		.uleb128 0x3b
 1046 0126 0B       		.uleb128 0xb
 1047 0127 49       		.uleb128 0x49
ARM GAS  C:\Users\310309~1\AppData\Local\Temp\ccKx9sje.s 			page 21


 1048 0128 13       		.uleb128 0x13
 1049 0129 1C       		.uleb128 0x1c
 1050 012a 07       		.uleb128 0x7
 1051 012b 00       		.byte	0
 1052 012c 00       		.byte	0
 1053 012d 15       		.uleb128 0x15
 1054 012e 898201   		.uleb128 0x4109
 1055 0131 00       		.byte	0
 1056 0132 11       		.uleb128 0x11
 1057 0133 01       		.uleb128 0x1
 1058 0134 31       		.uleb128 0x31
 1059 0135 13       		.uleb128 0x13
 1060 0136 00       		.byte	0
 1061 0137 00       		.byte	0
 1062 0138 16       		.uleb128 0x16
 1063 0139 34       		.uleb128 0x34
 1064 013a 00       		.byte	0
 1065 013b 03       		.uleb128 0x3
 1066 013c 0E       		.uleb128 0xe
 1067 013d 3A       		.uleb128 0x3a
 1068 013e 0B       		.uleb128 0xb
 1069 013f 3B       		.uleb128 0x3b
 1070 0140 05       		.uleb128 0x5
 1071 0141 49       		.uleb128 0x49
 1072 0142 13       		.uleb128 0x13
 1073 0143 3F       		.uleb128 0x3f
 1074 0144 19       		.uleb128 0x19
 1075 0145 3C       		.uleb128 0x3c
 1076 0146 19       		.uleb128 0x19
 1077 0147 00       		.byte	0
 1078 0148 00       		.byte	0
 1079 0149 17       		.uleb128 0x17
 1080 014a 34       		.uleb128 0x34
 1081 014b 00       		.byte	0
 1082 014c 03       		.uleb128 0x3
 1083 014d 0E       		.uleb128 0xe
 1084 014e 3A       		.uleb128 0x3a
 1085 014f 0B       		.uleb128 0xb
 1086 0150 3B       		.uleb128 0x3b
 1087 0151 0B       		.uleb128 0xb
 1088 0152 49       		.uleb128 0x49
 1089 0153 13       		.uleb128 0x13
 1090 0154 3F       		.uleb128 0x3f
 1091 0155 19       		.uleb128 0x19
 1092 0156 02       		.uleb128 0x2
 1093 0157 18       		.uleb128 0x18
 1094 0158 00       		.byte	0
 1095 0159 00       		.byte	0
 1096 015a 18       		.uleb128 0x18
 1097 015b 2E       		.uleb128 0x2e
 1098 015c 00       		.byte	0
 1099 015d 3F       		.uleb128 0x3f
 1100 015e 19       		.uleb128 0x19
 1101 015f 3C       		.uleb128 0x3c
 1102 0160 19       		.uleb128 0x19
 1103 0161 6E       		.uleb128 0x6e
 1104 0162 0E       		.uleb128 0xe
ARM GAS  C:\Users\310309~1\AppData\Local\Temp\ccKx9sje.s 			page 22


 1105 0163 03       		.uleb128 0x3
 1106 0164 0E       		.uleb128 0xe
 1107 0165 3A       		.uleb128 0x3a
 1108 0166 0B       		.uleb128 0xb
 1109 0167 3B       		.uleb128 0x3b
 1110 0168 05       		.uleb128 0x5
 1111 0169 00       		.byte	0
 1112 016a 00       		.byte	0
 1113 016b 00       		.byte	0
 1114              		.section	.debug_loc,"",%progbits
 1115              	.Ldebug_loc0:
 1116              	.LLST0:
 1117 0000 00000000 		.4byte	.LVL0
 1118 0004 20000000 		.4byte	.LVL1
 1119 0008 0600     		.2byte	0x6
 1120 000a 50       		.byte	0x50
 1121 000b 93       		.byte	0x93
 1122 000c 04       		.uleb128 0x4
 1123 000d 51       		.byte	0x51
 1124 000e 93       		.byte	0x93
 1125 000f 04       		.uleb128 0x4
 1126 0010 20000000 		.4byte	.LVL1
 1127 0014 46000000 		.4byte	.LFE36
 1128 0018 0600     		.2byte	0x6
 1129 001a F3       		.byte	0xf3
 1130 001b 03       		.uleb128 0x3
 1131 001c F5       		.byte	0xf5
 1132 001d 00       		.uleb128 0
 1133 001e 25       		.uleb128 0x25
 1134 001f 9F       		.byte	0x9f
 1135 0020 00000000 		.4byte	0
 1136 0024 00000000 		.4byte	0
 1137              		.section	.debug_aranges,"",%progbits
 1138 0000 2C000000 		.4byte	0x2c
 1139 0004 0200     		.2byte	0x2
 1140 0006 00000000 		.4byte	.Ldebug_info0
 1141 000a 04       		.byte	0x4
 1142 000b 00       		.byte	0
 1143 000c 0000     		.2byte	0
 1144 000e 0000     		.2byte	0
 1145 0010 00000000 		.4byte	.LFB36
 1146 0014 46000000 		.4byte	.LFE36-.LFB36
 1147 0018 00000000 		.4byte	.LFB38
 1148 001c 28000000 		.4byte	.LFE38-.LFB38
 1149 0020 00000000 		.4byte	.LFB37
 1150 0024 24000000 		.4byte	.LFE37-.LFB37
 1151 0028 00000000 		.4byte	0
 1152 002c 00000000 		.4byte	0
 1153              		.section	.debug_ranges,"",%progbits
 1154              	.Ldebug_ranges0:
 1155 0000 00000000 		.4byte	.LFB36
 1156 0004 46000000 		.4byte	.LFE36
 1157 0008 00000000 		.4byte	.LFB38
 1158 000c 28000000 		.4byte	.LFE38
 1159 0010 00000000 		.4byte	.LFB37
 1160 0014 24000000 		.4byte	.LFE37
 1161 0018 00000000 		.4byte	0
ARM GAS  C:\Users\310309~1\AppData\Local\Temp\ccKx9sje.s 			page 23


 1162 001c 00000000 		.4byte	0
 1163              		.section	.debug_line,"",%progbits
 1164              	.Ldebug_line0:
 1165 0000 12020000 		.section	.debug_str,"MS",%progbits,1
 1165      0200C601 
 1165      00000201 
 1165      FB0E0D00 
 1165      01010101 
 1166              	.LASF12:
 1167 0000 75696E74 		.ascii	"uint32_t\000"
 1167      33325F74 
 1167      00
 1168              	.LASF30:
 1169 0009 4359424C 		.ascii	"CYBLE_EVT_GAP_PASSKEY_ENTRY_REQUEST\000"
 1169      455F4556 
 1169      545F4741 
 1169      505F5041 
 1169      53534B45 
 1170              	.LASF108:
 1171 002d 63686F73 		.ascii	"chosenFeatures\000"
 1171      656E4665 
 1171      61747572 
 1171      657300
 1172              	.LASF65:
 1173 003c 4359424C 		.ascii	"CYBLE_EVT_GATTC_WRITE_RSP\000"
 1173      455F4556 
 1173      545F4741 
 1173      5454435F 
 1173      57524954 
 1174              	.LASF27:
 1175 0056 4359424C 		.ascii	"CYBLE_EVT_MEMORY_REQUEST\000"
 1175      455F4556 
 1175      545F4D45 
 1175      4D4F5259 
 1175      5F524551 
 1176              	.LASF104:
 1177 006f 73626974 		.ascii	"sbitfield24\000"
 1177      6669656C 
 1177      64323400 
 1178              	.LASF52:
 1179 007b 4359424C 		.ascii	"CYBLE_EVT_GATTC_ERROR_RSP\000"
 1179      455F4556 
 1179      545F4741 
 1179      5454435F 
 1179      4552524F 
 1180              	.LASF36:
 1181 0095 4359424C 		.ascii	"CYBLE_EVT_GAP_DEVICE_DISCONNECTED\000"
 1181      455F4556 
 1181      545F4741 
 1181      505F4445 
 1181      56494345 
 1182              	.LASF42:
 1183 00b7 4359424C 		.ascii	"CYBLE_EVT_GAP_KEYPRESS_NOTIFICATION\000"
 1183      455F4556 
 1183      545F4741 
 1183      505F4B45 
 1183      59505245 
ARM GAS  C:\Users\310309~1\AppData\Local\Temp\ccKx9sje.s 			page 24


 1184              	.LASF3:
 1185 00db 73686F72 		.ascii	"short int\000"
 1185      7420696E 
 1185      7400
 1186              	.LASF33:
 1187 00e5 4359424C 		.ascii	"CYBLE_EVT_GAP_AUTH_FAILED\000"
 1187      455F4556 
 1187      545F4741 
 1187      505F4155 
 1187      54485F46 
 1188              	.LASF54:
 1189 00ff 4359424C 		.ascii	"CYBLE_EVT_GATT_DISCONNECT_IND\000"
 1189      455F4556 
 1189      545F4741 
 1189      54545F44 
 1189      4953434F 
 1190              	.LASF20:
 1191 011d 73697A65 		.ascii	"sizetype\000"
 1191      74797065 
 1191      00
 1192              	.LASF115:
 1193 0126 4379426C 		.ascii	"CyBle_GattsWriteAttributeValue\000"
 1193      655F4761 
 1193      74747357 
 1193      72697465 
 1193      41747472 
 1194              	.LASF9:
 1195 0145 6C6F6E67 		.ascii	"long long int\000"
 1195      206C6F6E 
 1195      6720696E 
 1195      7400
 1196              	.LASF7:
 1197 0153 5F5F7569 		.ascii	"__uint32_t\000"
 1197      6E743332 
 1197      5F7400
 1198              	.LASF25:
 1199 015e 4359424C 		.ascii	"CYBLE_EVT_HCI_STATUS\000"
 1199      455F4556 
 1199      545F4843 
 1199      495F5354 
 1199      41545553 
 1200              	.LASF58:
 1201 0173 4359424C 		.ascii	"CYBLE_EVT_GATTC_READ_BY_TYPE_RSP\000"
 1201      455F4556 
 1201      545F4741 
 1201      5454435F 
 1201      52454144 
 1202              	.LASF22:
 1203 0194 4359424C 		.ascii	"CYBLE_EVT_STACK_ON\000"
 1203      455F4556 
 1203      545F5354 
 1203      41434B5F 
 1203      4F4E00
 1204              	.LASF51:
 1205 01a7 4359424C 		.ascii	"CYBLE_EVT_GAP_SMP_LOC_P256_KEYS_GEN_AND_SET_COMPLET"
 1205      455F4556 
 1205      545F4741 
ARM GAS  C:\Users\310309~1\AppData\Local\Temp\ccKx9sje.s 			page 25


 1205      505F534D 
 1205      505F4C4F 
 1206 01da 4500     		.ascii	"E\000"
 1207              	.LASF55:
 1208 01dc 4359424C 		.ascii	"CYBLE_EVT_GATTS_XCNHG_MTU_REQ\000"
 1208      455F4556 
 1208      545F4741 
 1208      5454535F 
 1208      58434E48 
 1209              	.LASF14:
 1210 01fa 75696E74 		.ascii	"uint16\000"
 1210      313600
 1211              	.LASF111:
 1212 0201 474E5520 		.ascii	"GNU C11 5.4.1 20160609 (release) [ARM/embedded-5-br"
 1212      43313120 
 1212      352E342E 
 1212      31203230 
 1212      31363036 
 1213 0234 616E6368 		.ascii	"anch revision 237715] -mcpu=cortex-m0 -mthumb -g -O"
 1213      20726576 
 1213      6973696F 
 1213      6E203233 
 1213      37373135 
 1214 0267 67202D66 		.ascii	"g -ffunction-sections -ffat-lto-objects\000"
 1214      66756E63 
 1214      74696F6E 
 1214      2D736563 
 1214      74696F6E 
 1215              	.LASF44:
 1216 028f 4359424C 		.ascii	"CYBLE_EVT_GAP_DATA_LENGTH_CHANGE\000"
 1216      455F4556 
 1216      545F4741 
 1216      505F4441 
 1216      54415F4C 
 1217              	.LASF63:
 1218 02b0 4359424C 		.ascii	"CYBLE_EVT_GATTC_READ_MULTI_RSP\000"
 1218      455F4556 
 1218      545F4741 
 1218      5454435F 
 1218      52454144 
 1219              	.LASF72:
 1220 02cf 4359424C 		.ascii	"CYBLE_EVT_GATTS_HANDLE_VALUE_CNF\000"
 1220      455F4556 
 1220      545F4741 
 1220      5454535F 
 1220      48414E44 
 1221              	.LASF21:
 1222 02f0 4359424C 		.ascii	"CYBLE_EVT_HOST_INVALID\000"
 1222      455F4556 
 1222      545F484F 
 1222      53545F49 
 1222      4E56414C 
 1223              	.LASF109:
 1224 0307 6379426C 		.ascii	"cyBle_connHandle\000"
 1224      655F636F 
 1224      6E6E4861 
 1224      6E646C65 
ARM GAS  C:\Users\310309~1\AppData\Local\Temp\ccKx9sje.s 			page 26


 1224      00
 1225              	.LASF80:
 1226 0318 4359424C 		.ascii	"CYBLE_EVT_L2CAP_CBFC_CONN_IND\000"
 1226      455F4556 
 1226      545F4C32 
 1226      4341505F 
 1226      43424643 
 1227              	.LASF83:
 1228 0336 4359424C 		.ascii	"CYBLE_EVT_L2CAP_CBFC_DISCONN_CNF\000"
 1228      455F4556 
 1228      545F4C32 
 1228      4341505F 
 1228      43424643 
 1229              	.LASF94:
 1230 0357 62644861 		.ascii	"bdHandle\000"
 1230      6E646C65 
 1230      00
 1231              	.LASF15:
 1232 0360 666C6F61 		.ascii	"float\000"
 1232      7400
 1233              	.LASF61:
 1234 0366 4359424C 		.ascii	"CYBLE_EVT_GATTC_READ_RSP\000"
 1234      455F4556 
 1234      545F4741 
 1234      5454435F 
 1234      52454144 
 1235              	.LASF41:
 1236 037f 4359424C 		.ascii	"CYBLE_EVT_GAP_NUMERIC_COMPARISON_REQUEST\000"
 1236      455F4556 
 1236      545F4741 
 1236      505F4E55 
 1236      4D455249 
 1237              	.LASF46:
 1238 03a8 4359424C 		.ascii	"CYBLE_EVT_GAPC_DIRECT_ADV_REPORT\000"
 1238      455F4556 
 1238      545F4741 
 1238      50435F44 
 1238      49524543 
 1239              	.LASF0:
 1240 03c9 6C6F6E67 		.ascii	"long long unsigned int\000"
 1240      206C6F6E 
 1240      6720756E 
 1240      7369676E 
 1240      65642069 
 1241              	.LASF6:
 1242 03e0 5F5F696E 		.ascii	"__int32_t\000"
 1242      7433325F 
 1242      7400
 1243              	.LASF50:
 1244 03ea 4359424C 		.ascii	"CYBLE_EVT_GAP_AUTH_REQ_REPLY_ERR\000"
 1244      455F4556 
 1244      545F4741 
 1244      505F4155 
 1244      54485F52 
 1245              	.LASF102:
 1246 040b 4359424C 		.ascii	"CYBLE_GATTS_HANDLE_VALUE_NTF_T\000"
 1246      455F4741 
ARM GAS  C:\Users\310309~1\AppData\Local\Temp\ccKx9sje.s 			page 27


 1246      5454535F 
 1246      48414E44 
 1246      4C455F56 
 1247              	.LASF5:
 1248 042a 6C6F6E67 		.ascii	"long int\000"
 1248      20696E74 
 1248      00
 1249              	.LASF71:
 1250 0433 4359424C 		.ascii	"CYBLE_EVT_GATTC_HANDLE_VALUE_IND\000"
 1250      455F4556 
 1250      545F4741 
 1250      5454435F 
 1250      48414E44 
 1251              	.LASF35:
 1252 0454 4359424C 		.ascii	"CYBLE_EVT_GAP_DEVICE_CONNECTED\000"
 1252      455F4556 
 1252      545F4741 
 1252      505F4445 
 1252      56494345 
 1253              	.LASF34:
 1254 0473 4359424C 		.ascii	"CYBLE_EVT_GAPP_ADVERTISEMENT_START_STOP\000"
 1254      455F4556 
 1254      545F4741 
 1254      50505F41 
 1254      44564552 
 1255              	.LASF70:
 1256 049b 4359424C 		.ascii	"CYBLE_EVT_GATTC_HANDLE_VALUE_NTF\000"
 1256      455F4556 
 1256      545F4741 
 1256      5454435F 
 1256      48414E44 
 1257              	.LASF26:
 1258 04bc 4359424C 		.ascii	"CYBLE_EVT_STACK_BUSY_STATUS\000"
 1258      455F4556 
 1258      545F5354 
 1258      41434B5F 
 1258      42555359 
 1259              	.LASF31:
 1260 04d8 4359424C 		.ascii	"CYBLE_EVT_GAP_PASSKEY_DISPLAY_REQUEST\000"
 1260      455F4556 
 1260      545F4741 
 1260      505F5041 
 1260      53534B45 
 1261              	.LASF81:
 1262 04fe 4359424C 		.ascii	"CYBLE_EVT_L2CAP_CBFC_CONN_CNF\000"
 1262      455F4556 
 1262      545F4C32 
 1262      4341505F 
 1262      43424643 
 1263              	.LASF45:
 1264 051c 4359424C 		.ascii	"CYBLE_EVT_GAP_ENHANCE_CONN_COMPLETE\000"
 1264      455F4556 
 1264      545F4741 
 1264      505F454E 
 1264      48414E43 
 1265              	.LASF19:
 1266 0540 6C6F6E67 		.ascii	"long double\000"
ARM GAS  C:\Users\310309~1\AppData\Local\Temp\ccKx9sje.s 			page 28


 1266      20646F75 
 1266      626C6500 
 1267              	.LASF77:
 1268 054c 4359424C 		.ascii	"CYBLE_EVT_L2CAP_CONN_PARAM_UPDATE_REQ\000"
 1268      455F4556 
 1268      545F4C32 
 1268      4341505F 
 1268      434F4E4E 
 1269              	.LASF2:
 1270 0572 756E7369 		.ascii	"unsigned char\000"
 1270      676E6564 
 1270      20636861 
 1270      7200
 1271              	.LASF67:
 1272 0580 4359424C 		.ascii	"CYBLE_EVT_GATTS_PREP_WRITE_REQ\000"
 1272      455F4556 
 1272      545F4741 
 1272      5454535F 
 1272      50524550 
 1273              	.LASF89:
 1274 059f 4359424C 		.ascii	"CYBLE_EVT_LE_PING_AUTH_TIMEOUT\000"
 1274      455F4556 
 1274      545F4C45 
 1274      5F50494E 
 1274      475F4155 
 1275              	.LASF106:
 1276 05be 50616D46 		.ascii	"PamFeatureInit\000"
 1276      65617475 
 1276      7265496E 
 1276      697400
 1277              	.LASF59:
 1278 05cd 4359424C 		.ascii	"CYBLE_EVT_GATTC_FIND_INFO_RSP\000"
 1278      455F4556 
 1278      545F4741 
 1278      5454435F 
 1278      46494E44 
 1279              	.LASF1:
 1280 05eb 7369676E 		.ascii	"signed char\000"
 1280      65642063 
 1280      68617200 
 1281              	.LASF64:
 1282 05f7 4359424C 		.ascii	"CYBLE_EVT_GATTS_WRITE_REQ\000"
 1282      455F4556 
 1282      545F4741 
 1282      5454535F 
 1282      57524954 
 1283              	.LASF60:
 1284 0611 4359424C 		.ascii	"CYBLE_EVT_GATTC_FIND_BY_TYPE_VALUE_RSP\000"
 1284      455F4556 
 1284      545F4741 
 1284      5454435F 
 1284      46494E44 
 1285              	.LASF114:
 1286 0638 73776170 		.ascii	"swapEndianness64\000"
 1286      456E6469 
 1286      616E6E65 
 1286      73733634 
ARM GAS  C:\Users\310309~1\AppData\Local\Temp\ccKx9sje.s 			page 29


 1286      00
 1287              	.LASF32:
 1288 0649 4359424C 		.ascii	"CYBLE_EVT_GAP_AUTH_COMPLETE\000"
 1288      455F4556 
 1288      545F4741 
 1288      505F4155 
 1288      54485F43 
 1289              	.LASF17:
 1290 0665 75696E74 		.ascii	"uint64\000"
 1290      363400
 1291              	.LASF112:
 1292 066c 50616D46 		.ascii	"PamFeature.c\000"
 1292      65617475 
 1292      72652E63 
 1292      00
 1293              	.LASF53:
 1294 0679 4359424C 		.ascii	"CYBLE_EVT_GATT_CONNECT_IND\000"
 1294      455F4556 
 1294      545F4741 
 1294      54545F43 
 1294      4F4E4E45 
 1295              	.LASF8:
 1296 0694 6C6F6E67 		.ascii	"long unsigned int\000"
 1296      20756E73 
 1296      69676E65 
 1296      6420696E 
 1296      7400
 1297              	.LASF29:
 1298 06a6 4359424C 		.ascii	"CYBLE_EVT_GAP_AUTH_REQ\000"
 1298      455F4556 
 1298      545F4741 
 1298      505F4155 
 1298      54485F52 
 1299              	.LASF95:
 1300 06bd 61747449 		.ascii	"attId\000"
 1300      6400
 1301              	.LASF82:
 1302 06c3 4359424C 		.ascii	"CYBLE_EVT_L2CAP_CBFC_DISCONN_IND\000"
 1302      455F4556 
 1302      545F4C32 
 1302      4341505F 
 1302      43424643 
 1303              	.LASF37:
 1304 06e4 4359424C 		.ascii	"CYBLE_EVT_GAP_ENCRYPT_CHANGE\000"
 1304      455F4556 
 1304      545F4741 
 1304      505F454E 
 1304      43525950 
 1305              	.LASF48:
 1306 0701 4359424C 		.ascii	"CYBLE_EVT_GAP_CONN_ESTB\000"
 1306      455F4556 
 1306      545F4741 
 1306      505F434F 
 1306      4E4E5F45 
 1307              	.LASF76:
 1308 0719 4359424C 		.ascii	"CYBLE_EVT_GATTC_LONG_PROCEDURE_END\000"
 1308      455F4556 
ARM GAS  C:\Users\310309~1\AppData\Local\Temp\ccKx9sje.s 			page 30


 1308      545F4741 
 1308      5454435F 
 1308      4C4F4E47 
 1309              	.LASF40:
 1310 073c 4359424C 		.ascii	"CYBLE_EVT_GAP_KEYINFO_EXCHNGE_CMPLT\000"
 1310      455F4556 
 1310      545F4741 
 1310      505F4B45 
 1310      59494E46 
 1311              	.LASF91:
 1312 0760 4359424C 		.ascii	"CYBLE_EVT_FLASH_CORRUPT\000"
 1312      455F4556 
 1312      545F464C 
 1312      4153485F 
 1312      434F5252 
 1313              	.LASF38:
 1314 0778 4359424C 		.ascii	"CYBLE_EVT_GAP_CONNECTION_UPDATE_COMPLETE\000"
 1314      455F4556 
 1314      545F4741 
 1314      505F434F 
 1314      4E4E4543 
 1315              	.LASF47:
 1316 07a1 4359424C 		.ascii	"CYBLE_EVT_GAP_SMP_NEGOTIATED_AUTH_INFO\000"
 1316      455F4556 
 1316      545F4741 
 1316      505F534D 
 1316      505F4E45 
 1317              	.LASF18:
 1318 07c8 63686172 		.ascii	"char\000"
 1318      00
 1319              	.LASF98:
 1320 07cd 4359424C 		.ascii	"CYBLE_GATT_VALUE_T\000"
 1320      455F4741 
 1320      54545F56 
 1320      414C5545 
 1320      5F5400
 1321              	.LASF11:
 1322 07e0 696E7433 		.ascii	"int32_t\000"
 1322      325F7400 
 1323              	.LASF79:
 1324 07e8 4359424C 		.ascii	"CYBLE_EVT_L2CAP_COMMAND_REJ\000"
 1324      455F4556 
 1324      545F4C32 
 1324      4341505F 
 1324      434F4D4D 
 1325              	.LASF4:
 1326 0804 73686F72 		.ascii	"short unsigned int\000"
 1326      7420756E 
 1326      7369676E 
 1326      65642069 
 1326      6E7400
 1327              	.LASF13:
 1328 0817 75696E74 		.ascii	"uint8\000"
 1328      3800
 1329              	.LASF113:
 1330 081d 433A5C55 		.ascii	"C:\\Users\\310309623\\Desktop\\OneDrive - Philips\\"
 1330      73657273 
ARM GAS  C:\Users\310309~1\AppData\Local\Temp\ccKx9sje.s 			page 31


 1330      5C333130 
 1330      33303936 
 1330      32335C44 
 1331 084b 41667374 		.ascii	"Afstudeerstage\\Afstuderen\\Stage\\Project\\Service"
 1331      75646565 
 1331      72737461 
 1331      67655C41 
 1331      66737475 
 1332 087a 5C506869 		.ascii	"\\Philips\\Physical Activity Monitor Service.cydsn\000"
 1332      6C697073 
 1332      5C506879 
 1332      73696361 
 1332      6C204163 
 1333              	.LASF84:
 1334 08ab 4359424C 		.ascii	"CYBLE_EVT_L2CAP_CBFC_DATA_READ\000"
 1334      455F4556 
 1334      545F4C32 
 1334      4341505F 
 1334      43424643 
 1335              	.LASF105:
 1336 08ca 55706461 		.ascii	"UpdateFeatureList\000"
 1336      74654665 
 1336      61747572 
 1336      654C6973 
 1336      7400
 1337              	.LASF107:
 1338 08dc 74656D70 		.ascii	"tempHandle\000"
 1338      48616E64 
 1338      6C6500
 1339              	.LASF62:
 1340 08e7 4359424C 		.ascii	"CYBLE_EVT_GATTC_READ_BLOB_RSP\000"
 1340      455F4556 
 1340      545F4741 
 1340      5454435F 
 1340      52454144 
 1341              	.LASF69:
 1342 0905 4359424C 		.ascii	"CYBLE_EVT_GATTC_EXEC_WRITE_RSP\000"
 1342      455F4556 
 1342      545F4741 
 1342      5454435F 
 1342      45584543 
 1343              	.LASF39:
 1344 0924 4359424C 		.ascii	"CYBLE_EVT_GAPC_SCAN_START_STOP\000"
 1344      455F4556 
 1344      545F4741 
 1344      50435F53 
 1344      43414E5F 
 1345              	.LASF88:
 1346 0943 4359424C 		.ascii	"CYBLE_EVT_PENDING_FLASH_WRITE\000"
 1346      455F4556 
 1346      545F5045 
 1346      4E44494E 
 1346      475F464C 
 1347              	.LASF85:
 1348 0961 4359424C 		.ascii	"CYBLE_EVT_L2CAP_CBFC_RX_CREDIT_IND\000"
 1348      455F4556 
 1348      545F4C32 
ARM GAS  C:\Users\310309~1\AppData\Local\Temp\ccKx9sje.s 			page 32


 1348      4341505F 
 1348      43424643 
 1349              	.LASF100:
 1350 0984 61747472 		.ascii	"attrHandle\000"
 1350      48616E64 
 1350      6C6500
 1351              	.LASF16:
 1352 098f 646F7562 		.ascii	"double\000"
 1352      6C6500
 1353              	.LASF96:
 1354 0996 4359424C 		.ascii	"CYBLE_CONN_HANDLE_T\000"
 1354      455F434F 
 1354      4E4E5F48 
 1354      414E444C 
 1354      455F5400 
 1355              	.LASF101:
 1356 09aa 4359424C 		.ascii	"CYBLE_GATT_HANDLE_VALUE_PAIR_T\000"
 1356      455F4741 
 1356      54545F48 
 1356      414E444C 
 1356      455F5641 
 1357              	.LASF86:
 1358 09c9 4359424C 		.ascii	"CYBLE_EVT_L2CAP_CBFC_TX_CREDIT_IND\000"
 1358      455F4556 
 1358      545F4C32 
 1358      4341505F 
 1358      43424643 
 1359              	.LASF49:
 1360 09ec 4359424C 		.ascii	"CYBLE_EVT_GAP_SCAN_REQ_RECVD\000"
 1360      455F4556 
 1360      545F4741 
 1360      505F5343 
 1360      414E5F52 
 1361              	.LASF24:
 1362 0a09 4359424C 		.ascii	"CYBLE_EVT_HARDWARE_ERROR\000"
 1362      455F4556 
 1362      545F4841 
 1362      52445741 
 1362      52455F45 
 1363              	.LASF110:
 1364 0a22 70616D46 		.ascii	"pamFeature\000"
 1364      65617475 
 1364      726500
 1365              	.LASF78:
 1366 0a2d 4359424C 		.ascii	"CYBLE_EVT_L2CAP_CONN_PARAM_UPDATE_RSP\000"
 1366      455F4556 
 1366      545F4C32 
 1366      4341505F 
 1366      434F4E4E 
 1367              	.LASF28:
 1368 0a53 4359424C 		.ascii	"CYBLE_EVT_GAPC_SCAN_PROGRESS_RESULT\000"
 1368      455F4556 
 1368      545F4741 
 1368      50435F53 
 1368      43414E5F 
 1369              	.LASF103:
 1370 0a77 75626974 		.ascii	"ubitfield24\000"
ARM GAS  C:\Users\310309~1\AppData\Local\Temp\ccKx9sje.s 			page 33


 1370      6669656C 
 1370      64323400 
 1371              	.LASF97:
 1372 0a83 61637475 		.ascii	"actualLen\000"
 1372      616C4C65 
 1372      6E00
 1373              	.LASF57:
 1374 0a8d 4359424C 		.ascii	"CYBLE_EVT_GATTC_READ_BY_GROUP_TYPE_RSP\000"
 1374      455F4556 
 1374      545F4741 
 1374      5454435F 
 1374      52454144 
 1375              	.LASF66:
 1376 0ab4 4359424C 		.ascii	"CYBLE_EVT_GATTS_WRITE_CMD_REQ\000"
 1376      455F4556 
 1376      545F4741 
 1376      5454535F 
 1376      57524954 
 1377              	.LASF56:
 1378 0ad2 4359424C 		.ascii	"CYBLE_EVT_GATTC_XCHNG_MTU_RSP\000"
 1378      455F4556 
 1378      545F4741 
 1378      5454435F 
 1378      5843484E 
 1379              	.LASF87:
 1380 0af0 4359424C 		.ascii	"CYBLE_EVT_L2CAP_CBFC_DATA_WRITE_IND\000"
 1380      455F4556 
 1380      545F4C32 
 1380      4341505F 
 1380      43424643 
 1381              	.LASF23:
 1382 0b14 4359424C 		.ascii	"CYBLE_EVT_TIMEOUT\000"
 1382      455F4556 
 1382      545F5449 
 1382      4D454F55 
 1382      5400
 1383              	.LASF92:
 1384 0b26 4359424C 		.ascii	"CYBLE_EVT_MAX\000"
 1384      455F4556 
 1384      545F4D41 
 1384      5800
 1385              	.LASF75:
 1386 0b34 4359424C 		.ascii	"CYBLE_EVT_GATTS_READ_CHAR_VAL_ACCESS_REQ\000"
 1386      455F4556 
 1386      545F4741 
 1386      5454535F 
 1386      52454144 
 1387              	.LASF74:
 1388 0b5d 4359424C 		.ascii	"CYBLE_EVT_GATTC_STOP_CMD_COMPLETE\000"
 1388      455F4556 
 1388      545F4741 
 1388      5454435F 
 1388      53544F50 
 1389              	.LASF10:
 1390 0b7f 756E7369 		.ascii	"unsigned int\000"
 1390      676E6564 
 1390      20696E74 
ARM GAS  C:\Users\310309~1\AppData\Local\Temp\ccKx9sje.s 			page 34


 1390      00
 1391              	.LASF99:
 1392 0b8c 76616C75 		.ascii	"value\000"
 1392      6500
 1393              	.LASF68:
 1394 0b92 4359424C 		.ascii	"CYBLE_EVT_GATTS_EXEC_WRITE_REQ\000"
 1394      455F4556 
 1394      545F4741 
 1394      5454535F 
 1394      45584543 
 1395              	.LASF93:
 1396 0bb1 4359424C 		.ascii	"CYBLE_GATT_DB_ATTR_HANDLE_T\000"
 1396      455F4741 
 1396      54545F44 
 1396      425F4154 
 1396      54525F48 
 1397              	.LASF73:
 1398 0bcd 4359424C 		.ascii	"CYBLE_EVT_GATTS_DATA_SIGNED_CMD_REQ\000"
 1398      455F4556 
 1398      545F4741 
 1398      5454535F 
 1398      44415441 
 1399              	.LASF90:
 1400 0bf1 4359424C 		.ascii	"CYBLE_EVT_HCI_PKT\000"
 1400      455F4556 
 1400      545F4843 
 1400      495F504B 
 1400      5400
 1401              	.LASF43:
 1402 0c03 4359424C 		.ascii	"CYBLE_EVT_GAP_OOB_GENERATED_NOTIFICATION\000"
 1402      455F4556 
 1402      545F4741 
 1402      505F4F4F 
 1402      425F4745 
 1403              		.ident	"GCC: (GNU Tools for ARM Embedded Processors) 5.4.1 20160609 (release) [ARM/embedded-5-bran
