ARM GAS  C:\Users\310309~1\AppData\Local\Temp\ccm5Jhso.s 			page 1


   1              		.syntax unified
   2              		.cpu cortex-m0
   3              		.fpu softvfp
   4              		.eabi_attribute 20, 1
   5              		.eabi_attribute 21, 1
   6              		.eabi_attribute 23, 3
   7              		.eabi_attribute 24, 1
   8              		.eabi_attribute 25, 1
   9              		.eabi_attribute 26, 1
  10              		.eabi_attribute 30, 1
  11              		.eabi_attribute 34, 0
  12              		.eabi_attribute 18, 4
  13              		.thumb
  14              		.syntax unified
  15              		.file	"pamSessDescr.c"
  16              		.text
  17              	.Ltext0:
  18              		.cfi_sections	.debug_frame
  19              		.section	.text.UpdateSessionDescriptor,"ax",%progbits
  20              		.align	2
  21              		.global	UpdateSessionDescriptor
  22              		.code	16
  23              		.thumb_func
  24              		.type	UpdateSessionDescriptor, %function
  25              	UpdateSessionDescriptor:
  26              	.LFB36:
  27              		.file 1 "pamSessDescr.c"
   1:pamSessDescr.c **** /* ========================================
   2:pamSessDescr.c ****  *
   3:pamSessDescr.c ****  * Copyright YOUR COMPANY, THE YEAR
   4:pamSessDescr.c ****  * All Rights Reserved
   5:pamSessDescr.c ****  * UNPUBLISHED, LICENSED SOFTWARE.
   6:pamSessDescr.c ****  *
   7:pamSessDescr.c ****  * CONFIDENTIAL AND PROPRIETARY INFORMATION
   8:pamSessDescr.c ****  * WHICH IS THE PROPERTY OF your company.
   9:pamSessDescr.c ****  *
  10:pamSessDescr.c ****  * ========================================
  11:pamSessDescr.c **** */
  12:pamSessDescr.c **** 
  13:pamSessDescr.c **** #include "pamSessDescr.h"
  14:pamSessDescr.c **** 
  15:pamSessDescr.c **** 
  16:pamSessDescr.c **** void UpdateSessionDescriptor(PAM_SESSIONDESCRIPTOR_VALUE_T session)
  17:pamSessDescr.c **** {
  28              		.loc 1 17 0
  29              		.cfi_startproc
  30              		@ args = 32, pretend = 16, frame = 32
  31              		@ frame_needed = 0, uses_anonymous_args = 0
  32 0000 84B0     		sub	sp, sp, #16
  33              		.cfi_def_cfa_offset 16
  34 0002 10B5     		push	{r4, lr}
  35              		.cfi_def_cfa_offset 24
  36              		.cfi_offset 4, -24
  37              		.cfi_offset 14, -20
  38 0004 88B0     		sub	sp, sp, #32
  39              		.cfi_def_cfa_offset 56
  40 0006 0A90     		str	r0, [sp, #40]
ARM GAS  C:\Users\310309~1\AppData\Local\Temp\ccm5Jhso.s 			page 2


  41 0008 0B91     		str	r1, [sp, #44]
  42 000a 0C92     		str	r2, [sp, #48]
  43 000c 0D93     		str	r3, [sp, #52]
  18:pamSessDescr.c ****     CYBLE_GATTS_HANDLE_VALUE_IND_T tempHandle;
  19:pamSessDescr.c ****     
  20:pamSessDescr.c ****     tempHandle.attrHandle = CYBLE_PHYSICAL_ACTIVITY_MONITOR_SESSION_DESCRIPTOR_CHAR_HANDLE;
  44              		.loc 1 20 0
  45 000e 05A8     		add	r0, sp, #20
  46 0010 3A23     		movs	r3, #58
  47 0012 0381     		strh	r3, [r0, #8]
  21:pamSessDescr.c ****     tempHandle.value.val = (uint8 *)&session;
  48              		.loc 1 21 0
  49 0014 0AAB     		add	r3, sp, #40
  50 0016 0593     		str	r3, [sp, #20]
  22:pamSessDescr.c ****     tempHandle.value.len = sizeof(session);
  51              		.loc 1 22 0
  52 0018 1F23     		movs	r3, #31
  53 001a 8380     		strh	r3, [r0, #4]
  23:pamSessDescr.c ****     CyBle_GattsWriteAttributeValue(&tempHandle, 0, &cyBle_connHandle, 0);
  54              		.loc 1 23 0
  55 001c 0023     		movs	r3, #0
  56 001e 454A     		ldr	r2, .L7
  57 0020 0021     		movs	r1, #0
  58 0022 FFF7FEFF 		bl	CyBle_GattsWriteAttributeValue
  59              	.LVL0:
  24:pamSessDescr.c ****     
  25:pamSessDescr.c ****     if(sessionDescriptorIndicate == 2)
  60              		.loc 1 25 0
  61 0026 444B     		ldr	r3, .L7+4
  62 0028 1B78     		ldrb	r3, [r3]
  63 002a 022B     		cmp	r3, #2
  64 002c 7CD1     		bne	.L1
  65              	.LVL1:
  66              	.LBB2:
  26:pamSessDescr.c ****     {
  27:pamSessDescr.c ****         uint8 byteCount = 0u;
  28:pamSessDescr.c ****         
  29:pamSessDescr.c ****         uint8  Message[PAM_MAX_MESSAGE_DATA_SIZE];
  30:pamSessDescr.c ****         
  31:pamSessDescr.c ****         Message[byteCount++] = session.Flags;
  67              		.loc 1 31 0
  68 002e 0AAB     		add	r3, sp, #40
  69 0030 1B78     		ldrb	r3, [r3]
  70 0032 6A46     		mov	r2, sp
  71 0034 1370     		strb	r3, [r2]
  32:pamSessDescr.c ****         CyBle_Set16ByPtr(&Message[byteCount], session.SessionID);
  72              		.loc 1 32 0
  73 0036 0A9B     		ldr	r3, [sp, #40]
  74 0038 1902     		lsls	r1, r3, #8
  75 003a 090C     		lsrs	r1, r1, #16
  76 003c 501C     		adds	r0, r2, #1
  77 003e FFF7FEFF 		bl	CyBle_Set16ByPtr
  78              	.LVL2:
  33:pamSessDescr.c ****         byteCount += 2u;
  34:pamSessDescr.c ****         
  35:pamSessDescr.c ****         if(CHECK_BIT(session.Flags, DESCRIBES_SESSION_FLAG))
  79              		.loc 1 35 0
ARM GAS  C:\Users\310309~1\AppData\Local\Temp\ccm5Jhso.s 			page 3


  80 0042 0AAB     		add	r3, sp, #40
  81 0044 1B78     		ldrb	r3, [r3]
  82 0046 DB07     		lsls	r3, r3, #31
  83 0048 28D5     		bpl	.L3
  36:pamSessDescr.c ****         {
  37:pamSessDescr.c ****             //if first flag is set to 1 it is a "Session"
  38:pamSessDescr.c ****                 //include session start base time && session start time offset else exclude
  39:pamSessDescr.c ****             CyBle_Set32ByPtr(&Message[byteCount], session.SessionStartBaseTime);
  84              		.loc 1 39 0
  85 004a 0AAB     		add	r3, sp, #40
  86 004c DB78     		ldrb	r3, [r3, #3]
  87 004e 0B9A     		ldr	r2, [sp, #44]
  88 0050 1102     		lsls	r1, r2, #8
  89 0052 1943     		orrs	r1, r3
  90 0054 6B46     		mov	r3, sp
  91 0056 D81C     		adds	r0, r3, #3
  92 0058 FFF7FEFF 		bl	CyBle_Set32ByPtr
  93              	.LVL3:
  40:pamSessDescr.c ****             byteCount += 4u;
  41:pamSessDescr.c ****             CyBle_Set16ByPtr(&Message[byteCount], session.SessionStartTimeOffset);
  94              		.loc 1 41 0
  95 005c 0AAA     		add	r2, sp, #40
  96 005e D379     		ldrb	r3, [r2, #7]
  97 0060 117A     		ldrb	r1, [r2, #8]
  98 0062 0902     		lsls	r1, r1, #8
  99 0064 1943     		orrs	r1, r3
 100 0066 6B46     		mov	r3, sp
 101 0068 D81D     		adds	r0, r3, #7
 102 006a FFF7FEFF 		bl	CyBle_Set16ByPtr
 103              	.LVL4:
  42:pamSessDescr.c ****             byteCount += 2u;
  43:pamSessDescr.c ****             
  44:pamSessDescr.c ****             if(!CHECK_BIT(session.Flags, SESSION_SUB_SESSION_RUNNING_FLAG))
 104              		.loc 1 44 0
 105 006e 0AAB     		add	r3, sp, #40
 106 0070 1B78     		ldrb	r3, [r3]
 107 0072 9B07     		lsls	r3, r3, #30
 108 0074 44D4     		bmi	.L5
  45:pamSessDescr.c ****             {
  46:pamSessDescr.c ****                 //if second flag is set to 0 it is NOT "Running"
  47:pamSessDescr.c ****                     //include corresponding end time fields
  48:pamSessDescr.c ****                 CyBle_Set32ByPtr(&Message[byteCount], session.SessionEndBaseTime);
 109              		.loc 1 48 0
 110 0076 0C9B     		ldr	r3, [sp, #48]
 111 0078 1B0A     		lsrs	r3, r3, #8
 112 007a 0AAA     		add	r2, sp, #40
 113 007c 117B     		ldrb	r1, [r2, #12]
 114 007e 0906     		lsls	r1, r1, #24
 115 0080 1943     		orrs	r1, r3
 116 0082 0920     		movs	r0, #9
 117 0084 6844     		add	r0, r0, sp
 118 0086 FFF7FEFF 		bl	CyBle_Set32ByPtr
 119              	.LVL5:
  49:pamSessDescr.c ****                 byteCount += 4u;
  50:pamSessDescr.c ****                 CyBle_Set32ByPtr(&Message[byteCount], session.SessionEndTimeOffset);
 120              		.loc 1 50 0
 121 008a 0D9B     		ldr	r3, [sp, #52]
ARM GAS  C:\Users\310309~1\AppData\Local\Temp\ccm5Jhso.s 			page 4


 122 008c 1902     		lsls	r1, r3, #8
 123 008e 0914     		asrs	r1, r1, #16
 124 0090 0D20     		movs	r0, #13
 125 0092 6844     		add	r0, r0, sp
 126 0094 FFF7FEFF 		bl	CyBle_Set32ByPtr
 127              	.LVL6:
  51:pamSessDescr.c ****                 byteCount += 2u;
 128              		.loc 1 51 0
 129 0098 0F24     		movs	r4, #15
 130 009a 34E0     		b	.L4
 131              	.LVL7:
 132              	.L3:
  52:pamSessDescr.c ****             }
  53:pamSessDescr.c ****             //if second flag is set to 1 it is "Running"
  54:pamSessDescr.c ****                 //Do not include extra fields
  55:pamSessDescr.c ****         }
  56:pamSessDescr.c ****         else
  57:pamSessDescr.c ****         {
  58:pamSessDescr.c ****             //if first flag is set to 0 it is a "Sub-Session"
  59:pamSessDescr.c ****                 //include subsessionID && subsession start base time && subsession start time offse
  60:pamSessDescr.c ****             CyBle_Set16ByPtr(&Message[byteCount], session.SubSessionID);
 133              		.loc 1 60 0
 134 009c 0AAA     		add	r2, sp, #40
 135 009e D37B     		ldrb	r3, [r2, #15]
 136 00a0 117C     		ldrb	r1, [r2, #16]
 137 00a2 0902     		lsls	r1, r1, #8
 138 00a4 1943     		orrs	r1, r3
 139 00a6 6B46     		mov	r3, sp
 140 00a8 D81C     		adds	r0, r3, #3
 141 00aa FFF7FEFF 		bl	CyBle_Set16ByPtr
 142              	.LVL8:
  61:pamSessDescr.c ****             byteCount += 2u;
  62:pamSessDescr.c ****             CyBle_Set32ByPtr(&Message[byteCount], session.SubSessionStartBaseTime);
 143              		.loc 1 62 0
 144 00ae 0E9B     		ldr	r3, [sp, #56]
 145 00b0 1B0A     		lsrs	r3, r3, #8
 146 00b2 0AAA     		add	r2, sp, #40
 147 00b4 117D     		ldrb	r1, [r2, #20]
 148 00b6 0906     		lsls	r1, r1, #24
 149 00b8 1943     		orrs	r1, r3
 150 00ba 6B46     		mov	r3, sp
 151 00bc 581D     		adds	r0, r3, #5
 152 00be FFF7FEFF 		bl	CyBle_Set32ByPtr
 153              	.LVL9:
  63:pamSessDescr.c ****             byteCount += 4u;
  64:pamSessDescr.c ****             CyBle_Set16ByPtr(&Message[byteCount], session.SubSessionStartTimeOffset);
 154              		.loc 1 64 0
 155 00c2 0F9B     		ldr	r3, [sp, #60]
 156 00c4 1902     		lsls	r1, r3, #8
 157 00c6 090C     		lsrs	r1, r1, #16
 158 00c8 0920     		movs	r0, #9
 159 00ca 6844     		add	r0, r0, sp
 160 00cc FFF7FEFF 		bl	CyBle_Set16ByPtr
 161              	.LVL10:
  65:pamSessDescr.c ****             byteCount += 2u;
  66:pamSessDescr.c ****             
  67:pamSessDescr.c ****             if(!CHECK_BIT(session.Flags, SESSION_SUB_SESSION_RUNNING_FLAG))
ARM GAS  C:\Users\310309~1\AppData\Local\Temp\ccm5Jhso.s 			page 5


 162              		.loc 1 67 0
 163 00d0 0AAB     		add	r3, sp, #40
 164 00d2 1B78     		ldrb	r3, [r3]
 165 00d4 9B07     		lsls	r3, r3, #30
 166 00d6 15D4     		bmi	.L6
  68:pamSessDescr.c ****             {
  69:pamSessDescr.c ****                 //if second flag is set to 0 it is NOT "Running"
  70:pamSessDescr.c ****                     //include corresponding end time fields
  71:pamSessDescr.c ****                 CyBle_Set32ByPtr(&Message[byteCount], session.SubSessionEndBaseTime);
 167              		.loc 1 71 0
 168 00d8 0AAB     		add	r3, sp, #40
 169 00da DB7D     		ldrb	r3, [r3, #23]
 170 00dc 109A     		ldr	r2, [sp, #64]
 171 00de 1102     		lsls	r1, r2, #8
 172 00e0 1943     		orrs	r1, r3
 173 00e2 0B20     		movs	r0, #11
 174 00e4 6844     		add	r0, r0, sp
 175 00e6 FFF7FEFF 		bl	CyBle_Set32ByPtr
 176              	.LVL11:
  72:pamSessDescr.c ****                 byteCount += 4u;
  73:pamSessDescr.c ****                 CyBle_Set16ByPtr(&Message[byteCount], session.SubSessionEndTimeOffset);
 177              		.loc 1 73 0
 178 00ea 0AAA     		add	r2, sp, #40
 179 00ec D37E     		ldrb	r3, [r2, #27]
 180 00ee 117F     		ldrb	r1, [r2, #28]
 181 00f0 0902     		lsls	r1, r1, #8
 182 00f2 1943     		orrs	r1, r3
 183 00f4 0F20     		movs	r0, #15
 184 00f6 6844     		add	r0, r0, sp
 185 00f8 FFF7FEFF 		bl	CyBle_Set16ByPtr
 186              	.LVL12:
  74:pamSessDescr.c ****                 byteCount += 2u;
 187              		.loc 1 74 0
 188 00fc 1124     		movs	r4, #17
 189 00fe 02E0     		b	.L4
 190              	.LVL13:
 191              	.L5:
  42:pamSessDescr.c ****             
 192              		.loc 1 42 0
 193 0100 0924     		movs	r4, #9
 194 0102 00E0     		b	.L4
 195              	.LVL14:
 196              	.L6:
  65:pamSessDescr.c ****             
 197              		.loc 1 65 0
 198 0104 0B24     		movs	r4, #11
 199              	.LVL15:
 200              	.L4:
  75:pamSessDescr.c ****             }
  76:pamSessDescr.c ****             //if second flag is set to 1 it is "Running"
  77:pamSessDescr.c ****                 //Do not include extra fields
  78:pamSessDescr.c ****         }
  79:pamSessDescr.c ****         
  80:pamSessDescr.c ****         CyBle_Set16ByPtr(&Message[byteCount], session.PredominantActivityType);
 201              		.loc 1 80 0 discriminator 1
 202 0106 119B     		ldr	r3, [sp, #68]
 203 0108 1902     		lsls	r1, r3, #8
ARM GAS  C:\Users\310309~1\AppData\Local\Temp\ccm5Jhso.s 			page 6


 204 010a 090C     		lsrs	r1, r1, #16
 205 010c 2000     		movs	r0, r4
 206 010e 6844     		add	r0, r0, sp
 207 0110 FFF7FEFF 		bl	CyBle_Set16ByPtr
 208              	.LVL16:
  81:pamSessDescr.c ****         byteCount += 2u;
 209              		.loc 1 81 0 discriminator 1
 210 0114 0234     		adds	r4, r4, #2
 211              	.LVL17:
  82:pamSessDescr.c ****         
  83:pamSessDescr.c ****         //if third flag is set to 1 it is a "DELETED" session
  84:pamSessDescr.c ****         //if third flag is set to 0 it is NOT "DELETED" session
  85:pamSessDescr.c ****     
  86:pamSessDescr.c ****         DBG_PRINTF("SESSION DESCRIPTOR SIZE = %i \r\n", byteCount);
 212              		.loc 1 86 0 discriminator 1
 213 0116 2100     		movs	r1, r4
 214 0118 0848     		ldr	r0, .L7+8
 215 011a FFF7FEFF 		bl	printf
 216              	.LVL18:
  87:pamSessDescr.c ****         ble_SendIndication(CYBLE_PHYSICAL_ACTIVITY_MONITOR_SESSION_DESCRIPTOR_CHAR_HANDLE, Message,
 217              		.loc 1 87 0 discriminator 1
 218 011e A2B2     		uxth	r2, r4
 219 0120 6946     		mov	r1, sp
 220 0122 3A20     		movs	r0, #58
 221 0124 FFF7FEFF 		bl	ble_SendIndication
 222              	.LVL19:
 223              	.L1:
 224              	.LBE2:
  88:pamSessDescr.c ****     }
  89:pamSessDescr.c **** }
 225              		.loc 1 89 0
 226 0128 08B0     		add	sp, sp, #32
 227              		@ sp needed
 228 012a 10BC     		pop	{r4}
 229 012c 08BC     		pop	{r3}
 230 012e 04B0     		add	sp, sp, #16
 231 0130 1847     		bx	r3
 232              	.L8:
 233 0132 C046     		.align	2
 234              	.L7:
 235 0134 00000000 		.word	cyBle_connHandle
 236 0138 00000000 		.word	sessionDescriptorIndicate
 237 013c 00000000 		.word	.LC2
 238              		.cfi_endproc
 239              	.LFE36:
 240              		.size	UpdateSessionDescriptor, .-UpdateSessionDescriptor
 241              		.comm	sessionDescriptorIndicate,1,1
 242              		.comm	pamFeature,8,8
 243              		.comm	send_Deleted_Sessions,1,1
 244              		.comm	Get_Ended_Data_Value,1,1
 245              		.comm	Get_Ended_Data_Sub_SessionID,2,2
 246              		.comm	Get_Ended_Data_SessionID,2,2
 247              		.comm	Enquire_Sub_Sessions_Requested_For_ID,2,2
 248              		.comm	Enquire_Sessions_Requested,2,2
 249              		.section	.rodata.str1.4,"aMS",%progbits,1
 250              		.align	2
 251              	.LC2:
ARM GAS  C:\Users\310309~1\AppData\Local\Temp\ccm5Jhso.s 			page 7


 252 0000 53455353 		.ascii	"SESSION DESCRIPTOR SIZE = %i \015\012\000"
 252      494F4E20 
 252      44455343 
 252      52495054 
 252      4F522053 
 253              		.text
 254              	.Letext0:
 255              		.file 2 "Generated_Source\\PSoC4/cytypes.h"
 256              		.file 3 "Generated_Source\\PSoC4/ble_StackGatt.h"
 257              		.file 4 "Generated_Source\\PSoC4/ble_StackGattServer.h"
 258              		.file 5 "pamSessDescr.h"
 259              		.file 6 "Generated_Source\\PSoC4/ble_eventHandler.h"
 260              		.file 7 "pams.h"
 261              		.file 8 "pamFeatures.h"
 262              		.file 9 "Generated_Source\\PSoC4/ble.h"
 263              		.file 10 "c:\\program files (x86)\\cypress\\psoc creator\\4.1\\psoc creator\\import\\gnu\\arm\\5.4
 264              		.file 11 "Generated_Source\\PSoC4/ble_StackGattDb.h"
 265              		.file 12 "Generated_Source\\PSoC4/ble_Stack.h"
 266              		.section	.debug_info,"",%progbits
 267              	.Ldebug_info0:
 268 0000 58060000 		.4byte	0x658
 269 0004 0400     		.2byte	0x4
 270 0006 00000000 		.4byte	.Ldebug_abbrev0
 271 000a 04       		.byte	0x4
 272 000b 01       		.uleb128 0x1
 273 000c 87010000 		.4byte	.LASF131
 274 0010 0C       		.byte	0xc
 275 0011 FB060000 		.4byte	.LASF132
 276 0015 57030000 		.4byte	.LASF133
 277 0019 00000000 		.4byte	.Ldebug_ranges0+0
 278 001d 00000000 		.4byte	0
 279 0021 00000000 		.4byte	.Ldebug_line0
 280 0025 02       		.uleb128 0x2
 281 0026 01       		.byte	0x1
 282 0027 06       		.byte	0x6
 283 0028 38030000 		.4byte	.LASF0
 284 002c 02       		.uleb128 0x2
 285 002d 01       		.byte	0x1
 286 002e 08       		.byte	0x8
 287 002f 0A0A0000 		.4byte	.LASF1
 288 0033 02       		.uleb128 0x2
 289 0034 02       		.byte	0x2
 290 0035 05       		.byte	0x5
 291 0036 430A0000 		.4byte	.LASF2
 292 003a 02       		.uleb128 0x2
 293 003b 02       		.byte	0x2
 294 003c 07       		.byte	0x7
 295 003d 3D0C0000 		.4byte	.LASF3
 296 0041 02       		.uleb128 0x2
 297 0042 04       		.byte	0x4
 298 0043 05       		.byte	0x5
 299 0044 7E010000 		.4byte	.LASF4
 300 0048 02       		.uleb128 0x2
 301 0049 04       		.byte	0x4
 302 004a 07       		.byte	0x7
 303 004b 8D050000 		.4byte	.LASF5
 304 004f 02       		.uleb128 0x2
ARM GAS  C:\Users\310309~1\AppData\Local\Temp\ccm5Jhso.s 			page 8


 305 0050 08       		.byte	0x8
 306 0051 05       		.byte	0x5
 307 0052 2A030000 		.4byte	.LASF6
 308 0056 02       		.uleb128 0x2
 309 0057 08       		.byte	0x8
 310 0058 07       		.byte	0x7
 311 0059 3A020000 		.4byte	.LASF7
 312 005d 03       		.uleb128 0x3
 313 005e 04       		.byte	0x4
 314 005f 05       		.byte	0x5
 315 0060 696E7400 		.ascii	"int\000"
 316 0064 02       		.uleb128 0x2
 317 0065 04       		.byte	0x4
 318 0066 07       		.byte	0x7
 319 0067 61050000 		.4byte	.LASF8
 320 006b 04       		.uleb128 0x4
 321 006c 89040000 		.4byte	.LASF9
 322 0070 02       		.byte	0x2
 323 0071 D201     		.2byte	0x1d2
 324 0073 2C000000 		.4byte	0x2c
 325 0077 04       		.uleb128 0x4
 326 0078 38000000 		.4byte	.LASF10
 327 007c 02       		.byte	0x2
 328 007d D301     		.2byte	0x1d3
 329 007f 3A000000 		.4byte	0x3a
 330 0083 04       		.uleb128 0x4
 331 0084 D6040000 		.4byte	.LASF11
 332 0088 02       		.byte	0x2
 333 0089 D401     		.2byte	0x1d4
 334 008b 48000000 		.4byte	0x48
 335 008f 04       		.uleb128 0x4
 336 0090 B90C0000 		.4byte	.LASF12
 337 0094 02       		.byte	0x2
 338 0095 D601     		.2byte	0x1d6
 339 0097 33000000 		.4byte	0x33
 340 009b 02       		.uleb128 0x2
 341 009c 04       		.byte	0x4
 342 009d 04       		.byte	0x4
 343 009e E1090000 		.4byte	.LASF13
 344 00a2 02       		.uleb128 0x2
 345 00a3 08       		.byte	0x8
 346 00a4 04       		.byte	0x4
 347 00a5 AE040000 		.4byte	.LASF14
 348 00a9 04       		.uleb128 0x4
 349 00aa 3C0A0000 		.4byte	.LASF15
 350 00ae 02       		.byte	0x2
 351 00af DE01     		.2byte	0x1de
 352 00b1 56000000 		.4byte	0x56
 353 00b5 02       		.uleb128 0x2
 354 00b6 01       		.byte	0x1
 355 00b7 08       		.byte	0x8
 356 00b8 630B0000 		.4byte	.LASF16
 357 00bc 02       		.uleb128 0x2
 358 00bd 08       		.byte	0x8
 359 00be 04       		.byte	0x4
 360 00bf 3F0B0000 		.4byte	.LASF17
 361 00c3 02       		.uleb128 0x2
ARM GAS  C:\Users\310309~1\AppData\Local\Temp\ccm5Jhso.s 			page 9


 362 00c4 04       		.byte	0x4
 363 00c5 07       		.byte	0x7
 364 00c6 4D080000 		.4byte	.LASF18
 365 00ca 05       		.uleb128 0x5
 366 00cb 01       		.byte	0x1
 367 00cc 2C000000 		.4byte	0x2c
 368 00d0 0C       		.byte	0xc
 369 00d1 4D01     		.2byte	0x14d
 370 00d3 88020000 		.4byte	0x288
 371 00d7 06       		.uleb128 0x6
 372 00d8 55060000 		.4byte	.LASF19
 373 00dc 00       		.byte	0
 374 00dd 06       		.uleb128 0x6
 375 00de 44030000 		.4byte	.LASF20
 376 00e2 01       		.byte	0x1
 377 00e3 06       		.uleb128 0x6
 378 00e4 6C010000 		.4byte	.LASF21
 379 00e8 02       		.byte	0x2
 380 00e9 06       		.uleb128 0x6
 381 00ea 240C0000 		.4byte	.LASF22
 382 00ee 03       		.byte	0x3
 383 00ef 06       		.uleb128 0x6
 384 00f0 80020000 		.4byte	.LASF23
 385 00f4 04       		.byte	0x4
 386 00f5 06       		.uleb128 0x6
 387 00f6 64020000 		.4byte	.LASF24
 388 00fa 05       		.byte	0x5
 389 00fb 06       		.uleb128 0x6
 390 00fc 8A060000 		.4byte	.LASF25
 391 0100 06       		.byte	0x6
 392 0101 06       		.uleb128 0x6
 393 0102 88070000 		.4byte	.LASF26
 394 0106 20       		.byte	0x20
 395 0107 06       		.uleb128 0x6
 396 0108 FC030000 		.4byte	.LASF27
 397 010c 21       		.byte	0x21
 398 010d 06       		.uleb128 0x6
 399 010e B8060000 		.4byte	.LASF28
 400 0112 22       		.byte	0x22
 401 0113 06       		.uleb128 0x6
 402 0114 2B070000 		.4byte	.LASF29
 403 0118 23       		.byte	0x23
 404 0119 06       		.uleb128 0x6
 405 011a FA080000 		.4byte	.LASF30
 406 011e 24       		.byte	0x24
 407 011f 06       		.uleb128 0x6
 408 0120 56080000 		.4byte	.LASF31
 409 0124 25       		.byte	0x25
 410 0125 06       		.uleb128 0x6
 411 0126 4A040000 		.4byte	.LASF32
 412 012a 26       		.byte	0x26
 413 012b 06       		.uleb128 0x6
 414 012c DC060000 		.4byte	.LASF33
 415 0130 27       		.byte	0x27
 416 0131 06       		.uleb128 0x6
 417 0132 680B0000 		.4byte	.LASF34
 418 0136 28       		.byte	0x28
ARM GAS  C:\Users\310309~1\AppData\Local\Temp\ccm5Jhso.s 			page 10


 419 0137 06       		.uleb128 0x6
 420 0138 E4020000 		.4byte	.LASF35
 421 013c 29       		.byte	0x29
 422 013d 06       		.uleb128 0x6
 423 013e 8A000000 		.4byte	.LASF36
 424 0142 2A       		.byte	0x2a
 425 0143 06       		.uleb128 0x6
 426 0144 D3030000 		.4byte	.LASF37
 427 0148 2B       		.byte	0x2b
 428 0149 06       		.uleb128 0x6
 429 014a 140D0000 		.4byte	.LASF38
 430 014e 2C       		.byte	0x2c
 431 014f 06       		.uleb128 0x6
 432 0150 01030000 		.4byte	.LASF39
 433 0154 2D       		.byte	0x2d
 434 0155 06       		.uleb128 0x6
 435 0156 180A0000 		.4byte	.LASF40
 436 015a 2E       		.byte	0x2e
 437 015b 06       		.uleb128 0x6
 438 015c EC000000 		.4byte	.LASF41
 439 0160 2F       		.byte	0x2f
 440 0161 06       		.uleb128 0x6
 441 0162 BC080000 		.4byte	.LASF42
 442 0166 30       		.byte	0x30
 443 0167 06       		.uleb128 0x6
 444 0168 670D0000 		.4byte	.LASF43
 445 016c 31       		.byte	0x31
 446 016d 06       		.uleb128 0x6
 447 016e 9B080000 		.4byte	.LASF44
 448 0172 32       		.byte	0x32
 449 0173 06       		.uleb128 0x6
 450 0174 070B0000 		.4byte	.LASF45
 451 0178 33       		.byte	0x33
 452 0179 06       		.uleb128 0x6
 453 017a 9F050000 		.4byte	.LASF46
 454 017e 34       		.byte	0x34
 455 017f 06       		.uleb128 0x6
 456 0180 DD080000 		.4byte	.LASF47
 457 0184 35       		.byte	0x35
 458 0185 06       		.uleb128 0x6
 459 0186 0A070000 		.4byte	.LASF48
 460 018a 36       		.byte	0x36
 461 018b 06       		.uleb128 0x6
 462 018c CF070000 		.4byte	.LASF49
 463 0190 37       		.byte	0x37
 464 0191 06       		.uleb128 0x6
 465 0192 ED0A0000 		.4byte	.LASF50
 466 0196 40       		.byte	0x40
 467 0197 06       		.uleb128 0x6
 468 0198 51070000 		.4byte	.LASF51
 469 019c 41       		.byte	0x41
 470 019d 06       		.uleb128 0x6
 471 019e A70D0000 		.4byte	.LASF52
 472 01a2 42       		.byte	0x42
 473 01a3 06       		.uleb128 0x6
 474 01a4 500C0000 		.4byte	.LASF53
 475 01a8 43       		.byte	0x43
ARM GAS  C:\Users\310309~1\AppData\Local\Temp\ccm5Jhso.s 			page 11


 476 01a9 06       		.uleb128 0x6
 477 01aa D1050000 		.4byte	.LASF54
 478 01ae 44       		.byte	0x44
 479 01af 06       		.uleb128 0x6
 480 01b0 BA090000 		.4byte	.LASF55
 481 01b4 45       		.byte	0x45
 482 01b5 06       		.uleb128 0x6
 483 01b6 22080000 		.4byte	.LASF56
 484 01ba 46       		.byte	0x46
 485 01bb 06       		.uleb128 0x6
 486 01bc 6C060000 		.4byte	.LASF57
 487 01c0 47       		.byte	0x47
 488 01c1 06       		.uleb128 0x6
 489 01c2 ED0C0000 		.4byte	.LASF58
 490 01c6 48       		.byte	0x48
 491 01c7 06       		.uleb128 0x6
 492 01c8 13040000 		.4byte	.LASF59
 493 01cc 49       		.byte	0x49
 494 01cd 06       		.uleb128 0x6
 495 01ce 810C0000 		.4byte	.LASF60
 496 01d2 4A       		.byte	0x4a
 497 01d3 06       		.uleb128 0x6
 498 01d4 2E010000 		.4byte	.LASF61
 499 01d8 4B       		.byte	0x4b
 500 01d9 06       		.uleb128 0x6
 501 01da B7050000 		.4byte	.LASF62
 502 01de 4C       		.byte	0x4c
 503 01df 06       		.uleb128 0x6
 504 01e0 81080000 		.4byte	.LASF63
 505 01e4 4D       		.byte	0x4d
 506 01e5 06       		.uleb128 0x6
 507 01e6 2C040000 		.4byte	.LASF64
 508 01ea 4E       		.byte	0x4e
 509 01eb 06       		.uleb128 0x6
 510 01ec AD0A0000 		.4byte	.LASF65
 511 01f0 4F       		.byte	0x4f
 512 01f1 06       		.uleb128 0x6
 513 01f2 4D010000 		.4byte	.LASF66
 514 01f6 50       		.byte	0x50
 515 01f7 06       		.uleb128 0x6
 516 01f8 8F040000 		.4byte	.LASF67
 517 01fc 51       		.byte	0x51
 518 01fd 06       		.uleb128 0x6
 519 01fe 16090000 		.4byte	.LASF68
 520 0202 52       		.byte	0x52
 521 0203 06       		.uleb128 0x6
 522 0204 4D0A0000 		.4byte	.LASF69
 523 0208 53       		.byte	0x53
 524 0209 06       		.uleb128 0x6
 525 020a CC0A0000 		.4byte	.LASF70
 526 020e 54       		.byte	0x54
 527 020f 06       		.uleb128 0x6
 528 0210 EF050000 		.4byte	.LASF71
 529 0214 55       		.byte	0x55
 530 0215 06       		.uleb128 0x6
 531 0216 3F050000 		.4byte	.LASF72
 532 021a 56       		.byte	0x56
ARM GAS  C:\Users\310309~1\AppData\Local\Temp\ccm5Jhso.s 			page 12


 533 021b 06       		.uleb128 0x6
 534 021c A40B0000 		.4byte	.LASF73
 535 0220 57       		.byte	0x57
 536 0221 06       		.uleb128 0x6
 537 0222 13060000 		.4byte	.LASF74
 538 0226 58       		.byte	0x58
 539 0227 06       		.uleb128 0x6
 540 0228 BE020000 		.4byte	.LASF75
 541 022c 70       		.byte	0x70
 542 022d 06       		.uleb128 0x6
 543 022e 410D0000 		.4byte	.LASF76
 544 0232 71       		.byte	0x71
 545 0233 06       		.uleb128 0x6
 546 0234 6C070000 		.4byte	.LASF77
 547 0238 72       		.byte	0x72
 548 0239 06       		.uleb128 0x6
 549 023a 04080000 		.4byte	.LASF78
 550 023e 73       		.byte	0x73
 551 023f 06       		.uleb128 0x6
 552 0240 5E090000 		.4byte	.LASF79
 553 0244 74       		.byte	0x74
 554 0245 06       		.uleb128 0x6
 555 0246 B5040000 		.4byte	.LASF80
 556 024a 75       		.byte	0x75
 557 024b 06       		.uleb128 0x6
 558 024c CB000000 		.4byte	.LASF81
 559 0250 76       		.byte	0x76
 560 0251 06       		.uleb128 0x6
 561 0252 3F000000 		.4byte	.LASF82
 562 0256 77       		.byte	0x77
 563 0257 06       		.uleb128 0x6
 564 0258 00000000 		.4byte	.LASF83
 565 025c 78       		.byte	0x78
 566 025d 06       		.uleb128 0x6
 567 025e F00B0000 		.4byte	.LASF84
 568 0262 79       		.byte	0x79
 569 0263 06       		.uleb128 0x6
 570 0264 EB040000 		.4byte	.LASF85
 571 0268 7A       		.byte	0x7a
 572 0269 06       		.uleb128 0x6
 573 026a A0020000 		.4byte	.LASF86
 574 026e FA       		.byte	0xfa
 575 026f 06       		.uleb128 0x6
 576 0270 6E050000 		.4byte	.LASF87
 577 0274 FB       		.byte	0xfb
 578 0275 06       		.uleb128 0x6
 579 0276 840A0000 		.4byte	.LASF88
 580 027a FC       		.byte	0xfc
 581 027b 06       		.uleb128 0x6
 582 027c 4B0B0000 		.4byte	.LASF89
 583 0280 FD       		.byte	0xfd
 584 0281 06       		.uleb128 0x6
 585 0282 DD040000 		.4byte	.LASF90
 586 0286 FF       		.byte	0xff
 587 0287 00       		.byte	0
 588 0288 07       		.uleb128 0x7
 589 0289 04       		.byte	0x4
ARM GAS  C:\Users\310309~1\AppData\Local\Temp\ccm5Jhso.s 			page 13


 590 028a 6B000000 		.4byte	0x6b
 591 028e 04       		.uleb128 0x4
 592 028f 8B0D0000 		.4byte	.LASF91
 593 0293 03       		.byte	0x3
 594 0294 8901     		.2byte	0x189
 595 0296 77000000 		.4byte	0x77
 596 029a 08       		.uleb128 0x8
 597 029b 02       		.byte	0x2
 598 029c 03       		.byte	0x3
 599 029d 9301     		.2byte	0x193
 600 029f BE020000 		.4byte	0x2be
 601 02a3 09       		.uleb128 0x9
 602 02a4 380D0000 		.4byte	.LASF92
 603 02a8 03       		.byte	0x3
 604 02a9 9A01     		.2byte	0x19a
 605 02ab 6B000000 		.4byte	0x6b
 606 02af 00       		.byte	0
 607 02b0 09       		.uleb128 0x9
 608 02b1 AC070000 		.4byte	.LASF93
 609 02b5 03       		.byte	0x3
 610 02b6 A001     		.2byte	0x1a0
 611 02b8 6B000000 		.4byte	0x6b
 612 02bc 01       		.byte	0x1
 613 02bd 00       		.byte	0
 614 02be 04       		.uleb128 0x4
 615 02bf 5E000000 		.4byte	.LASF94
 616 02c3 03       		.byte	0x3
 617 02c4 A201     		.2byte	0x1a2
 618 02c6 9A020000 		.4byte	0x29a
 619 02ca 08       		.uleb128 0x8
 620 02cb 08       		.byte	0x8
 621 02cc 03       		.byte	0x3
 622 02cd BE01     		.2byte	0x1be
 623 02cf FB020000 		.4byte	0x2fb
 624 02d3 0A       		.uleb128 0xa
 625 02d4 76616C00 		.ascii	"val\000"
 626 02d8 03       		.byte	0x3
 627 02d9 C101     		.2byte	0x1c1
 628 02db 88020000 		.4byte	0x288
 629 02df 00       		.byte	0
 630 02e0 0A       		.uleb128 0xa
 631 02e1 6C656E00 		.ascii	"len\000"
 632 02e5 03       		.byte	0x3
 633 02e6 C401     		.2byte	0x1c4
 634 02e8 77000000 		.4byte	0x77
 635 02ec 04       		.byte	0x4
 636 02ed 09       		.uleb128 0x9
 637 02ee F2030000 		.4byte	.LASF95
 638 02f2 03       		.byte	0x3
 639 02f3 CB01     		.2byte	0x1cb
 640 02f5 77000000 		.4byte	0x77
 641 02f9 06       		.byte	0x6
 642 02fa 00       		.byte	0
 643 02fb 04       		.uleb128 0x4
 644 02fc 51020000 		.4byte	.LASF96
 645 0300 03       		.byte	0x3
 646 0301 CD01     		.2byte	0x1cd
ARM GAS  C:\Users\310309~1\AppData\Local\Temp\ccm5Jhso.s 			page 14


 647 0303 CA020000 		.4byte	0x2ca
 648 0307 08       		.uleb128 0x8
 649 0308 0C       		.byte	0xc
 650 0309 03       		.byte	0x3
 651 030a D001     		.2byte	0x1d0
 652 030c 2B030000 		.4byte	0x32b
 653 0310 09       		.uleb128 0x9
 654 0311 1A050000 		.4byte	.LASF97
 655 0315 03       		.byte	0x3
 656 0316 D301     		.2byte	0x1d3
 657 0318 FB020000 		.4byte	0x2fb
 658 031c 00       		.byte	0
 659 031d 09       		.uleb128 0x9
 660 031e 0F050000 		.4byte	.LASF98
 661 0322 03       		.byte	0x3
 662 0323 D601     		.2byte	0x1d6
 663 0325 8E020000 		.4byte	0x28e
 664 0329 08       		.byte	0x8
 665 032a 00       		.byte	0
 666 032b 04       		.uleb128 0x4
 667 032c 37090000 		.4byte	.LASF99
 668 0330 03       		.byte	0x3
 669 0331 D801     		.2byte	0x1d8
 670 0333 07030000 		.4byte	0x307
 671 0337 0B       		.uleb128 0xb
 672 0338 36060000 		.4byte	.LASF100
 673 033c 04       		.byte	0x4
 674 033d 37       		.byte	0x37
 675 033e 2B030000 		.4byte	0x32b
 676 0342 0C       		.uleb128 0xc
 677 0343 1F       		.byte	0x1f
 678 0344 05       		.byte	0x5
 679 0345 16       		.byte	0x16
 680 0346 DB030000 		.4byte	0x3db
 681 034a 0D       		.uleb128 0xd
 682 034b EA0B0000 		.4byte	.LASF101
 683 034f 05       		.byte	0x5
 684 0350 18       		.byte	0x18
 685 0351 6B000000 		.4byte	0x6b
 686 0355 00       		.byte	0
 687 0356 0D       		.uleb128 0xd
 688 0357 43080000 		.4byte	.LASF102
 689 035b 05       		.byte	0x5
 690 035c 19       		.byte	0x19
 691 035d 77000000 		.4byte	0x77
 692 0361 01       		.byte	0x1
 693 0362 0D       		.uleb128 0xd
 694 0363 A3060000 		.4byte	.LASF103
 695 0367 05       		.byte	0x5
 696 0368 1A       		.byte	0x1a
 697 0369 83000000 		.4byte	0x83
 698 036d 03       		.byte	0x3
 699 036e 0D       		.uleb128 0xd
 700 036f 72040000 		.4byte	.LASF104
 701 0373 05       		.byte	0x5
 702 0374 1B       		.byte	0x1b
 703 0375 8F000000 		.4byte	0x8f
ARM GAS  C:\Users\310309~1\AppData\Local\Temp\ccm5Jhso.s 			page 15


 704 0379 07       		.byte	0x7
 705 037a 0D       		.uleb128 0xd
 706 037b DA0C0000 		.4byte	.LASF105
 707 037f 05       		.byte	0x5
 708 0380 1C       		.byte	0x1c
 709 0381 83000000 		.4byte	0x83
 710 0385 09       		.byte	0x9
 711 0386 0D       		.uleb128 0xd
 712 0387 23000000 		.4byte	.LASF106
 713 038b 05       		.byte	0x5
 714 038c 1D       		.byte	0x1d
 715 038d 8F000000 		.4byte	0x8f
 716 0391 0D       		.byte	0xd
 717 0392 0D       		.uleb128 0xd
 718 0393 960A0000 		.4byte	.LASF107
 719 0397 05       		.byte	0x5
 720 0398 1E       		.byte	0x1e
 721 0399 77000000 		.4byte	0x77
 722 039d 0F       		.byte	0xf
 723 039e 0D       		.uleb128 0xd
 724 039f 72000000 		.4byte	.LASF108
 725 03a3 05       		.byte	0x5
 726 03a4 1F       		.byte	0x1f
 727 03a5 83000000 		.4byte	0x83
 728 03a9 11       		.byte	0x11
 729 03aa 0D       		.uleb128 0xd
 730 03ab 8A0B0000 		.4byte	.LASF109
 731 03af 05       		.byte	0x5
 732 03b0 20       		.byte	0x20
 733 03b1 8F000000 		.4byte	0x8f
 734 03b5 15       		.byte	0x15
 735 03b6 0D       		.uleb128 0xd
 736 03b7 6E0A0000 		.4byte	.LASF110
 737 03bb 05       		.byte	0x5
 738 03bc 21       		.byte	0x21
 739 03bd 83000000 		.4byte	0x83
 740 03c1 17       		.byte	0x17
 741 03c2 0D       		.uleb128 0xd
 742 03c3 E7090000 		.4byte	.LASF111
 743 03c7 05       		.byte	0x5
 744 03c8 22       		.byte	0x22
 745 03c9 8F000000 		.4byte	0x8f
 746 03cd 1B       		.byte	0x1b
 747 03ce 0D       		.uleb128 0xd
 748 03cf 7C090000 		.4byte	.LASF112
 749 03d3 05       		.byte	0x5
 750 03d4 23       		.byte	0x23
 751 03d5 77000000 		.4byte	0x77
 752 03d9 1D       		.byte	0x1d
 753 03da 00       		.byte	0
 754 03db 0B       		.uleb128 0xb
 755 03dc 1C020000 		.4byte	.LASF113
 756 03e0 05       		.byte	0x5
 757 03e1 25       		.byte	0x25
 758 03e2 42030000 		.4byte	0x342
 759 03e6 0E       		.uleb128 0xe
 760 03e7 B3000000 		.4byte	.LASF134
ARM GAS  C:\Users\310309~1\AppData\Local\Temp\ccm5Jhso.s 			page 16


 761 03eb 01       		.byte	0x1
 762 03ec 10       		.byte	0x10
 763 03ed 00000000 		.4byte	.LFB36
 764 03f1 40010000 		.4byte	.LFE36-.LFB36
 765 03f5 01       		.uleb128 0x1
 766 03f6 9C       		.byte	0x9c
 767 03f7 7E050000 		.4byte	0x57e
 768 03fb 0F       		.uleb128 0xf
 769 03fc 56090000 		.4byte	.LASF135
 770 0400 01       		.byte	0x1
 771 0401 10       		.byte	0x10
 772 0402 DB030000 		.4byte	0x3db
 773 0406 02       		.uleb128 0x2
 774 0407 91       		.byte	0x91
 775 0408 70       		.sleb128 -16
 776 0409 10       		.uleb128 0x10
 777 040a FF090000 		.4byte	.LASF114
 778 040e 01       		.byte	0x1
 779 040f 12       		.byte	0x12
 780 0410 37030000 		.4byte	0x337
 781 0414 02       		.uleb128 0x2
 782 0415 91       		.byte	0x91
 783 0416 5C       		.sleb128 -36
 784 0417 11       		.uleb128 0x11
 785 0418 2E000000 		.4byte	.LBB2
 786 041c FA000000 		.4byte	.LBE2-.LBB2
 787 0420 62050000 		.4byte	0x562
 788 0424 12       		.uleb128 0x12
 789 0425 A30A0000 		.4byte	.LASF115
 790 0429 01       		.byte	0x1
 791 042a 1B       		.byte	0x1b
 792 042b 6B000000 		.4byte	0x6b
 793 042f 00000000 		.4byte	.LLST0
 794 0433 10       		.uleb128 0x10
 795 0434 CD0B0000 		.4byte	.LASF116
 796 0438 01       		.byte	0x1
 797 0439 1D       		.byte	0x1d
 798 043a 7E050000 		.4byte	0x57e
 799 043e 02       		.uleb128 0x2
 800 043f 91       		.byte	0x91
 801 0440 48       		.sleb128 -56
 802 0441 13       		.uleb128 0x13
 803 0442 42000000 		.4byte	.LVL2
 804 0446 22060000 		.4byte	0x622
 805 044a 55040000 		.4byte	0x455
 806 044e 14       		.uleb128 0x14
 807 044f 01       		.uleb128 0x1
 808 0450 50       		.byte	0x50
 809 0451 02       		.uleb128 0x2
 810 0452 7D       		.byte	0x7d
 811 0453 01       		.sleb128 1
 812 0454 00       		.byte	0
 813 0455 13       		.uleb128 0x13
 814 0456 5C000000 		.4byte	.LVL3
 815 045a 2E060000 		.4byte	0x62e
 816 045e 69040000 		.4byte	0x469
 817 0462 14       		.uleb128 0x14
ARM GAS  C:\Users\310309~1\AppData\Local\Temp\ccm5Jhso.s 			page 17


 818 0463 01       		.uleb128 0x1
 819 0464 50       		.byte	0x50
 820 0465 02       		.uleb128 0x2
 821 0466 7D       		.byte	0x7d
 822 0467 03       		.sleb128 3
 823 0468 00       		.byte	0
 824 0469 13       		.uleb128 0x13
 825 046a 6E000000 		.4byte	.LVL4
 826 046e 22060000 		.4byte	0x622
 827 0472 7D040000 		.4byte	0x47d
 828 0476 14       		.uleb128 0x14
 829 0477 01       		.uleb128 0x1
 830 0478 50       		.byte	0x50
 831 0479 02       		.uleb128 0x2
 832 047a 7D       		.byte	0x7d
 833 047b 07       		.sleb128 7
 834 047c 00       		.byte	0
 835 047d 13       		.uleb128 0x13
 836 047e 8A000000 		.4byte	.LVL5
 837 0482 2E060000 		.4byte	0x62e
 838 0486 92040000 		.4byte	0x492
 839 048a 14       		.uleb128 0x14
 840 048b 01       		.uleb128 0x1
 841 048c 50       		.byte	0x50
 842 048d 03       		.uleb128 0x3
 843 048e 91       		.byte	0x91
 844 048f B17F     		.sleb128 -79
 845 0491 00       		.byte	0
 846 0492 13       		.uleb128 0x13
 847 0493 98000000 		.4byte	.LVL6
 848 0497 2E060000 		.4byte	0x62e
 849 049b A7040000 		.4byte	0x4a7
 850 049f 14       		.uleb128 0x14
 851 04a0 01       		.uleb128 0x1
 852 04a1 50       		.byte	0x50
 853 04a2 03       		.uleb128 0x3
 854 04a3 91       		.byte	0x91
 855 04a4 B57F     		.sleb128 -75
 856 04a6 00       		.byte	0
 857 04a7 13       		.uleb128 0x13
 858 04a8 AE000000 		.4byte	.LVL8
 859 04ac 22060000 		.4byte	0x622
 860 04b0 BB040000 		.4byte	0x4bb
 861 04b4 14       		.uleb128 0x14
 862 04b5 01       		.uleb128 0x1
 863 04b6 50       		.byte	0x50
 864 04b7 02       		.uleb128 0x2
 865 04b8 7D       		.byte	0x7d
 866 04b9 03       		.sleb128 3
 867 04ba 00       		.byte	0
 868 04bb 13       		.uleb128 0x13
 869 04bc C2000000 		.4byte	.LVL9
 870 04c0 2E060000 		.4byte	0x62e
 871 04c4 CF040000 		.4byte	0x4cf
 872 04c8 14       		.uleb128 0x14
 873 04c9 01       		.uleb128 0x1
 874 04ca 50       		.byte	0x50
ARM GAS  C:\Users\310309~1\AppData\Local\Temp\ccm5Jhso.s 			page 18


 875 04cb 02       		.uleb128 0x2
 876 04cc 7D       		.byte	0x7d
 877 04cd 05       		.sleb128 5
 878 04ce 00       		.byte	0
 879 04cf 13       		.uleb128 0x13
 880 04d0 D0000000 		.4byte	.LVL10
 881 04d4 22060000 		.4byte	0x622
 882 04d8 E4040000 		.4byte	0x4e4
 883 04dc 14       		.uleb128 0x14
 884 04dd 01       		.uleb128 0x1
 885 04de 50       		.byte	0x50
 886 04df 03       		.uleb128 0x3
 887 04e0 91       		.byte	0x91
 888 04e1 B17F     		.sleb128 -79
 889 04e3 00       		.byte	0
 890 04e4 13       		.uleb128 0x13
 891 04e5 EA000000 		.4byte	.LVL11
 892 04e9 2E060000 		.4byte	0x62e
 893 04ed F9040000 		.4byte	0x4f9
 894 04f1 14       		.uleb128 0x14
 895 04f2 01       		.uleb128 0x1
 896 04f3 50       		.byte	0x50
 897 04f4 03       		.uleb128 0x3
 898 04f5 91       		.byte	0x91
 899 04f6 B37F     		.sleb128 -77
 900 04f8 00       		.byte	0
 901 04f9 13       		.uleb128 0x13
 902 04fa FC000000 		.4byte	.LVL12
 903 04fe 22060000 		.4byte	0x622
 904 0502 0E050000 		.4byte	0x50e
 905 0506 14       		.uleb128 0x14
 906 0507 01       		.uleb128 0x1
 907 0508 50       		.byte	0x50
 908 0509 03       		.uleb128 0x3
 909 050a 91       		.byte	0x91
 910 050b B77F     		.sleb128 -73
 911 050d 00       		.byte	0
 912 050e 13       		.uleb128 0x13
 913 050f 14010000 		.4byte	.LVL16
 914 0513 22060000 		.4byte	0x622
 915 0517 28050000 		.4byte	0x528
 916 051b 14       		.uleb128 0x14
 917 051c 01       		.uleb128 0x1
 918 051d 50       		.byte	0x50
 919 051e 08       		.uleb128 0x8
 920 051f 91       		.byte	0x91
 921 0520 70       		.sleb128 -16
 922 0521 74       		.byte	0x74
 923 0522 00       		.sleb128 0
 924 0523 22       		.byte	0x22
 925 0524 08       		.byte	0x8
 926 0525 48       		.byte	0x48
 927 0526 1C       		.byte	0x1c
 928 0527 00       		.byte	0
 929 0528 13       		.uleb128 0x13
 930 0529 1E010000 		.4byte	.LVL18
 931 052d 39060000 		.4byte	0x639
ARM GAS  C:\Users\310309~1\AppData\Local\Temp\ccm5Jhso.s 			page 19


 932 0531 45050000 		.4byte	0x545
 933 0535 14       		.uleb128 0x14
 934 0536 01       		.uleb128 0x1
 935 0537 50       		.byte	0x50
 936 0538 05       		.uleb128 0x5
 937 0539 03       		.byte	0x3
 938 053a 00000000 		.4byte	.LC2
 939 053e 14       		.uleb128 0x14
 940 053f 01       		.uleb128 0x1
 941 0540 51       		.byte	0x51
 942 0541 02       		.uleb128 0x2
 943 0542 74       		.byte	0x74
 944 0543 00       		.sleb128 0
 945 0544 00       		.byte	0
 946 0545 15       		.uleb128 0x15
 947 0546 28010000 		.4byte	.LVL19
 948 054a 44060000 		.4byte	0x644
 949 054e 14       		.uleb128 0x14
 950 054f 01       		.uleb128 0x1
 951 0550 50       		.byte	0x50
 952 0551 02       		.uleb128 0x2
 953 0552 08       		.byte	0x8
 954 0553 3A       		.byte	0x3a
 955 0554 14       		.uleb128 0x14
 956 0555 01       		.uleb128 0x1
 957 0556 51       		.byte	0x51
 958 0557 02       		.uleb128 0x2
 959 0558 7D       		.byte	0x7d
 960 0559 00       		.sleb128 0
 961 055a 14       		.uleb128 0x14
 962 055b 01       		.uleb128 0x1
 963 055c 52       		.byte	0x52
 964 055d 02       		.uleb128 0x2
 965 055e 74       		.byte	0x74
 966 055f 00       		.sleb128 0
 967 0560 00       		.byte	0
 968 0561 00       		.byte	0
 969 0562 15       		.uleb128 0x15
 970 0563 26000000 		.4byte	.LVL0
 971 0567 4F060000 		.4byte	0x64f
 972 056b 14       		.uleb128 0x14
 973 056c 01       		.uleb128 0x1
 974 056d 50       		.byte	0x50
 975 056e 03       		.uleb128 0x3
 976 056f 91       		.byte	0x91
 977 0570 BC7F     		.sleb128 -68
 978 0572 14       		.uleb128 0x14
 979 0573 01       		.uleb128 0x1
 980 0574 51       		.byte	0x51
 981 0575 01       		.uleb128 0x1
 982 0576 30       		.byte	0x30
 983 0577 14       		.uleb128 0x14
 984 0578 01       		.uleb128 0x1
 985 0579 53       		.byte	0x53
 986 057a 01       		.uleb128 0x1
 987 057b 30       		.byte	0x30
 988 057c 00       		.byte	0
ARM GAS  C:\Users\310309~1\AppData\Local\Temp\ccm5Jhso.s 			page 20


 989 057d 00       		.byte	0
 990 057e 16       		.uleb128 0x16
 991 057f 6B000000 		.4byte	0x6b
 992 0583 8E050000 		.4byte	0x58e
 993 0587 17       		.uleb128 0x17
 994 0588 C3000000 		.4byte	0xc3
 995 058c 12       		.byte	0x12
 996 058d 00       		.byte	0
 997 058e 18       		.uleb128 0x18
 998 058f 70080000 		.4byte	.LASF117
 999 0593 06       		.byte	0x6
 1000 0594 AA0A     		.2byte	0xaaa
 1001 0596 BE020000 		.4byte	0x2be
 1002 059a 19       		.uleb128 0x19
 1003 059b BF0C0000 		.4byte	.LASF118
 1004 059f 07       		.byte	0x7
 1005 05a0 36       		.byte	0x36
 1006 05a1 77000000 		.4byte	0x77
 1007 05a5 05       		.uleb128 0x5
 1008 05a6 03       		.byte	0x3
 1009 05a7 00000000 		.4byte	Enquire_Sessions_Requested
 1010 05ab 19       		.uleb128 0x19
 1011 05ac 94090000 		.4byte	.LASF119
 1012 05b0 07       		.byte	0x7
 1013 05b1 37       		.byte	0x37
 1014 05b2 77000000 		.4byte	0x77
 1015 05b6 05       		.uleb128 0x5
 1016 05b7 03       		.byte	0x3
 1017 05b8 00000000 		.4byte	Enquire_Sub_Sessions_Requested_For_ID
 1018 05bc 19       		.uleb128 0x19
 1019 05bd 15010000 		.4byte	.LASF120
 1020 05c1 07       		.byte	0x7
 1021 05c2 38       		.byte	0x38
 1022 05c3 77000000 		.4byte	0x77
 1023 05c7 05       		.uleb128 0x5
 1024 05c8 03       		.byte	0x3
 1025 05c9 00000000 		.4byte	Get_Ended_Data_SessionID
 1026 05cd 19       		.uleb128 0x19
 1027 05ce B2070000 		.4byte	.LASF121
 1028 05d2 07       		.byte	0x7
 1029 05d3 39       		.byte	0x39
 1030 05d4 77000000 		.4byte	0x77
 1031 05d8 05       		.uleb128 0x5
 1032 05d9 03       		.byte	0x3
 1033 05da 00000000 		.4byte	Get_Ended_Data_Sub_SessionID
 1034 05de 19       		.uleb128 0x19
 1035 05df D50B0000 		.4byte	.LASF122
 1036 05e3 07       		.byte	0x7
 1037 05e4 3A       		.byte	0x3a
 1038 05e5 6B000000 		.4byte	0x6b
 1039 05e9 05       		.uleb128 0x5
 1040 05ea 03       		.byte	0x3
 1041 05eb 00000000 		.4byte	Get_Ended_Data_Value
 1042 05ef 19       		.uleb128 0x19
 1043 05f0 BD030000 		.4byte	.LASF123
 1044 05f4 07       		.byte	0x7
 1045 05f5 3B       		.byte	0x3b
ARM GAS  C:\Users\310309~1\AppData\Local\Temp\ccm5Jhso.s 			page 21


 1046 05f6 6B000000 		.4byte	0x6b
 1047 05fa 05       		.uleb128 0x5
 1048 05fb 03       		.byte	0x3
 1049 05fc 00000000 		.4byte	send_Deleted_Sessions
 1050 0600 19       		.uleb128 0x19
 1051 0601 95020000 		.4byte	.LASF124
 1052 0605 08       		.byte	0x8
 1053 0606 5D       		.byte	0x5d
 1054 0607 A9000000 		.4byte	0xa9
 1055 060b 05       		.uleb128 0x5
 1056 060c 03       		.byte	0x3
 1057 060d 00000000 		.4byte	pamFeature
 1058 0611 19       		.uleb128 0x19
 1059 0612 9F0C0000 		.4byte	.LASF125
 1060 0616 05       		.byte	0x5
 1061 0617 28       		.byte	0x28
 1062 0618 6B000000 		.4byte	0x6b
 1063 061c 05       		.uleb128 0x5
 1064 061d 03       		.byte	0x3
 1065 061e 00000000 		.4byte	sessionDescriptorIndicate
 1066 0622 1A       		.uleb128 0x1a
 1067 0623 130C0000 		.4byte	.LASF126
 1068 0627 130C0000 		.4byte	.LASF126
 1069 062b 09       		.byte	0x9
 1070 062c 6502     		.2byte	0x265
 1071 062e 1B       		.uleb128 0x1b
 1072 062f 2E0B0000 		.4byte	.LASF127
 1073 0633 2E0B0000 		.4byte	.LASF127
 1074 0637 07       		.byte	0x7
 1075 0638 2F       		.byte	0x2f
 1076 0639 1B       		.uleb128 0x1b
 1077 063a 15020000 		.4byte	.LASF128
 1078 063e 15020000 		.4byte	.LASF128
 1079 0642 0A       		.byte	0xa
 1080 0643 BB       		.byte	0xbb
 1081 0644 1B       		.uleb128 0x1b
 1082 0645 6E0C0000 		.4byte	.LASF129
 1083 0649 6E0C0000 		.4byte	.LASF129
 1084 064d 07       		.byte	0x7
 1085 064e 2D       		.byte	0x2d
 1086 064f 1A       		.uleb128 0x1a
 1087 0650 20050000 		.4byte	.LASF130
 1088 0654 20050000 		.4byte	.LASF130
 1089 0658 0B       		.byte	0xb
 1090 0659 7E01     		.2byte	0x17e
 1091 065b 00       		.byte	0
 1092              		.section	.debug_abbrev,"",%progbits
 1093              	.Ldebug_abbrev0:
 1094 0000 01       		.uleb128 0x1
 1095 0001 11       		.uleb128 0x11
 1096 0002 01       		.byte	0x1
 1097 0003 25       		.uleb128 0x25
 1098 0004 0E       		.uleb128 0xe
 1099 0005 13       		.uleb128 0x13
 1100 0006 0B       		.uleb128 0xb
 1101 0007 03       		.uleb128 0x3
 1102 0008 0E       		.uleb128 0xe
ARM GAS  C:\Users\310309~1\AppData\Local\Temp\ccm5Jhso.s 			page 22


 1103 0009 1B       		.uleb128 0x1b
 1104 000a 0E       		.uleb128 0xe
 1105 000b 55       		.uleb128 0x55
 1106 000c 17       		.uleb128 0x17
 1107 000d 11       		.uleb128 0x11
 1108 000e 01       		.uleb128 0x1
 1109 000f 10       		.uleb128 0x10
 1110 0010 17       		.uleb128 0x17
 1111 0011 00       		.byte	0
 1112 0012 00       		.byte	0
 1113 0013 02       		.uleb128 0x2
 1114 0014 24       		.uleb128 0x24
 1115 0015 00       		.byte	0
 1116 0016 0B       		.uleb128 0xb
 1117 0017 0B       		.uleb128 0xb
 1118 0018 3E       		.uleb128 0x3e
 1119 0019 0B       		.uleb128 0xb
 1120 001a 03       		.uleb128 0x3
 1121 001b 0E       		.uleb128 0xe
 1122 001c 00       		.byte	0
 1123 001d 00       		.byte	0
 1124 001e 03       		.uleb128 0x3
 1125 001f 24       		.uleb128 0x24
 1126 0020 00       		.byte	0
 1127 0021 0B       		.uleb128 0xb
 1128 0022 0B       		.uleb128 0xb
 1129 0023 3E       		.uleb128 0x3e
 1130 0024 0B       		.uleb128 0xb
 1131 0025 03       		.uleb128 0x3
 1132 0026 08       		.uleb128 0x8
 1133 0027 00       		.byte	0
 1134 0028 00       		.byte	0
 1135 0029 04       		.uleb128 0x4
 1136 002a 16       		.uleb128 0x16
 1137 002b 00       		.byte	0
 1138 002c 03       		.uleb128 0x3
 1139 002d 0E       		.uleb128 0xe
 1140 002e 3A       		.uleb128 0x3a
 1141 002f 0B       		.uleb128 0xb
 1142 0030 3B       		.uleb128 0x3b
 1143 0031 05       		.uleb128 0x5
 1144 0032 49       		.uleb128 0x49
 1145 0033 13       		.uleb128 0x13
 1146 0034 00       		.byte	0
 1147 0035 00       		.byte	0
 1148 0036 05       		.uleb128 0x5
 1149 0037 04       		.uleb128 0x4
 1150 0038 01       		.byte	0x1
 1151 0039 0B       		.uleb128 0xb
 1152 003a 0B       		.uleb128 0xb
 1153 003b 49       		.uleb128 0x49
 1154 003c 13       		.uleb128 0x13
 1155 003d 3A       		.uleb128 0x3a
 1156 003e 0B       		.uleb128 0xb
 1157 003f 3B       		.uleb128 0x3b
 1158 0040 05       		.uleb128 0x5
 1159 0041 01       		.uleb128 0x1
ARM GAS  C:\Users\310309~1\AppData\Local\Temp\ccm5Jhso.s 			page 23


 1160 0042 13       		.uleb128 0x13
 1161 0043 00       		.byte	0
 1162 0044 00       		.byte	0
 1163 0045 06       		.uleb128 0x6
 1164 0046 28       		.uleb128 0x28
 1165 0047 00       		.byte	0
 1166 0048 03       		.uleb128 0x3
 1167 0049 0E       		.uleb128 0xe
 1168 004a 1C       		.uleb128 0x1c
 1169 004b 0B       		.uleb128 0xb
 1170 004c 00       		.byte	0
 1171 004d 00       		.byte	0
 1172 004e 07       		.uleb128 0x7
 1173 004f 0F       		.uleb128 0xf
 1174 0050 00       		.byte	0
 1175 0051 0B       		.uleb128 0xb
 1176 0052 0B       		.uleb128 0xb
 1177 0053 49       		.uleb128 0x49
 1178 0054 13       		.uleb128 0x13
 1179 0055 00       		.byte	0
 1180 0056 00       		.byte	0
 1181 0057 08       		.uleb128 0x8
 1182 0058 13       		.uleb128 0x13
 1183 0059 01       		.byte	0x1
 1184 005a 0B       		.uleb128 0xb
 1185 005b 0B       		.uleb128 0xb
 1186 005c 3A       		.uleb128 0x3a
 1187 005d 0B       		.uleb128 0xb
 1188 005e 3B       		.uleb128 0x3b
 1189 005f 05       		.uleb128 0x5
 1190 0060 01       		.uleb128 0x1
 1191 0061 13       		.uleb128 0x13
 1192 0062 00       		.byte	0
 1193 0063 00       		.byte	0
 1194 0064 09       		.uleb128 0x9
 1195 0065 0D       		.uleb128 0xd
 1196 0066 00       		.byte	0
 1197 0067 03       		.uleb128 0x3
 1198 0068 0E       		.uleb128 0xe
 1199 0069 3A       		.uleb128 0x3a
 1200 006a 0B       		.uleb128 0xb
 1201 006b 3B       		.uleb128 0x3b
 1202 006c 05       		.uleb128 0x5
 1203 006d 49       		.uleb128 0x49
 1204 006e 13       		.uleb128 0x13
 1205 006f 38       		.uleb128 0x38
 1206 0070 0B       		.uleb128 0xb
 1207 0071 00       		.byte	0
 1208 0072 00       		.byte	0
 1209 0073 0A       		.uleb128 0xa
 1210 0074 0D       		.uleb128 0xd
 1211 0075 00       		.byte	0
 1212 0076 03       		.uleb128 0x3
 1213 0077 08       		.uleb128 0x8
 1214 0078 3A       		.uleb128 0x3a
 1215 0079 0B       		.uleb128 0xb
 1216 007a 3B       		.uleb128 0x3b
ARM GAS  C:\Users\310309~1\AppData\Local\Temp\ccm5Jhso.s 			page 24


 1217 007b 05       		.uleb128 0x5
 1218 007c 49       		.uleb128 0x49
 1219 007d 13       		.uleb128 0x13
 1220 007e 38       		.uleb128 0x38
 1221 007f 0B       		.uleb128 0xb
 1222 0080 00       		.byte	0
 1223 0081 00       		.byte	0
 1224 0082 0B       		.uleb128 0xb
 1225 0083 16       		.uleb128 0x16
 1226 0084 00       		.byte	0
 1227 0085 03       		.uleb128 0x3
 1228 0086 0E       		.uleb128 0xe
 1229 0087 3A       		.uleb128 0x3a
 1230 0088 0B       		.uleb128 0xb
 1231 0089 3B       		.uleb128 0x3b
 1232 008a 0B       		.uleb128 0xb
 1233 008b 49       		.uleb128 0x49
 1234 008c 13       		.uleb128 0x13
 1235 008d 00       		.byte	0
 1236 008e 00       		.byte	0
 1237 008f 0C       		.uleb128 0xc
 1238 0090 13       		.uleb128 0x13
 1239 0091 01       		.byte	0x1
 1240 0092 0B       		.uleb128 0xb
 1241 0093 0B       		.uleb128 0xb
 1242 0094 3A       		.uleb128 0x3a
 1243 0095 0B       		.uleb128 0xb
 1244 0096 3B       		.uleb128 0x3b
 1245 0097 0B       		.uleb128 0xb
 1246 0098 01       		.uleb128 0x1
 1247 0099 13       		.uleb128 0x13
 1248 009a 00       		.byte	0
 1249 009b 00       		.byte	0
 1250 009c 0D       		.uleb128 0xd
 1251 009d 0D       		.uleb128 0xd
 1252 009e 00       		.byte	0
 1253 009f 03       		.uleb128 0x3
 1254 00a0 0E       		.uleb128 0xe
 1255 00a1 3A       		.uleb128 0x3a
 1256 00a2 0B       		.uleb128 0xb
 1257 00a3 3B       		.uleb128 0x3b
 1258 00a4 0B       		.uleb128 0xb
 1259 00a5 49       		.uleb128 0x49
 1260 00a6 13       		.uleb128 0x13
 1261 00a7 38       		.uleb128 0x38
 1262 00a8 0B       		.uleb128 0xb
 1263 00a9 00       		.byte	0
 1264 00aa 00       		.byte	0
 1265 00ab 0E       		.uleb128 0xe
 1266 00ac 2E       		.uleb128 0x2e
 1267 00ad 01       		.byte	0x1
 1268 00ae 3F       		.uleb128 0x3f
 1269 00af 19       		.uleb128 0x19
 1270 00b0 03       		.uleb128 0x3
 1271 00b1 0E       		.uleb128 0xe
 1272 00b2 3A       		.uleb128 0x3a
 1273 00b3 0B       		.uleb128 0xb
ARM GAS  C:\Users\310309~1\AppData\Local\Temp\ccm5Jhso.s 			page 25


 1274 00b4 3B       		.uleb128 0x3b
 1275 00b5 0B       		.uleb128 0xb
 1276 00b6 27       		.uleb128 0x27
 1277 00b7 19       		.uleb128 0x19
 1278 00b8 11       		.uleb128 0x11
 1279 00b9 01       		.uleb128 0x1
 1280 00ba 12       		.uleb128 0x12
 1281 00bb 06       		.uleb128 0x6
 1282 00bc 40       		.uleb128 0x40
 1283 00bd 18       		.uleb128 0x18
 1284 00be 9742     		.uleb128 0x2117
 1285 00c0 19       		.uleb128 0x19
 1286 00c1 01       		.uleb128 0x1
 1287 00c2 13       		.uleb128 0x13
 1288 00c3 00       		.byte	0
 1289 00c4 00       		.byte	0
 1290 00c5 0F       		.uleb128 0xf
 1291 00c6 05       		.uleb128 0x5
 1292 00c7 00       		.byte	0
 1293 00c8 03       		.uleb128 0x3
 1294 00c9 0E       		.uleb128 0xe
 1295 00ca 3A       		.uleb128 0x3a
 1296 00cb 0B       		.uleb128 0xb
 1297 00cc 3B       		.uleb128 0x3b
 1298 00cd 0B       		.uleb128 0xb
 1299 00ce 49       		.uleb128 0x49
 1300 00cf 13       		.uleb128 0x13
 1301 00d0 02       		.uleb128 0x2
 1302 00d1 18       		.uleb128 0x18
 1303 00d2 00       		.byte	0
 1304 00d3 00       		.byte	0
 1305 00d4 10       		.uleb128 0x10
 1306 00d5 34       		.uleb128 0x34
 1307 00d6 00       		.byte	0
 1308 00d7 03       		.uleb128 0x3
 1309 00d8 0E       		.uleb128 0xe
 1310 00d9 3A       		.uleb128 0x3a
 1311 00da 0B       		.uleb128 0xb
 1312 00db 3B       		.uleb128 0x3b
 1313 00dc 0B       		.uleb128 0xb
 1314 00dd 49       		.uleb128 0x49
 1315 00de 13       		.uleb128 0x13
 1316 00df 02       		.uleb128 0x2
 1317 00e0 18       		.uleb128 0x18
 1318 00e1 00       		.byte	0
 1319 00e2 00       		.byte	0
 1320 00e3 11       		.uleb128 0x11
 1321 00e4 0B       		.uleb128 0xb
 1322 00e5 01       		.byte	0x1
 1323 00e6 11       		.uleb128 0x11
 1324 00e7 01       		.uleb128 0x1
 1325 00e8 12       		.uleb128 0x12
 1326 00e9 06       		.uleb128 0x6
 1327 00ea 01       		.uleb128 0x1
 1328 00eb 13       		.uleb128 0x13
 1329 00ec 00       		.byte	0
 1330 00ed 00       		.byte	0
ARM GAS  C:\Users\310309~1\AppData\Local\Temp\ccm5Jhso.s 			page 26


 1331 00ee 12       		.uleb128 0x12
 1332 00ef 34       		.uleb128 0x34
 1333 00f0 00       		.byte	0
 1334 00f1 03       		.uleb128 0x3
 1335 00f2 0E       		.uleb128 0xe
 1336 00f3 3A       		.uleb128 0x3a
 1337 00f4 0B       		.uleb128 0xb
 1338 00f5 3B       		.uleb128 0x3b
 1339 00f6 0B       		.uleb128 0xb
 1340 00f7 49       		.uleb128 0x49
 1341 00f8 13       		.uleb128 0x13
 1342 00f9 02       		.uleb128 0x2
 1343 00fa 17       		.uleb128 0x17
 1344 00fb 00       		.byte	0
 1345 00fc 00       		.byte	0
 1346 00fd 13       		.uleb128 0x13
 1347 00fe 898201   		.uleb128 0x4109
 1348 0101 01       		.byte	0x1
 1349 0102 11       		.uleb128 0x11
 1350 0103 01       		.uleb128 0x1
 1351 0104 31       		.uleb128 0x31
 1352 0105 13       		.uleb128 0x13
 1353 0106 01       		.uleb128 0x1
 1354 0107 13       		.uleb128 0x13
 1355 0108 00       		.byte	0
 1356 0109 00       		.byte	0
 1357 010a 14       		.uleb128 0x14
 1358 010b 8A8201   		.uleb128 0x410a
 1359 010e 00       		.byte	0
 1360 010f 02       		.uleb128 0x2
 1361 0110 18       		.uleb128 0x18
 1362 0111 9142     		.uleb128 0x2111
 1363 0113 18       		.uleb128 0x18
 1364 0114 00       		.byte	0
 1365 0115 00       		.byte	0
 1366 0116 15       		.uleb128 0x15
 1367 0117 898201   		.uleb128 0x4109
 1368 011a 01       		.byte	0x1
 1369 011b 11       		.uleb128 0x11
 1370 011c 01       		.uleb128 0x1
 1371 011d 31       		.uleb128 0x31
 1372 011e 13       		.uleb128 0x13
 1373 011f 00       		.byte	0
 1374 0120 00       		.byte	0
 1375 0121 16       		.uleb128 0x16
 1376 0122 01       		.uleb128 0x1
 1377 0123 01       		.byte	0x1
 1378 0124 49       		.uleb128 0x49
 1379 0125 13       		.uleb128 0x13
 1380 0126 01       		.uleb128 0x1
 1381 0127 13       		.uleb128 0x13
 1382 0128 00       		.byte	0
 1383 0129 00       		.byte	0
 1384 012a 17       		.uleb128 0x17
 1385 012b 21       		.uleb128 0x21
 1386 012c 00       		.byte	0
 1387 012d 49       		.uleb128 0x49
ARM GAS  C:\Users\310309~1\AppData\Local\Temp\ccm5Jhso.s 			page 27


 1388 012e 13       		.uleb128 0x13
 1389 012f 2F       		.uleb128 0x2f
 1390 0130 0B       		.uleb128 0xb
 1391 0131 00       		.byte	0
 1392 0132 00       		.byte	0
 1393 0133 18       		.uleb128 0x18
 1394 0134 34       		.uleb128 0x34
 1395 0135 00       		.byte	0
 1396 0136 03       		.uleb128 0x3
 1397 0137 0E       		.uleb128 0xe
 1398 0138 3A       		.uleb128 0x3a
 1399 0139 0B       		.uleb128 0xb
 1400 013a 3B       		.uleb128 0x3b
 1401 013b 05       		.uleb128 0x5
 1402 013c 49       		.uleb128 0x49
 1403 013d 13       		.uleb128 0x13
 1404 013e 3F       		.uleb128 0x3f
 1405 013f 19       		.uleb128 0x19
 1406 0140 3C       		.uleb128 0x3c
 1407 0141 19       		.uleb128 0x19
 1408 0142 00       		.byte	0
 1409 0143 00       		.byte	0
 1410 0144 19       		.uleb128 0x19
 1411 0145 34       		.uleb128 0x34
 1412 0146 00       		.byte	0
 1413 0147 03       		.uleb128 0x3
 1414 0148 0E       		.uleb128 0xe
 1415 0149 3A       		.uleb128 0x3a
 1416 014a 0B       		.uleb128 0xb
 1417 014b 3B       		.uleb128 0x3b
 1418 014c 0B       		.uleb128 0xb
 1419 014d 49       		.uleb128 0x49
 1420 014e 13       		.uleb128 0x13
 1421 014f 3F       		.uleb128 0x3f
 1422 0150 19       		.uleb128 0x19
 1423 0151 02       		.uleb128 0x2
 1424 0152 18       		.uleb128 0x18
 1425 0153 00       		.byte	0
 1426 0154 00       		.byte	0
 1427 0155 1A       		.uleb128 0x1a
 1428 0156 2E       		.uleb128 0x2e
 1429 0157 00       		.byte	0
 1430 0158 3F       		.uleb128 0x3f
 1431 0159 19       		.uleb128 0x19
 1432 015a 3C       		.uleb128 0x3c
 1433 015b 19       		.uleb128 0x19
 1434 015c 6E       		.uleb128 0x6e
 1435 015d 0E       		.uleb128 0xe
 1436 015e 03       		.uleb128 0x3
 1437 015f 0E       		.uleb128 0xe
 1438 0160 3A       		.uleb128 0x3a
 1439 0161 0B       		.uleb128 0xb
 1440 0162 3B       		.uleb128 0x3b
 1441 0163 05       		.uleb128 0x5
 1442 0164 00       		.byte	0
 1443 0165 00       		.byte	0
 1444 0166 1B       		.uleb128 0x1b
ARM GAS  C:\Users\310309~1\AppData\Local\Temp\ccm5Jhso.s 			page 28


 1445 0167 2E       		.uleb128 0x2e
 1446 0168 00       		.byte	0
 1447 0169 3F       		.uleb128 0x3f
 1448 016a 19       		.uleb128 0x19
 1449 016b 3C       		.uleb128 0x3c
 1450 016c 19       		.uleb128 0x19
 1451 016d 6E       		.uleb128 0x6e
 1452 016e 0E       		.uleb128 0xe
 1453 016f 03       		.uleb128 0x3
 1454 0170 0E       		.uleb128 0xe
 1455 0171 3A       		.uleb128 0x3a
 1456 0172 0B       		.uleb128 0xb
 1457 0173 3B       		.uleb128 0x3b
 1458 0174 0B       		.uleb128 0xb
 1459 0175 00       		.byte	0
 1460 0176 00       		.byte	0
 1461 0177 00       		.byte	0
 1462              		.section	.debug_loc,"",%progbits
 1463              	.Ldebug_loc0:
 1464              	.LLST0:
 1465 0000 2E000000 		.4byte	.LVL1
 1466 0004 42000000 		.4byte	.LVL2
 1467 0008 0200     		.2byte	0x2
 1468 000a 31       		.byte	0x31
 1469 000b 9F       		.byte	0x9f
 1470 000c 42000000 		.4byte	.LVL2
 1471 0010 5C000000 		.4byte	.LVL3
 1472 0014 0200     		.2byte	0x2
 1473 0016 33       		.byte	0x33
 1474 0017 9F       		.byte	0x9f
 1475 0018 5C000000 		.4byte	.LVL3
 1476 001c 6E000000 		.4byte	.LVL4
 1477 0020 0200     		.2byte	0x2
 1478 0022 37       		.byte	0x37
 1479 0023 9F       		.byte	0x9f
 1480 0024 6E000000 		.4byte	.LVL4
 1481 0028 8A000000 		.4byte	.LVL5
 1482 002c 0200     		.2byte	0x2
 1483 002e 39       		.byte	0x39
 1484 002f 9F       		.byte	0x9f
 1485 0030 8A000000 		.4byte	.LVL5
 1486 0034 98000000 		.4byte	.LVL6
 1487 0038 0200     		.2byte	0x2
 1488 003a 3D       		.byte	0x3d
 1489 003b 9F       		.byte	0x9f
 1490 003c 98000000 		.4byte	.LVL6
 1491 0040 9C000000 		.4byte	.LVL7
 1492 0044 0200     		.2byte	0x2
 1493 0046 3F       		.byte	0x3f
 1494 0047 9F       		.byte	0x9f
 1495 0048 9C000000 		.4byte	.LVL7
 1496 004c AE000000 		.4byte	.LVL8
 1497 0050 0200     		.2byte	0x2
 1498 0052 33       		.byte	0x33
 1499 0053 9F       		.byte	0x9f
 1500 0054 AE000000 		.4byte	.LVL8
 1501 0058 C2000000 		.4byte	.LVL9
ARM GAS  C:\Users\310309~1\AppData\Local\Temp\ccm5Jhso.s 			page 29


 1502 005c 0200     		.2byte	0x2
 1503 005e 35       		.byte	0x35
 1504 005f 9F       		.byte	0x9f
 1505 0060 C2000000 		.4byte	.LVL9
 1506 0064 D0000000 		.4byte	.LVL10
 1507 0068 0200     		.2byte	0x2
 1508 006a 39       		.byte	0x39
 1509 006b 9F       		.byte	0x9f
 1510 006c D0000000 		.4byte	.LVL10
 1511 0070 EA000000 		.4byte	.LVL11
 1512 0074 0200     		.2byte	0x2
 1513 0076 3B       		.byte	0x3b
 1514 0077 9F       		.byte	0x9f
 1515 0078 EA000000 		.4byte	.LVL11
 1516 007c FC000000 		.4byte	.LVL12
 1517 0080 0200     		.2byte	0x2
 1518 0082 3F       		.byte	0x3f
 1519 0083 9F       		.byte	0x9f
 1520 0084 FC000000 		.4byte	.LVL12
 1521 0088 00010000 		.4byte	.LVL13
 1522 008c 0200     		.2byte	0x2
 1523 008e 41       		.byte	0x41
 1524 008f 9F       		.byte	0x9f
 1525 0090 00010000 		.4byte	.LVL13
 1526 0094 04010000 		.4byte	.LVL14
 1527 0098 0200     		.2byte	0x2
 1528 009a 39       		.byte	0x39
 1529 009b 9F       		.byte	0x9f
 1530 009c 04010000 		.4byte	.LVL14
 1531 00a0 06010000 		.4byte	.LVL15
 1532 00a4 0200     		.2byte	0x2
 1533 00a6 3B       		.byte	0x3b
 1534 00a7 9F       		.byte	0x9f
 1535 00a8 06010000 		.4byte	.LVL15
 1536 00ac 28010000 		.4byte	.LVL19
 1537 00b0 0100     		.2byte	0x1
 1538 00b2 54       		.byte	0x54
 1539 00b3 00000000 		.4byte	0
 1540 00b7 00000000 		.4byte	0
 1541              		.section	.debug_aranges,"",%progbits
 1542 0000 1C000000 		.4byte	0x1c
 1543 0004 0200     		.2byte	0x2
 1544 0006 00000000 		.4byte	.Ldebug_info0
 1545 000a 04       		.byte	0x4
 1546 000b 00       		.byte	0
 1547 000c 0000     		.2byte	0
 1548 000e 0000     		.2byte	0
 1549 0010 00000000 		.4byte	.LFB36
 1550 0014 40010000 		.4byte	.LFE36-.LFB36
 1551 0018 00000000 		.4byte	0
 1552 001c 00000000 		.4byte	0
 1553              		.section	.debug_ranges,"",%progbits
 1554              	.Ldebug_ranges0:
 1555 0000 00000000 		.4byte	.LFB36
 1556 0004 40010000 		.4byte	.LFE36
 1557 0008 00000000 		.4byte	0
 1558 000c 00000000 		.4byte	0
ARM GAS  C:\Users\310309~1\AppData\Local\Temp\ccm5Jhso.s 			page 30


 1559              		.section	.debug_line,"",%progbits
 1560              	.Ldebug_line0:
 1561 0000 A1010000 		.section	.debug_str,"MS",%progbits,1
 1561      02005801 
 1561      00000201 
 1561      FB0E0D00 
 1561      01010101 
 1562              	.LASF83:
 1563 0000 4359424C 		.ascii	"CYBLE_EVT_L2CAP_CBFC_RX_CREDIT_IND\000"
 1563      455F4556 
 1563      545F4C32 
 1563      4341505F 
 1563      43424643 
 1564              	.LASF106:
 1565 0023 53657373 		.ascii	"SessionEndTimeOffset\000"
 1565      696F6E45 
 1565      6E645469 
 1565      6D654F66 
 1565      66736574 
 1566              	.LASF10:
 1567 0038 75696E74 		.ascii	"uint16\000"
 1567      313600
 1568              	.LASF82:
 1569 003f 4359424C 		.ascii	"CYBLE_EVT_L2CAP_CBFC_DATA_READ\000"
 1569      455F4556 
 1569      545F4C32 
 1569      4341505F 
 1569      43424643 
 1570              	.LASF94:
 1571 005e 4359424C 		.ascii	"CYBLE_CONN_HANDLE_T\000"
 1571      455F434F 
 1571      4E4E5F48 
 1571      414E444C 
 1571      455F5400 
 1572              	.LASF108:
 1573 0072 53756253 		.ascii	"SubSessionStartBaseTime\000"
 1573      65737369 
 1573      6F6E5374 
 1573      61727442 
 1573      61736554 
 1574              	.LASF36:
 1575 008a 4359424C 		.ascii	"CYBLE_EVT_GAP_CONNECTION_UPDATE_COMPLETE\000"
 1575      455F4556 
 1575      545F4741 
 1575      505F434F 
 1575      4E4E4543 
 1576              	.LASF134:
 1577 00b3 55706461 		.ascii	"UpdateSessionDescriptor\000"
 1577      74655365 
 1577      7373696F 
 1577      6E446573 
 1577      63726970 
 1578              	.LASF81:
 1579 00cb 4359424C 		.ascii	"CYBLE_EVT_L2CAP_CBFC_DISCONN_CNF\000"
 1579      455F4556 
 1579      545F4C32 
 1579      4341505F 
ARM GAS  C:\Users\310309~1\AppData\Local\Temp\ccm5Jhso.s 			page 31


 1579      43424643 
 1580              	.LASF41:
 1581 00ec 4359424C 		.ascii	"CYBLE_EVT_GAP_OOB_GENERATED_NOTIFICATION\000"
 1581      455F4556 
 1581      545F4741 
 1581      505F4F4F 
 1581      425F4745 
 1582              	.LASF120:
 1583 0115 4765745F 		.ascii	"Get_Ended_Data_SessionID\000"
 1583      456E6465 
 1583      645F4461 
 1583      74615F53 
 1583      65737369 
 1584              	.LASF61:
 1585 012e 4359424C 		.ascii	"CYBLE_EVT_GATTC_READ_MULTI_RSP\000"
 1585      455F4556 
 1585      545F4741 
 1585      5454435F 
 1585      52454144 
 1586              	.LASF66:
 1587 014d 4359424C 		.ascii	"CYBLE_EVT_GATTS_EXEC_WRITE_REQ\000"
 1587      455F4556 
 1587      545F4741 
 1587      5454535F 
 1587      45584543 
 1588              	.LASF21:
 1589 016c 4359424C 		.ascii	"CYBLE_EVT_TIMEOUT\000"
 1589      455F4556 
 1589      545F5449 
 1589      4D454F55 
 1589      5400
 1590              	.LASF4:
 1591 017e 6C6F6E67 		.ascii	"long int\000"
 1591      20696E74 
 1591      00
 1592              	.LASF131:
 1593 0187 474E5520 		.ascii	"GNU C11 5.4.1 20160609 (release) [ARM/embedded-5-br"
 1593      43313120 
 1593      352E342E 
 1593      31203230 
 1593      31363036 
 1594 01ba 616E6368 		.ascii	"anch revision 237715] -mcpu=cortex-m0 -mthumb -g -O"
 1594      20726576 
 1594      6973696F 
 1594      6E203233 
 1594      37373135 
 1595 01ed 67202D66 		.ascii	"g -ffunction-sections -ffat-lto-objects\000"
 1595      66756E63 
 1595      74696F6E 
 1595      2D736563 
 1595      74696F6E 
 1596              	.LASF128:
 1597 0215 7072696E 		.ascii	"printf\000"
 1597      746600
 1598              	.LASF113:
 1599 021c 50414D5F 		.ascii	"PAM_SESSIONDESCRIPTOR_VALUE_T\000"
 1599      53455353 
ARM GAS  C:\Users\310309~1\AppData\Local\Temp\ccm5Jhso.s 			page 32


 1599      494F4E44 
 1599      45534352 
 1599      4950544F 
 1600              	.LASF7:
 1601 023a 6C6F6E67 		.ascii	"long long unsigned int\000"
 1601      206C6F6E 
 1601      6720756E 
 1601      7369676E 
 1601      65642069 
 1602              	.LASF96:
 1603 0251 4359424C 		.ascii	"CYBLE_GATT_VALUE_T\000"
 1603      455F4741 
 1603      54545F56 
 1603      414C5545 
 1603      5F5400
 1604              	.LASF24:
 1605 0264 4359424C 		.ascii	"CYBLE_EVT_STACK_BUSY_STATUS\000"
 1605      455F4556 
 1605      545F5354 
 1605      41434B5F 
 1605      42555359 
 1606              	.LASF23:
 1607 0280 4359424C 		.ascii	"CYBLE_EVT_HCI_STATUS\000"
 1607      455F4556 
 1607      545F4843 
 1607      495F5354 
 1607      41545553 
 1608              	.LASF124:
 1609 0295 70616D46 		.ascii	"pamFeature\000"
 1609      65617475 
 1609      726500
 1610              	.LASF86:
 1611 02a0 4359424C 		.ascii	"CYBLE_EVT_PENDING_FLASH_WRITE\000"
 1611      455F4556 
 1611      545F5045 
 1611      4E44494E 
 1611      475F464C 
 1612              	.LASF75:
 1613 02be 4359424C 		.ascii	"CYBLE_EVT_L2CAP_CONN_PARAM_UPDATE_REQ\000"
 1613      455F4556 
 1613      545F4C32 
 1613      4341505F 
 1613      434F4E4E 
 1614              	.LASF35:
 1615 02e4 4359424C 		.ascii	"CYBLE_EVT_GAP_ENCRYPT_CHANGE\000"
 1615      455F4556 
 1615      545F4741 
 1615      505F454E 
 1615      43525950 
 1616              	.LASF39:
 1617 0301 4359424C 		.ascii	"CYBLE_EVT_GAP_NUMERIC_COMPARISON_REQUEST\000"
 1617      455F4556 
 1617      545F4741 
 1617      505F4E55 
 1617      4D455249 
 1618              	.LASF6:
 1619 032a 6C6F6E67 		.ascii	"long long int\000"
ARM GAS  C:\Users\310309~1\AppData\Local\Temp\ccm5Jhso.s 			page 33


 1619      206C6F6E 
 1619      6720696E 
 1619      7400
 1620              	.LASF0:
 1621 0338 7369676E 		.ascii	"signed char\000"
 1621      65642063 
 1621      68617200 
 1622              	.LASF20:
 1623 0344 4359424C 		.ascii	"CYBLE_EVT_STACK_ON\000"
 1623      455F4556 
 1623      545F5354 
 1623      41434B5F 
 1623      4F4E00
 1624              	.LASF133:
 1625 0357 433A5C55 		.ascii	"C:\\Users\\310309623\\Desktop\\Graduation-Project\\"
 1625      73657273 
 1625      5C333130 
 1625      33303936 
 1625      32335C44 
 1626 0385 53657276 		.ascii	"Service\\Philips\\Physical Activity Monitor Service"
 1626      6963655C 
 1626      5068696C 
 1626      6970735C 
 1626      50687973 
 1627 03b6 2E637964 		.ascii	".cydsn\000"
 1627      736E00
 1628              	.LASF123:
 1629 03bd 73656E64 		.ascii	"send_Deleted_Sessions\000"
 1629      5F44656C 
 1629      65746564 
 1629      5F536573 
 1629      73696F6E 
 1630              	.LASF37:
 1631 03d3 4359424C 		.ascii	"CYBLE_EVT_GAPC_SCAN_START_STOP\000"
 1631      455F4556 
 1631      545F4741 
 1631      50435F53 
 1631      43414E5F 
 1632              	.LASF95:
 1633 03f2 61637475 		.ascii	"actualLen\000"
 1633      616C4C65 
 1633      6E00
 1634              	.LASF27:
 1635 03fc 4359424C 		.ascii	"CYBLE_EVT_GAP_AUTH_REQ\000"
 1635      455F4556 
 1635      545F4741 
 1635      505F4155 
 1635      54485F52 
 1636              	.LASF59:
 1637 0413 4359424C 		.ascii	"CYBLE_EVT_GATTC_READ_RSP\000"
 1637      455F4556 
 1637      545F4741 
 1637      5454435F 
 1637      52454144 
 1638              	.LASF64:
 1639 042c 4359424C 		.ascii	"CYBLE_EVT_GATTS_WRITE_CMD_REQ\000"
 1639      455F4556 
ARM GAS  C:\Users\310309~1\AppData\Local\Temp\ccm5Jhso.s 			page 34


 1639      545F4741 
 1639      5454535F 
 1639      57524954 
 1640              	.LASF32:
 1641 044a 4359424C 		.ascii	"CYBLE_EVT_GAPP_ADVERTISEMENT_START_STOP\000"
 1641      455F4556 
 1641      545F4741 
 1641      50505F41 
 1641      44564552 
 1642              	.LASF104:
 1643 0472 53657373 		.ascii	"SessionStartTimeOffset\000"
 1643      696F6E53 
 1643      74617274 
 1643      54696D65 
 1643      4F666673 
 1644              	.LASF9:
 1645 0489 75696E74 		.ascii	"uint8\000"
 1645      3800
 1646              	.LASF67:
 1647 048f 4359424C 		.ascii	"CYBLE_EVT_GATTC_EXEC_WRITE_RSP\000"
 1647      455F4556 
 1647      545F4741 
 1647      5454435F 
 1647      45584543 
 1648              	.LASF14:
 1649 04ae 646F7562 		.ascii	"double\000"
 1649      6C6500
 1650              	.LASF80:
 1651 04b5 4359424C 		.ascii	"CYBLE_EVT_L2CAP_CBFC_DISCONN_IND\000"
 1651      455F4556 
 1651      545F4C32 
 1651      4341505F 
 1651      43424643 
 1652              	.LASF11:
 1653 04d6 75696E74 		.ascii	"uint32\000"
 1653      333200
 1654              	.LASF90:
 1655 04dd 4359424C 		.ascii	"CYBLE_EVT_MAX\000"
 1655      455F4556 
 1655      545F4D41 
 1655      5800
 1656              	.LASF85:
 1657 04eb 4359424C 		.ascii	"CYBLE_EVT_L2CAP_CBFC_DATA_WRITE_IND\000"
 1657      455F4556 
 1657      545F4C32 
 1657      4341505F 
 1657      43424643 
 1658              	.LASF98:
 1659 050f 61747472 		.ascii	"attrHandle\000"
 1659      48616E64 
 1659      6C6500
 1660              	.LASF97:
 1661 051a 76616C75 		.ascii	"value\000"
 1661      6500
 1662              	.LASF130:
 1663 0520 4379426C 		.ascii	"CyBle_GattsWriteAttributeValue\000"
 1663      655F4761 
ARM GAS  C:\Users\310309~1\AppData\Local\Temp\ccm5Jhso.s 			page 35


 1663      74747357 
 1663      72697465 
 1663      41747472 
 1664              	.LASF72:
 1665 053f 4359424C 		.ascii	"CYBLE_EVT_GATTC_STOP_CMD_COMPLETE\000"
 1665      455F4556 
 1665      545F4741 
 1665      5454435F 
 1665      53544F50 
 1666              	.LASF8:
 1667 0561 756E7369 		.ascii	"unsigned int\000"
 1667      676E6564 
 1667      20696E74 
 1667      00
 1668              	.LASF87:
 1669 056e 4359424C 		.ascii	"CYBLE_EVT_LE_PING_AUTH_TIMEOUT\000"
 1669      455F4556 
 1669      545F4C45 
 1669      5F50494E 
 1669      475F4155 
 1670              	.LASF5:
 1671 058d 6C6F6E67 		.ascii	"long unsigned int\000"
 1671      20756E73 
 1671      69676E65 
 1671      6420696E 
 1671      7400
 1672              	.LASF46:
 1673 059f 4359424C 		.ascii	"CYBLE_EVT_GAP_CONN_ESTB\000"
 1673      455F4556 
 1673      545F4741 
 1673      505F434F 
 1673      4E4E5F45 
 1674              	.LASF62:
 1675 05b7 4359424C 		.ascii	"CYBLE_EVT_GATTS_WRITE_REQ\000"
 1675      455F4556 
 1675      545F4741 
 1675      5454535F 
 1675      57524954 
 1676              	.LASF54:
 1677 05d1 4359424C 		.ascii	"CYBLE_EVT_GATTC_XCHNG_MTU_RSP\000"
 1677      455F4556 
 1677      545F4741 
 1677      5454435F 
 1677      5843484E 
 1678              	.LASF71:
 1679 05ef 4359424C 		.ascii	"CYBLE_EVT_GATTS_DATA_SIGNED_CMD_REQ\000"
 1679      455F4556 
 1679      545F4741 
 1679      5454535F 
 1679      44415441 
 1680              	.LASF74:
 1681 0613 4359424C 		.ascii	"CYBLE_EVT_GATTC_LONG_PROCEDURE_END\000"
 1681      455F4556 
 1681      545F4741 
 1681      5454435F 
 1681      4C4F4E47 
 1682              	.LASF100:
ARM GAS  C:\Users\310309~1\AppData\Local\Temp\ccm5Jhso.s 			page 36


 1683 0636 4359424C 		.ascii	"CYBLE_GATTS_HANDLE_VALUE_IND_T\000"
 1683      455F4741 
 1683      5454535F 
 1683      48414E44 
 1683      4C455F56 
 1684              	.LASF19:
 1685 0655 4359424C 		.ascii	"CYBLE_EVT_HOST_INVALID\000"
 1685      455F4556 
 1685      545F484F 
 1685      53545F49 
 1685      4E56414C 
 1686              	.LASF57:
 1687 066c 4359424C 		.ascii	"CYBLE_EVT_GATTC_FIND_INFO_RSP\000"
 1687      455F4556 
 1687      545F4741 
 1687      5454435F 
 1687      46494E44 
 1688              	.LASF25:
 1689 068a 4359424C 		.ascii	"CYBLE_EVT_MEMORY_REQUEST\000"
 1689      455F4556 
 1689      545F4D45 
 1689      4D4F5259 
 1689      5F524551 
 1690              	.LASF103:
 1691 06a3 53657373 		.ascii	"SessionStartBaseTime\000"
 1691      696F6E53 
 1691      74617274 
 1691      42617365 
 1691      54696D65 
 1692              	.LASF28:
 1693 06b8 4359424C 		.ascii	"CYBLE_EVT_GAP_PASSKEY_ENTRY_REQUEST\000"
 1693      455F4556 
 1693      545F4741 
 1693      505F5041 
 1693      53534B45 
 1694              	.LASF33:
 1695 06dc 4359424C 		.ascii	"CYBLE_EVT_GAP_DEVICE_CONNECTED\000"
 1695      455F4556 
 1695      545F4741 
 1695      505F4445 
 1695      56494345 
 1696              	.LASF132:
 1697 06fb 70616D53 		.ascii	"pamSessDescr.c\000"
 1697      65737344 
 1697      65736372 
 1697      2E6300
 1698              	.LASF48:
 1699 070a 4359424C 		.ascii	"CYBLE_EVT_GAP_AUTH_REQ_REPLY_ERR\000"
 1699      455F4556 
 1699      545F4741 
 1699      505F4155 
 1699      54485F52 
 1700              	.LASF29:
 1701 072b 4359424C 		.ascii	"CYBLE_EVT_GAP_PASSKEY_DISPLAY_REQUEST\000"
 1701      455F4556 
 1701      545F4741 
 1701      505F5041 
ARM GAS  C:\Users\310309~1\AppData\Local\Temp\ccm5Jhso.s 			page 37


 1701      53534B45 
 1702              	.LASF51:
 1703 0751 4359424C 		.ascii	"CYBLE_EVT_GATT_CONNECT_IND\000"
 1703      455F4556 
 1703      545F4741 
 1703      54545F43 
 1703      4F4E4E45 
 1704              	.LASF77:
 1705 076c 4359424C 		.ascii	"CYBLE_EVT_L2CAP_COMMAND_REJ\000"
 1705      455F4556 
 1705      545F4C32 
 1705      4341505F 
 1705      434F4D4D 
 1706              	.LASF26:
 1707 0788 4359424C 		.ascii	"CYBLE_EVT_GAPC_SCAN_PROGRESS_RESULT\000"
 1707      455F4556 
 1707      545F4741 
 1707      50435F53 
 1707      43414E5F 
 1708              	.LASF93:
 1709 07ac 61747449 		.ascii	"attId\000"
 1709      6400
 1710              	.LASF121:
 1711 07b2 4765745F 		.ascii	"Get_Ended_Data_Sub_SessionID\000"
 1711      456E6465 
 1711      645F4461 
 1711      74615F53 
 1711      75625F53 
 1712              	.LASF49:
 1713 07cf 4359424C 		.ascii	"CYBLE_EVT_GAP_SMP_LOC_P256_KEYS_GEN_AND_SET_COMPLET"
 1713      455F4556 
 1713      545F4741 
 1713      505F534D 
 1713      505F4C4F 
 1714 0802 4500     		.ascii	"E\000"
 1715              	.LASF78:
 1716 0804 4359424C 		.ascii	"CYBLE_EVT_L2CAP_CBFC_CONN_IND\000"
 1716      455F4556 
 1716      545F4C32 
 1716      4341505F 
 1716      43424643 
 1717              	.LASF56:
 1718 0822 4359424C 		.ascii	"CYBLE_EVT_GATTC_READ_BY_TYPE_RSP\000"
 1718      455F4556 
 1718      545F4741 
 1718      5454435F 
 1718      52454144 
 1719              	.LASF102:
 1720 0843 53657373 		.ascii	"SessionID\000"
 1720      696F6E49 
 1720      4400
 1721              	.LASF18:
 1722 084d 73697A65 		.ascii	"sizetype\000"
 1722      74797065 
 1722      00
 1723              	.LASF31:
 1724 0856 4359424C 		.ascii	"CYBLE_EVT_GAP_AUTH_FAILED\000"
ARM GAS  C:\Users\310309~1\AppData\Local\Temp\ccm5Jhso.s 			page 38


 1724      455F4556 
 1724      545F4741 
 1724      505F4155 
 1724      54485F46 
 1725              	.LASF117:
 1726 0870 6379426C 		.ascii	"cyBle_connHandle\000"
 1726      655F636F 
 1726      6E6E4861 
 1726      6E646C65 
 1726      00
 1727              	.LASF63:
 1728 0881 4359424C 		.ascii	"CYBLE_EVT_GATTC_WRITE_RSP\000"
 1728      455F4556 
 1728      545F4741 
 1728      5454435F 
 1728      57524954 
 1729              	.LASF44:
 1730 089b 4359424C 		.ascii	"CYBLE_EVT_GAPC_DIRECT_ADV_REPORT\000"
 1730      455F4556 
 1730      545F4741 
 1730      50435F44 
 1730      49524543 
 1731              	.LASF42:
 1732 08bc 4359424C 		.ascii	"CYBLE_EVT_GAP_DATA_LENGTH_CHANGE\000"
 1732      455F4556 
 1732      545F4741 
 1732      505F4441 
 1732      54415F4C 
 1733              	.LASF47:
 1734 08dd 4359424C 		.ascii	"CYBLE_EVT_GAP_SCAN_REQ_RECVD\000"
 1734      455F4556 
 1734      545F4741 
 1734      505F5343 
 1734      414E5F52 
 1735              	.LASF30:
 1736 08fa 4359424C 		.ascii	"CYBLE_EVT_GAP_AUTH_COMPLETE\000"
 1736      455F4556 
 1736      545F4741 
 1736      505F4155 
 1736      54485F43 
 1737              	.LASF68:
 1738 0916 4359424C 		.ascii	"CYBLE_EVT_GATTC_HANDLE_VALUE_NTF\000"
 1738      455F4556 
 1738      545F4741 
 1738      5454435F 
 1738      48414E44 
 1739              	.LASF99:
 1740 0937 4359424C 		.ascii	"CYBLE_GATT_HANDLE_VALUE_PAIR_T\000"
 1740      455F4741 
 1740      54545F48 
 1740      414E444C 
 1740      455F5641 
 1741              	.LASF135:
 1742 0956 73657373 		.ascii	"session\000"
 1742      696F6E00 
 1743              	.LASF79:
 1744 095e 4359424C 		.ascii	"CYBLE_EVT_L2CAP_CBFC_CONN_CNF\000"
ARM GAS  C:\Users\310309~1\AppData\Local\Temp\ccm5Jhso.s 			page 39


 1744      455F4556 
 1744      545F4C32 
 1744      4341505F 
 1744      43424643 
 1745              	.LASF112:
 1746 097c 50726564 		.ascii	"PredominantActivityType\000"
 1746      6F6D696E 
 1746      616E7441 
 1746      63746976 
 1746      69747954 
 1747              	.LASF119:
 1748 0994 456E7175 		.ascii	"Enquire_Sub_Sessions_Requested_For_ID\000"
 1748      6972655F 
 1748      5375625F 
 1748      53657373 
 1748      696F6E73 
 1749              	.LASF55:
 1750 09ba 4359424C 		.ascii	"CYBLE_EVT_GATTC_READ_BY_GROUP_TYPE_RSP\000"
 1750      455F4556 
 1750      545F4741 
 1750      5454435F 
 1750      52454144 
 1751              	.LASF13:
 1752 09e1 666C6F61 		.ascii	"float\000"
 1752      7400
 1753              	.LASF111:
 1754 09e7 53756253 		.ascii	"SubSessionEndTimeOffset\000"
 1754      65737369 
 1754      6F6E456E 
 1754      6454696D 
 1754      654F6666 
 1755              	.LASF114:
 1756 09ff 74656D70 		.ascii	"tempHandle\000"
 1756      48616E64 
 1756      6C6500
 1757              	.LASF1:
 1758 0a0a 756E7369 		.ascii	"unsigned char\000"
 1758      676E6564 
 1758      20636861 
 1758      7200
 1759              	.LASF40:
 1760 0a18 4359424C 		.ascii	"CYBLE_EVT_GAP_KEYPRESS_NOTIFICATION\000"
 1760      455F4556 
 1760      545F4741 
 1760      505F4B45 
 1760      59505245 
 1761              	.LASF15:
 1762 0a3c 75696E74 		.ascii	"uint64\000"
 1762      363400
 1763              	.LASF2:
 1764 0a43 73686F72 		.ascii	"short int\000"
 1764      7420696E 
 1764      7400
 1765              	.LASF69:
 1766 0a4d 4359424C 		.ascii	"CYBLE_EVT_GATTC_HANDLE_VALUE_IND\000"
 1766      455F4556 
 1766      545F4741 
ARM GAS  C:\Users\310309~1\AppData\Local\Temp\ccm5Jhso.s 			page 40


 1766      5454435F 
 1766      48414E44 
 1767              	.LASF110:
 1768 0a6e 53756253 		.ascii	"SubSessionEndBaseTime\000"
 1768      65737369 
 1768      6F6E456E 
 1768      64426173 
 1768      6554696D 
 1769              	.LASF88:
 1770 0a84 4359424C 		.ascii	"CYBLE_EVT_HCI_PKT\000"
 1770      455F4556 
 1770      545F4843 
 1770      495F504B 
 1770      5400
 1771              	.LASF107:
 1772 0a96 53756253 		.ascii	"SubSessionID\000"
 1772      65737369 
 1772      6F6E4944 
 1772      00
 1773              	.LASF115:
 1774 0aa3 62797465 		.ascii	"byteCount\000"
 1774      436F756E 
 1774      7400
 1775              	.LASF65:
 1776 0aad 4359424C 		.ascii	"CYBLE_EVT_GATTS_PREP_WRITE_REQ\000"
 1776      455F4556 
 1776      545F4741 
 1776      5454535F 
 1776      50524550 
 1777              	.LASF70:
 1778 0acc 4359424C 		.ascii	"CYBLE_EVT_GATTS_HANDLE_VALUE_CNF\000"
 1778      455F4556 
 1778      545F4741 
 1778      5454535F 
 1778      48414E44 
 1779              	.LASF50:
 1780 0aed 4359424C 		.ascii	"CYBLE_EVT_GATTC_ERROR_RSP\000"
 1780      455F4556 
 1780      545F4741 
 1780      5454435F 
 1780      4552524F 
 1781              	.LASF45:
 1782 0b07 4359424C 		.ascii	"CYBLE_EVT_GAP_SMP_NEGOTIATED_AUTH_INFO\000"
 1782      455F4556 
 1782      545F4741 
 1782      505F534D 
 1782      505F4E45 
 1783              	.LASF127:
 1784 0b2e 4379426C 		.ascii	"CyBle_Set32ByPtr\000"
 1784      655F5365 
 1784      74333242 
 1784      79507472 
 1784      00
 1785              	.LASF17:
 1786 0b3f 6C6F6E67 		.ascii	"long double\000"
 1786      20646F75 
 1786      626C6500 
ARM GAS  C:\Users\310309~1\AppData\Local\Temp\ccm5Jhso.s 			page 41


 1787              	.LASF89:
 1788 0b4b 4359424C 		.ascii	"CYBLE_EVT_FLASH_CORRUPT\000"
 1788      455F4556 
 1788      545F464C 
 1788      4153485F 
 1788      434F5252 
 1789              	.LASF16:
 1790 0b63 63686172 		.ascii	"char\000"
 1790      00
 1791              	.LASF34:
 1792 0b68 4359424C 		.ascii	"CYBLE_EVT_GAP_DEVICE_DISCONNECTED\000"
 1792      455F4556 
 1792      545F4741 
 1792      505F4445 
 1792      56494345 
 1793              	.LASF109:
 1794 0b8a 53756253 		.ascii	"SubSessionStartTimeOffset\000"
 1794      65737369 
 1794      6F6E5374 
 1794      61727454 
 1794      696D654F 
 1795              	.LASF73:
 1796 0ba4 4359424C 		.ascii	"CYBLE_EVT_GATTS_READ_CHAR_VAL_ACCESS_REQ\000"
 1796      455F4556 
 1796      545F4741 
 1796      5454535F 
 1796      52454144 
 1797              	.LASF116:
 1798 0bcd 4D657373 		.ascii	"Message\000"
 1798      61676500 
 1799              	.LASF122:
 1800 0bd5 4765745F 		.ascii	"Get_Ended_Data_Value\000"
 1800      456E6465 
 1800      645F4461 
 1800      74615F56 
 1800      616C7565 
 1801              	.LASF101:
 1802 0bea 466C6167 		.ascii	"Flags\000"
 1802      7300
 1803              	.LASF84:
 1804 0bf0 4359424C 		.ascii	"CYBLE_EVT_L2CAP_CBFC_TX_CREDIT_IND\000"
 1804      455F4556 
 1804      545F4C32 
 1804      4341505F 
 1804      43424643 
 1805              	.LASF126:
 1806 0c13 4379426C 		.ascii	"CyBle_Set16ByPtr\000"
 1806      655F5365 
 1806      74313642 
 1806      79507472 
 1806      00
 1807              	.LASF22:
 1808 0c24 4359424C 		.ascii	"CYBLE_EVT_HARDWARE_ERROR\000"
 1808      455F4556 
 1808      545F4841 
 1808      52445741 
 1808      52455F45 
ARM GAS  C:\Users\310309~1\AppData\Local\Temp\ccm5Jhso.s 			page 42


 1809              	.LASF3:
 1810 0c3d 73686F72 		.ascii	"short unsigned int\000"
 1810      7420756E 
 1810      7369676E 
 1810      65642069 
 1810      6E7400
 1811              	.LASF53:
 1812 0c50 4359424C 		.ascii	"CYBLE_EVT_GATTS_XCNHG_MTU_REQ\000"
 1812      455F4556 
 1812      545F4741 
 1812      5454535F 
 1812      58434E48 
 1813              	.LASF129:
 1814 0c6e 626C655F 		.ascii	"ble_SendIndication\000"
 1814      53656E64 
 1814      496E6469 
 1814      63617469 
 1814      6F6E00
 1815              	.LASF60:
 1816 0c81 4359424C 		.ascii	"CYBLE_EVT_GATTC_READ_BLOB_RSP\000"
 1816      455F4556 
 1816      545F4741 
 1816      5454435F 
 1816      52454144 
 1817              	.LASF125:
 1818 0c9f 73657373 		.ascii	"sessionDescriptorIndicate\000"
 1818      696F6E44 
 1818      65736372 
 1818      6970746F 
 1818      72496E64 
 1819              	.LASF12:
 1820 0cb9 696E7431 		.ascii	"int16\000"
 1820      3600
 1821              	.LASF118:
 1822 0cbf 456E7175 		.ascii	"Enquire_Sessions_Requested\000"
 1822      6972655F 
 1822      53657373 
 1822      696F6E73 
 1822      5F526571 
 1823              	.LASF105:
 1824 0cda 53657373 		.ascii	"SessionEndBaseTime\000"
 1824      696F6E45 
 1824      6E644261 
 1824      73655469 
 1824      6D6500
 1825              	.LASF58:
 1826 0ced 4359424C 		.ascii	"CYBLE_EVT_GATTC_FIND_BY_TYPE_VALUE_RSP\000"
 1826      455F4556 
 1826      545F4741 
 1826      5454435F 
 1826      46494E44 
 1827              	.LASF38:
 1828 0d14 4359424C 		.ascii	"CYBLE_EVT_GAP_KEYINFO_EXCHNGE_CMPLT\000"
 1828      455F4556 
 1828      545F4741 
 1828      505F4B45 
 1828      59494E46 
ARM GAS  C:\Users\310309~1\AppData\Local\Temp\ccm5Jhso.s 			page 43


 1829              	.LASF92:
 1830 0d38 62644861 		.ascii	"bdHandle\000"
 1830      6E646C65 
 1830      00
 1831              	.LASF76:
 1832 0d41 4359424C 		.ascii	"CYBLE_EVT_L2CAP_CONN_PARAM_UPDATE_RSP\000"
 1832      455F4556 
 1832      545F4C32 
 1832      4341505F 
 1832      434F4E4E 
 1833              	.LASF43:
 1834 0d67 4359424C 		.ascii	"CYBLE_EVT_GAP_ENHANCE_CONN_COMPLETE\000"
 1834      455F4556 
 1834      545F4741 
 1834      505F454E 
 1834      48414E43 
 1835              	.LASF91:
 1836 0d8b 4359424C 		.ascii	"CYBLE_GATT_DB_ATTR_HANDLE_T\000"
 1836      455F4741 
 1836      54545F44 
 1836      425F4154 
 1836      54525F48 
 1837              	.LASF52:
 1838 0da7 4359424C 		.ascii	"CYBLE_EVT_GATT_DISCONNECT_IND\000"
 1838      455F4556 
 1838      545F4741 
 1838      54545F44 
 1838      4953434F 
 1839              		.ident	"GCC: (GNU Tools for ARM Embedded Processors) 5.4.1 20160609 (release) [ARM/embedded-5-bran
